[DEBUG] 2021-11-29 22:22:38.619 [http-nio-8080-exec-3] IntegratorServiceImpl - Adding Integrator [org.hibernate.cfg.beanvalidation.BeanValidationIntegrator].
[DEBUG] 2021-11-29 22:22:38.633 [http-nio-8080-exec-3] IntegratorServiceImpl - Adding Integrator [org.hibernate.secure.spi.JaccIntegrator].
[DEBUG] 2021-11-29 22:22:38.646 [http-nio-8080-exec-3] IntegratorServiceImpl - Adding Integrator [org.hibernate.cache.internal.CollectionCacheInvalidator].
[TRACE] 2021-11-29 22:22:38.669 [http-nio-8080-exec-3] StrategySelectorImpl - Registering named strategy selector [org.hibernate.dialect.Dialect] : [Cache71] -> [org.hibernate.dialect.Cache71Dialect]
[TRACE] 2021-11-29 22:22:38.673 [http-nio-8080-exec-3] StrategySelectorImpl - Registering named strategy selector [org.hibernate.dialect.Dialect] : [CUBRID] -> [org.hibernate.dialect.CUBRIDDialect]
[TRACE] 2021-11-29 22:22:38.676 [http-nio-8080-exec-3] StrategySelectorImpl - Registering named strategy selector [org.hibernate.dialect.Dialect] : [DB2] -> [org.hibernate.dialect.DB2Dialect]
[TRACE] 2021-11-29 22:22:38.677 [http-nio-8080-exec-3] StrategySelectorImpl - Registering named strategy selector [org.hibernate.dialect.Dialect] : [DB2390] -> [org.hibernate.dialect.DB2390Dialect]
[TRACE] 2021-11-29 22:22:38.677 [http-nio-8080-exec-3] StrategySelectorImpl - Registering named strategy selector [org.hibernate.dialect.Dialect] : [DB2390V8] -> [org.hibernate.dialect.DB2390V8Dialect]
[TRACE] 2021-11-29 22:22:38.678 [http-nio-8080-exec-3] StrategySelectorImpl - Registering named strategy selector [org.hibernate.dialect.Dialect] : [DB2400] -> [org.hibernate.dialect.DB2400Dialect]
[TRACE] 2021-11-29 22:22:38.681 [http-nio-8080-exec-3] StrategySelectorImpl - Registering named strategy selector [org.hibernate.dialect.Dialect] : [DerbyTenFive] -> [org.hibernate.dialect.DerbyTenFiveDialect]
[TRACE] 2021-11-29 22:22:38.684 [http-nio-8080-exec-3] StrategySelectorImpl - Registering named strategy selector [org.hibernate.dialect.Dialect] : [DerbyTenSix] -> [org.hibernate.dialect.DerbyTenSixDialect]
[TRACE] 2021-11-29 22:22:38.685 [http-nio-8080-exec-3] StrategySelectorImpl - Registering named strategy selector [org.hibernate.dialect.Dialect] : [DerbyTenSeven] -> [org.hibernate.dialect.DerbyTenSevenDialect]
[TRACE] 2021-11-29 22:22:38.685 [http-nio-8080-exec-3] StrategySelectorImpl - Registering named strategy selector [org.hibernate.dialect.Dialect] : [Firebird] -> [org.hibernate.dialect.FirebirdDialect]
[TRACE] 2021-11-29 22:22:38.686 [http-nio-8080-exec-3] StrategySelectorImpl - Registering named strategy selector [org.hibernate.dialect.Dialect] : [FrontBase] -> [org.hibernate.dialect.FrontBaseDialect]
[TRACE] 2021-11-29 22:22:38.687 [http-nio-8080-exec-3] StrategySelectorImpl - Registering named strategy selector [org.hibernate.dialect.Dialect] : [H2] -> [org.hibernate.dialect.H2Dialect]
[TRACE] 2021-11-29 22:22:38.688 [http-nio-8080-exec-3] StrategySelectorImpl - Registering named strategy selector [org.hibernate.dialect.Dialect] : [HANAColumnStore] -> [org.hibernate.dialect.HANAColumnStoreDialect]
[TRACE] 2021-11-29 22:22:38.689 [http-nio-8080-exec-3] StrategySelectorImpl - Registering named strategy selector [org.hibernate.dialect.Dialect] : [HANARowStore] -> [org.hibernate.dialect.HANARowStoreDialect]
[TRACE] 2021-11-29 22:22:38.692 [http-nio-8080-exec-3] StrategySelectorImpl - Registering named strategy selector [org.hibernate.dialect.Dialect] : [HSQL] -> [org.hibernate.dialect.HSQLDialect]
[TRACE] 2021-11-29 22:22:38.696 [http-nio-8080-exec-3] StrategySelectorImpl - Registering named strategy selector [org.hibernate.dialect.Dialect] : [Informix] -> [org.hibernate.dialect.InformixDialect]
[TRACE] 2021-11-29 22:22:38.696 [http-nio-8080-exec-3] StrategySelectorImpl - Registering named strategy selector [org.hibernate.dialect.Dialect] : [Ingres] -> [org.hibernate.dialect.IngresDialect]
[TRACE] 2021-11-29 22:22:38.697 [http-nio-8080-exec-3] StrategySelectorImpl - Registering named strategy selector [org.hibernate.dialect.Dialect] : [Ingres9] -> [org.hibernate.dialect.Ingres9Dialect]
[TRACE] 2021-11-29 22:22:38.698 [http-nio-8080-exec-3] StrategySelectorImpl - Registering named strategy selector [org.hibernate.dialect.Dialect] : [Ingres10] -> [org.hibernate.dialect.Ingres10Dialect]
[TRACE] 2021-11-29 22:22:38.698 [http-nio-8080-exec-3] StrategySelectorImpl - Registering named strategy selector [org.hibernate.dialect.Dialect] : [Interbase] -> [org.hibernate.dialect.InterbaseDialect]
[TRACE] 2021-11-29 22:22:38.701 [http-nio-8080-exec-3] StrategySelectorImpl - Registering named strategy selector [org.hibernate.dialect.Dialect] : [JDataStore] -> [org.hibernate.dialect.JDataStoreDialect]
[TRACE] 2021-11-29 22:22:38.702 [http-nio-8080-exec-3] StrategySelectorImpl - Registering named strategy selector [org.hibernate.dialect.Dialect] : [Mckoi] -> [org.hibernate.dialect.MckoiDialect]
[TRACE] 2021-11-29 22:22:38.702 [http-nio-8080-exec-3] StrategySelectorImpl - Registering named strategy selector [org.hibernate.dialect.Dialect] : [MimerSQL] -> [org.hibernate.dialect.MimerSQLDialect]
[TRACE] 2021-11-29 22:22:38.703 [http-nio-8080-exec-3] StrategySelectorImpl - Registering named strategy selector [org.hibernate.dialect.Dialect] : [MySQL5] -> [org.hibernate.dialect.MySQL5Dialect]
[TRACE] 2021-11-29 22:22:38.703 [http-nio-8080-exec-3] StrategySelectorImpl - Registering named strategy selector [org.hibernate.dialect.Dialect] : [MySQL5InnoDB] -> [org.hibernate.dialect.MySQL5InnoDBDialect]
[TRACE] 2021-11-29 22:22:38.704 [http-nio-8080-exec-3] StrategySelectorImpl - Registering named strategy selector [org.hibernate.dialect.Dialect] : [MySQL57InnoDB] -> [org.hibernate.dialect.MySQL57InnoDBDialect]
[TRACE] 2021-11-29 22:22:38.704 [http-nio-8080-exec-3] StrategySelectorImpl - Registering named strategy selector [org.hibernate.dialect.Dialect] : [MySQL57] -> [org.hibernate.dialect.MySQL57Dialect]
[TRACE] 2021-11-29 22:22:38.704 [http-nio-8080-exec-3] StrategySelectorImpl - Registering named strategy selector [org.hibernate.dialect.Dialect] : [MySQL8] -> [org.hibernate.dialect.MySQL8Dialect]
[TRACE] 2021-11-29 22:22:38.707 [http-nio-8080-exec-3] StrategySelectorImpl - Registering named strategy selector [org.hibernate.dialect.Dialect] : [Oracle8i] -> [org.hibernate.dialect.Oracle8iDialect]
[TRACE] 2021-11-29 22:22:38.707 [http-nio-8080-exec-3] StrategySelectorImpl - Registering named strategy selector [org.hibernate.dialect.Dialect] : [Oracle9i] -> [org.hibernate.dialect.Oracle9iDialect]
[TRACE] 2021-11-29 22:22:38.710 [http-nio-8080-exec-3] StrategySelectorImpl - Registering named strategy selector [org.hibernate.dialect.Dialect] : [Oracle10g] -> [org.hibernate.dialect.Oracle10gDialect]
[TRACE] 2021-11-29 22:22:38.711 [http-nio-8080-exec-3] StrategySelectorImpl - Registering named strategy selector [org.hibernate.dialect.Dialect] : [Pointbase] -> [org.hibernate.dialect.PointbaseDialect]
[TRACE] 2021-11-29 22:22:38.713 [http-nio-8080-exec-3] StrategySelectorImpl - Registering named strategy selector [org.hibernate.dialect.Dialect] : [PostgresPlus] -> [org.hibernate.dialect.PostgresPlusDialect]
[TRACE] 2021-11-29 22:22:38.714 [http-nio-8080-exec-3] StrategySelectorImpl - Registering named strategy selector [org.hibernate.dialect.Dialect] : [PostgreSQL81] -> [org.hibernate.dialect.PostgreSQL81Dialect]
[TRACE] 2021-11-29 22:22:38.714 [http-nio-8080-exec-3] StrategySelectorImpl - Registering named strategy selector [org.hibernate.dialect.Dialect] : [PostgreSQL82] -> [org.hibernate.dialect.PostgreSQL82Dialect]
[TRACE] 2021-11-29 22:22:38.714 [http-nio-8080-exec-3] StrategySelectorImpl - Registering named strategy selector [org.hibernate.dialect.Dialect] : [PostgreSQL9] -> [org.hibernate.dialect.PostgreSQL9Dialect]
[TRACE] 2021-11-29 22:22:38.715 [http-nio-8080-exec-3] StrategySelectorImpl - Registering named strategy selector [org.hibernate.dialect.Dialect] : [Progress] -> [org.hibernate.dialect.ProgressDialect]
[TRACE] 2021-11-29 22:22:38.717 [http-nio-8080-exec-3] StrategySelectorImpl - Registering named strategy selector [org.hibernate.dialect.Dialect] : [SAPDB] -> [org.hibernate.dialect.SAPDBDialect]
[TRACE] 2021-11-29 22:22:38.717 [http-nio-8080-exec-3] StrategySelectorImpl - Registering named strategy selector [org.hibernate.dialect.Dialect] : [SQLServer] -> [org.hibernate.dialect.SQLServerDialect]
[TRACE] 2021-11-29 22:22:38.718 [http-nio-8080-exec-3] StrategySelectorImpl - Registering named strategy selector [org.hibernate.dialect.Dialect] : [SQLServer2005] -> [org.hibernate.dialect.SQLServer2005Dialect]
[TRACE] 2021-11-29 22:22:38.718 [http-nio-8080-exec-3] StrategySelectorImpl - Registering named strategy selector [org.hibernate.dialect.Dialect] : [SQLServer2008] -> [org.hibernate.dialect.SQLServer2008Dialect]
[TRACE] 2021-11-29 22:22:38.718 [http-nio-8080-exec-3] StrategySelectorImpl - Registering named strategy selector [org.hibernate.dialect.Dialect] : [Sybase11] -> [org.hibernate.dialect.Sybase11Dialect]
[TRACE] 2021-11-29 22:22:38.723 [http-nio-8080-exec-3] StrategySelectorImpl - Registering named strategy selector [org.hibernate.dialect.Dialect] : [SybaseAnywhere] -> [org.hibernate.dialect.SybaseAnywhereDialect]
[TRACE] 2021-11-29 22:22:38.723 [http-nio-8080-exec-3] StrategySelectorImpl - Registering named strategy selector [org.hibernate.dialect.Dialect] : [SybaseASE15] -> [org.hibernate.dialect.SybaseASE15Dialect]
[TRACE] 2021-11-29 22:22:38.724 [http-nio-8080-exec-3] StrategySelectorImpl - Registering named strategy selector [org.hibernate.dialect.Dialect] : [SybaseASE157] -> [org.hibernate.dialect.SybaseASE157Dialect]
[TRACE] 2021-11-29 22:22:38.725 [http-nio-8080-exec-3] StrategySelectorImpl - Registering named strategy selector [org.hibernate.dialect.Dialect] : [Teradata] -> [org.hibernate.dialect.TeradataDialect]
[TRACE] 2021-11-29 22:22:38.728 [http-nio-8080-exec-3] StrategySelectorImpl - Registering named strategy selector [org.hibernate.dialect.Dialect] : [TimesTen] -> [org.hibernate.dialect.TimesTenDialect]
[TRACE] 2021-11-29 22:22:38.731 [http-nio-8080-exec-3] StrategySelectorImpl - Registering named strategy selector [org.hibernate.engine.transaction.jta.platform.spi.JtaPlatform] : [Atomikos] -> [org.hibernate.engine.transaction.jta.platform.internal.AtomikosJtaPlatform]
[TRACE] 2021-11-29 22:22:38.732 [http-nio-8080-exec-3] StrategySelectorImpl - Registering named strategy selector [org.hibernate.engine.transaction.jta.platform.spi.JtaPlatform] : [org.hibernate.service.jta.platform.internal.AtomikosJtaPlatform] -> [org.hibernate.engine.transaction.jta.platform.internal.AtomikosJtaPlatform]
[TRACE] 2021-11-29 22:22:38.732 [http-nio-8080-exec-3] StrategySelectorImpl - Registering named strategy selector [org.hibernate.engine.transaction.jta.platform.spi.JtaPlatform] : [Borland] -> [org.hibernate.engine.transaction.jta.platform.internal.BorlandEnterpriseServerJtaPlatform]
[TRACE] 2021-11-29 22:22:38.732 [http-nio-8080-exec-3] StrategySelectorImpl - Registering named strategy selector [org.hibernate.engine.transaction.jta.platform.spi.JtaPlatform] : [org.hibernate.service.jta.platform.internal.BorlandEnterpriseServerJtaPlatform] -> [org.hibernate.engine.transaction.jta.platform.internal.BorlandEnterpriseServerJtaPlatform]
[TRACE] 2021-11-29 22:22:38.733 [http-nio-8080-exec-3] StrategySelectorImpl - Registering named strategy selector [org.hibernate.engine.transaction.jta.platform.spi.JtaPlatform] : [Bitronix] -> [org.hibernate.engine.transaction.jta.platform.internal.BitronixJtaPlatform]
[TRACE] 2021-11-29 22:22:38.733 [http-nio-8080-exec-3] StrategySelectorImpl - Registering named strategy selector [org.hibernate.engine.transaction.jta.platform.spi.JtaPlatform] : [org.hibernate.service.jta.platform.internal.BitronixJtaPlatform] -> [org.hibernate.engine.transaction.jta.platform.internal.BitronixJtaPlatform]
[TRACE] 2021-11-29 22:22:38.734 [http-nio-8080-exec-3] StrategySelectorImpl - Registering named strategy selector [org.hibernate.engine.transaction.jta.platform.spi.JtaPlatform] : [JBossAS] -> [org.hibernate.engine.transaction.jta.platform.internal.JBossAppServerJtaPlatform]
[TRACE] 2021-11-29 22:22:38.734 [http-nio-8080-exec-3] StrategySelectorImpl - Registering named strategy selector [org.hibernate.engine.transaction.jta.platform.spi.JtaPlatform] : [org.hibernate.service.jta.platform.internal.JBossAppServerJtaPlatform] -> [org.hibernate.engine.transaction.jta.platform.internal.JBossAppServerJtaPlatform]
[TRACE] 2021-11-29 22:22:38.737 [http-nio-8080-exec-3] StrategySelectorImpl - Registering named strategy selector [org.hibernate.engine.transaction.jta.platform.spi.JtaPlatform] : [JBossTS] -> [org.hibernate.engine.transaction.jta.platform.internal.JBossStandAloneJtaPlatform]
[TRACE] 2021-11-29 22:22:38.737 [http-nio-8080-exec-3] StrategySelectorImpl - Registering named strategy selector [org.hibernate.engine.transaction.jta.platform.spi.JtaPlatform] : [org.hibernate.service.jta.platform.internal.JBossStandAloneJtaPlatform] -> [org.hibernate.engine.transaction.jta.platform.internal.JBossStandAloneJtaPlatform]
[TRACE] 2021-11-29 22:22:38.737 [http-nio-8080-exec-3] StrategySelectorImpl - Registering named strategy selector [org.hibernate.engine.transaction.jta.platform.spi.JtaPlatform] : [JOnAS] -> [org.hibernate.engine.transaction.jta.platform.internal.JOnASJtaPlatform]
[TRACE] 2021-11-29 22:22:38.737 [http-nio-8080-exec-3] StrategySelectorImpl - Registering named strategy selector [org.hibernate.engine.transaction.jta.platform.spi.JtaPlatform] : [org.hibernate.service.jta.platform.internal.JOnASJtaPlatform] -> [org.hibernate.engine.transaction.jta.platform.internal.JOnASJtaPlatform]
[TRACE] 2021-11-29 22:22:38.737 [http-nio-8080-exec-3] StrategySelectorImpl - Registering named strategy selector [org.hibernate.engine.transaction.jta.platform.spi.JtaPlatform] : [JOTM] -> [org.hibernate.engine.transaction.jta.platform.internal.JOTMJtaPlatform]
[TRACE] 2021-11-29 22:22:38.738 [http-nio-8080-exec-3] StrategySelectorImpl - Registering named strategy selector [org.hibernate.engine.transaction.jta.platform.spi.JtaPlatform] : [org.hibernate.service.jta.platform.internal.JOTMJtaPlatform] -> [org.hibernate.engine.transaction.jta.platform.internal.JOTMJtaPlatform]
[TRACE] 2021-11-29 22:22:38.738 [http-nio-8080-exec-3] StrategySelectorImpl - Registering named strategy selector [org.hibernate.engine.transaction.jta.platform.spi.JtaPlatform] : [JRun4] -> [org.hibernate.engine.transaction.jta.platform.internal.JRun4JtaPlatform]
[TRACE] 2021-11-29 22:22:38.738 [http-nio-8080-exec-3] StrategySelectorImpl - Registering named strategy selector [org.hibernate.engine.transaction.jta.platform.spi.JtaPlatform] : [org.hibernate.service.jta.platform.internal.JRun4JtaPlatform] -> [org.hibernate.engine.transaction.jta.platform.internal.JRun4JtaPlatform]
[TRACE] 2021-11-29 22:22:38.738 [http-nio-8080-exec-3] StrategySelectorImpl - Registering named strategy selector [org.hibernate.engine.transaction.jta.platform.spi.JtaPlatform] : [OC4J] -> [org.hibernate.engine.transaction.jta.platform.internal.OC4JJtaPlatform]
[TRACE] 2021-11-29 22:22:38.738 [http-nio-8080-exec-3] StrategySelectorImpl - Registering named strategy selector [org.hibernate.engine.transaction.jta.platform.spi.JtaPlatform] : [org.hibernate.service.jta.platform.internal.OC4JJtaPlatform] -> [org.hibernate.engine.transaction.jta.platform.internal.OC4JJtaPlatform]
[TRACE] 2021-11-29 22:22:38.740 [http-nio-8080-exec-3] StrategySelectorImpl - Registering named strategy selector [org.hibernate.engine.transaction.jta.platform.spi.JtaPlatform] : [Orion] -> [org.hibernate.engine.transaction.jta.platform.internal.OrionJtaPlatform]
[TRACE] 2021-11-29 22:22:38.741 [http-nio-8080-exec-3] StrategySelectorImpl - Registering named strategy selector [org.hibernate.engine.transaction.jta.platform.spi.JtaPlatform] : [org.hibernate.service.jta.platform.internal.OrionJtaPlatform] -> [org.hibernate.engine.transaction.jta.platform.internal.OrionJtaPlatform]
[TRACE] 2021-11-29 22:22:38.741 [http-nio-8080-exec-3] StrategySelectorImpl - Registering named strategy selector [org.hibernate.engine.transaction.jta.platform.spi.JtaPlatform] : [Resin] -> [org.hibernate.engine.transaction.jta.platform.internal.ResinJtaPlatform]
[TRACE] 2021-11-29 22:22:38.741 [http-nio-8080-exec-3] StrategySelectorImpl - Registering named strategy selector [org.hibernate.engine.transaction.jta.platform.spi.JtaPlatform] : [org.hibernate.service.jta.platform.internal.ResinJtaPlatform] -> [org.hibernate.engine.transaction.jta.platform.internal.ResinJtaPlatform]
[TRACE] 2021-11-29 22:22:38.741 [http-nio-8080-exec-3] StrategySelectorImpl - Registering named strategy selector [org.hibernate.engine.transaction.jta.platform.spi.JtaPlatform] : [SapNetWeaver] -> [org.hibernate.engine.transaction.jta.platform.internal.SapNetWeaverJtaPlatform]
[TRACE] 2021-11-29 22:22:38.741 [http-nio-8080-exec-3] StrategySelectorImpl - Registering named strategy selector [org.hibernate.engine.transaction.jta.platform.spi.JtaPlatform] : [org.hibernate.service.jta.platform.internal.SapNetWeaverJtaPlatform] -> [org.hibernate.engine.transaction.jta.platform.internal.SapNetWeaverJtaPlatform]
[TRACE] 2021-11-29 22:22:38.743 [http-nio-8080-exec-3] StrategySelectorImpl - Registering named strategy selector [org.hibernate.engine.transaction.jta.platform.spi.JtaPlatform] : [SunOne] -> [org.hibernate.engine.transaction.jta.platform.internal.SunOneJtaPlatform]
[TRACE] 2021-11-29 22:22:38.743 [http-nio-8080-exec-3] StrategySelectorImpl - Registering named strategy selector [org.hibernate.engine.transaction.jta.platform.spi.JtaPlatform] : [org.hibernate.service.jta.platform.internal.SunOneJtaPlatform] -> [org.hibernate.engine.transaction.jta.platform.internal.SunOneJtaPlatform]
[TRACE] 2021-11-29 22:22:38.747 [http-nio-8080-exec-3] StrategySelectorImpl - Registering named strategy selector [org.hibernate.engine.transaction.jta.platform.spi.JtaPlatform] : [Weblogic] -> [org.hibernate.engine.transaction.jta.platform.internal.WeblogicJtaPlatform]
[TRACE] 2021-11-29 22:22:38.747 [http-nio-8080-exec-3] StrategySelectorImpl - Registering named strategy selector [org.hibernate.engine.transaction.jta.platform.spi.JtaPlatform] : [org.hibernate.service.jta.platform.internal.WeblogicJtaPlatform] -> [org.hibernate.engine.transaction.jta.platform.internal.WeblogicJtaPlatform]
[TRACE] 2021-11-29 22:22:38.748 [http-nio-8080-exec-3] StrategySelectorImpl - Registering named strategy selector [org.hibernate.engine.transaction.jta.platform.spi.JtaPlatform] : [WebSphereLiberty] -> [org.hibernate.engine.transaction.jta.platform.internal.WebSphereLibertyJtaPlatform]
[TRACE] 2021-11-29 22:22:38.748 [http-nio-8080-exec-3] StrategySelectorImpl - Registering named strategy selector [org.hibernate.engine.transaction.jta.platform.spi.JtaPlatform] : [org.hibernate.engine.transaction.jta.platform.internal.WebSphereLibertyJtaPlatform] -> [org.hibernate.engine.transaction.jta.platform.internal.WebSphereLibertyJtaPlatform]
[TRACE] 2021-11-29 22:22:38.748 [http-nio-8080-exec-3] StrategySelectorImpl - Registering named strategy selector [org.hibernate.engine.transaction.jta.platform.spi.JtaPlatform] : [WebSphere] -> [org.hibernate.engine.transaction.jta.platform.internal.WebSphereJtaPlatform]
[TRACE] 2021-11-29 22:22:38.748 [http-nio-8080-exec-3] StrategySelectorImpl - Registering named strategy selector [org.hibernate.engine.transaction.jta.platform.spi.JtaPlatform] : [org.hibernate.service.jta.platform.internal.WebSphereJtaPlatform] -> [org.hibernate.engine.transaction.jta.platform.internal.WebSphereJtaPlatform]
[TRACE] 2021-11-29 22:22:38.749 [http-nio-8080-exec-3] StrategySelectorImpl - Registering named strategy selector [org.hibernate.engine.transaction.jta.platform.spi.JtaPlatform] : [WebSphereExtended] -> [org.hibernate.engine.transaction.jta.platform.internal.WebSphereExtendedJtaPlatform]
[TRACE] 2021-11-29 22:22:38.749 [http-nio-8080-exec-3] StrategySelectorImpl - Registering named strategy selector [org.hibernate.engine.transaction.jta.platform.spi.JtaPlatform] : [org.hibernate.service.jta.platform.internal.WebSphereExtendedJtaPlatform] -> [org.hibernate.engine.transaction.jta.platform.internal.WebSphereExtendedJtaPlatform]
[TRACE] 2021-11-29 22:22:38.749 [http-nio-8080-exec-3] StrategySelectorImpl - Registering named strategy selector [org.hibernate.resource.transaction.spi.TransactionCoordinatorBuilder] : [jdbc] -> [org.hibernate.resource.transaction.backend.jdbc.internal.JdbcResourceLocalTransactionCoordinatorBuilderImpl]
[TRACE] 2021-11-29 22:22:38.750 [http-nio-8080-exec-3] StrategySelectorImpl - Registering named strategy selector [org.hibernate.resource.transaction.spi.TransactionCoordinatorBuilder] : [jta] -> [org.hibernate.resource.transaction.backend.jta.internal.JtaTransactionCoordinatorBuilderImpl]
[TRACE] 2021-11-29 22:22:38.750 [http-nio-8080-exec-3] StrategySelectorImpl - Registering named strategy selector [org.hibernate.resource.transaction.spi.TransactionCoordinatorBuilder] : [org.hibernate.transaction.JDBCTransactionFactory] -> [org.hibernate.resource.transaction.backend.jdbc.internal.JdbcResourceLocalTransactionCoordinatorBuilderImpl]
[TRACE] 2021-11-29 22:22:38.750 [http-nio-8080-exec-3] StrategySelectorImpl - Registering named strategy selector [org.hibernate.resource.transaction.spi.TransactionCoordinatorBuilder] : [org.hibernate.transaction.JTATransactionFactory] -> [org.hibernate.resource.transaction.backend.jta.internal.JtaTransactionCoordinatorBuilderImpl]
[TRACE] 2021-11-29 22:22:38.752 [http-nio-8080-exec-3] StrategySelectorImpl - Registering named strategy selector [org.hibernate.resource.transaction.spi.TransactionCoordinatorBuilder] : [org.hibernate.transaction.CMTTransactionFactory] -> [org.hibernate.resource.transaction.backend.jta.internal.JtaTransactionCoordinatorBuilderImpl]
[TRACE] 2021-11-29 22:22:38.760 [http-nio-8080-exec-3] StrategySelectorImpl - Registering named strategy selector [org.hibernate.hql.spi.id.MultiTableBulkIdStrategy] : [persistent] -> [org.hibernate.hql.spi.id.persistent.PersistentTableBulkIdStrategy]
[TRACE] 2021-11-29 22:22:38.762 [http-nio-8080-exec-3] StrategySelectorImpl - Registering named strategy selector [org.hibernate.hql.spi.id.MultiTableBulkIdStrategy] : [global_temporary] -> [org.hibernate.hql.spi.id.global.GlobalTemporaryTableBulkIdStrategy]
[TRACE] 2021-11-29 22:22:38.763 [http-nio-8080-exec-3] StrategySelectorImpl - Registering named strategy selector [org.hibernate.hql.spi.id.MultiTableBulkIdStrategy] : [local_temporary] -> [org.hibernate.hql.spi.id.local.LocalTemporaryTableBulkIdStrategy]
[TRACE] 2021-11-29 22:22:38.765 [http-nio-8080-exec-3] StrategySelectorImpl - Registering named strategy selector [org.hibernate.boot.model.naming.ImplicitNamingStrategy] : [default] -> [org.hibernate.boot.model.naming.ImplicitNamingStrategyJpaCompliantImpl]
[TRACE] 2021-11-29 22:22:38.765 [http-nio-8080-exec-3] StrategySelectorImpl - Registering named strategy selector [org.hibernate.boot.model.naming.ImplicitNamingStrategy] : [jpa] -> [org.hibernate.boot.model.naming.ImplicitNamingStrategyJpaCompliantImpl]
[TRACE] 2021-11-29 22:22:38.767 [http-nio-8080-exec-3] StrategySelectorImpl - Registering named strategy selector [org.hibernate.boot.model.naming.ImplicitNamingStrategy] : [legacy-jpa] -> [org.hibernate.boot.model.naming.ImplicitNamingStrategyLegacyJpaImpl]
[TRACE] 2021-11-29 22:22:38.767 [http-nio-8080-exec-3] StrategySelectorImpl - Registering named strategy selector [org.hibernate.boot.model.naming.ImplicitNamingStrategy] : [legacy-hbm] -> [org.hibernate.boot.model.naming.ImplicitNamingStrategyLegacyHbmImpl]
[TRACE] 2021-11-29 22:22:38.768 [http-nio-8080-exec-3] StrategySelectorImpl - Registering named strategy selector [org.hibernate.boot.model.naming.ImplicitNamingStrategy] : [component-path] -> [org.hibernate.boot.model.naming.ImplicitNamingStrategyComponentPathImpl]
[TRACE] 2021-11-29 22:22:38.771 [http-nio-8080-exec-3] StrategySelectorImpl - Registering named strategy selector [org.hibernate.cache.spi.CacheKeysFactory] : [default] -> [org.hibernate.cache.internal.DefaultCacheKeysFactory]
[TRACE] 2021-11-29 22:22:38.771 [http-nio-8080-exec-3] StrategySelectorImpl - Registering named strategy selector [org.hibernate.cache.spi.CacheKeysFactory] : [simple] -> [org.hibernate.cache.internal.SimpleCacheKeysFactory]
[TRACE] 2021-11-29 22:22:38.785 [http-nio-8080-exec-3] StrategySelectorImpl - Registering named strategy selector [org.hibernate.engine.jdbc.connections.spi.ConnectionProvider] : [c3p0] -> [org.hibernate.c3p0.internal.C3P0ConnectionProvider]
[TRACE] 2021-11-29 22:22:38.786 [http-nio-8080-exec-3] StrategySelectorImpl - Registering named strategy selector [org.hibernate.engine.jdbc.connections.spi.ConnectionProvider] : [C3P0ConnectionProvider] -> [org.hibernate.c3p0.internal.C3P0ConnectionProvider]
[TRACE] 2021-11-29 22:22:38.786 [http-nio-8080-exec-3] StrategySelectorImpl - Registering named strategy selector [org.hibernate.engine.jdbc.connections.spi.ConnectionProvider] : [org.hibernate.connection.C3P0ConnectionProvider] -> [org.hibernate.c3p0.internal.C3P0ConnectionProvider]
[TRACE] 2021-11-29 22:22:38.786 [http-nio-8080-exec-3] StrategySelectorImpl - Registering named strategy selector [org.hibernate.engine.jdbc.connections.spi.ConnectionProvider] : [org.hibernate.service.jdbc.connections.internal.C3P0ConnectionProvider] -> [org.hibernate.c3p0.internal.C3P0ConnectionProvider]
[INFO ] 2021-11-29 22:22:38.911 [http-nio-8080-exec-3] Version - HHH000412: Hibernate Core {5.4.4.Final}
[DEBUG] 2021-11-29 22:22:38.918 [http-nio-8080-exec-3] Environment - HHH000206: hibernate.properties not found
[TRACE] 2021-11-29 22:22:39.237 [http-nio-8080-exec-3] ClassLoaderServiceImpl - trying via [new URL("hibernate.cfg.xml")]
[TRACE] 2021-11-29 22:22:39.237 [http-nio-8080-exec-3] ClassLoaderServiceImpl - trying via [ClassLoader.getResourceAsStream("hibernate.cfg.xml")]
[TRACE] 2021-11-29 22:22:39.262 [http-nio-8080-exec-3] LocalXmlResourceResolver - In resolveEntity(-//Hibernate/Hibernate Configuration DTD//EN, http://www.hibernate.org/dtd/hibernate-configuration-3.0.dtd, file:/home/student/tomcat/bin/, null)
[DEBUG] 2021-11-29 22:22:39.262 [http-nio-8080-exec-3] LocalXmlResourceResolver - Interpreting public/system identifier : [-//Hibernate/Hibernate Configuration DTD//EN] - [http://www.hibernate.org/dtd/hibernate-configuration-3.0.dtd]
[DEBUG] 2021-11-29 22:22:39.263 [http-nio-8080-exec-3] LocalXmlResourceResolver - Recognized hibernate-configuration identifier; attempting to resolve on classpath under org/hibernate/
[DEBUG] 2021-11-29 22:22:39.287 [http-nio-8080-exec-3] JaxbCfgProcessor - cfg.xml document did not define namespaces; wrapping in custom event reader to introduce namespace information
[DEBUG] 2021-11-29 22:22:39.689 [http-nio-8080-exec-3] ServiceBinding - Overriding existing service binding [org.hibernate.secure.spi.JaccService]
[TRACE] 2021-11-29 22:22:39.707 [http-nio-8080-exec-3] AbstractServiceRegistryImpl - Initializing service [role=org.hibernate.engine.config.spi.ConfigurationService]
[TRACE] 2021-11-29 22:22:39.716 [http-nio-8080-exec-3] AbstractServiceRegistryImpl - Initializing service [role=org.hibernate.cache.spi.RegionFactory]
[DEBUG] 2021-11-29 22:22:39.717 [http-nio-8080-exec-3] RegionFactoryInitiator - Cannot default RegionFactory based on registered strategies as `[]` RegionFactory strategies were registered
[DEBUG] 2021-11-29 22:22:39.719 [http-nio-8080-exec-3] RegionFactoryInitiator - Cache region factory : org.hibernate.cache.internal.NoCachingRegionFactory
[INFO ] 2021-11-29 22:22:39.741 [http-nio-8080-exec-3] Version - HCANN000001: Hibernate Commons Annotations {5.1.0.Final}
[DEBUG] 2021-11-29 22:22:39.805 [http-nio-8080-exec-3] BasicTypeRegistry - Adding type registration boolean -> org.hibernate.type.BooleanType@a73f8d4
[DEBUG] 2021-11-29 22:22:39.805 [http-nio-8080-exec-3] BasicTypeRegistry - Adding type registration boolean -> org.hibernate.type.BooleanType@a73f8d4
[DEBUG] 2021-11-29 22:22:39.810 [http-nio-8080-exec-3] BasicTypeRegistry - Adding type registration java.lang.Boolean -> org.hibernate.type.BooleanType@a73f8d4
[DEBUG] 2021-11-29 22:22:39.811 [http-nio-8080-exec-3] BasicTypeRegistry - Adding type registration numeric_boolean -> org.hibernate.type.NumericBooleanType@7420dc16
[DEBUG] 2021-11-29 22:22:39.812 [http-nio-8080-exec-3] BasicTypeRegistry - Adding type registration true_false -> org.hibernate.type.TrueFalseType@19c71819
[DEBUG] 2021-11-29 22:22:39.817 [http-nio-8080-exec-3] BasicTypeRegistry - Adding type registration yes_no -> org.hibernate.type.YesNoType@5506bde6
[DEBUG] 2021-11-29 22:22:39.818 [http-nio-8080-exec-3] BasicTypeRegistry - Adding type registration byte -> org.hibernate.type.ByteType@765e864f
[DEBUG] 2021-11-29 22:22:39.818 [http-nio-8080-exec-3] BasicTypeRegistry - Adding type registration byte -> org.hibernate.type.ByteType@765e864f
[DEBUG] 2021-11-29 22:22:39.818 [http-nio-8080-exec-3] BasicTypeRegistry - Adding type registration java.lang.Byte -> org.hibernate.type.ByteType@765e864f
[DEBUG] 2021-11-29 22:22:39.819 [http-nio-8080-exec-3] BasicTypeRegistry - Adding type registration character -> org.hibernate.type.CharacterType@5b60623
[DEBUG] 2021-11-29 22:22:39.819 [http-nio-8080-exec-3] BasicTypeRegistry - Adding type registration char -> org.hibernate.type.CharacterType@5b60623
[DEBUG] 2021-11-29 22:22:39.820 [http-nio-8080-exec-3] BasicTypeRegistry - Adding type registration java.lang.Character -> org.hibernate.type.CharacterType@5b60623
[DEBUG] 2021-11-29 22:22:39.821 [http-nio-8080-exec-3] BasicTypeRegistry - Adding type registration short -> org.hibernate.type.ShortType@6a81c8c0
[DEBUG] 2021-11-29 22:22:39.821 [http-nio-8080-exec-3] BasicTypeRegistry - Adding type registration short -> org.hibernate.type.ShortType@6a81c8c0
[DEBUG] 2021-11-29 22:22:39.821 [http-nio-8080-exec-3] BasicTypeRegistry - Adding type registration java.lang.Short -> org.hibernate.type.ShortType@6a81c8c0
[DEBUG] 2021-11-29 22:22:39.822 [http-nio-8080-exec-3] BasicTypeRegistry - Adding type registration integer -> org.hibernate.type.IntegerType@580ddad3
[DEBUG] 2021-11-29 22:22:39.822 [http-nio-8080-exec-3] BasicTypeRegistry - Adding type registration int -> org.hibernate.type.IntegerType@580ddad3
[DEBUG] 2021-11-29 22:22:39.824 [http-nio-8080-exec-3] BasicTypeRegistry - Adding type registration java.lang.Integer -> org.hibernate.type.IntegerType@580ddad3
[DEBUG] 2021-11-29 22:22:39.828 [http-nio-8080-exec-3] BasicTypeRegistry - Adding type registration long -> org.hibernate.type.LongType@94efb85
[DEBUG] 2021-11-29 22:22:39.829 [http-nio-8080-exec-3] BasicTypeRegistry - Adding type registration long -> org.hibernate.type.LongType@94efb85
[DEBUG] 2021-11-29 22:22:39.829 [http-nio-8080-exec-3] BasicTypeRegistry - Adding type registration java.lang.Long -> org.hibernate.type.LongType@94efb85
[DEBUG] 2021-11-29 22:22:39.829 [http-nio-8080-exec-3] BasicTypeRegistry - Adding type registration float -> org.hibernate.type.FloatType@119b51ae
[DEBUG] 2021-11-29 22:22:39.830 [http-nio-8080-exec-3] BasicTypeRegistry - Adding type registration float -> org.hibernate.type.FloatType@119b51ae
[DEBUG] 2021-11-29 22:22:39.830 [http-nio-8080-exec-3] BasicTypeRegistry - Adding type registration java.lang.Float -> org.hibernate.type.FloatType@119b51ae
[DEBUG] 2021-11-29 22:22:39.831 [http-nio-8080-exec-3] BasicTypeRegistry - Adding type registration double -> org.hibernate.type.DoubleType@7aeb9533
[DEBUG] 2021-11-29 22:22:39.831 [http-nio-8080-exec-3] BasicTypeRegistry - Adding type registration double -> org.hibernate.type.DoubleType@7aeb9533
[DEBUG] 2021-11-29 22:22:39.831 [http-nio-8080-exec-3] BasicTypeRegistry - Adding type registration java.lang.Double -> org.hibernate.type.DoubleType@7aeb9533
[DEBUG] 2021-11-29 22:22:39.832 [http-nio-8080-exec-3] BasicTypeRegistry - Adding type registration big_decimal -> org.hibernate.type.BigDecimalType@4299a1c2
[DEBUG] 2021-11-29 22:22:39.832 [http-nio-8080-exec-3] BasicTypeRegistry - Adding type registration java.math.BigDecimal -> org.hibernate.type.BigDecimalType@4299a1c2
[DEBUG] 2021-11-29 22:22:39.833 [http-nio-8080-exec-3] BasicTypeRegistry - Adding type registration big_integer -> org.hibernate.type.BigIntegerType@4d2fc48
[DEBUG] 2021-11-29 22:22:39.833 [http-nio-8080-exec-3] BasicTypeRegistry - Adding type registration java.math.BigInteger -> org.hibernate.type.BigIntegerType@4d2fc48
[DEBUG] 2021-11-29 22:22:39.837 [http-nio-8080-exec-3] BasicTypeRegistry - Adding type registration string -> org.hibernate.type.StringType@42b2523b
[DEBUG] 2021-11-29 22:22:39.837 [http-nio-8080-exec-3] BasicTypeRegistry - Adding type registration java.lang.String -> org.hibernate.type.StringType@42b2523b
[DEBUG] 2021-11-29 22:22:39.838 [http-nio-8080-exec-3] BasicTypeRegistry - Adding type registration nstring -> org.hibernate.type.StringNVarcharType@551334c5
[DEBUG] 2021-11-29 22:22:39.838 [http-nio-8080-exec-3] BasicTypeRegistry - Adding type registration ncharacter -> org.hibernate.type.CharacterNCharType@7f40c46a
[DEBUG] 2021-11-29 22:22:39.838 [http-nio-8080-exec-3] BasicTypeRegistry - Adding type registration url -> org.hibernate.type.UrlType@724229af
[DEBUG] 2021-11-29 22:22:39.838 [http-nio-8080-exec-3] BasicTypeRegistry - Adding type registration java.net.URL -> org.hibernate.type.UrlType@724229af
[DEBUG] 2021-11-29 22:22:39.842 [http-nio-8080-exec-3] BasicTypeRegistry - Adding type registration Duration -> org.hibernate.type.DurationType@327d8090
[DEBUG] 2021-11-29 22:22:39.842 [http-nio-8080-exec-3] BasicTypeRegistry - Adding type registration java.time.Duration -> org.hibernate.type.DurationType@327d8090
[DEBUG] 2021-11-29 22:22:39.853 [http-nio-8080-exec-3] BasicTypeRegistry - Adding type registration Instant -> org.hibernate.type.InstantType@463b74f7
[DEBUG] 2021-11-29 22:22:39.853 [http-nio-8080-exec-3] BasicTypeRegistry - Adding type registration java.time.Instant -> org.hibernate.type.InstantType@463b74f7
[DEBUG] 2021-11-29 22:22:39.854 [http-nio-8080-exec-3] BasicTypeRegistry - Adding type registration LocalDateTime -> org.hibernate.type.LocalDateTimeType@7e6f7abf
[DEBUG] 2021-11-29 22:22:39.854 [http-nio-8080-exec-3] BasicTypeRegistry - Adding type registration java.time.LocalDateTime -> org.hibernate.type.LocalDateTimeType@7e6f7abf
[DEBUG] 2021-11-29 22:22:39.855 [http-nio-8080-exec-3] BasicTypeRegistry - Adding type registration LocalDate -> org.hibernate.type.LocalDateType@79ebb8e3
[DEBUG] 2021-11-29 22:22:39.855 [http-nio-8080-exec-3] BasicTypeRegistry - Adding type registration java.time.LocalDate -> org.hibernate.type.LocalDateType@79ebb8e3
[DEBUG] 2021-11-29 22:22:39.857 [http-nio-8080-exec-3] BasicTypeRegistry - Adding type registration LocalTime -> org.hibernate.type.LocalTimeType@43846d57
[DEBUG] 2021-11-29 22:22:39.857 [http-nio-8080-exec-3] BasicTypeRegistry - Adding type registration java.time.LocalTime -> org.hibernate.type.LocalTimeType@43846d57
[DEBUG] 2021-11-29 22:22:39.861 [http-nio-8080-exec-3] BasicTypeRegistry - Adding type registration OffsetDateTime -> org.hibernate.type.OffsetDateTimeType@70d41b12
[DEBUG] 2021-11-29 22:22:39.861 [http-nio-8080-exec-3] BasicTypeRegistry - Adding type registration java.time.OffsetDateTime -> org.hibernate.type.OffsetDateTimeType@70d41b12
[DEBUG] 2021-11-29 22:22:39.865 [http-nio-8080-exec-3] BasicTypeRegistry - Adding type registration OffsetTime -> org.hibernate.type.OffsetTimeType@7bf50628
[DEBUG] 2021-11-29 22:22:39.865 [http-nio-8080-exec-3] BasicTypeRegistry - Adding type registration java.time.OffsetTime -> org.hibernate.type.OffsetTimeType@7bf50628
[DEBUG] 2021-11-29 22:22:39.868 [http-nio-8080-exec-3] BasicTypeRegistry - Adding type registration ZonedDateTime -> org.hibernate.type.ZonedDateTimeType@6a8645ac
[DEBUG] 2021-11-29 22:22:39.868 [http-nio-8080-exec-3] BasicTypeRegistry - Adding type registration java.time.ZonedDateTime -> org.hibernate.type.ZonedDateTimeType@6a8645ac
[DEBUG] 2021-11-29 22:22:39.869 [http-nio-8080-exec-3] BasicTypeRegistry - Adding type registration date -> org.hibernate.type.DateType@42521483
[DEBUG] 2021-11-29 22:22:39.870 [http-nio-8080-exec-3] BasicTypeRegistry - Adding type registration java.sql.Date -> org.hibernate.type.DateType@42521483
[DEBUG] 2021-11-29 22:22:39.870 [http-nio-8080-exec-3] BasicTypeRegistry - Adding type registration time -> org.hibernate.type.TimeType@4ea27bd5
[DEBUG] 2021-11-29 22:22:39.871 [http-nio-8080-exec-3] BasicTypeRegistry - Adding type registration java.sql.Time -> org.hibernate.type.TimeType@4ea27bd5
[DEBUG] 2021-11-29 22:22:39.871 [http-nio-8080-exec-3] BasicTypeRegistry - Adding type registration timestamp -> org.hibernate.type.TimestampType@4623b110
[DEBUG] 2021-11-29 22:22:39.871 [http-nio-8080-exec-3] BasicTypeRegistry - Adding type registration java.sql.Timestamp -> org.hibernate.type.TimestampType@4623b110
[DEBUG] 2021-11-29 22:22:39.871 [http-nio-8080-exec-3] BasicTypeRegistry - Adding type registration java.util.Date -> org.hibernate.type.TimestampType@4623b110
[DEBUG] 2021-11-29 22:22:39.873 [http-nio-8080-exec-3] BasicTypeRegistry - Adding type registration dbtimestamp -> org.hibernate.type.DbTimestampType@2a2ea5f4
[DEBUG] 2021-11-29 22:22:39.874 [http-nio-8080-exec-3] BasicTypeRegistry - Adding type registration calendar -> org.hibernate.type.CalendarType@34923409
[DEBUG] 2021-11-29 22:22:39.874 [http-nio-8080-exec-3] BasicTypeRegistry - Adding type registration java.util.Calendar -> org.hibernate.type.CalendarType@34923409
[DEBUG] 2021-11-29 22:22:39.874 [http-nio-8080-exec-3] BasicTypeRegistry - Adding type registration java.util.GregorianCalendar -> org.hibernate.type.CalendarType@34923409
[DEBUG] 2021-11-29 22:22:39.876 [http-nio-8080-exec-3] BasicTypeRegistry - Adding type registration calendar_date -> org.hibernate.type.CalendarDateType@143d5ae1
[DEBUG] 2021-11-29 22:22:39.881 [http-nio-8080-exec-3] BasicTypeRegistry - Adding type registration locale -> org.hibernate.type.LocaleType@6cbdf566
[DEBUG] 2021-11-29 22:22:39.881 [http-nio-8080-exec-3] BasicTypeRegistry - Adding type registration java.util.Locale -> org.hibernate.type.LocaleType@6cbdf566
[DEBUG] 2021-11-29 22:22:39.882 [http-nio-8080-exec-3] BasicTypeRegistry - Adding type registration currency -> org.hibernate.type.CurrencyType@4b0aa4d1
[DEBUG] 2021-11-29 22:22:39.882 [http-nio-8080-exec-3] BasicTypeRegistry - Adding type registration java.util.Currency -> org.hibernate.type.CurrencyType@4b0aa4d1
[DEBUG] 2021-11-29 22:22:39.882 [http-nio-8080-exec-3] BasicTypeRegistry - Adding type registration timezone -> org.hibernate.type.TimeZoneType@76185458
[DEBUG] 2021-11-29 22:22:39.882 [http-nio-8080-exec-3] BasicTypeRegistry - Adding type registration java.util.TimeZone -> org.hibernate.type.TimeZoneType@76185458
[DEBUG] 2021-11-29 22:22:39.883 [http-nio-8080-exec-3] BasicTypeRegistry - Adding type registration class -> org.hibernate.type.ClassType@16707cee
[DEBUG] 2021-11-29 22:22:39.883 [http-nio-8080-exec-3] BasicTypeRegistry - Adding type registration java.lang.Class -> org.hibernate.type.ClassType@16707cee
[DEBUG] 2021-11-29 22:22:39.883 [http-nio-8080-exec-3] BasicTypeRegistry - Adding type registration uuid-binary -> org.hibernate.type.UUIDBinaryType@871ef19
[DEBUG] 2021-11-29 22:22:39.884 [http-nio-8080-exec-3] BasicTypeRegistry - Adding type registration java.util.UUID -> org.hibernate.type.UUIDBinaryType@871ef19
[DEBUG] 2021-11-29 22:22:39.884 [http-nio-8080-exec-3] BasicTypeRegistry - Adding type registration uuid-char -> org.hibernate.type.UUIDCharType@c4183a6
[DEBUG] 2021-11-29 22:22:39.885 [http-nio-8080-exec-3] BasicTypeRegistry - Adding type registration binary -> org.hibernate.type.BinaryType@336dd7d0
[DEBUG] 2021-11-29 22:22:39.885 [http-nio-8080-exec-3] BasicTypeRegistry - Adding type registration byte[] -> org.hibernate.type.BinaryType@336dd7d0
[DEBUG] 2021-11-29 22:22:39.885 [http-nio-8080-exec-3] BasicTypeRegistry - Adding type registration [B -> org.hibernate.type.BinaryType@336dd7d0
[DEBUG] 2021-11-29 22:22:39.886 [http-nio-8080-exec-3] BasicTypeRegistry - Adding type registration wrapper-binary -> org.hibernate.type.WrapperBinaryType@14e2f86c
[DEBUG] 2021-11-29 22:22:39.886 [http-nio-8080-exec-3] BasicTypeRegistry - Adding type registration Byte[] -> org.hibernate.type.WrapperBinaryType@14e2f86c
[DEBUG] 2021-11-29 22:22:39.887 [http-nio-8080-exec-3] BasicTypeRegistry - Adding type registration [Ljava.lang.Byte; -> org.hibernate.type.WrapperBinaryType@14e2f86c
[DEBUG] 2021-11-29 22:22:39.888 [http-nio-8080-exec-3] BasicTypeRegistry - Adding type registration row_version -> org.hibernate.type.RowVersionType@21d4a3c
[DEBUG] 2021-11-29 22:22:39.888 [http-nio-8080-exec-3] BasicTypeRegistry - Adding type registration image -> org.hibernate.type.ImageType@79ec99ed
[DEBUG] 2021-11-29 22:22:39.889 [http-nio-8080-exec-3] BasicTypeRegistry - Adding type registration characters -> org.hibernate.type.CharArrayType@3f4b7aa
[DEBUG] 2021-11-29 22:22:39.889 [http-nio-8080-exec-3] BasicTypeRegistry - Adding type registration char[] -> org.hibernate.type.CharArrayType@3f4b7aa
[DEBUG] 2021-11-29 22:22:39.890 [http-nio-8080-exec-3] BasicTypeRegistry - Adding type registration [C -> org.hibernate.type.CharArrayType@3f4b7aa
[DEBUG] 2021-11-29 22:22:39.890 [http-nio-8080-exec-3] BasicTypeRegistry - Adding type registration wrapper-characters -> org.hibernate.type.CharacterArrayType@3dc5e80d
[DEBUG] 2021-11-29 22:22:39.890 [http-nio-8080-exec-3] BasicTypeRegistry - Adding type registration [Ljava.lang.Character; -> org.hibernate.type.CharacterArrayType@3dc5e80d
[DEBUG] 2021-11-29 22:22:39.890 [http-nio-8080-exec-3] BasicTypeRegistry - Adding type registration Character[] -> org.hibernate.type.CharacterArrayType@3dc5e80d
[DEBUG] 2021-11-29 22:22:39.891 [http-nio-8080-exec-3] BasicTypeRegistry - Adding type registration text -> org.hibernate.type.TextType@1dcb25e4
[DEBUG] 2021-11-29 22:22:39.891 [http-nio-8080-exec-3] BasicTypeRegistry - Adding type registration ntext -> org.hibernate.type.NTextType@4ccafe4
[DEBUG] 2021-11-29 22:22:39.894 [http-nio-8080-exec-3] BasicTypeRegistry - Adding type registration blob -> org.hibernate.type.BlobType@613f78ba
[DEBUG] 2021-11-29 22:22:39.894 [http-nio-8080-exec-3] BasicTypeRegistry - Adding type registration java.sql.Blob -> org.hibernate.type.BlobType@613f78ba
[DEBUG] 2021-11-29 22:22:39.894 [http-nio-8080-exec-3] BasicTypeRegistry - Adding type registration materialized_blob -> org.hibernate.type.MaterializedBlobType@1f5a499c
[DEBUG] 2021-11-29 22:22:39.899 [http-nio-8080-exec-3] BasicTypeRegistry - Adding type registration clob -> org.hibernate.type.ClobType@50671b02
[DEBUG] 2021-11-29 22:22:39.899 [http-nio-8080-exec-3] BasicTypeRegistry - Adding type registration java.sql.Clob -> org.hibernate.type.ClobType@50671b02
[DEBUG] 2021-11-29 22:22:39.904 [http-nio-8080-exec-3] BasicTypeRegistry - Adding type registration nclob -> org.hibernate.type.NClobType@75119cb0
[DEBUG] 2021-11-29 22:22:39.904 [http-nio-8080-exec-3] BasicTypeRegistry - Adding type registration java.sql.NClob -> org.hibernate.type.NClobType@75119cb0
[DEBUG] 2021-11-29 22:22:39.904 [http-nio-8080-exec-3] BasicTypeRegistry - Adding type registration materialized_clob -> org.hibernate.type.MaterializedClobType@5b31ccf7
[DEBUG] 2021-11-29 22:22:39.904 [http-nio-8080-exec-3] BasicTypeRegistry - Adding type registration materialized_nclob -> org.hibernate.type.MaterializedNClobType@1aed3951
[DEBUG] 2021-11-29 22:22:39.906 [http-nio-8080-exec-3] BasicTypeRegistry - Adding type registration serializable -> org.hibernate.type.SerializableType@2757bac8
[DEBUG] 2021-11-29 22:22:39.909 [http-nio-8080-exec-3] BasicTypeRegistry - Adding type registration object -> org.hibernate.type.ObjectType@f534f78
[DEBUG] 2021-11-29 22:22:39.909 [http-nio-8080-exec-3] BasicTypeRegistry - Adding type registration java.lang.Object -> org.hibernate.type.ObjectType@f534f78
[DEBUG] 2021-11-29 22:22:39.909 [http-nio-8080-exec-3] BasicTypeRegistry - Adding type registration imm_date -> org.hibernate.type.AdaptedImmutableType@6422ecc8
[DEBUG] 2021-11-29 22:22:39.910 [http-nio-8080-exec-3] BasicTypeRegistry - Adding type registration imm_time -> org.hibernate.type.AdaptedImmutableType@6e2a9902
[DEBUG] 2021-11-29 22:22:39.910 [http-nio-8080-exec-3] BasicTypeRegistry - Adding type registration imm_timestamp -> org.hibernate.type.AdaptedImmutableType@35b1b05f
[DEBUG] 2021-11-29 22:22:39.910 [http-nio-8080-exec-3] BasicTypeRegistry - Adding type registration imm_dbtimestamp -> org.hibernate.type.AdaptedImmutableType@3e0d2450
[DEBUG] 2021-11-29 22:22:39.910 [http-nio-8080-exec-3] BasicTypeRegistry - Adding type registration imm_calendar -> org.hibernate.type.AdaptedImmutableType@4d3adbf5
[DEBUG] 2021-11-29 22:22:39.910 [http-nio-8080-exec-3] BasicTypeRegistry - Adding type registration imm_calendar_date -> org.hibernate.type.AdaptedImmutableType@77e2a9d9
[DEBUG] 2021-11-29 22:22:39.910 [http-nio-8080-exec-3] BasicTypeRegistry - Adding type registration imm_binary -> org.hibernate.type.AdaptedImmutableType@4f69cc32
[DEBUG] 2021-11-29 22:22:39.910 [http-nio-8080-exec-3] BasicTypeRegistry - Adding type registration imm_serializable -> org.hibernate.type.AdaptedImmutableType@18914e2b
[TRACE] 2021-11-29 22:22:39.921 [http-nio-8080-exec-3] AbstractServiceRegistryImpl - Initializing service [role=org.hibernate.boot.cfgxml.spi.CfgXmlAccessService]
[TRACE] 2021-11-29 22:22:39.950 [http-nio-8080-exec-3] AbstractServiceRegistryImpl - Initializing service [role=org.hibernate.id.factory.spi.MutableIdentifierGeneratorFactory]
[DEBUG] 2021-11-29 22:22:39.955 [http-nio-8080-exec-3] DefaultIdentifierGeneratorFactory - Registering IdentifierGenerator strategy [uuid2] -> [org.hibernate.id.UUIDGenerator]
[DEBUG] 2021-11-29 22:22:39.956 [http-nio-8080-exec-3] DefaultIdentifierGeneratorFactory - Registering IdentifierGenerator strategy [guid] -> [org.hibernate.id.GUIDGenerator]
[DEBUG] 2021-11-29 22:22:39.956 [http-nio-8080-exec-3] DefaultIdentifierGeneratorFactory - Registering IdentifierGenerator strategy [uuid] -> [org.hibernate.id.UUIDHexGenerator]
[DEBUG] 2021-11-29 22:22:39.956 [http-nio-8080-exec-3] DefaultIdentifierGeneratorFactory - Registering IdentifierGenerator strategy [uuid.hex] -> [org.hibernate.id.UUIDHexGenerator]
[DEBUG] 2021-11-29 22:22:39.957 [http-nio-8080-exec-3] DefaultIdentifierGeneratorFactory - Registering IdentifierGenerator strategy [assigned] -> [org.hibernate.id.Assigned]
[DEBUG] 2021-11-29 22:22:39.960 [http-nio-8080-exec-3] DefaultIdentifierGeneratorFactory - Registering IdentifierGenerator strategy [identity] -> [org.hibernate.id.IdentityGenerator]
[DEBUG] 2021-11-29 22:22:39.960 [http-nio-8080-exec-3] DefaultIdentifierGeneratorFactory - Registering IdentifierGenerator strategy [select] -> [org.hibernate.id.SelectGenerator]
[DEBUG] 2021-11-29 22:22:39.966 [http-nio-8080-exec-3] DefaultIdentifierGeneratorFactory - Registering IdentifierGenerator strategy [sequence] -> [org.hibernate.id.enhanced.SequenceStyleGenerator]
[DEBUG] 2021-11-29 22:22:39.966 [http-nio-8080-exec-3] DefaultIdentifierGeneratorFactory - Registering IdentifierGenerator strategy [seqhilo] -> [org.hibernate.id.SequenceHiLoGenerator]
[DEBUG] 2021-11-29 22:22:39.967 [http-nio-8080-exec-3] DefaultIdentifierGeneratorFactory - Registering IdentifierGenerator strategy [increment] -> [org.hibernate.id.IncrementGenerator]
[DEBUG] 2021-11-29 22:22:39.969 [http-nio-8080-exec-3] DefaultIdentifierGeneratorFactory - Registering IdentifierGenerator strategy [foreign] -> [org.hibernate.id.ForeignGenerator]
[DEBUG] 2021-11-29 22:22:39.970 [http-nio-8080-exec-3] DefaultIdentifierGeneratorFactory - Registering IdentifierGenerator strategy [sequence-identity] -> [org.hibernate.id.SequenceIdentityGenerator]
[DEBUG] 2021-11-29 22:22:39.972 [http-nio-8080-exec-3] DefaultIdentifierGeneratorFactory - Registering IdentifierGenerator strategy [enhanced-sequence] -> [org.hibernate.id.enhanced.SequenceStyleGenerator]
[DEBUG] 2021-11-29 22:22:39.972 [http-nio-8080-exec-3] DefaultIdentifierGeneratorFactory - Registering IdentifierGenerator strategy [enhanced-table] -> [org.hibernate.id.enhanced.TableGenerator]
[TRACE] 2021-11-29 22:22:39.975 [http-nio-8080-exec-3] AbstractServiceRegistryImpl - Initializing service [role=org.hibernate.engine.jdbc.env.spi.JdbcEnvironment]
[TRACE] 2021-11-29 22:22:39.975 [http-nio-8080-exec-3] AbstractServiceRegistryImpl - Initializing service [role=org.hibernate.engine.jdbc.dialect.spi.DialectFactory]
[TRACE] 2021-11-29 22:22:39.975 [http-nio-8080-exec-3] AbstractServiceRegistryImpl - Initializing service [role=org.hibernate.engine.jdbc.dialect.spi.DialectResolver]
[TRACE] 2021-11-29 22:22:39.980 [http-nio-8080-exec-3] AbstractServiceRegistryImpl - Initializing service [role=org.hibernate.engine.jdbc.connections.spi.ConnectionProvider]
[INFO ] 2021-11-29 22:22:39.985 [http-nio-8080-exec-3] C3P0ConnectionProvider - HHH010002: C3P0 using driver: com.mysql.cj.jdbc.Driver at URL: jdbc:mysql://localhost:3306/GameReports
[INFO ] 2021-11-29 22:22:39.987 [http-nio-8080-exec-3] C3P0ConnectionProvider - HHH10001001: Connection properties: {password=****, user=root}
[INFO ] 2021-11-29 22:22:39.987 [http-nio-8080-exec-3] C3P0ConnectionProvider - HHH10001003: Autocommit mode: false
[INFO ] 2021-11-29 22:22:40.224 [http-nio-8080-exec-3] C3P0ConnectionProvider - HHH10001007: JDBC isolation level: <unknown>
[DEBUG] 2021-11-29 22:22:40.668 [http-nio-8080-exec-3] JdbcEnvironmentInitiator - Database ->
       name : MySQL
    version : 8.0.22
      major : 8
      minor : 0
[DEBUG] 2021-11-29 22:22:40.668 [http-nio-8080-exec-3] JdbcEnvironmentInitiator - Driver ->
       name : MySQL Connector/J
    version : mysql-connector-java-8.0.16 (Revision: 34cbc6bc61f72836e26327537a432d6db7c77de6)
      major : 8
      minor : 0
[DEBUG] 2021-11-29 22:22:40.668 [http-nio-8080-exec-3] JdbcEnvironmentInitiator - JDBC version : 4.2
[INFO ] 2021-11-29 22:22:40.745 [http-nio-8080-exec-3] Dialect - HHH000400: Using dialect: org.hibernate.dialect.MySQL8Dialect
[DEBUG] 2021-11-29 22:22:40.784 [http-nio-8080-exec-3] IdentifierHelperBuilder - JDBC driver metadata reported database stores quoted identifiers in more than one case
[DEBUG] 2021-11-29 22:22:40.852 [http-nio-8080-exec-3] IdentifierHelperBuilder - IdentifierCaseStrategy for both quoted and unquoted identifiers was set to the same strategy [MIXED]; that will likely lead to problems in schema update and validation if using quoted identifiers
[TRACE] 2021-11-29 22:22:40.886 [http-nio-8080-exec-3] NormalizingIdentifierHelperImpl - Normalizing identifier quoting [GameReports]
[TRACE] 2021-11-29 22:22:40.886 [http-nio-8080-exec-3] NormalizingIdentifierHelperImpl - Normalizing identifier quoting [null]
[TRACE] 2021-11-29 22:22:40.901 [http-nio-8080-exec-3] AbstractServiceRegistryImpl - Initializing service [role=org.hibernate.engine.jdbc.spi.JdbcServices]
[DEBUG] 2021-11-29 22:22:40.906 [http-nio-8080-exec-3] Namespace - Created database namespace [logicalName=Name{catalog=null, schema=null}, physicalName=Name{catalog=null, schema=null}]
[DEBUG] 2021-11-29 22:22:40.915 [http-nio-8080-exec-3] TypeConfiguration$Scope - Scoping TypeConfiguration [org.hibernate.type.spi.TypeConfiguration@52e7a1fd] to MetadataBuildingContext [org.hibernate.boot.internal.MetadataBuildingContextRootImpl@6caf5730]
[DEBUG] 2021-11-29 22:22:40.985 [http-nio-8080-exec-3] AnnotationBinder - Binding entity from annotated class: entity.Game
[TRACE] 2021-11-29 22:22:41.022 [http-nio-8080-exec-3] NormalizingIdentifierHelperImpl - Normalizing identifier quoting [DTYPE]
[DEBUG] 2021-11-29 22:22:41.022 [http-nio-8080-exec-3] Ejb3Column - Binding column: Ejb3DiscriminatorColumn{logicalColumnName'DTYPE', discriminatorTypeName='string'}
[DEBUG] 2021-11-29 22:22:41.036 [http-nio-8080-exec-3] EntityBinder - Import with entity name Game
[TRACE] 2021-11-29 22:22:41.036 [http-nio-8080-exec-3] InFlightMetadataCollectorImpl - Import: Game -> entity.Game
[TRACE] 2021-11-29 22:22:41.037 [http-nio-8080-exec-3] InFlightMetadataCollectorImpl - Import: entity.Game -> entity.Game
[TRACE] 2021-11-29 22:22:41.037 [http-nio-8080-exec-3] NormalizingIdentifierHelperImpl - Normalizing identifier quoting [games]
[TRACE] 2021-11-29 22:22:41.037 [http-nio-8080-exec-3] NormalizingIdentifierHelperImpl - Normalizing identifier quoting [games]
[DEBUG] 2021-11-29 22:22:41.039 [http-nio-8080-exec-3] EntityBinder - Bind entity entity.Game on table games
[TRACE] 2021-11-29 22:22:41.083 [http-nio-8080-exec-3] AnnotationBinder - Processing annotations of entity.Game.id
[TRACE] 2021-11-29 22:22:41.090 [http-nio-8080-exec-3] NormalizingIdentifierHelperImpl - Normalizing identifier quoting [id]
[TRACE] 2021-11-29 22:22:41.090 [http-nio-8080-exec-3] NormalizingIdentifierHelperImpl - Normalizing identifier quoting [id]
[DEBUG] 2021-11-29 22:22:41.090 [http-nio-8080-exec-3] Ejb3Column - Binding column: Ejb3Column{table=org.hibernate.mapping.Table(games), mappingColumn=id, insertable=true, updatable=true, unique=false}
[DEBUG] 2021-11-29 22:22:41.094 [http-nio-8080-exec-3] PropertyBinder - MetadataSourceProcessor property id with lazy=false
[DEBUG] 2021-11-29 22:22:41.101 [http-nio-8080-exec-3] AbstractPropertyHolder - Attempting to locate auto-apply AttributeConverter for property [entity.Game:id]
[DEBUG] 2021-11-29 22:22:41.103 [http-nio-8080-exec-3] SimpleValueBinder - building SimpleValue for id
[TRACE] 2021-11-29 22:22:41.105 [http-nio-8080-exec-3] NormalizingIdentifierHelperImpl - Normalizing identifier quoting [id]
[TRACE] 2021-11-29 22:22:41.105 [http-nio-8080-exec-3] NormalizingIdentifierHelperImpl - Normalizing identifier quoting [id]
[TRACE] 2021-11-29 22:22:41.105 [http-nio-8080-exec-3] NormalizingIdentifierHelperImpl - Normalizing identifier quoting [id]
[DEBUG] 2021-11-29 22:22:41.105 [http-nio-8080-exec-3] PropertyBinder - Building property id
[TRACE] 2021-11-29 22:22:41.110 [http-nio-8080-exec-3] PropertyBinder - Cascading id with null
[TRACE] 2021-11-29 22:22:41.111 [http-nio-8080-exec-3] AnnotationBinder - Add generic generator with name: native
[DEBUG] 2021-11-29 22:22:41.111 [http-nio-8080-exec-3] BinderHelper - #makeIdGenerator(org.hibernate.mapping.SimpleValue([org.hibernate.mapping.Column(id)]), id, org.hibernate.id.enhanced.SequenceStyleGenerator, native, ...)
[TRACE] 2021-11-29 22:22:41.112 [http-nio-8080-exec-3] AnnotationBinder - Bind @Id on id
[TRACE] 2021-11-29 22:22:41.112 [http-nio-8080-exec-3] AnnotationBinder - Processing annotations of entity.Game.description
[TRACE] 2021-11-29 22:22:41.114 [http-nio-8080-exec-3] NormalizingIdentifierHelperImpl - Normalizing identifier quoting [description]
[TRACE] 2021-11-29 22:22:41.114 [http-nio-8080-exec-3] NormalizingIdentifierHelperImpl - Normalizing identifier quoting [description]
[DEBUG] 2021-11-29 22:22:41.114 [http-nio-8080-exec-3] Ejb3Column - Binding column: Ejb3Column{table=org.hibernate.mapping.Table(games), mappingColumn=description, insertable=true, updatable=true, unique=false}
[DEBUG] 2021-11-29 22:22:41.115 [http-nio-8080-exec-3] PropertyBinder - MetadataSourceProcessor property description with lazy=false
[DEBUG] 2021-11-29 22:22:41.115 [http-nio-8080-exec-3] AbstractPropertyHolder - Attempting to locate auto-apply AttributeConverter for property [entity.Game:description]
[DEBUG] 2021-11-29 22:22:41.115 [http-nio-8080-exec-3] SimpleValueBinder - building SimpleValue for description
[TRACE] 2021-11-29 22:22:41.115 [http-nio-8080-exec-3] NormalizingIdentifierHelperImpl - Normalizing identifier quoting [description]
[DEBUG] 2021-11-29 22:22:41.115 [http-nio-8080-exec-3] PropertyBinder - Building property description
[TRACE] 2021-11-29 22:22:41.115 [http-nio-8080-exec-3] PropertyBinder - Cascading description with null
[TRACE] 2021-11-29 22:22:41.115 [http-nio-8080-exec-3] AnnotationBinder - Processing annotations of entity.Game.gameURL
[TRACE] 2021-11-29 22:22:41.116 [http-nio-8080-exec-3] NormalizingIdentifierHelperImpl - Normalizing identifier quoting [gameURL]
[TRACE] 2021-11-29 22:22:41.116 [http-nio-8080-exec-3] NormalizingIdentifierHelperImpl - Normalizing identifier quoting [gameURL]
[DEBUG] 2021-11-29 22:22:41.116 [http-nio-8080-exec-3] Ejb3Column - Binding column: Ejb3Column{table=org.hibernate.mapping.Table(games), mappingColumn=gameURL, insertable=true, updatable=true, unique=false}
[DEBUG] 2021-11-29 22:22:41.116 [http-nio-8080-exec-3] PropertyBinder - MetadataSourceProcessor property gameURL with lazy=false
[DEBUG] 2021-11-29 22:22:41.116 [http-nio-8080-exec-3] AbstractPropertyHolder - Attempting to locate auto-apply AttributeConverter for property [entity.Game:gameURL]
[DEBUG] 2021-11-29 22:22:41.116 [http-nio-8080-exec-3] SimpleValueBinder - building SimpleValue for gameURL
[TRACE] 2021-11-29 22:22:41.116 [http-nio-8080-exec-3] NormalizingIdentifierHelperImpl - Normalizing identifier quoting [gameURL]
[DEBUG] 2021-11-29 22:22:41.116 [http-nio-8080-exec-3] PropertyBinder - Building property gameURL
[TRACE] 2021-11-29 22:22:41.116 [http-nio-8080-exec-3] PropertyBinder - Cascading gameURL with null
[TRACE] 2021-11-29 22:22:41.116 [http-nio-8080-exec-3] AnnotationBinder - Processing annotations of entity.Game.name
[TRACE] 2021-11-29 22:22:41.116 [http-nio-8080-exec-3] NormalizingIdentifierHelperImpl - Normalizing identifier quoting [name]
[TRACE] 2021-11-29 22:22:41.116 [http-nio-8080-exec-3] NormalizingIdentifierHelperImpl - Normalizing identifier quoting [name]
[DEBUG] 2021-11-29 22:22:41.116 [http-nio-8080-exec-3] Ejb3Column - Binding column: Ejb3Column{table=org.hibernate.mapping.Table(games), mappingColumn=name, insertable=true, updatable=true, unique=false}
[DEBUG] 2021-11-29 22:22:41.116 [http-nio-8080-exec-3] PropertyBinder - MetadataSourceProcessor property name with lazy=false
[DEBUG] 2021-11-29 22:22:41.116 [http-nio-8080-exec-3] AbstractPropertyHolder - Attempting to locate auto-apply AttributeConverter for property [entity.Game:name]
[DEBUG] 2021-11-29 22:22:41.116 [http-nio-8080-exec-3] SimpleValueBinder - building SimpleValue for name
[TRACE] 2021-11-29 22:22:41.116 [http-nio-8080-exec-3] NormalizingIdentifierHelperImpl - Normalizing identifier quoting [name]
[DEBUG] 2021-11-29 22:22:41.116 [http-nio-8080-exec-3] PropertyBinder - Building property name
[TRACE] 2021-11-29 22:22:41.116 [http-nio-8080-exec-3] PropertyBinder - Cascading name with null
[TRACE] 2021-11-29 22:22:41.116 [http-nio-8080-exec-3] AnnotationBinder - Processing annotations of entity.Game.user
[TRACE] 2021-11-29 22:22:41.117 [http-nio-8080-exec-3] NormalizingIdentifierHelperImpl - Normalizing identifier quoting [user_id]
[DEBUG] 2021-11-29 22:22:41.117 [http-nio-8080-exec-3] Ejb3Column - Binding column: Ejb3JoinColumn{logicalColumnName='user_id', referencedColumn='user_id', mappedBy=''}
[TRACE] 2021-11-29 22:22:41.117 [http-nio-8080-exec-3] NormalizingIdentifierHelperImpl - Normalizing identifier quoting [user]
[TRACE] 2021-11-29 22:22:41.117 [http-nio-8080-exec-3] NormalizingIdentifierHelperImpl - Normalizing identifier quoting [user]
[DEBUG] 2021-11-29 22:22:41.117 [http-nio-8080-exec-3] Ejb3Column - Binding column: Ejb3Column{table=org.hibernate.mapping.Table(games), mappingColumn=user, insertable=true, updatable=true, unique=false}
[DEBUG] 2021-11-29 22:22:41.120 [http-nio-8080-exec-3] PropertyBinder - Building property user
[TRACE] 2021-11-29 22:22:41.120 [http-nio-8080-exec-3] PropertyBinder - Cascading user with none
[DEBUG] 2021-11-29 22:22:41.121 [http-nio-8080-exec-3] AnnotationBinder - Binding entity from annotated class: entity.User
[TRACE] 2021-11-29 22:22:41.121 [http-nio-8080-exec-3] NormalizingIdentifierHelperImpl - Normalizing identifier quoting [DTYPE]
[DEBUG] 2021-11-29 22:22:41.121 [http-nio-8080-exec-3] Ejb3Column - Binding column: Ejb3DiscriminatorColumn{logicalColumnName'DTYPE', discriminatorTypeName='string'}
[DEBUG] 2021-11-29 22:22:41.122 [http-nio-8080-exec-3] EntityBinder - Import with entity name User
[TRACE] 2021-11-29 22:22:41.122 [http-nio-8080-exec-3] InFlightMetadataCollectorImpl - Import: User -> entity.User
[TRACE] 2021-11-29 22:22:41.122 [http-nio-8080-exec-3] InFlightMetadataCollectorImpl - Import: entity.User -> entity.User
[TRACE] 2021-11-29 22:22:41.122 [http-nio-8080-exec-3] NormalizingIdentifierHelperImpl - Normalizing identifier quoting [user]
[TRACE] 2021-11-29 22:22:41.122 [http-nio-8080-exec-3] NormalizingIdentifierHelperImpl - Normalizing identifier quoting [user]
[DEBUG] 2021-11-29 22:22:41.122 [http-nio-8080-exec-3] EntityBinder - Bind entity entity.User on table user
[TRACE] 2021-11-29 22:22:41.126 [http-nio-8080-exec-3] AnnotationBinder - Processing annotations of entity.User.userId
[TRACE] 2021-11-29 22:22:41.127 [http-nio-8080-exec-3] NormalizingIdentifierHelperImpl - Normalizing identifier quoting [user_id]
[TRACE] 2021-11-29 22:22:41.127 [http-nio-8080-exec-3] NormalizingIdentifierHelperImpl - Normalizing identifier quoting [user_id]
[DEBUG] 2021-11-29 22:22:41.127 [http-nio-8080-exec-3] Ejb3Column - Binding column: Ejb3Column{table=org.hibernate.mapping.Table(user), mappingColumn=user_id, insertable=true, updatable=true, unique=false}
[DEBUG] 2021-11-29 22:22:41.127 [http-nio-8080-exec-3] PropertyBinder - MetadataSourceProcessor property userId with lazy=false
[DEBUG] 2021-11-29 22:22:41.127 [http-nio-8080-exec-3] AbstractPropertyHolder - Attempting to locate auto-apply AttributeConverter for property [entity.User:userId]
[DEBUG] 2021-11-29 22:22:41.127 [http-nio-8080-exec-3] SimpleValueBinder - building SimpleValue for userId
[TRACE] 2021-11-29 22:22:41.127 [http-nio-8080-exec-3] NormalizingIdentifierHelperImpl - Normalizing identifier quoting [user_id]
[DEBUG] 2021-11-29 22:22:41.127 [http-nio-8080-exec-3] PropertyBinder - Building property userId
[TRACE] 2021-11-29 22:22:41.127 [http-nio-8080-exec-3] PropertyBinder - Cascading userId with null
[TRACE] 2021-11-29 22:22:41.127 [http-nio-8080-exec-3] AnnotationBinder - Add generic generator with name: native
[DEBUG] 2021-11-29 22:22:41.127 [http-nio-8080-exec-3] BinderHelper - #makeIdGenerator(org.hibernate.mapping.SimpleValue([org.hibernate.mapping.Column(user_id)]), userId, org.hibernate.id.enhanced.SequenceStyleGenerator, native, ...)
[TRACE] 2021-11-29 22:22:41.127 [http-nio-8080-exec-3] AnnotationBinder - Bind @Id on userId
[TRACE] 2021-11-29 22:22:41.127 [http-nio-8080-exec-3] AnnotationBinder - Processing annotations of entity.User.email
[TRACE] 2021-11-29 22:22:41.127 [http-nio-8080-exec-3] NormalizingIdentifierHelperImpl - Normalizing identifier quoting [email]
[TRACE] 2021-11-29 22:22:41.127 [http-nio-8080-exec-3] NormalizingIdentifierHelperImpl - Normalizing identifier quoting [email]
[DEBUG] 2021-11-29 22:22:41.127 [http-nio-8080-exec-3] Ejb3Column - Binding column: Ejb3Column{table=org.hibernate.mapping.Table(user), mappingColumn=email, insertable=true, updatable=true, unique=false}
[DEBUG] 2021-11-29 22:22:41.127 [http-nio-8080-exec-3] PropertyBinder - MetadataSourceProcessor property email with lazy=false
[DEBUG] 2021-11-29 22:22:41.127 [http-nio-8080-exec-3] AbstractPropertyHolder - Attempting to locate auto-apply AttributeConverter for property [entity.User:email]
[DEBUG] 2021-11-29 22:22:41.127 [http-nio-8080-exec-3] SimpleValueBinder - building SimpleValue for email
[TRACE] 2021-11-29 22:22:41.128 [http-nio-8080-exec-3] NormalizingIdentifierHelperImpl - Normalizing identifier quoting [email]
[DEBUG] 2021-11-29 22:22:41.128 [http-nio-8080-exec-3] PropertyBinder - Building property email
[TRACE] 2021-11-29 22:22:41.128 [http-nio-8080-exec-3] PropertyBinder - Cascading email with null
[TRACE] 2021-11-29 22:22:41.128 [http-nio-8080-exec-3] AnnotationBinder - Processing annotations of entity.User.games
[DEBUG] 2021-11-29 22:22:41.128 [http-nio-8080-exec-3] Ejb3Column - Binding column: Ejb3JoinColumn{logicalColumnName='null', referencedColumn='null', mappedBy='user'}
[TRACE] 2021-11-29 22:22:41.128 [http-nio-8080-exec-3] NormalizingIdentifierHelperImpl - Normalizing identifier quoting [games]
[TRACE] 2021-11-29 22:22:41.128 [http-nio-8080-exec-3] NormalizingIdentifierHelperImpl - Normalizing identifier quoting [games]
[DEBUG] 2021-11-29 22:22:41.128 [http-nio-8080-exec-3] Ejb3Column - Binding column: Ejb3Column{table=org.hibernate.mapping.Table(user), mappingColumn=games, insertable=true, updatable=true, unique=false}
[DEBUG] 2021-11-29 22:22:41.129 [http-nio-8080-exec-3] Ejb3Column - Binding column: Ejb3Column{table=org.hibernate.mapping.Table(user), mappingColumn=null, insertable=true, updatable=true, unique=false}
[TRACE] 2021-11-29 22:22:41.136 [http-nio-8080-exec-3] NormalizingIdentifierHelperImpl - Normalizing identifier quoting [element]
[TRACE] 2021-11-29 22:22:41.136 [http-nio-8080-exec-3] NormalizingIdentifierHelperImpl - Normalizing identifier quoting [element]
[DEBUG] 2021-11-29 22:22:41.136 [http-nio-8080-exec-3] Ejb3Column - Binding column: Ejb3Column{table=org.hibernate.mapping.Table(user), mappingColumn=element, insertable=true, updatable=true, unique=false}
[TRACE] 2021-11-29 22:22:41.136 [http-nio-8080-exec-3] NormalizingIdentifierHelperImpl - Normalizing identifier quoting [games_KEY]
[DEBUG] 2021-11-29 22:22:41.136 [http-nio-8080-exec-3] Ejb3Column - Binding column: Ejb3Column{table=org.hibernate.mapping.Table(user), mappingColumn=games_KEY, insertable=true, updatable=true, unique=false}
[TRACE] 2021-11-29 22:22:41.137 [http-nio-8080-exec-3] NormalizingIdentifierHelperImpl - Normalizing identifier quoting [games_KEY]
[DEBUG] 2021-11-29 22:22:41.137 [http-nio-8080-exec-3] Ejb3Column - Binding column: Ejb3JoinColumn{logicalColumnName='games_KEY', referencedColumn='null', mappedBy='null'}
[DEBUG] 2021-11-29 22:22:41.138 [http-nio-8080-exec-3] Ejb3Column - Binding column: Ejb3JoinColumn{logicalColumnName='null', referencedColumn='null', mappedBy='user'}
[DEBUG] 2021-11-29 22:22:41.138 [http-nio-8080-exec-3] Ejb3Column - Binding column: Ejb3JoinColumn{logicalColumnName='null', referencedColumn='null', mappedBy='user'}
[DEBUG] 2021-11-29 22:22:41.139 [http-nio-8080-exec-3] CollectionBinder - Collection role: entity.User.games
[DEBUG] 2021-11-29 22:22:41.140 [http-nio-8080-exec-3] PropertyBinder - Building property games
[TRACE] 2021-11-29 22:22:41.141 [http-nio-8080-exec-3] PropertyBinder - Cascading games with all,delete,delete-orphan
[TRACE] 2021-11-29 22:22:41.141 [http-nio-8080-exec-3] AnnotationBinder - Processing annotations of entity.User.name
[TRACE] 2021-11-29 22:22:41.141 [http-nio-8080-exec-3] NormalizingIdentifierHelperImpl - Normalizing identifier quoting [name]
[TRACE] 2021-11-29 22:22:41.141 [http-nio-8080-exec-3] NormalizingIdentifierHelperImpl - Normalizing identifier quoting [name]
[DEBUG] 2021-11-29 22:22:41.141 [http-nio-8080-exec-3] Ejb3Column - Binding column: Ejb3Column{table=org.hibernate.mapping.Table(user), mappingColumn=name, insertable=true, updatable=true, unique=false}
[DEBUG] 2021-11-29 22:22:41.141 [http-nio-8080-exec-3] PropertyBinder - MetadataSourceProcessor property name with lazy=false
[DEBUG] 2021-11-29 22:22:41.142 [http-nio-8080-exec-3] AbstractPropertyHolder - Attempting to locate auto-apply AttributeConverter for property [entity.User:name]
[DEBUG] 2021-11-29 22:22:41.144 [http-nio-8080-exec-3] SimpleValueBinder - building SimpleValue for name
[TRACE] 2021-11-29 22:22:41.145 [http-nio-8080-exec-3] NormalizingIdentifierHelperImpl - Normalizing identifier quoting [name]
[DEBUG] 2021-11-29 22:22:41.146 [http-nio-8080-exec-3] PropertyBinder - Building property name
[TRACE] 2021-11-29 22:22:41.146 [http-nio-8080-exec-3] PropertyBinder - Cascading name with null
[TRACE] 2021-11-29 22:22:41.146 [http-nio-8080-exec-3] AnnotationBinder - Processing annotations of entity.User.roles
[DEBUG] 2021-11-29 22:22:41.146 [http-nio-8080-exec-3] Ejb3Column - Binding column: Ejb3JoinColumn{logicalColumnName='null', referencedColumn='null', mappedBy='user'}
[TRACE] 2021-11-29 22:22:41.146 [http-nio-8080-exec-3] NormalizingIdentifierHelperImpl - Normalizing identifier quoting [roles]
[TRACE] 2021-11-29 22:22:41.146 [http-nio-8080-exec-3] NormalizingIdentifierHelperImpl - Normalizing identifier quoting [roles]
[DEBUG] 2021-11-29 22:22:41.146 [http-nio-8080-exec-3] Ejb3Column - Binding column: Ejb3Column{table=org.hibernate.mapping.Table(user), mappingColumn=roles, insertable=true, updatable=true, unique=false}
[DEBUG] 2021-11-29 22:22:41.147 [http-nio-8080-exec-3] Ejb3Column - Binding column: Ejb3Column{table=org.hibernate.mapping.Table(user), mappingColumn=null, insertable=true, updatable=true, unique=false}
[TRACE] 2021-11-29 22:22:41.147 [http-nio-8080-exec-3] NormalizingIdentifierHelperImpl - Normalizing identifier quoting [element]
[TRACE] 2021-11-29 22:22:41.147 [http-nio-8080-exec-3] NormalizingIdentifierHelperImpl - Normalizing identifier quoting [element]
[DEBUG] 2021-11-29 22:22:41.147 [http-nio-8080-exec-3] Ejb3Column - Binding column: Ejb3Column{table=org.hibernate.mapping.Table(user), mappingColumn=element, insertable=true, updatable=true, unique=false}
[TRACE] 2021-11-29 22:22:41.148 [http-nio-8080-exec-3] NormalizingIdentifierHelperImpl - Normalizing identifier quoting [roles_KEY]
[DEBUG] 2021-11-29 22:22:41.148 [http-nio-8080-exec-3] Ejb3Column - Binding column: Ejb3Column{table=org.hibernate.mapping.Table(user), mappingColumn=roles_KEY, insertable=true, updatable=true, unique=false}
[TRACE] 2021-11-29 22:22:41.148 [http-nio-8080-exec-3] NormalizingIdentifierHelperImpl - Normalizing identifier quoting [roles_KEY]
[DEBUG] 2021-11-29 22:22:41.148 [http-nio-8080-exec-3] Ejb3Column - Binding column: Ejb3JoinColumn{logicalColumnName='roles_KEY', referencedColumn='null', mappedBy='null'}
[DEBUG] 2021-11-29 22:22:41.148 [http-nio-8080-exec-3] Ejb3Column - Binding column: Ejb3JoinColumn{logicalColumnName='null', referencedColumn='null', mappedBy='user'}
[DEBUG] 2021-11-29 22:22:41.148 [http-nio-8080-exec-3] Ejb3Column - Binding column: Ejb3JoinColumn{logicalColumnName='null', referencedColumn='null', mappedBy='user'}
[DEBUG] 2021-11-29 22:22:41.148 [http-nio-8080-exec-3] CollectionBinder - Collection role: entity.User.roles
[DEBUG] 2021-11-29 22:22:41.148 [http-nio-8080-exec-3] PropertyBinder - Building property roles
[TRACE] 2021-11-29 22:22:41.148 [http-nio-8080-exec-3] PropertyBinder - Cascading roles with all,delete,delete-orphan
[TRACE] 2021-11-29 22:22:41.148 [http-nio-8080-exec-3] AnnotationBinder - Processing annotations of entity.User.userName
[TRACE] 2021-11-29 22:22:41.148 [http-nio-8080-exec-3] NormalizingIdentifierHelperImpl - Normalizing identifier quoting [username]
[TRACE] 2021-11-29 22:22:41.148 [http-nio-8080-exec-3] NormalizingIdentifierHelperImpl - Normalizing identifier quoting [username]
[DEBUG] 2021-11-29 22:22:41.148 [http-nio-8080-exec-3] Ejb3Column - Binding column: Ejb3Column{table=org.hibernate.mapping.Table(user), mappingColumn=username, insertable=true, updatable=true, unique=false}
[DEBUG] 2021-11-29 22:22:41.148 [http-nio-8080-exec-3] PropertyBinder - MetadataSourceProcessor property userName with lazy=false
[DEBUG] 2021-11-29 22:22:41.148 [http-nio-8080-exec-3] AbstractPropertyHolder - Attempting to locate auto-apply AttributeConverter for property [entity.User:userName]
[DEBUG] 2021-11-29 22:22:41.148 [http-nio-8080-exec-3] SimpleValueBinder - building SimpleValue for userName
[TRACE] 2021-11-29 22:22:41.148 [http-nio-8080-exec-3] NormalizingIdentifierHelperImpl - Normalizing identifier quoting [username]
[DEBUG] 2021-11-29 22:22:41.148 [http-nio-8080-exec-3] PropertyBinder - Building property userName
[TRACE] 2021-11-29 22:22:41.148 [http-nio-8080-exec-3] PropertyBinder - Cascading userName with null
[DEBUG] 2021-11-29 22:22:41.149 [http-nio-8080-exec-3] AnnotationBinder - Binding entity from annotated class: entity.Report
[TRACE] 2021-11-29 22:22:41.149 [http-nio-8080-exec-3] NormalizingIdentifierHelperImpl - Normalizing identifier quoting [DTYPE]
[DEBUG] 2021-11-29 22:22:41.149 [http-nio-8080-exec-3] Ejb3Column - Binding column: Ejb3DiscriminatorColumn{logicalColumnName'DTYPE', discriminatorTypeName='string'}
[DEBUG] 2021-11-29 22:22:41.149 [http-nio-8080-exec-3] EntityBinder - Import with entity name Report
[TRACE] 2021-11-29 22:22:41.149 [http-nio-8080-exec-3] InFlightMetadataCollectorImpl - Import: Report -> entity.Report
[TRACE] 2021-11-29 22:22:41.149 [http-nio-8080-exec-3] InFlightMetadataCollectorImpl - Import: entity.Report -> entity.Report
[TRACE] 2021-11-29 22:22:41.149 [http-nio-8080-exec-3] NormalizingIdentifierHelperImpl - Normalizing identifier quoting [reports]
[TRACE] 2021-11-29 22:22:41.149 [http-nio-8080-exec-3] NormalizingIdentifierHelperImpl - Normalizing identifier quoting [reports]
[DEBUG] 2021-11-29 22:22:41.149 [http-nio-8080-exec-3] EntityBinder - Bind entity entity.Report on table reports
