[DEBUG] 2021-12-05 19:08:14.028 [main] IntegratorServiceImpl - Adding Integrator [org.hibernate.cfg.beanvalidation.BeanValidationIntegrator].
[DEBUG] 2021-12-05 19:08:14.034 [main] IntegratorServiceImpl - Adding Integrator [org.hibernate.secure.spi.JaccIntegrator].
[DEBUG] 2021-12-05 19:08:14.046 [main] IntegratorServiceImpl - Adding Integrator [org.hibernate.cache.internal.CollectionCacheInvalidator].
[INFO ] 2021-12-05 19:08:14.153 [main] Version - HHH000412: Hibernate Core {5.4.4.Final}
[DEBUG] 2021-12-05 19:08:14.160 [main] Environment - HHH000206: hibernate.properties not found
[DEBUG] 2021-12-05 19:08:14.351 [main] JaxbCfgProcessor - cfg.xml document did not define namespaces; wrapping in custom event reader to introduce namespace information
[DEBUG] 2021-12-05 19:08:14.674 [main] ServiceBinding - Overriding existing service binding [org.hibernate.secure.spi.JaccService]
[DEBUG] 2021-12-05 19:08:14.697 [main] RegionFactoryInitiator - Cannot default RegionFactory based on registered strategies as `[]` RegionFactory strategies were registered
[DEBUG] 2021-12-05 19:08:14.698 [main] RegionFactoryInitiator - Cache region factory : org.hibernate.cache.internal.NoCachingRegionFactory
[INFO ] 2021-12-05 19:08:14.718 [main] Version - HCANN000001: Hibernate Commons Annotations {5.1.0.Final}
[DEBUG] 2021-12-05 19:08:14.750 [main] BasicTypeRegistry - Adding type registration boolean -> org.hibernate.type.BooleanType@205bed61
[DEBUG] 2021-12-05 19:08:14.750 [main] BasicTypeRegistry - Adding type registration boolean -> org.hibernate.type.BooleanType@205bed61
[DEBUG] 2021-12-05 19:08:14.750 [main] BasicTypeRegistry - Adding type registration java.lang.Boolean -> org.hibernate.type.BooleanType@205bed61
[DEBUG] 2021-12-05 19:08:14.750 [main] BasicTypeRegistry - Adding type registration numeric_boolean -> org.hibernate.type.NumericBooleanType@7c2b58c0
[DEBUG] 2021-12-05 19:08:14.754 [main] BasicTypeRegistry - Adding type registration true_false -> org.hibernate.type.TrueFalseType@7a2b1eb4
[DEBUG] 2021-12-05 19:08:14.754 [main] BasicTypeRegistry - Adding type registration yes_no -> org.hibernate.type.YesNoType@23f3dbf0
[DEBUG] 2021-12-05 19:08:14.755 [main] BasicTypeRegistry - Adding type registration byte -> org.hibernate.type.ByteType@165e389b
[DEBUG] 2021-12-05 19:08:14.755 [main] BasicTypeRegistry - Adding type registration byte -> org.hibernate.type.ByteType@165e389b
[DEBUG] 2021-12-05 19:08:14.755 [main] BasicTypeRegistry - Adding type registration java.lang.Byte -> org.hibernate.type.ByteType@165e389b
[DEBUG] 2021-12-05 19:08:14.760 [main] BasicTypeRegistry - Adding type registration character -> org.hibernate.type.CharacterType@71f0b72e
[DEBUG] 2021-12-05 19:08:14.760 [main] BasicTypeRegistry - Adding type registration char -> org.hibernate.type.CharacterType@71f0b72e
[DEBUG] 2021-12-05 19:08:14.760 [main] BasicTypeRegistry - Adding type registration java.lang.Character -> org.hibernate.type.CharacterType@71f0b72e
[DEBUG] 2021-12-05 19:08:14.761 [main] BasicTypeRegistry - Adding type registration short -> org.hibernate.type.ShortType@3681037
[DEBUG] 2021-12-05 19:08:14.761 [main] BasicTypeRegistry - Adding type registration short -> org.hibernate.type.ShortType@3681037
[DEBUG] 2021-12-05 19:08:14.761 [main] BasicTypeRegistry - Adding type registration java.lang.Short -> org.hibernate.type.ShortType@3681037
[DEBUG] 2021-12-05 19:08:14.762 [main] BasicTypeRegistry - Adding type registration integer -> org.hibernate.type.IntegerType@4f3e7344
[DEBUG] 2021-12-05 19:08:14.762 [main] BasicTypeRegistry - Adding type registration int -> org.hibernate.type.IntegerType@4f3e7344
[DEBUG] 2021-12-05 19:08:14.762 [main] BasicTypeRegistry - Adding type registration java.lang.Integer -> org.hibernate.type.IntegerType@4f3e7344
[DEBUG] 2021-12-05 19:08:14.762 [main] BasicTypeRegistry - Adding type registration long -> org.hibernate.type.LongType@782bf610
[DEBUG] 2021-12-05 19:08:14.762 [main] BasicTypeRegistry - Adding type registration long -> org.hibernate.type.LongType@782bf610
[DEBUG] 2021-12-05 19:08:14.762 [main] BasicTypeRegistry - Adding type registration java.lang.Long -> org.hibernate.type.LongType@782bf610
[DEBUG] 2021-12-05 19:08:14.763 [main] BasicTypeRegistry - Adding type registration float -> org.hibernate.type.FloatType@10895b16
[DEBUG] 2021-12-05 19:08:14.763 [main] BasicTypeRegistry - Adding type registration float -> org.hibernate.type.FloatType@10895b16
[DEBUG] 2021-12-05 19:08:14.763 [main] BasicTypeRegistry - Adding type registration java.lang.Float -> org.hibernate.type.FloatType@10895b16
[DEBUG] 2021-12-05 19:08:14.764 [main] BasicTypeRegistry - Adding type registration double -> org.hibernate.type.DoubleType@3b9632d1
[DEBUG] 2021-12-05 19:08:14.764 [main] BasicTypeRegistry - Adding type registration double -> org.hibernate.type.DoubleType@3b9632d1
[DEBUG] 2021-12-05 19:08:14.764 [main] BasicTypeRegistry - Adding type registration java.lang.Double -> org.hibernate.type.DoubleType@3b9632d1
[DEBUG] 2021-12-05 19:08:14.764 [main] BasicTypeRegistry - Adding type registration big_decimal -> org.hibernate.type.BigDecimalType@1846579f
[DEBUG] 2021-12-05 19:08:14.767 [main] BasicTypeRegistry - Adding type registration java.math.BigDecimal -> org.hibernate.type.BigDecimalType@1846579f
[DEBUG] 2021-12-05 19:08:14.767 [main] BasicTypeRegistry - Adding type registration big_integer -> org.hibernate.type.BigIntegerType@7be7e15
[DEBUG] 2021-12-05 19:08:14.767 [main] BasicTypeRegistry - Adding type registration java.math.BigInteger -> org.hibernate.type.BigIntegerType@7be7e15
[DEBUG] 2021-12-05 19:08:14.768 [main] BasicTypeRegistry - Adding type registration string -> org.hibernate.type.StringType@2330e3e0
[DEBUG] 2021-12-05 19:08:14.768 [main] BasicTypeRegistry - Adding type registration java.lang.String -> org.hibernate.type.StringType@2330e3e0
[DEBUG] 2021-12-05 19:08:14.771 [main] BasicTypeRegistry - Adding type registration nstring -> org.hibernate.type.StringNVarcharType@706eab5d
[DEBUG] 2021-12-05 19:08:14.772 [main] BasicTypeRegistry - Adding type registration ncharacter -> org.hibernate.type.CharacterNCharType@3a230001
[DEBUG] 2021-12-05 19:08:14.772 [main] BasicTypeRegistry - Adding type registration url -> org.hibernate.type.UrlType@2c0b4c83
[DEBUG] 2021-12-05 19:08:14.772 [main] BasicTypeRegistry - Adding type registration java.net.URL -> org.hibernate.type.UrlType@2c0b4c83
[DEBUG] 2021-12-05 19:08:14.773 [main] BasicTypeRegistry - Adding type registration Duration -> org.hibernate.type.DurationType@6d7cada5
[DEBUG] 2021-12-05 19:08:14.773 [main] BasicTypeRegistry - Adding type registration java.time.Duration -> org.hibernate.type.DurationType@6d7cada5
[DEBUG] 2021-12-05 19:08:14.776 [main] BasicTypeRegistry - Adding type registration Instant -> org.hibernate.type.InstantType@3ab6678b
[DEBUG] 2021-12-05 19:08:14.776 [main] BasicTypeRegistry - Adding type registration java.time.Instant -> org.hibernate.type.InstantType@3ab6678b
[DEBUG] 2021-12-05 19:08:14.777 [main] BasicTypeRegistry - Adding type registration LocalDateTime -> org.hibernate.type.LocalDateTimeType@642505c7
[DEBUG] 2021-12-05 19:08:14.777 [main] BasicTypeRegistry - Adding type registration java.time.LocalDateTime -> org.hibernate.type.LocalDateTimeType@642505c7
[DEBUG] 2021-12-05 19:08:14.780 [main] BasicTypeRegistry - Adding type registration LocalDate -> org.hibernate.type.LocalDateType@715d6168
[DEBUG] 2021-12-05 19:08:14.780 [main] BasicTypeRegistry - Adding type registration java.time.LocalDate -> org.hibernate.type.LocalDateType@715d6168
[DEBUG] 2021-12-05 19:08:14.781 [main] BasicTypeRegistry - Adding type registration LocalTime -> org.hibernate.type.LocalTimeType@107f4980
[DEBUG] 2021-12-05 19:08:14.781 [main] BasicTypeRegistry - Adding type registration java.time.LocalTime -> org.hibernate.type.LocalTimeType@107f4980
[DEBUG] 2021-12-05 19:08:14.782 [main] BasicTypeRegistry - Adding type registration OffsetDateTime -> org.hibernate.type.OffsetDateTimeType@f08fdce
[DEBUG] 2021-12-05 19:08:14.782 [main] BasicTypeRegistry - Adding type registration java.time.OffsetDateTime -> org.hibernate.type.OffsetDateTimeType@f08fdce
[DEBUG] 2021-12-05 19:08:14.782 [main] BasicTypeRegistry - Adding type registration OffsetTime -> org.hibernate.type.OffsetTimeType@f288c14
[DEBUG] 2021-12-05 19:08:14.782 [main] BasicTypeRegistry - Adding type registration java.time.OffsetTime -> org.hibernate.type.OffsetTimeType@f288c14
[DEBUG] 2021-12-05 19:08:14.783 [main] BasicTypeRegistry - Adding type registration ZonedDateTime -> org.hibernate.type.ZonedDateTimeType@671facee
[DEBUG] 2021-12-05 19:08:14.787 [main] BasicTypeRegistry - Adding type registration java.time.ZonedDateTime -> org.hibernate.type.ZonedDateTimeType@671facee
[DEBUG] 2021-12-05 19:08:14.788 [main] BasicTypeRegistry - Adding type registration date -> org.hibernate.type.DateType@7b7683d4
[DEBUG] 2021-12-05 19:08:14.788 [main] BasicTypeRegistry - Adding type registration java.sql.Date -> org.hibernate.type.DateType@7b7683d4
[DEBUG] 2021-12-05 19:08:14.788 [main] BasicTypeRegistry - Adding type registration time -> org.hibernate.type.TimeType@7942a854
[DEBUG] 2021-12-05 19:08:14.788 [main] BasicTypeRegistry - Adding type registration java.sql.Time -> org.hibernate.type.TimeType@7942a854
[DEBUG] 2021-12-05 19:08:14.789 [main] BasicTypeRegistry - Adding type registration timestamp -> org.hibernate.type.TimestampType@288214b1
[DEBUG] 2021-12-05 19:08:14.789 [main] BasicTypeRegistry - Adding type registration java.sql.Timestamp -> org.hibernate.type.TimestampType@288214b1
[DEBUG] 2021-12-05 19:08:14.789 [main] BasicTypeRegistry - Adding type registration java.util.Date -> org.hibernate.type.TimestampType@288214b1
[DEBUG] 2021-12-05 19:08:14.792 [main] BasicTypeRegistry - Adding type registration dbtimestamp -> org.hibernate.type.DbTimestampType@639aba11
[DEBUG] 2021-12-05 19:08:14.793 [main] BasicTypeRegistry - Adding type registration calendar -> org.hibernate.type.CalendarType@4554de02
[DEBUG] 2021-12-05 19:08:14.793 [main] BasicTypeRegistry - Adding type registration java.util.Calendar -> org.hibernate.type.CalendarType@4554de02
[DEBUG] 2021-12-05 19:08:14.793 [main] BasicTypeRegistry - Adding type registration java.util.GregorianCalendar -> org.hibernate.type.CalendarType@4554de02
[DEBUG] 2021-12-05 19:08:14.793 [main] BasicTypeRegistry - Adding type registration calendar_date -> org.hibernate.type.CalendarDateType@764cba
[DEBUG] 2021-12-05 19:08:14.794 [main] BasicTypeRegistry - Adding type registration locale -> org.hibernate.type.LocaleType@144ab54
[DEBUG] 2021-12-05 19:08:14.794 [main] BasicTypeRegistry - Adding type registration java.util.Locale -> org.hibernate.type.LocaleType@144ab54
[DEBUG] 2021-12-05 19:08:14.795 [main] BasicTypeRegistry - Adding type registration currency -> org.hibernate.type.CurrencyType@3e3861d7
[DEBUG] 2021-12-05 19:08:14.799 [main] BasicTypeRegistry - Adding type registration java.util.Currency -> org.hibernate.type.CurrencyType@3e3861d7
[DEBUG] 2021-12-05 19:08:14.800 [main] BasicTypeRegistry - Adding type registration timezone -> org.hibernate.type.TimeZoneType@47a7a101
[DEBUG] 2021-12-05 19:08:14.800 [main] BasicTypeRegistry - Adding type registration java.util.TimeZone -> org.hibernate.type.TimeZoneType@47a7a101
[DEBUG] 2021-12-05 19:08:14.800 [main] BasicTypeRegistry - Adding type registration class -> org.hibernate.type.ClassType@45bf6f39
[DEBUG] 2021-12-05 19:08:14.800 [main] BasicTypeRegistry - Adding type registration java.lang.Class -> org.hibernate.type.ClassType@45bf6f39
[DEBUG] 2021-12-05 19:08:14.801 [main] BasicTypeRegistry - Adding type registration uuid-binary -> org.hibernate.type.UUIDBinaryType@7fcf294e
[DEBUG] 2021-12-05 19:08:14.801 [main] BasicTypeRegistry - Adding type registration java.util.UUID -> org.hibernate.type.UUIDBinaryType@7fcf294e
[DEBUG] 2021-12-05 19:08:14.801 [main] BasicTypeRegistry - Adding type registration uuid-char -> org.hibernate.type.UUIDCharType@59e43e8c
[DEBUG] 2021-12-05 19:08:14.802 [main] BasicTypeRegistry - Adding type registration binary -> org.hibernate.type.BinaryType@64968732
[DEBUG] 2021-12-05 19:08:14.802 [main] BasicTypeRegistry - Adding type registration byte[] -> org.hibernate.type.BinaryType@64968732
[DEBUG] 2021-12-05 19:08:14.802 [main] BasicTypeRegistry - Adding type registration [B -> org.hibernate.type.BinaryType@64968732
[DEBUG] 2021-12-05 19:08:14.802 [main] BasicTypeRegistry - Adding type registration wrapper-binary -> org.hibernate.type.WrapperBinaryType@54f4a7f0
[DEBUG] 2021-12-05 19:08:14.802 [main] BasicTypeRegistry - Adding type registration Byte[] -> org.hibernate.type.WrapperBinaryType@54f4a7f0
[DEBUG] 2021-12-05 19:08:14.803 [main] BasicTypeRegistry - Adding type registration [Ljava.lang.Byte; -> org.hibernate.type.WrapperBinaryType@54f4a7f0
[DEBUG] 2021-12-05 19:08:14.803 [main] BasicTypeRegistry - Adding type registration row_version -> org.hibernate.type.RowVersionType@e9dc4d0
[DEBUG] 2021-12-05 19:08:14.804 [main] BasicTypeRegistry - Adding type registration image -> org.hibernate.type.ImageType@23eff5d1
[DEBUG] 2021-12-05 19:08:14.804 [main] BasicTypeRegistry - Adding type registration characters -> org.hibernate.type.CharArrayType@316a598d
[DEBUG] 2021-12-05 19:08:14.804 [main] BasicTypeRegistry - Adding type registration char[] -> org.hibernate.type.CharArrayType@316a598d
[DEBUG] 2021-12-05 19:08:14.804 [main] BasicTypeRegistry - Adding type registration [C -> org.hibernate.type.CharArrayType@316a598d
[DEBUG] 2021-12-05 19:08:14.805 [main] BasicTypeRegistry - Adding type registration wrapper-characters -> org.hibernate.type.CharacterArrayType@2903c6ff
[DEBUG] 2021-12-05 19:08:14.805 [main] BasicTypeRegistry - Adding type registration [Ljava.lang.Character; -> org.hibernate.type.CharacterArrayType@2903c6ff
[DEBUG] 2021-12-05 19:08:14.805 [main] BasicTypeRegistry - Adding type registration Character[] -> org.hibernate.type.CharacterArrayType@2903c6ff
[DEBUG] 2021-12-05 19:08:14.805 [main] BasicTypeRegistry - Adding type registration text -> org.hibernate.type.TextType@408e96d9
[DEBUG] 2021-12-05 19:08:14.805 [main] BasicTypeRegistry - Adding type registration ntext -> org.hibernate.type.NTextType@3901f6af
[DEBUG] 2021-12-05 19:08:14.806 [main] BasicTypeRegistry - Adding type registration blob -> org.hibernate.type.BlobType@3724b43e
[DEBUG] 2021-12-05 19:08:14.806 [main] BasicTypeRegistry - Adding type registration java.sql.Blob -> org.hibernate.type.BlobType@3724b43e
[DEBUG] 2021-12-05 19:08:14.806 [main] BasicTypeRegistry - Adding type registration materialized_blob -> org.hibernate.type.MaterializedBlobType@238bfd6c
[DEBUG] 2021-12-05 19:08:14.806 [main] BasicTypeRegistry - Adding type registration clob -> org.hibernate.type.ClobType@790a251b
[DEBUG] 2021-12-05 19:08:14.806 [main] BasicTypeRegistry - Adding type registration java.sql.Clob -> org.hibernate.type.ClobType@790a251b
[DEBUG] 2021-12-05 19:08:14.807 [main] BasicTypeRegistry - Adding type registration nclob -> org.hibernate.type.NClobType@524a2ffb
[DEBUG] 2021-12-05 19:08:14.811 [main] BasicTypeRegistry - Adding type registration java.sql.NClob -> org.hibernate.type.NClobType@524a2ffb
[DEBUG] 2021-12-05 19:08:14.814 [main] BasicTypeRegistry - Adding type registration materialized_clob -> org.hibernate.type.MaterializedClobType@72456279
[DEBUG] 2021-12-05 19:08:14.814 [main] BasicTypeRegistry - Adding type registration materialized_nclob -> org.hibernate.type.MaterializedNClobType@1416cf9f
[DEBUG] 2021-12-05 19:08:14.820 [main] BasicTypeRegistry - Adding type registration serializable -> org.hibernate.type.SerializableType@75361cf6
[DEBUG] 2021-12-05 19:08:14.822 [main] BasicTypeRegistry - Adding type registration object -> org.hibernate.type.ObjectType@396639b
[DEBUG] 2021-12-05 19:08:14.822 [main] BasicTypeRegistry - Adding type registration java.lang.Object -> org.hibernate.type.ObjectType@396639b
[DEBUG] 2021-12-05 19:08:14.822 [main] BasicTypeRegistry - Adding type registration imm_date -> org.hibernate.type.AdaptedImmutableType@14229fa7
[DEBUG] 2021-12-05 19:08:14.822 [main] BasicTypeRegistry - Adding type registration imm_time -> org.hibernate.type.AdaptedImmutableType@2ab0702e
[DEBUG] 2021-12-05 19:08:14.822 [main] BasicTypeRegistry - Adding type registration imm_timestamp -> org.hibernate.type.AdaptedImmutableType@7158daf2
[DEBUG] 2021-12-05 19:08:14.824 [main] BasicTypeRegistry - Adding type registration imm_dbtimestamp -> org.hibernate.type.AdaptedImmutableType@10f19647
[DEBUG] 2021-12-05 19:08:14.824 [main] BasicTypeRegistry - Adding type registration imm_calendar -> org.hibernate.type.AdaptedImmutableType@102efc59
[DEBUG] 2021-12-05 19:08:14.824 [main] BasicTypeRegistry - Adding type registration imm_calendar_date -> org.hibernate.type.AdaptedImmutableType@3936df72
[DEBUG] 2021-12-05 19:08:14.824 [main] BasicTypeRegistry - Adding type registration imm_binary -> org.hibernate.type.AdaptedImmutableType@e8e0dec
[DEBUG] 2021-12-05 19:08:14.825 [main] BasicTypeRegistry - Adding type registration imm_serializable -> org.hibernate.type.AdaptedImmutableType@12d1f1d4
[DEBUG] 2021-12-05 19:08:14.846 [main] DefaultIdentifierGeneratorFactory - Registering IdentifierGenerator strategy [uuid2] -> [org.hibernate.id.UUIDGenerator]
[DEBUG] 2021-12-05 19:08:14.846 [main] DefaultIdentifierGeneratorFactory - Registering IdentifierGenerator strategy [guid] -> [org.hibernate.id.GUIDGenerator]
[DEBUG] 2021-12-05 19:08:14.847 [main] DefaultIdentifierGeneratorFactory - Registering IdentifierGenerator strategy [uuid] -> [org.hibernate.id.UUIDHexGenerator]
[DEBUG] 2021-12-05 19:08:14.847 [main] DefaultIdentifierGeneratorFactory - Registering IdentifierGenerator strategy [uuid.hex] -> [org.hibernate.id.UUIDHexGenerator]
[DEBUG] 2021-12-05 19:08:14.847 [main] DefaultIdentifierGeneratorFactory - Registering IdentifierGenerator strategy [assigned] -> [org.hibernate.id.Assigned]
[DEBUG] 2021-12-05 19:08:14.848 [main] DefaultIdentifierGeneratorFactory - Registering IdentifierGenerator strategy [identity] -> [org.hibernate.id.IdentityGenerator]
[DEBUG] 2021-12-05 19:08:14.849 [main] DefaultIdentifierGeneratorFactory - Registering IdentifierGenerator strategy [select] -> [org.hibernate.id.SelectGenerator]
[DEBUG] 2021-12-05 19:08:14.849 [main] DefaultIdentifierGeneratorFactory - Registering IdentifierGenerator strategy [sequence] -> [org.hibernate.id.enhanced.SequenceStyleGenerator]
[DEBUG] 2021-12-05 19:08:14.850 [main] DefaultIdentifierGeneratorFactory - Registering IdentifierGenerator strategy [seqhilo] -> [org.hibernate.id.SequenceHiLoGenerator]
[DEBUG] 2021-12-05 19:08:14.850 [main] DefaultIdentifierGeneratorFactory - Registering IdentifierGenerator strategy [increment] -> [org.hibernate.id.IncrementGenerator]
[DEBUG] 2021-12-05 19:08:14.850 [main] DefaultIdentifierGeneratorFactory - Registering IdentifierGenerator strategy [foreign] -> [org.hibernate.id.ForeignGenerator]
[DEBUG] 2021-12-05 19:08:14.850 [main] DefaultIdentifierGeneratorFactory - Registering IdentifierGenerator strategy [sequence-identity] -> [org.hibernate.id.SequenceIdentityGenerator]
[DEBUG] 2021-12-05 19:08:14.850 [main] DefaultIdentifierGeneratorFactory - Registering IdentifierGenerator strategy [enhanced-sequence] -> [org.hibernate.id.enhanced.SequenceStyleGenerator]
[DEBUG] 2021-12-05 19:08:14.851 [main] DefaultIdentifierGeneratorFactory - Registering IdentifierGenerator strategy [enhanced-table] -> [org.hibernate.id.enhanced.TableGenerator]
[INFO ] 2021-12-05 19:08:14.856 [main] C3P0ConnectionProvider - HHH010002: C3P0 using driver: com.mysql.cj.jdbc.Driver at URL: jdbc:mysql://localhost:3306/GameReports
[INFO ] 2021-12-05 19:08:14.857 [main] C3P0ConnectionProvider - HHH10001001: Connection properties: {password=****, user=root}
[INFO ] 2021-12-05 19:08:14.857 [main] C3P0ConnectionProvider - HHH10001003: Autocommit mode: false
[INFO ] 2021-12-05 19:08:14.988 [main] C3P0ConnectionProvider - HHH10001007: JDBC isolation level: <unknown>
[DEBUG] 2021-12-05 19:08:15.114 [main] JdbcEnvironmentInitiator - Database ->
       name : MySQL
    version : 8.0.22
      major : 8
      minor : 0
[DEBUG] 2021-12-05 19:08:15.128 [main] JdbcEnvironmentInitiator - Driver ->
       name : MySQL Connector/J
    version : mysql-connector-java-8.0.16 (Revision: 34cbc6bc61f72836e26327537a432d6db7c77de6)
      major : 8
      minor : 0
[DEBUG] 2021-12-05 19:08:15.128 [main] JdbcEnvironmentInitiator - JDBC version : 4.2
[INFO ] 2021-12-05 19:08:15.165 [main] Dialect - HHH000400: Using dialect: org.hibernate.dialect.MySQL8Dialect
[DEBUG] 2021-12-05 19:08:15.182 [main] IdentifierHelperBuilder - JDBC driver metadata reported database stores quoted identifiers in more than one case
[DEBUG] 2021-12-05 19:08:15.209 [main] IdentifierHelperBuilder - IdentifierCaseStrategy for both quoted and unquoted identifiers was set to the same strategy [MIXED]; that will likely lead to problems in schema update and validation if using quoted identifiers
[DEBUG] 2021-12-05 19:08:15.254 [main] Namespace - Created database namespace [logicalName=Name{catalog=null, schema=null}, physicalName=Name{catalog=null, schema=null}]
[DEBUG] 2021-12-05 19:08:15.260 [main] TypeConfiguration$Scope - Scoping TypeConfiguration [org.hibernate.type.spi.TypeConfiguration@7b32b129] to MetadataBuildingContext [org.hibernate.boot.internal.MetadataBuildingContextRootImpl@439e3cb4]
[DEBUG] 2021-12-05 19:08:15.292 [main] AnnotationBinder - Binding entity from annotated class: JBrischke.entity.Game
[DEBUG] 2021-12-05 19:08:15.303 [main] Ejb3Column - Binding column: Ejb3DiscriminatorColumn{logicalColumnName'DTYPE', discriminatorTypeName='string'}
[DEBUG] 2021-12-05 19:08:15.307 [main] EntityBinder - Import with entity name Game
[DEBUG] 2021-12-05 19:08:15.309 [main] EntityBinder - Bind entity JBrischke.entity.Game on table games
[DEBUG] 2021-12-05 19:08:15.332 [main] Ejb3Column - Binding column: Ejb3Column{table=org.hibernate.mapping.Table(games), mappingColumn=id, insertable=true, updatable=true, unique=false}
[DEBUG] 2021-12-05 19:08:15.337 [main] PropertyBinder - MetadataSourceProcessor property id with lazy=false
[DEBUG] 2021-12-05 19:08:15.338 [main] AbstractPropertyHolder - Attempting to locate auto-apply AttributeConverter for property [JBrischke.entity.Game:id]
[DEBUG] 2021-12-05 19:08:15.339 [main] SimpleValueBinder - building SimpleValue for id
[DEBUG] 2021-12-05 19:08:15.342 [main] PropertyBinder - Building property id
[DEBUG] 2021-12-05 19:08:15.344 [main] BinderHelper - #makeIdGenerator(org.hibernate.mapping.SimpleValue([org.hibernate.mapping.Column(id)]), id, org.hibernate.id.enhanced.SequenceStyleGenerator, native, ...)
[DEBUG] 2021-12-05 19:08:15.345 [main] Ejb3Column - Binding column: Ejb3Column{table=org.hibernate.mapping.Table(games), mappingColumn=description, insertable=true, updatable=true, unique=false}
[DEBUG] 2021-12-05 19:08:15.350 [main] PropertyBinder - MetadataSourceProcessor property description with lazy=false
[DEBUG] 2021-12-05 19:08:15.350 [main] AbstractPropertyHolder - Attempting to locate auto-apply AttributeConverter for property [JBrischke.entity.Game:description]
[DEBUG] 2021-12-05 19:08:15.350 [main] SimpleValueBinder - building SimpleValue for description
[DEBUG] 2021-12-05 19:08:15.350 [main] PropertyBinder - Building property description
[DEBUG] 2021-12-05 19:08:15.351 [main] Ejb3Column - Binding column: Ejb3Column{table=org.hibernate.mapping.Table(games), mappingColumn=gameURL, insertable=true, updatable=true, unique=false}
[DEBUG] 2021-12-05 19:08:15.351 [main] PropertyBinder - MetadataSourceProcessor property gameURL with lazy=false
[DEBUG] 2021-12-05 19:08:15.351 [main] AbstractPropertyHolder - Attempting to locate auto-apply AttributeConverter for property [JBrischke.entity.Game:gameURL]
[DEBUG] 2021-12-05 19:08:15.351 [main] SimpleValueBinder - building SimpleValue for gameURL
[DEBUG] 2021-12-05 19:08:15.351 [main] PropertyBinder - Building property gameURL
[DEBUG] 2021-12-05 19:08:15.351 [main] Ejb3Column - Binding column: Ejb3Column{table=org.hibernate.mapping.Table(games), mappingColumn=name, insertable=true, updatable=true, unique=false}
[DEBUG] 2021-12-05 19:08:15.351 [main] PropertyBinder - MetadataSourceProcessor property name with lazy=false
[DEBUG] 2021-12-05 19:08:15.352 [main] AbstractPropertyHolder - Attempting to locate auto-apply AttributeConverter for property [JBrischke.entity.Game:name]
[DEBUG] 2021-12-05 19:08:15.354 [main] SimpleValueBinder - building SimpleValue for name
[DEBUG] 2021-12-05 19:08:15.354 [main] PropertyBinder - Building property name
[DEBUG] 2021-12-05 19:08:15.356 [main] AnnotationBinder - Binding entity from annotated class: JBrischke.entity.User
[DEBUG] 2021-12-05 19:08:15.356 [main] Ejb3Column - Binding column: Ejb3DiscriminatorColumn{logicalColumnName'DTYPE', discriminatorTypeName='string'}
[DEBUG] 2021-12-05 19:08:15.356 [main] EntityBinder - Import with entity name User
[DEBUG] 2021-12-05 19:08:15.356 [main] EntityBinder - Bind entity JBrischke.entity.User on table user
[DEBUG] 2021-12-05 19:08:15.358 [main] Ejb3Column - Binding column: Ejb3Column{table=org.hibernate.mapping.Table(user), mappingColumn=id, insertable=true, updatable=true, unique=false}
[DEBUG] 2021-12-05 19:08:15.359 [main] PropertyBinder - MetadataSourceProcessor property user_id with lazy=false
[DEBUG] 2021-12-05 19:08:15.359 [main] AbstractPropertyHolder - Attempting to locate auto-apply AttributeConverter for property [JBrischke.entity.User:user_id]
[DEBUG] 2021-12-05 19:08:15.363 [main] SimpleValueBinder - building SimpleValue for user_id
[DEBUG] 2021-12-05 19:08:15.363 [main] PropertyBinder - Building property user_id
[DEBUG] 2021-12-05 19:08:15.363 [main] BinderHelper - #makeIdGenerator(org.hibernate.mapping.SimpleValue([org.hibernate.mapping.Column(id)]), user_id, org.hibernate.id.enhanced.SequenceStyleGenerator, native, ...)
[DEBUG] 2021-12-05 19:08:15.363 [main] Ejb3Column - Binding column: Ejb3Column{table=org.hibernate.mapping.Table(user), mappingColumn=email, insertable=true, updatable=true, unique=false}
[DEBUG] 2021-12-05 19:08:15.364 [main] PropertyBinder - MetadataSourceProcessor property email with lazy=false
[DEBUG] 2021-12-05 19:08:15.364 [main] AbstractPropertyHolder - Attempting to locate auto-apply AttributeConverter for property [JBrischke.entity.User:email]
[DEBUG] 2021-12-05 19:08:15.364 [main] SimpleValueBinder - building SimpleValue for email
[DEBUG] 2021-12-05 19:08:15.364 [main] PropertyBinder - Building property email
[DEBUG] 2021-12-05 19:08:15.364 [main] Ejb3Column - Binding column: Ejb3Column{table=org.hibernate.mapping.Table(user), mappingColumn=name, insertable=true, updatable=true, unique=false}
[DEBUG] 2021-12-05 19:08:15.364 [main] PropertyBinder - MetadataSourceProcessor property name with lazy=false
[DEBUG] 2021-12-05 19:08:15.364 [main] AbstractPropertyHolder - Attempting to locate auto-apply AttributeConverter for property [JBrischke.entity.User:name]
[DEBUG] 2021-12-05 19:08:15.364 [main] SimpleValueBinder - building SimpleValue for name
[DEBUG] 2021-12-05 19:08:15.364 [main] PropertyBinder - Building property name
[DEBUG] 2021-12-05 19:08:15.365 [main] Ejb3Column - Binding column: Ejb3JoinColumn{logicalColumnName='null', referencedColumn='null', mappedBy='user'}
[DEBUG] 2021-12-05 19:08:15.365 [main] Ejb3Column - Binding column: Ejb3Column{table=org.hibernate.mapping.Table(user), mappingColumn=roles, insertable=true, updatable=true, unique=false}
[DEBUG] 2021-12-05 19:08:15.366 [main] Ejb3Column - Binding column: Ejb3Column{table=org.hibernate.mapping.Table(user), mappingColumn=null, insertable=true, updatable=true, unique=false}
[DEBUG] 2021-12-05 19:08:15.375 [main] Ejb3Column - Binding column: Ejb3Column{table=org.hibernate.mapping.Table(user), mappingColumn=element, insertable=true, updatable=true, unique=false}
[DEBUG] 2021-12-05 19:08:15.376 [main] Ejb3Column - Binding column: Ejb3Column{table=org.hibernate.mapping.Table(user), mappingColumn=roles_KEY, insertable=true, updatable=true, unique=false}
[DEBUG] 2021-12-05 19:08:15.376 [main] Ejb3Column - Binding column: Ejb3JoinColumn{logicalColumnName='roles_KEY', referencedColumn='null', mappedBy='null'}
[DEBUG] 2021-12-05 19:08:15.377 [main] Ejb3Column - Binding column: Ejb3JoinColumn{logicalColumnName='null', referencedColumn='null', mappedBy='user'}
[DEBUG] 2021-12-05 19:08:15.377 [main] Ejb3Column - Binding column: Ejb3JoinColumn{logicalColumnName='null', referencedColumn='null', mappedBy='user'}
[DEBUG] 2021-12-05 19:08:15.378 [main] CollectionBinder - Collection role: JBrischke.entity.User.roles
[DEBUG] 2021-12-05 19:08:15.378 [main] PropertyBinder - Building property roles
[DEBUG] 2021-12-05 19:08:15.383 [main] Ejb3Column - Binding column: Ejb3Column{table=org.hibernate.mapping.Table(user), mappingColumn=username, insertable=true, updatable=true, unique=false}
[DEBUG] 2021-12-05 19:08:15.383 [main] PropertyBinder - MetadataSourceProcessor property userName with lazy=false
[DEBUG] 2021-12-05 19:08:15.383 [main] AbstractPropertyHolder - Attempting to locate auto-apply AttributeConverter for property [JBrischke.entity.User:userName]
[DEBUG] 2021-12-05 19:08:15.383 [main] SimpleValueBinder - building SimpleValue for userName
[DEBUG] 2021-12-05 19:08:15.383 [main] PropertyBinder - Building property userName
[DEBUG] 2021-12-05 19:08:15.385 [main] AnnotationBinder - Binding entity from annotated class: JBrischke.entity.Report
[DEBUG] 2021-12-05 19:08:15.385 [main] Ejb3Column - Binding column: Ejb3DiscriminatorColumn{logicalColumnName'DTYPE', discriminatorTypeName='string'}
[DEBUG] 2021-12-05 19:08:15.385 [main] EntityBinder - Import with entity name Report
[DEBUG] 2021-12-05 19:08:15.385 [main] EntityBinder - Bind entity JBrischke.entity.Report on table report
[DEBUG] 2021-12-05 19:08:15.388 [main] Ejb3Column - Binding column: Ejb3Column{table=org.hibernate.mapping.Table(report), mappingColumn=category_id, insertable=true, updatable=true, unique=false}
[DEBUG] 2021-12-05 19:08:15.388 [main] PropertyBinder - MetadataSourceProcessor property report_id with lazy=false
[DEBUG] 2021-12-05 19:08:15.388 [main] AbstractPropertyHolder - Attempting to locate auto-apply AttributeConverter for property [JBrischke.entity.Report:report_id]
[DEBUG] 2021-12-05 19:08:15.388 [main] SimpleValueBinder - building SimpleValue for report_id
[DEBUG] 2021-12-05 19:08:15.388 [main] PropertyBinder - Building property report_id
[DEBUG] 2021-12-05 19:08:15.389 [main] BinderHelper - #makeIdGenerator(org.hibernate.mapping.SimpleValue([org.hibernate.mapping.Column(category_id)]), report_id, org.hibernate.id.enhanced.SequenceStyleGenerator, native, ...)
[DEBUG] 2021-12-05 19:08:15.389 [main] Ejb3Column - Binding column: Ejb3Column{table=org.hibernate.mapping.Table(report), mappingColumn=description, insertable=true, updatable=true, unique=false}
[DEBUG] 2021-12-05 19:08:15.389 [main] PropertyBinder - MetadataSourceProcessor property description with lazy=false
[DEBUG] 2021-12-05 19:08:15.389 [main] AbstractPropertyHolder - Attempting to locate auto-apply AttributeConverter for property [JBrischke.entity.Report:description]
[DEBUG] 2021-12-05 19:08:15.389 [main] SimpleValueBinder - building SimpleValue for description
[DEBUG] 2021-12-05 19:08:15.389 [main] PropertyBinder - Building property description
[DEBUG] 2021-12-05 19:08:15.389 [main] Ejb3Column - Binding column: Ejb3Column{table=org.hibernate.mapping.Table(report), mappingColumn=hoursPlayed, insertable=true, updatable=true, unique=false}
[DEBUG] 2021-12-05 19:08:15.389 [main] PropertyBinder - MetadataSourceProcessor property hoursPlayed with lazy=false
[DEBUG] 2021-12-05 19:08:15.389 [main] AbstractPropertyHolder - Attempting to locate auto-apply AttributeConverter for property [JBrischke.entity.Report:hoursPlayed]
[DEBUG] 2021-12-05 19:08:15.389 [main] SimpleValueBinder - building SimpleValue for hoursPlayed
[DEBUG] 2021-12-05 19:08:15.389 [main] PropertyBinder - Building property hoursPlayed
[DEBUG] 2021-12-05 19:08:15.390 [main] AnnotationBinder - Binding entity from annotated class: JBrischke.entity.Role
[DEBUG] 2021-12-05 19:08:15.391 [main] Ejb3Column - Binding column: Ejb3DiscriminatorColumn{logicalColumnName'DTYPE', discriminatorTypeName='string'}
[DEBUG] 2021-12-05 19:08:15.391 [main] EntityBinder - Import with entity name Role
[DEBUG] 2021-12-05 19:08:15.391 [main] EntityBinder - Bind entity JBrischke.entity.Role on table role
[DEBUG] 2021-12-05 19:08:15.398 [main] Ejb3Column - Binding column: Ejb3Column{table=org.hibernate.mapping.Table(role), mappingColumn=id, insertable=true, updatable=true, unique=false}
[DEBUG] 2021-12-05 19:08:15.398 [main] PropertyBinder - MetadataSourceProcessor property role_id with lazy=false
[DEBUG] 2021-12-05 19:08:15.398 [main] AbstractPropertyHolder - Attempting to locate auto-apply AttributeConverter for property [JBrischke.entity.Role:role_id]
[DEBUG] 2021-12-05 19:08:15.398 [main] SimpleValueBinder - building SimpleValue for role_id
[DEBUG] 2021-12-05 19:08:15.398 [main] PropertyBinder - Building property role_id
[DEBUG] 2021-12-05 19:08:15.398 [main] BinderHelper - #makeIdGenerator(org.hibernate.mapping.SimpleValue([org.hibernate.mapping.Column(id)]), role_id, org.hibernate.id.enhanced.SequenceStyleGenerator, native, ...)
[DEBUG] 2021-12-05 19:08:15.398 [main] Ejb3Column - Binding column: Ejb3Column{table=org.hibernate.mapping.Table(role), mappingColumn=role_name, insertable=true, updatable=true, unique=false}
[DEBUG] 2021-12-05 19:08:15.398 [main] PropertyBinder - MetadataSourceProcessor property roleName with lazy=false
[DEBUG] 2021-12-05 19:08:15.398 [main] AbstractPropertyHolder - Attempting to locate auto-apply AttributeConverter for property [JBrischke.entity.Role:roleName]
[DEBUG] 2021-12-05 19:08:15.399 [main] SimpleValueBinder - building SimpleValue for roleName
[DEBUG] 2021-12-05 19:08:15.399 [main] PropertyBinder - Building property roleName
[DEBUG] 2021-12-05 19:08:15.399 [main] Ejb3Column - Binding column: Ejb3JoinColumn{logicalColumnName='user_id', referencedColumn='', mappedBy=''}
[DEBUG] 2021-12-05 19:08:15.399 [main] Ejb3Column - Binding column: Ejb3Column{table=org.hibernate.mapping.Table(role), mappingColumn=user, insertable=true, updatable=true, unique=false}
[DEBUG] 2021-12-05 19:08:15.400 [main] PropertyBinder - Building property user
[DEBUG] 2021-12-05 19:08:15.400 [main] Ejb3Column - Binding column: Ejb3Column{table=org.hibernate.mapping.Table(role), mappingColumn=username, insertable=true, updatable=true, unique=false}
[DEBUG] 2021-12-05 19:08:15.400 [main] PropertyBinder - MetadataSourceProcessor property userName with lazy=false
[DEBUG] 2021-12-05 19:08:15.400 [main] AbstractPropertyHolder - Attempting to locate auto-apply AttributeConverter for property [JBrischke.entity.Role:userName]
[DEBUG] 2021-12-05 19:08:15.400 [main] SimpleValueBinder - building SimpleValue for userName
[DEBUG] 2021-12-05 19:08:15.400 [main] PropertyBinder - Building property userName
[DEBUG] 2021-12-05 19:08:15.403 [main] SimpleValueBinder - Starting fillSimpleValue for id
[DEBUG] 2021-12-05 19:08:15.404 [main] SimpleValueBinder - Starting fillSimpleValue for description
[DEBUG] 2021-12-05 19:08:15.405 [main] SimpleValueBinder - Starting fillSimpleValue for gameURL
[DEBUG] 2021-12-05 19:08:15.407 [main] SimpleValueBinder - Starting fillSimpleValue for name
[DEBUG] 2021-12-05 19:08:15.408 [main] SimpleValueBinder - Starting fillSimpleValue for user_id
[DEBUG] 2021-12-05 19:08:15.408 [main] SimpleValueBinder - Starting fillSimpleValue for email
[DEBUG] 2021-12-05 19:08:15.408 [main] SimpleValueBinder - Starting fillSimpleValue for name
[DEBUG] 2021-12-05 19:08:15.408 [main] SimpleValueBinder - Starting fillSimpleValue for userName
[DEBUG] 2021-12-05 19:08:15.408 [main] SimpleValueBinder - Starting fillSimpleValue for report_id
[DEBUG] 2021-12-05 19:08:15.408 [main] SimpleValueBinder - Starting fillSimpleValue for description
[DEBUG] 2021-12-05 19:08:15.408 [main] SimpleValueBinder - Starting fillSimpleValue for hoursPlayed
[DEBUG] 2021-12-05 19:08:15.408 [main] SimpleValueBinder - Starting fillSimpleValue for role_id
[DEBUG] 2021-12-05 19:08:15.408 [main] SimpleValueBinder - Starting fillSimpleValue for roleName
[DEBUG] 2021-12-05 19:08:15.408 [main] SimpleValueBinder - Starting fillSimpleValue for userName
[DEBUG] 2021-12-05 19:08:15.410 [main] PrimaryKey - Forcing column [id] to be non-null as it is part of the primary key for table [games]
[DEBUG] 2021-12-05 19:08:15.410 [main] PrimaryKey - Forcing column [id] to be non-null as it is part of the primary key for table [user]
[DEBUG] 2021-12-05 19:08:15.410 [main] PrimaryKey - Forcing column [category_id] to be non-null as it is part of the primary key for table [report]
[DEBUG] 2021-12-05 19:08:15.410 [main] PrimaryKey - Forcing column [id] to be non-null as it is part of the primary key for table [role]
[DEBUG] 2021-12-05 19:08:15.410 [main] CollectionSecondPass - Second pass for collection: JBrischke.entity.User.roles
[DEBUG] 2021-12-05 19:08:15.415 [main] CollectionBinder - Binding a OneToMany: JBrischke.entity.User.roles through a foreign key
[DEBUG] 2021-12-05 19:08:15.415 [main] CollectionBinder - Mapping collection: JBrischke.entity.User.roles -> role
[DEBUG] 2021-12-05 19:08:15.416 [main] TableBinder - Retrieving property JBrischke.entity.Role.user
[DEBUG] 2021-12-05 19:08:15.416 [main] CollectionSecondPass - Mapped collection key: user_id, one-to-many: JBrischke.entity.Role
[DEBUG] 2021-12-05 19:08:15.416 [main] InFlightMetadataCollectorImpl - Resolving reference to class: JBrischke.entity.User
[DEBUG] 2021-12-05 19:08:15.417 [main] InFlightMetadataCollectorImpl - Resolving reference to class: JBrischke.entity.User
[DEBUG] 2021-12-05 19:08:15.436 [main] SessionFactoryImpl - Building session factory
[DEBUG] 2021-12-05 19:08:15.437 [main] Settings - SessionFactory name : null
[DEBUG] 2021-12-05 19:08:15.437 [main] Settings - Automatic flush during beforeCompletion(): enabled
[DEBUG] 2021-12-05 19:08:15.438 [main] Settings - Automatic session close at end of transaction: disabled
[DEBUG] 2021-12-05 19:08:15.438 [main] Settings - Statistics: disabled
[DEBUG] 2021-12-05 19:08:15.438 [main] Settings - Deleted entity synthetic identifier rollback: disabled
[DEBUG] 2021-12-05 19:08:15.438 [main] Settings - Default entity-mode: pojo
[DEBUG] 2021-12-05 19:08:15.438 [main] Settings - Check Nullability in Core (should be disabled when Bean Validation is on): enabled
[DEBUG] 2021-12-05 19:08:15.438 [main] Settings - Allow initialization of lazy state outside session : disabled
[DEBUG] 2021-12-05 19:08:15.438 [main] Settings - Using BatchFetchStyle : LEGACY
[DEBUG] 2021-12-05 19:08:15.438 [main] Settings - Default batch fetch size: -1
[DEBUG] 2021-12-05 19:08:15.438 [main] Settings - Maximum outer join fetch depth: 2
[DEBUG] 2021-12-05 19:08:15.438 [main] Settings - Default null ordering: NONE
[DEBUG] 2021-12-05 19:08:15.438 [main] Settings - Order SQL updates by primary key: disabled
[DEBUG] 2021-12-05 19:08:15.438 [main] Settings - Order SQL inserts for batching: disabled
[DEBUG] 2021-12-05 19:08:15.438 [main] Settings - multi-tenancy strategy : NONE
[DEBUG] 2021-12-05 19:08:15.438 [main] Settings - JTA Track by Thread: enabled
[DEBUG] 2021-12-05 19:08:15.438 [main] Settings - Query language substitutions: {}
[DEBUG] 2021-12-05 19:08:15.438 [main] Settings - Named query checking : enabled
[DEBUG] 2021-12-05 19:08:15.438 [main] Settings - Second-level cache: disabled
[DEBUG] 2021-12-05 19:08:15.438 [main] Settings - Second-level query cache: disabled
[DEBUG] 2021-12-05 19:08:15.438 [main] Settings - Second-level query cache factory: null
[DEBUG] 2021-12-05 19:08:15.438 [main] Settings - Second-level cache region prefix: null
[DEBUG] 2021-12-05 19:08:15.438 [main] Settings - Optimize second-level cache for minimal puts: disabled
[DEBUG] 2021-12-05 19:08:15.438 [main] Settings - Structured second-level cache entries: disabled
[DEBUG] 2021-12-05 19:08:15.438 [main] Settings - Second-level cache direct-reference entries: disabled
[DEBUG] 2021-12-05 19:08:15.438 [main] Settings - Automatic eviction of collection cache: disabled
[DEBUG] 2021-12-05 19:08:15.443 [main] Settings - JDBC batch size: 15
[DEBUG] 2021-12-05 19:08:15.443 [main] Settings - JDBC batch updates for versioned data: enabled
[DEBUG] 2021-12-05 19:08:15.443 [main] Settings - Scrollable result sets: enabled
[DEBUG] 2021-12-05 19:08:15.443 [main] Settings - Wrap result sets: disabled
[DEBUG] 2021-12-05 19:08:15.443 [main] Settings - JDBC3 getGeneratedKeys(): enabled
[DEBUG] 2021-12-05 19:08:15.443 [main] Settings - JDBC result set fetch size: null
[DEBUG] 2021-12-05 19:08:15.443 [main] Settings - Connection release mode: AFTER_TRANSACTION
[DEBUG] 2021-12-05 19:08:15.443 [main] Settings - Generate SQL with comments: disabled
[DEBUG] 2021-12-05 19:08:15.443 [main] Settings - JPA compliance - query : 
[DEBUG] 2021-12-05 19:08:15.443 [main] Settings - JPA compliance - closed-handling : 
[DEBUG] 2021-12-05 19:08:15.443 [main] Settings - JPA compliance - lists : 
[DEBUG] 2021-12-05 19:08:15.443 [main] Settings - JPA compliance - transactions : 
[INFO ] 2021-12-05 19:08:15.488 [main] beans - HHH10005002: No explicit CDI BeanManager reference was passed to Hibernate, but CDI is available on the Hibernate ClassLoader.
[DEBUG] 2021-12-05 19:08:15.514 [main] SessionFactoryImpl - Session factory constructed with filter configurations : {}
[DEBUG] 2021-12-05 19:08:15.514 [main] SessionFactoryImpl - Instantiating session factory with properties: {sun.desktop=gnome, awt.toolkit=sun.awt.X11.XToolkit, java.specification.version=11, sun.cpu.isalist=, hibernate.c3p0.idle_test_period=3000, sun.jnu.encoding=UTF-8, hibernate.c3p0.min_size=5, java.class.path=/home/student/intellij/lib/idea_rt.jar:/home/student/intellij/plugins/junit/lib/junit5-rt.jar:/home/student/intellij/plugins/junit/lib/junit-rt.jar:/home/student/RatingsAnonymous/target/test-classes:/home/student/RatingsAnonymous/target/classes:/home/student/.m2/repository/org/hibernate/hibernate-core/5.4.4.Final/hibernate-core-5.4.4.Final.jar:/home/student/.m2/repository/org/jboss/logging/jboss-logging/3.3.2.Final/jboss-logging-3.3.2.Final.jar:/home/student/.m2/repository/javax/persistence/javax.persistence-api/2.2/javax.persistence-api-2.2.jar:/home/student/.m2/repository/org/javassist/javassist/3.24.0-GA/javassist-3.24.0-GA.jar:/home/student/.m2/repository/net/bytebuddy/byte-buddy/1.9.11/byte-buddy-1.9.11.jar:/home/student/.m2/repository/antlr/antlr/2.7.7/antlr-2.7.7.jar:/home/student/.m2/repository/org/jboss/spec/javax/transaction/jboss-transaction-api_1.2_spec/1.1.1.Final/jboss-transaction-api_1.2_spec-1.1.1.Final.jar:/home/student/.m2/repository/org/jboss/jandex/2.0.5.Final/jandex-2.0.5.Final.jar:/home/student/.m2/repository/com/fasterxml/classmate/1.3.4/classmate-1.3.4.jar:/home/student/.m2/repository/javax/activation/javax.activation-api/1.2.0/javax.activation-api-1.2.0.jar:/home/student/.m2/repository/org/dom4j/dom4j/2.1.1/dom4j-2.1.1.jar:/home/student/.m2/repository/org/hibernate/common/hibernate-commons-annotations/5.1.0.Final/hibernate-commons-annotations-5.1.0.Final.jar:/home/student/.m2/repository/javax/xml/bind/jaxb-api/2.3.1/jaxb-api-2.3.1.jar:/home/student/.m2/repository/org/glassfish/jaxb/jaxb-runtime/2.3.1/jaxb-runtime-2.3.1.jar:/home/student/.m2/repository/org/glassfish/jaxb/txw2/2.3.1/txw2-2.3.1.jar:/home/student/.m2/repository/com/sun/istack/istack-commons-runtime/3.0.7/istack-commons-runtime-3.0.7.jar:/home/student/.m2/repository/org/jvnet/staxex/stax-ex/1.8/stax-ex-1.8.jar:/home/student/.m2/repository/com/sun/xml/fastinfoset/FastInfoset/1.2.15/FastInfoset-1.2.15.jar:/home/student/.m2/repository/org/hibernate/hibernate-c3p0/5.4.4.Final/hibernate-c3p0-5.4.4.Final.jar:/home/student/.m2/repository/com/mchange/c3p0/0.9.5.3/c3p0-0.9.5.3.jar:/home/student/.m2/repository/com/mchange/mchange-commons-java/0.2.15/mchange-commons-java-0.2.15.jar:/home/student/.m2/repository/org/apache/logging/log4j/log4j-api/2.10.0/log4j-api-2.10.0.jar:/home/student/.m2/repository/org/apache/logging/log4j/log4j-core/2.10.0/log4j-core-2.10.0.jar:/home/student/.m2/repository/javax/javaee-web-api/7.0/javaee-web-api-7.0.jar:/home/student/.m2/repository/org/junit/platform/junit-platform-runner/1.0.0/junit-platform-runner-1.0.0.jar:/home/student/.m2/repository/org/apiguardian/apiguardian-api/1.0.0/apiguardian-api-1.0.0.jar:/home/student/.m2/repository/org/junit/platform/junit-platform-launcher/1.0.0/junit-platform-launcher-1.0.0.jar:/home/student/.m2/repository/org/junit/platform/junit-platform-suite-api/1.0.0/junit-platform-suite-api-1.0.0.jar:/home/student/.m2/repository/org/junit/platform/junit-platform-commons/1.0.0/junit-platform-commons-1.0.0.jar:/home/student/.m2/repository/org/junit/vintage/junit-vintage-engine/4.12.0/junit-vintage-engine-4.12.0.jar:/home/student/.m2/repository/org/junit/platform/junit-platform-engine/1.0.0/junit-platform-engine-1.0.0.jar:/home/student/.m2/repository/org/opentest4j/opentest4j/1.0.0/opentest4j-1.0.0.jar:/home/student/.m2/repository/org/junit/jupiter/junit-jupiter-engine/5.0.0/junit-jupiter-engine-5.0.0.jar:/home/student/.m2/repository/org/junit/jupiter/junit-jupiter-api/5.0.0/junit-jupiter-api-5.0.0.jar:/home/student/.m2/repository/junit/junit/4.12/junit-4.12.jar:/home/student/.m2/repository/org/hamcrest/hamcrest-core/1.3/hamcrest-core-1.3.jar:/home/student/.m2/repository/jstl/jstl/1.2/jstl-1.2.jar:/home/student/.m2/repository/mysql/mysql-connector-java/8.0.16/mysql-connector-java-8.0.16.jar:/home/student/.m2/repository/com/google/protobuf/protobuf-java/3.6.1/protobuf-java-3.6.1.jar:/home/student/.m2/repository/com/auth0/java-jwt/3.4.1/java-jwt-3.4.1.jar:/home/student/.m2/repository/com/fasterxml/jackson/core/jackson-databind/2.9.7/jackson-databind-2.9.7.jar:/home/student/.m2/repository/com/fasterxml/jackson/core/jackson-annotations/2.9.0/jackson-annotations-2.9.0.jar:/home/student/.m2/repository/com/fasterxml/jackson/core/jackson-core/2.9.7/jackson-core-2.9.7.jar:/home/student/.m2/repository/commons-codec/commons-codec/1.11/commons-codec-1.11.jar:/home/student/.m2/repository/org/json/json/20170516/json-20170516.jar:/home/student/.m2/repository/commons-io/commons-io/2.11.0/commons-io-2.11.0.jar, java.vm.vendor=Ubuntu, sun.arch.data.model=64, idea.test.cyclic.buffer.size=1048576, java.vendor.url=https://ubuntu.com/, user.timezone=America/Chicago, os.name=Linux, java.vm.specification.version=11, sun.java.launcher=SUN_STANDARD, user.country=US, sun.boot.library.path=/usr/lib/jvm/java-11-openjdk-amd64/lib, sun.java.command=com.intellij.rt.junit.JUnitStarter -ideVersion5 -junit5 JBrischke.entity.UserTest,saveOrUpdate, jdk.debug=release, sun.cpu.endian=little, user.home=/home/student, hibernate.c3p0.max_statements=50, user.language=en, java.specification.vendor=Oracle Corporation, java.version.date=2021-04-20, java.home=/usr/lib/jvm/java-11-openjdk-amd64, file.separator=/, java.vm.compressedOopsMode=32-bit, line.separator=
, hibernate.c3p0.timeout=300, java.specification.name=Java Platform API Specification, java.vm.specification.vendor=Oracle Corporation, java.awt.graphicsenv=sun.awt.X11GraphicsEnvironment, connection.password=student, sun.management.compiler=HotSpot 64-Bit Tiered Compilers, hibernate.c3p0.max_size=20, java.runtime.version=11.0.11+9-Ubuntu-0ubuntu2.20.04, user.name=student, path.separator=:, hibernate.connection.username=****, os.version=5.4.0-91-generic, java.runtime.name=OpenJDK Runtime Environment, hibernate.connection.url=jdbc:mysql://localhost:3306/GameReports, file.encoding=UTF-8, java.vm.name=OpenJDK 64-Bit Server VM, hibernate.connection.driver_class=com.mysql.cj.jdbc.Driver, java.vendor.url.bug=https://bugs.launchpad.net/ubuntu/+source/openjdk-lts, java.io.tmpdir=/tmp, java.version=11.0.11, user.dir=/home/student/RatingsAnonymous, os.arch=amd64, connection.username=root, java.vm.specification.name=Java Virtual Machine Specification, java.awt.printerjob=sun.print.PSPrinterJob, hibernate.connection.password=****, sun.os.patch.level=unknown, connection.driver_class=com.mysql.cj.jdbc.Driver, hibernate.boot.CfgXmlAccessService.key=org.hibernate.boot.cfgxml.spi.LoadedConfig@47272cd3, java.library.path=/usr/java/packages/lib:/usr/lib/x86_64-linux-gnu/jni:/lib/x86_64-linux-gnu:/usr/lib/x86_64-linux-gnu:/usr/lib/jni:/lib:/usr/lib, java.vendor=Ubuntu, java.vm.info=mixed mode, sharing, java.vm.version=11.0.11+9-Ubuntu-0ubuntu2.20.04, hibernate.bytecode.use_reflection_optimizer=false, sun.io.unicode.encoding=UnicodeLittle, connection.url=jdbc:mysql://localhost:3306/GameReports, java.class.version=55.0}
[DEBUG] 2021-12-05 19:08:15.530 [main] TypeSafeActivator - Unable to acquire Bean Validation ValidatorFactory, skipping activation
[DEBUG] 2021-12-05 19:08:15.530 [main] JaccIntegrator - Skipping JACC integration as it was not enabled
[DEBUG] 2021-12-05 19:08:15.534 [main] SessionFactoryImpl - Instantiated session factory
[DEBUG] 2021-12-05 19:08:15.535 [main] TypeConfiguration$Scope - Scoping TypeConfiguration [org.hibernate.type.spi.TypeConfiguration@7b32b129] to SessionFactoryImpl [org.hibernate.internal.SessionFactoryImpl@307e4c44]
[DEBUG] 2021-12-05 19:08:15.593 [main] ClassLoaderAccessImpl - Not known whether passed class name [JBrischke.entity.Role] is safe
[DEBUG] 2021-12-05 19:08:15.593 [main] ClassLoaderAccessImpl - No temp ClassLoader provided; using live ClassLoader for loading potentially unsafe class : JBrischke.entity.Role
[DEBUG] 2021-12-05 19:08:15.610 [main] ClassLoaderAccessImpl - Not known whether passed class name [JBrischke.entity.Role] is safe
[DEBUG] 2021-12-05 19:08:15.610 [main] ClassLoaderAccessImpl - No temp ClassLoader provided; using live ClassLoader for loading potentially unsafe class : JBrischke.entity.Role
[DEBUG] 2021-12-05 19:08:15.836 [main] ClassLoaderAccessImpl - Not known whether passed class name [JBrischke.entity.Report] is safe
[DEBUG] 2021-12-05 19:08:15.841 [main] ClassLoaderAccessImpl - No temp ClassLoader provided; using live ClassLoader for loading potentially unsafe class : JBrischke.entity.Report
[DEBUG] 2021-12-05 19:08:15.841 [main] ClassLoaderAccessImpl - Not known whether passed class name [JBrischke.entity.Report] is safe
[DEBUG] 2021-12-05 19:08:15.841 [main] ClassLoaderAccessImpl - No temp ClassLoader provided; using live ClassLoader for loading potentially unsafe class : JBrischke.entity.Report
[DEBUG] 2021-12-05 19:08:15.860 [main] ClassLoaderAccessImpl - Not known whether passed class name [JBrischke.entity.Game] is safe
[DEBUG] 2021-12-05 19:08:15.860 [main] ClassLoaderAccessImpl - No temp ClassLoader provided; using live ClassLoader for loading potentially unsafe class : JBrischke.entity.Game
[DEBUG] 2021-12-05 19:08:15.860 [main] ClassLoaderAccessImpl - Not known whether passed class name [JBrischke.entity.Game] is safe
[DEBUG] 2021-12-05 19:08:15.860 [main] ClassLoaderAccessImpl - No temp ClassLoader provided; using live ClassLoader for loading potentially unsafe class : JBrischke.entity.Game
[DEBUG] 2021-12-05 19:08:15.886 [main] ClassLoaderAccessImpl - Not known whether passed class name [JBrischke.entity.User] is safe
[DEBUG] 2021-12-05 19:08:15.886 [main] ClassLoaderAccessImpl - No temp ClassLoader provided; using live ClassLoader for loading potentially unsafe class : JBrischke.entity.User
[DEBUG] 2021-12-05 19:08:15.886 [main] ClassLoaderAccessImpl - Not known whether passed class name [JBrischke.entity.User] is safe
[DEBUG] 2021-12-05 19:08:15.886 [main] ClassLoaderAccessImpl - No temp ClassLoader provided; using live ClassLoader for loading potentially unsafe class : JBrischke.entity.User
[DEBUG] 2021-12-05 19:08:15.922 [main] AbstractCollectionPersister - Static SQL for collection: JBrischke.entity.User.roles
[DEBUG] 2021-12-05 19:08:15.923 [main] AbstractCollectionPersister -  Row insert: update role set user_id=? where id=?
[DEBUG] 2021-12-05 19:08:15.923 [main] AbstractCollectionPersister -  Row update: update role set  where id=?
[DEBUG] 2021-12-05 19:08:15.923 [main] AbstractCollectionPersister -  Row delete: update role set user_id=null where user_id=? and id=?
[DEBUG] 2021-12-05 19:08:15.923 [main] AbstractCollectionPersister -  One-shot delete: update role set user_id=null where user_id=?
[DEBUG] 2021-12-05 19:08:15.932 [main] AbstractEntityPersister - Static SQL for entity: JBrischke.entity.Role
[DEBUG] 2021-12-05 19:08:15.932 [main] AbstractEntityPersister -  Version select: select id from role where id =?
[DEBUG] 2021-12-05 19:08:15.932 [main] AbstractEntityPersister -  Snapshot select: select role_.id, role_.role_name as role_nam2_2_, role_.user_id as user_id4_2_, role_.username as username3_2_ from role role_ where role_.id=?
[DEBUG] 2021-12-05 19:08:15.932 [main] AbstractEntityPersister -  Insert 0: insert into role (role_name, user_id, username, id) values (?, ?, ?, ?)
[DEBUG] 2021-12-05 19:08:15.932 [main] AbstractEntityPersister -  Update 0: update role set role_name=?, user_id=?, username=? where id=?
[DEBUG] 2021-12-05 19:08:15.932 [main] AbstractEntityPersister -  Delete 0: delete from role where id=?
[DEBUG] 2021-12-05 19:08:15.932 [main] AbstractEntityPersister -  Identity insert: insert into role (role_name, user_id, username) values (?, ?, ?)
[DEBUG] 2021-12-05 19:08:15.946 [main] QuerySpacesImpl - Adding QuerySpace : uid = <gen:0> -> org.hibernate.loader.plan.build.internal.spaces.EntityQuerySpaceImpl@785ed99c]
[DEBUG] 2021-12-05 19:08:15.946 [main] MetamodelGraphWalker - Visiting attribute path : roleName
[DEBUG] 2021-12-05 19:08:15.946 [main] MetamodelGraphWalker - Visiting attribute path : user
[DEBUG] 2021-12-05 19:08:15.952 [main] QuerySpacesImpl - Adding QuerySpace : uid = <gen:1> -> org.hibernate.loader.plan.build.internal.spaces.EntityQuerySpaceImpl@794240e2]
[DEBUG] 2021-12-05 19:08:15.953 [main] MetamodelGraphWalker - Visiting attribute path : user.email
[DEBUG] 2021-12-05 19:08:15.953 [main] MetamodelGraphWalker - Visiting attribute path : user.name
[DEBUG] 2021-12-05 19:08:15.953 [main] MetamodelGraphWalker - Visiting attribute path : user.roles
[DEBUG] 2021-12-05 19:08:15.953 [main] MetamodelGraphWalker - Property path deemed to be circular : user.roles
[DEBUG] 2021-12-05 19:08:15.953 [main] MetamodelGraphWalker - Visiting attribute path : user.userName
[DEBUG] 2021-12-05 19:08:15.953 [main] MetamodelGraphWalker - Visiting attribute path : userName
[DEBUG] 2021-12-05 19:08:15.953 [main] FetchStyleLoadPlanBuildingAssociationVisitationStrategy - Building LoadPlan...
[DEBUG] 2021-12-05 19:08:15.964 [main] LoadQueryJoinAndFetchProcessor - processing queryspace <gen:0>
[DEBUG] 2021-12-05 19:08:15.972 [main] LoadPlanTreePrinter - LoadPlan(entity=JBrischke.entity.Role)
    - Returns
       - EntityReturnImpl(entity=JBrischke.entity.Role, querySpaceUid=<gen:0>, path=JBrischke.entity.Role)
          - EntityAttributeFetchImpl(entity=JBrischke.entity.User, querySpaceUid=<gen:1>, path=JBrischke.entity.Role.user)
    - QuerySpaces
       - EntityQuerySpaceImpl(uid=<gen:0>, entity=JBrischke.entity.Role)
          - SQL table alias mapping - role0_
          - alias suffix - 0_
          - suffixed key columns - {id1_2_0_}
          - JOIN (JoinDefinedByMetadata(user)) : <gen:0> -> <gen:1>
             - EntityQuerySpaceImpl(uid=<gen:1>, entity=JBrischke.entity.User)
                - SQL table alias mapping - user1_
                - alias suffix - 1_
                - suffixed key columns - {id1_3_1_}

[DEBUG] 2021-12-05 19:08:15.974 [main] EntityLoader - Static select for entity JBrischke.entity.Role [NONE]: select role0_.id as id1_2_0_, role0_.role_name as role_nam2_2_0_, role0_.user_id as user_id4_2_0_, role0_.username as username3_2_0_, user1_.id as id1_3_1_, user1_.email as email2_3_1_, user1_.name as name3_3_1_, user1_.username as username4_3_1_ from role role0_ left outer join user user1_ on role0_.user_id=user1_.id where role0_.id=?
[DEBUG] 2021-12-05 19:08:15.975 [main] QuerySpacesImpl - Adding QuerySpace : uid = <gen:0> -> org.hibernate.loader.plan.build.internal.spaces.EntityQuerySpaceImpl@226d5af0]
[DEBUG] 2021-12-05 19:08:15.975 [main] MetamodelGraphWalker - Visiting attribute path : roleName
[DEBUG] 2021-12-05 19:08:15.975 [main] MetamodelGraphWalker - Visiting attribute path : user
[DEBUG] 2021-12-05 19:08:15.977 [main] QuerySpacesImpl - Adding QuerySpace : uid = <gen:1> -> org.hibernate.loader.plan.build.internal.spaces.EntityQuerySpaceImpl@36d582cb]
[DEBUG] 2021-12-05 19:08:15.977 [main] MetamodelGraphWalker - Visiting attribute path : user.email
[DEBUG] 2021-12-05 19:08:15.978 [main] MetamodelGraphWalker - Visiting attribute path : user.name
[DEBUG] 2021-12-05 19:08:15.978 [main] MetamodelGraphWalker - Visiting attribute path : user.roles
[DEBUG] 2021-12-05 19:08:15.978 [main] MetamodelGraphWalker - Property path deemed to be circular : user.roles
[DEBUG] 2021-12-05 19:08:15.978 [main] MetamodelGraphWalker - Visiting attribute path : user.userName
[DEBUG] 2021-12-05 19:08:15.978 [main] MetamodelGraphWalker - Visiting attribute path : userName
[DEBUG] 2021-12-05 19:08:15.978 [main] FetchStyleLoadPlanBuildingAssociationVisitationStrategy - Building LoadPlan...
[DEBUG] 2021-12-05 19:08:15.978 [main] LoadQueryJoinAndFetchProcessor - processing queryspace <gen:0>
[DEBUG] 2021-12-05 19:08:15.978 [main] LoadPlanTreePrinter - LoadPlan(entity=JBrischke.entity.Role)
    - Returns
       - EntityReturnImpl(entity=JBrischke.entity.Role, querySpaceUid=<gen:0>, path=JBrischke.entity.Role)
          - EntityAttributeFetchImpl(entity=JBrischke.entity.User, querySpaceUid=<gen:1>, path=JBrischke.entity.Role.user)
    - QuerySpaces
       - EntityQuerySpaceImpl(uid=<gen:0>, entity=JBrischke.entity.Role)
          - SQL table alias mapping - role0_
          - alias suffix - 0_
          - suffixed key columns - {id1_2_0_}
          - JOIN (JoinDefinedByMetadata(user)) : <gen:0> -> <gen:1>
             - EntityQuerySpaceImpl(uid=<gen:1>, entity=JBrischke.entity.User)
                - SQL table alias mapping - user1_
                - alias suffix - 1_
                - suffixed key columns - {id1_3_1_}

[DEBUG] 2021-12-05 19:08:15.978 [main] EntityLoader - Static select for entity JBrischke.entity.Role [READ]: select role0_.id as id1_2_0_, role0_.role_name as role_nam2_2_0_, role0_.user_id as user_id4_2_0_, role0_.username as username3_2_0_, user1_.id as id1_3_1_, user1_.email as email2_3_1_, user1_.name as name3_3_1_, user1_.username as username4_3_1_ from role role0_ left outer join user user1_ on role0_.user_id=user1_.id where role0_.id=?
[DEBUG] 2021-12-05 19:08:15.992 [main] Loader - Static select for action ACTION_MERGE on entity JBrischke.entity.Role: select role0_.id as id1_2_0_, role0_.role_name as role_nam2_2_0_, role0_.user_id as user_id4_2_0_, role0_.username as username3_2_0_ from role role0_ where role0_.id=?
[DEBUG] 2021-12-05 19:08:15.993 [main] Loader - Static select for action ACTION_REFRESH on entity JBrischke.entity.Role: select role0_.id as id1_2_0_, role0_.role_name as role_nam2_2_0_, role0_.user_id as user_id4_2_0_, role0_.username as username3_2_0_ from role role0_ where role0_.id=?
[DEBUG] 2021-12-05 19:08:15.995 [main] AbstractEntityPersister - Static SQL for entity: JBrischke.entity.Report
[DEBUG] 2021-12-05 19:08:15.996 [main] AbstractEntityPersister -  Version select: select category_id from report where category_id =?
[DEBUG] 2021-12-05 19:08:15.996 [main] AbstractEntityPersister -  Snapshot select: select report_.category_id, report_.description as descript2_1_, report_.hoursPlayed as hoursPla3_1_ from report report_ where report_.category_id=?
[DEBUG] 2021-12-05 19:08:15.996 [main] AbstractEntityPersister -  Insert 0: insert into report (description, hoursPlayed, category_id) values (?, ?, ?)
[DEBUG] 2021-12-05 19:08:15.996 [main] AbstractEntityPersister -  Update 0: update report set description=?, hoursPlayed=? where category_id=?
[DEBUG] 2021-12-05 19:08:15.996 [main] AbstractEntityPersister -  Delete 0: delete from report where category_id=?
[DEBUG] 2021-12-05 19:08:15.996 [main] AbstractEntityPersister -  Identity insert: insert into report (description, hoursPlayed) values (?, ?)
[DEBUG] 2021-12-05 19:08:15.996 [main] QuerySpacesImpl - Adding QuerySpace : uid = <gen:0> -> org.hibernate.loader.plan.build.internal.spaces.EntityQuerySpaceImpl@1bee0085]
[DEBUG] 2021-12-05 19:08:15.996 [main] MetamodelGraphWalker - Visiting attribute path : description
[DEBUG] 2021-12-05 19:08:15.996 [main] MetamodelGraphWalker - Visiting attribute path : hoursPlayed
[DEBUG] 2021-12-05 19:08:15.996 [main] FetchStyleLoadPlanBuildingAssociationVisitationStrategy - Building LoadPlan...
[DEBUG] 2021-12-05 19:08:15.996 [main] LoadQueryJoinAndFetchProcessor - processing queryspace <gen:0>
[DEBUG] 2021-12-05 19:08:15.996 [main] LoadPlanTreePrinter - LoadPlan(entity=JBrischke.entity.Report)
    - Returns
       - EntityReturnImpl(entity=JBrischke.entity.Report, querySpaceUid=<gen:0>, path=JBrischke.entity.Report)
    - QuerySpaces
       - EntityQuerySpaceImpl(uid=<gen:0>, entity=JBrischke.entity.Report)
          - SQL table alias mapping - report0_
          - alias suffix - 0_
          - suffixed key columns - {category1_1_0_}

[DEBUG] 2021-12-05 19:08:15.996 [main] EntityLoader - Static select for entity JBrischke.entity.Report [NONE]: select report0_.category_id as category1_1_0_, report0_.description as descript2_1_0_, report0_.hoursPlayed as hoursPla3_1_0_ from report report0_ where report0_.category_id=?
[DEBUG] 2021-12-05 19:08:15.996 [main] QuerySpacesImpl - Adding QuerySpace : uid = <gen:0> -> org.hibernate.loader.plan.build.internal.spaces.EntityQuerySpaceImpl@13f40d71]
[DEBUG] 2021-12-05 19:08:15.996 [main] MetamodelGraphWalker - Visiting attribute path : description
[DEBUG] 2021-12-05 19:08:15.996 [main] MetamodelGraphWalker - Visiting attribute path : hoursPlayed
[DEBUG] 2021-12-05 19:08:15.996 [main] FetchStyleLoadPlanBuildingAssociationVisitationStrategy - Building LoadPlan...
[DEBUG] 2021-12-05 19:08:15.996 [main] LoadQueryJoinAndFetchProcessor - processing queryspace <gen:0>
[DEBUG] 2021-12-05 19:08:15.996 [main] LoadPlanTreePrinter - LoadPlan(entity=JBrischke.entity.Report)
    - Returns
       - EntityReturnImpl(entity=JBrischke.entity.Report, querySpaceUid=<gen:0>, path=JBrischke.entity.Report)
    - QuerySpaces
       - EntityQuerySpaceImpl(uid=<gen:0>, entity=JBrischke.entity.Report)
          - SQL table alias mapping - report0_
          - alias suffix - 0_
          - suffixed key columns - {category1_1_0_}

[DEBUG] 2021-12-05 19:08:15.997 [main] EntityLoader - Static select for entity JBrischke.entity.Report [READ]: select report0_.category_id as category1_1_0_, report0_.description as descript2_1_0_, report0_.hoursPlayed as hoursPla3_1_0_ from report report0_ where report0_.category_id=?
[DEBUG] 2021-12-05 19:08:15.997 [main] Loader - Static select for action ACTION_MERGE on entity JBrischke.entity.Report: select report0_.category_id as category1_1_0_, report0_.description as descript2_1_0_, report0_.hoursPlayed as hoursPla3_1_0_ from report report0_ where report0_.category_id=?
[DEBUG] 2021-12-05 19:08:15.997 [main] Loader - Static select for action ACTION_REFRESH on entity JBrischke.entity.Report: select report0_.category_id as category1_1_0_, report0_.description as descript2_1_0_, report0_.hoursPlayed as hoursPla3_1_0_ from report report0_ where report0_.category_id=?
[DEBUG] 2021-12-05 19:08:15.997 [main] AbstractEntityPersister - Static SQL for entity: JBrischke.entity.Game
[DEBUG] 2021-12-05 19:08:15.997 [main] AbstractEntityPersister -  Version select: select id from games where id =?
[DEBUG] 2021-12-05 19:08:15.997 [main] AbstractEntityPersister -  Snapshot select: select game_.id, game_.description as descript2_0_, game_.gameURL as gameURL3_0_, game_.name as name4_0_ from games game_ where game_.id=?
[DEBUG] 2021-12-05 19:08:15.997 [main] AbstractEntityPersister -  Insert 0: insert into games (description, gameURL, name, id) values (?, ?, ?, ?)
[DEBUG] 2021-12-05 19:08:15.997 [main] AbstractEntityPersister -  Update 0: update games set description=?, gameURL=?, name=? where id=?
[DEBUG] 2021-12-05 19:08:15.997 [main] AbstractEntityPersister -  Delete 0: delete from games where id=?
[DEBUG] 2021-12-05 19:08:15.997 [main] AbstractEntityPersister -  Identity insert: insert into games (description, gameURL, name) values (?, ?, ?)
[DEBUG] 2021-12-05 19:08:15.997 [main] QuerySpacesImpl - Adding QuerySpace : uid = <gen:0> -> org.hibernate.loader.plan.build.internal.spaces.EntityQuerySpaceImpl@18a98913]
[DEBUG] 2021-12-05 19:08:15.997 [main] MetamodelGraphWalker - Visiting attribute path : description
[DEBUG] 2021-12-05 19:08:15.997 [main] MetamodelGraphWalker - Visiting attribute path : gameURL
[DEBUG] 2021-12-05 19:08:15.997 [main] MetamodelGraphWalker - Visiting attribute path : name
[DEBUG] 2021-12-05 19:08:15.997 [main] FetchStyleLoadPlanBuildingAssociationVisitationStrategy - Building LoadPlan...
[DEBUG] 2021-12-05 19:08:15.997 [main] LoadQueryJoinAndFetchProcessor - processing queryspace <gen:0>
[DEBUG] 2021-12-05 19:08:15.997 [main] LoadPlanTreePrinter - LoadPlan(entity=JBrischke.entity.Game)
    - Returns
       - EntityReturnImpl(entity=JBrischke.entity.Game, querySpaceUid=<gen:0>, path=JBrischke.entity.Game)
    - QuerySpaces
       - EntityQuerySpaceImpl(uid=<gen:0>, entity=JBrischke.entity.Game)
          - SQL table alias mapping - game0_
          - alias suffix - 0_
          - suffixed key columns - {id1_0_0_}

[DEBUG] 2021-12-05 19:08:15.997 [main] EntityLoader - Static select for entity JBrischke.entity.Game [NONE]: select game0_.id as id1_0_0_, game0_.description as descript2_0_0_, game0_.gameURL as gameURL3_0_0_, game0_.name as name4_0_0_ from games game0_ where game0_.id=?
[DEBUG] 2021-12-05 19:08:15.997 [main] QuerySpacesImpl - Adding QuerySpace : uid = <gen:0> -> org.hibernate.loader.plan.build.internal.spaces.EntityQuerySpaceImpl@34f7b44f]
[DEBUG] 2021-12-05 19:08:15.997 [main] MetamodelGraphWalker - Visiting attribute path : description
[DEBUG] 2021-12-05 19:08:15.997 [main] MetamodelGraphWalker - Visiting attribute path : gameURL
[DEBUG] 2021-12-05 19:08:15.997 [main] MetamodelGraphWalker - Visiting attribute path : name
[DEBUG] 2021-12-05 19:08:15.997 [main] FetchStyleLoadPlanBuildingAssociationVisitationStrategy - Building LoadPlan...
[DEBUG] 2021-12-05 19:08:15.998 [main] LoadQueryJoinAndFetchProcessor - processing queryspace <gen:0>
[DEBUG] 2021-12-05 19:08:15.998 [main] LoadPlanTreePrinter - LoadPlan(entity=JBrischke.entity.Game)
    - Returns
       - EntityReturnImpl(entity=JBrischke.entity.Game, querySpaceUid=<gen:0>, path=JBrischke.entity.Game)
    - QuerySpaces
       - EntityQuerySpaceImpl(uid=<gen:0>, entity=JBrischke.entity.Game)
          - SQL table alias mapping - game0_
          - alias suffix - 0_
          - suffixed key columns - {id1_0_0_}

[DEBUG] 2021-12-05 19:08:15.998 [main] EntityLoader - Static select for entity JBrischke.entity.Game [READ]: select game0_.id as id1_0_0_, game0_.description as descript2_0_0_, game0_.gameURL as gameURL3_0_0_, game0_.name as name4_0_0_ from games game0_ where game0_.id=?
[DEBUG] 2021-12-05 19:08:15.998 [main] Loader - Static select for action ACTION_MERGE on entity JBrischke.entity.Game: select game0_.id as id1_0_0_, game0_.description as descript2_0_0_, game0_.gameURL as gameURL3_0_0_, game0_.name as name4_0_0_ from games game0_ where game0_.id=?
[DEBUG] 2021-12-05 19:08:15.998 [main] Loader - Static select for action ACTION_REFRESH on entity JBrischke.entity.Game: select game0_.id as id1_0_0_, game0_.description as descript2_0_0_, game0_.gameURL as gameURL3_0_0_, game0_.name as name4_0_0_ from games game0_ where game0_.id=?
[DEBUG] 2021-12-05 19:08:15.998 [main] AbstractEntityPersister - Static SQL for entity: JBrischke.entity.User
[DEBUG] 2021-12-05 19:08:15.998 [main] AbstractEntityPersister -  Version select: select id from user where id =?
[DEBUG] 2021-12-05 19:08:15.998 [main] AbstractEntityPersister -  Snapshot select: select user_.id, user_.email as email2_3_, user_.name as name3_3_, user_.username as username4_3_ from user user_ where user_.id=?
[DEBUG] 2021-12-05 19:08:15.998 [main] AbstractEntityPersister -  Insert 0: insert into user (email, name, username, id) values (?, ?, ?, ?)
[DEBUG] 2021-12-05 19:08:15.998 [main] AbstractEntityPersister -  Update 0: update user set email=?, name=?, username=? where id=?
[DEBUG] 2021-12-05 19:08:15.998 [main] AbstractEntityPersister -  Delete 0: delete from user where id=?
[DEBUG] 2021-12-05 19:08:15.998 [main] AbstractEntityPersister -  Identity insert: insert into user (email, name, username) values (?, ?, ?)
[DEBUG] 2021-12-05 19:08:15.998 [main] QuerySpacesImpl - Adding QuerySpace : uid = <gen:0> -> org.hibernate.loader.plan.build.internal.spaces.EntityQuerySpaceImpl@5175d9ad]
[DEBUG] 2021-12-05 19:08:15.998 [main] MetamodelGraphWalker - Visiting attribute path : email
[DEBUG] 2021-12-05 19:08:15.998 [main] MetamodelGraphWalker - Visiting attribute path : name
[DEBUG] 2021-12-05 19:08:15.998 [main] MetamodelGraphWalker - Visiting attribute path : roles
[DEBUG] 2021-12-05 19:08:15.998 [main] QuerySpacesImpl - Adding QuerySpace : uid = <gen:1> -> org.hibernate.loader.plan.build.internal.spaces.CollectionQuerySpaceImpl@242ff747]
[DEBUG] 2021-12-05 19:08:15.999 [main] QuerySpacesImpl - Adding QuerySpace : uid = <gen:2> -> org.hibernate.loader.plan.build.internal.spaces.EntityQuerySpaceImpl@6321a5aa]
[DEBUG] 2021-12-05 19:08:16.009 [main] MetamodelGraphWalker - Visiting attribute path : roles.roleName
[DEBUG] 2021-12-05 19:08:16.009 [main] MetamodelGraphWalker - Visiting attribute path : roles.user
[DEBUG] 2021-12-05 19:08:16.009 [main] MetamodelGraphWalker - Property path deemed to be circular : roles.user
[DEBUG] 2021-12-05 19:08:16.010 [main] MetamodelGraphWalker - Visiting attribute path : roles.userName
[DEBUG] 2021-12-05 19:08:16.010 [main] MetamodelGraphWalker - Visiting attribute path : userName
[DEBUG] 2021-12-05 19:08:16.010 [main] FetchStyleLoadPlanBuildingAssociationVisitationStrategy - Building LoadPlan...
[DEBUG] 2021-12-05 19:08:16.010 [main] LoadQueryJoinAndFetchProcessor - processing queryspace <gen:0>
[DEBUG] 2021-12-05 19:08:16.011 [main] LoadPlanTreePrinter - LoadPlan(entity=JBrischke.entity.User)
    - Returns
       - EntityReturnImpl(entity=JBrischke.entity.User, querySpaceUid=<gen:0>, path=JBrischke.entity.User)
          - CollectionAttributeFetchImpl(collection=JBrischke.entity.User.roles, querySpaceUid=<gen:1>, path=JBrischke.entity.User.roles)
             - (collection element) CollectionFetchableElementEntityGraph(entity=JBrischke.entity.Role, querySpaceUid=<gen:2>, path=JBrischke.entity.User.roles.<elements>)
    - QuerySpaces
       - EntityQuerySpaceImpl(uid=<gen:0>, entity=JBrischke.entity.User)
          - SQL table alias mapping - user0_
          - alias suffix - 0_
          - suffixed key columns - {id1_3_0_}
          - JOIN (JoinDefinedByMetadata(roles)) : <gen:0> -> <gen:1>
             - CollectionQuerySpaceImpl(uid=<gen:1>, collection=JBrischke.entity.User.roles)
                - SQL table alias mapping - roles1_
                - alias suffix - 1_
                - suffixed key columns - {user_id4_2_1_}
                - entity-element alias suffix - 2_
                - 2_entity-element suffixed key columns - id1_2_2_
                - JOIN (JoinDefinedByMetadata(elements)) : <gen:1> -> <gen:2>
                   - EntityQuerySpaceImpl(uid=<gen:2>, entity=JBrischke.entity.Role)
                      - SQL table alias mapping - roles1_
                      - alias suffix - 2_
                      - suffixed key columns - {id1_2_2_}

[DEBUG] 2021-12-05 19:08:16.011 [main] EntityLoader - Static select for entity JBrischke.entity.User [NONE]: select user0_.id as id1_3_0_, user0_.email as email2_3_0_, user0_.name as name3_3_0_, user0_.username as username4_3_0_, roles1_.user_id as user_id4_2_1_, roles1_.id as id1_2_1_, roles1_.id as id1_2_2_, roles1_.role_name as role_nam2_2_2_, roles1_.user_id as user_id4_2_2_, roles1_.username as username3_2_2_ from user user0_ left outer join role roles1_ on user0_.id=roles1_.user_id where user0_.id=?
[DEBUG] 2021-12-05 19:08:16.011 [main] QuerySpacesImpl - Adding QuerySpace : uid = <gen:0> -> org.hibernate.loader.plan.build.internal.spaces.EntityQuerySpaceImpl@51f68849]
[DEBUG] 2021-12-05 19:08:16.011 [main] MetamodelGraphWalker - Visiting attribute path : email
[DEBUG] 2021-12-05 19:08:16.011 [main] MetamodelGraphWalker - Visiting attribute path : name
[DEBUG] 2021-12-05 19:08:16.011 [main] MetamodelGraphWalker - Visiting attribute path : roles
[DEBUG] 2021-12-05 19:08:16.011 [main] QuerySpacesImpl - Adding QuerySpace : uid = <gen:1> -> org.hibernate.loader.plan.build.internal.spaces.CollectionQuerySpaceImpl@5520f675]
[DEBUG] 2021-12-05 19:08:16.011 [main] QuerySpacesImpl - Adding QuerySpace : uid = <gen:2> -> org.hibernate.loader.plan.build.internal.spaces.EntityQuerySpaceImpl@2d237460]
[DEBUG] 2021-12-05 19:08:16.012 [main] MetamodelGraphWalker - Visiting attribute path : roles.roleName
[DEBUG] 2021-12-05 19:08:16.012 [main] MetamodelGraphWalker - Visiting attribute path : roles.user
[DEBUG] 2021-12-05 19:08:16.012 [main] MetamodelGraphWalker - Property path deemed to be circular : roles.user
[DEBUG] 2021-12-05 19:08:16.012 [main] MetamodelGraphWalker - Visiting attribute path : roles.userName
[DEBUG] 2021-12-05 19:08:16.012 [main] MetamodelGraphWalker - Visiting attribute path : userName
[DEBUG] 2021-12-05 19:08:16.012 [main] FetchStyleLoadPlanBuildingAssociationVisitationStrategy - Building LoadPlan...
[DEBUG] 2021-12-05 19:08:16.012 [main] LoadQueryJoinAndFetchProcessor - processing queryspace <gen:0>
[DEBUG] 2021-12-05 19:08:16.012 [main] LoadPlanTreePrinter - LoadPlan(entity=JBrischke.entity.User)
    - Returns
       - EntityReturnImpl(entity=JBrischke.entity.User, querySpaceUid=<gen:0>, path=JBrischke.entity.User)
          - CollectionAttributeFetchImpl(collection=JBrischke.entity.User.roles, querySpaceUid=<gen:1>, path=JBrischke.entity.User.roles)
             - (collection element) CollectionFetchableElementEntityGraph(entity=JBrischke.entity.Role, querySpaceUid=<gen:2>, path=JBrischke.entity.User.roles.<elements>)
    - QuerySpaces
       - EntityQuerySpaceImpl(uid=<gen:0>, entity=JBrischke.entity.User)
          - SQL table alias mapping - user0_
          - alias suffix - 0_
          - suffixed key columns - {id1_3_0_}
          - JOIN (JoinDefinedByMetadata(roles)) : <gen:0> -> <gen:1>
             - CollectionQuerySpaceImpl(uid=<gen:1>, collection=JBrischke.entity.User.roles)
                - SQL table alias mapping - roles1_
                - alias suffix - 1_
                - suffixed key columns - {user_id4_2_1_}
                - entity-element alias suffix - 2_
                - 2_entity-element suffixed key columns - id1_2_2_
                - JOIN (JoinDefinedByMetadata(elements)) : <gen:1> -> <gen:2>
                   - EntityQuerySpaceImpl(uid=<gen:2>, entity=JBrischke.entity.Role)
                      - SQL table alias mapping - roles1_
                      - alias suffix - 2_
                      - suffixed key columns - {id1_2_2_}

[DEBUG] 2021-12-05 19:08:16.013 [main] EntityLoader - Static select for entity JBrischke.entity.User [READ]: select user0_.id as id1_3_0_, user0_.email as email2_3_0_, user0_.name as name3_3_0_, user0_.username as username4_3_0_, roles1_.user_id as user_id4_2_1_, roles1_.id as id1_2_1_, roles1_.id as id1_2_2_, roles1_.role_name as role_nam2_2_2_, roles1_.user_id as user_id4_2_2_, roles1_.username as username3_2_2_ from user user0_ left outer join role roles1_ on user0_.id=roles1_.user_id where user0_.id=?
[DEBUG] 2021-12-05 19:08:16.013 [main] Loader - Static select for action ACTION_MERGE on entity JBrischke.entity.User: select user0_.id as id1_3_1_, user0_.email as email2_3_1_, user0_.name as name3_3_1_, user0_.username as username4_3_1_, roles1_.user_id as user_id4_2_3_, roles1_.id as id1_2_3_, roles1_.id as id1_2_0_, roles1_.role_name as role_nam2_2_0_, roles1_.user_id as user_id4_2_0_, roles1_.username as username3_2_0_ from user user0_ left outer join role roles1_ on user0_.id=roles1_.user_id where user0_.id=?
[DEBUG] 2021-12-05 19:08:16.013 [main] Loader - Static select for action ACTION_REFRESH on entity JBrischke.entity.User: select user0_.id as id1_3_1_, user0_.email as email2_3_1_, user0_.name as name3_3_1_, user0_.username as username4_3_1_, roles1_.user_id as user_id4_2_3_, roles1_.id as id1_2_3_, roles1_.id as id1_2_0_, roles1_.role_name as role_nam2_2_0_, roles1_.user_id as user_id4_2_0_, roles1_.username as username3_2_0_ from user user0_ left outer join role roles1_ on user0_.id=roles1_.user_id where user0_.id=?
[DEBUG] 2021-12-05 19:08:16.015 [main] QuerySpacesImpl - Adding QuerySpace : uid = <gen:0> -> org.hibernate.loader.plan.build.internal.spaces.CollectionQuerySpaceImpl@19ad75e5]
[DEBUG] 2021-12-05 19:08:16.015 [main] QuerySpacesImpl - Adding QuerySpace : uid = <gen:1> -> org.hibernate.loader.plan.build.internal.spaces.EntityQuerySpaceImpl@7cd5fcf4]
[DEBUG] 2021-12-05 19:08:16.019 [main] MetamodelGraphWalker - Visiting attribute path : roleName
[DEBUG] 2021-12-05 19:08:16.019 [main] MetamodelGraphWalker - Visiting attribute path : user
[DEBUG] 2021-12-05 19:08:16.019 [main] MetamodelGraphWalker - Property path deemed to be circular : user
[DEBUG] 2021-12-05 19:08:16.019 [main] MetamodelGraphWalker - Visiting attribute path : userName
[DEBUG] 2021-12-05 19:08:16.019 [main] FetchStyleLoadPlanBuildingAssociationVisitationStrategy - Building LoadPlan...
[DEBUG] 2021-12-05 19:08:16.020 [main] LoadQueryJoinAndFetchProcessor - processing queryspace <gen:0>
[DEBUG] 2021-12-05 19:08:16.021 [main] LoadPlanTreePrinter - LoadPlan(collection=JBrischke.entity.User.roles)
    - Returns
       - CollectionReturnImpl(collection=JBrischke.entity.User.roles, querySpaceUid=<gen:0>, path=[JBrischke.entity.User.roles])
          - (collection element) CollectionFetchableElementEntityGraph(entity=JBrischke.entity.Role, querySpaceUid=<gen:1>, path=[JBrischke.entity.User.roles].<elements>)
    - QuerySpaces
       - CollectionQuerySpaceImpl(uid=<gen:0>, collection=JBrischke.entity.User.roles)
          - SQL table alias mapping - roles0_
          - alias suffix - 0_
          - suffixed key columns - {user_id4_2_0_}
          - entity-element alias suffix - 1_
          - 1_entity-element suffixed key columns - id1_2_1_
          - JOIN (JoinDefinedByMetadata(elements)) : <gen:0> -> <gen:1>
             - EntityQuerySpaceImpl(uid=<gen:1>, entity=JBrischke.entity.Role)
                - SQL table alias mapping - roles0_
                - alias suffix - 1_
                - suffixed key columns - {id1_2_1_}

[DEBUG] 2021-12-05 19:08:16.021 [main] CollectionLoader - Static select for collection JBrischke.entity.User.roles: select roles0_.user_id as user_id4_2_0_, roles0_.id as id1_2_0_, roles0_.id as id1_2_1_, roles0_.role_name as role_nam2_2_1_, roles0_.user_id as user_id4_2_1_, roles0_.username as username3_2_1_ from role roles0_ where roles0_.user_id=?
[DEBUG] 2021-12-05 19:08:16.090 [main] SchemaManagementToolCoordinator - No actions specified; doing nothing
[DEBUG] 2021-12-05 19:08:16.090 [main] JtaPlatformInitiator - No JtaPlatform was specified, checking resolver
[DEBUG] 2021-12-05 19:08:16.090 [main] JtaPlatformResolverInitiator - No JtaPlatformResolver was specified, using default [org.hibernate.engine.transaction.jta.platform.internal.StandardJtaPlatformResolver]
[DEBUG] 2021-12-05 19:08:16.096 [main] StandardJtaPlatformResolver - Could not resolve JtaPlatform, using default [org.hibernate.engine.transaction.jta.platform.internal.NoJtaPlatform]
[INFO ] 2021-12-05 19:08:16.096 [main] JtaPlatformInitiator - HHH000490: Using JtaPlatform implementation: [org.hibernate.engine.transaction.jta.platform.internal.NoJtaPlatform]
[DEBUG] 2021-12-05 19:08:16.097 [main] NamedQueryRepository - Checking 0 named HQL queries
[DEBUG] 2021-12-05 19:08:16.097 [main] NamedQueryRepository - Checking 0 named SQL queries
[DEBUG] 2021-12-05 19:08:16.101 [main] SessionFactoryRegistry - Initializing SessionFactoryRegistry : org.hibernate.internal.SessionFactoryRegistry@1d99ee1b
[DEBUG] 2021-12-05 19:08:16.104 [main] SessionFactoryRegistry - Registering SessionFactory: 4f9282b7-3b93-40f0-a18e-0a443346d926 (<unnamed>)
[DEBUG] 2021-12-05 19:08:16.104 [main] SessionFactoryRegistry - Not binding SessionFactory to JNDI, no JNDI name configured
[DEBUG] 2021-12-05 19:08:16.190 [main] StatisticsInitiator - Statistics initialized [enabled=false]
[DEBUG] 2021-12-05 19:08:16.205 [main] SQL - select user0_.id as id1_3_0_, user0_.email as email2_3_0_, user0_.name as name3_3_0_, user0_.username as username4_3_0_, roles1_.user_id as user_id4_2_1_, roles1_.id as id1_2_1_, roles1_.id as id1_2_2_, roles1_.role_name as role_nam2_2_2_, roles1_.user_id as user_id4_2_2_, roles1_.username as username3_2_2_ from user user0_ left outer join role roles1_ on user0_.id=roles1_.user_id where user0_.id=?
[DEBUG] 2021-12-05 19:08:16.228 [main] ResultSetProcessorImpl - Starting ResultSet row #0
[DEBUG] 2021-12-05 19:08:16.229 [main] EntityReferenceInitializerImpl - On call to EntityIdentifierReaderImpl#resolve, EntityKey was already known; should only happen on root returns with an optional identifier specified
[DEBUG] 2021-12-05 19:08:16.237 [main] CollectionReferenceInitializerImpl - Found row of collection: [JBrischke.entity.User.roles#1]
[DEBUG] 2021-12-05 19:08:16.241 [main] TwoPhaseLoad - Resolving attributes for [JBrischke.entity.User#1]
[DEBUG] 2021-12-05 19:08:16.241 [main] TwoPhaseLoad - Processing attribute `email` : value = joshbrischke@gmail.com
[DEBUG] 2021-12-05 19:08:16.241 [main] TwoPhaseLoad - Attribute (`email`)  - enhanced for lazy-loading? - false
[DEBUG] 2021-12-05 19:08:16.241 [main] TwoPhaseLoad - Processing attribute `name` : value = name
[DEBUG] 2021-12-05 19:08:16.242 [main] TwoPhaseLoad - Attribute (`name`)  - enhanced for lazy-loading? - false
[DEBUG] 2021-12-05 19:08:16.242 [main] TwoPhaseLoad - Processing attribute `roles` : value = NOT NULL COLLECTION
[DEBUG] 2021-12-05 19:08:16.242 [main] TwoPhaseLoad - Attribute (`roles`)  - enhanced for lazy-loading? - false
[DEBUG] 2021-12-05 19:08:16.242 [main] TwoPhaseLoad - Processing attribute `userName` : value = Fred
[DEBUG] 2021-12-05 19:08:16.242 [main] TwoPhaseLoad - Attribute (`userName`)  - enhanced for lazy-loading? - false
[DEBUG] 2021-12-05 19:08:16.242 [main] TwoPhaseLoad - Done materializing entity [JBrischke.entity.User#1]
[DEBUG] 2021-12-05 19:08:16.242 [main] TwoPhaseLoad - Resolving attributes for [JBrischke.entity.Role#1]
[DEBUG] 2021-12-05 19:08:16.242 [main] TwoPhaseLoad - Processing attribute `roleName` : value = user
[DEBUG] 2021-12-05 19:08:16.242 [main] TwoPhaseLoad - Attribute (`roleName`)  - enhanced for lazy-loading? - false
[DEBUG] 2021-12-05 19:08:16.242 [main] TwoPhaseLoad - Processing attribute `user` : value = 1
[DEBUG] 2021-12-05 19:08:16.242 [main] TwoPhaseLoad - Attribute (`user`)  - enhanced for lazy-loading? - false
[DEBUG] 2021-12-05 19:08:16.242 [main] TwoPhaseLoad - Processing attribute `userName` : value = Fred
[DEBUG] 2021-12-05 19:08:16.242 [main] TwoPhaseLoad - Attribute (`userName`)  - enhanced for lazy-loading? - false
[DEBUG] 2021-12-05 19:08:16.242 [main] TwoPhaseLoad - Done materializing entity [JBrischke.entity.Role#1]
[DEBUG] 2021-12-05 19:08:16.242 [main] CollectionLoadContext - 1 collections were found in result set for role: JBrischke.entity.User.roles
[DEBUG] 2021-12-05 19:08:16.253 [main] CollectionLoadContext - Collection fully initialized: [JBrischke.entity.User.roles#1]
[DEBUG] 2021-12-05 19:08:16.253 [main] CollectionLoadContext - 1 collections initialized for role: JBrischke.entity.User.roles
[DEBUG] 2021-12-05 19:08:16.254 [main] ResourceRegistryStandardImpl - HHH000387: ResultSet's statement was not registered
[DEBUG] 2021-12-05 19:08:16.254 [main] AbstractLoadPlanBasedEntityLoader - Done entity load : JBrischke.entity.User#1
[DEBUG] 2021-12-05 19:08:16.255 [main] LogicalConnectionManagedImpl - Initiating JDBC connection release from afterTransaction
[DEBUG] 2021-12-05 19:08:16.261 [main] TransactionImpl - On TransactionImpl creation, JpaCompliance#isJpaTransactionComplianceEnabled == false
[DEBUG] 2021-12-05 19:08:16.261 [main] TransactionImpl - begin
[DEBUG] 2021-12-05 19:08:16.270 [main] TransactionImpl - committing
[DEBUG] 2021-12-05 19:08:16.271 [main] AbstractFlushingEventListener - Processing flush-time cascades
[DEBUG] 2021-12-05 19:08:16.271 [main] AbstractFlushingEventListener - Dirty checking collections
[DEBUG] 2021-12-05 19:08:16.274 [main] Collections - Collection found: [JBrischke.entity.User.roles#1], was: [JBrischke.entity.User.roles#1] (initialized)
[DEBUG] 2021-12-05 19:08:16.274 [main] AbstractFlushingEventListener - Flushed: 0 insertions, 2 updates, 0 deletions to 2 objects
[DEBUG] 2021-12-05 19:08:16.274 [main] AbstractFlushingEventListener - Flushed: 0 (re)creations, 0 updates, 0 removals to 1 collections
[DEBUG] 2021-12-05 19:08:16.274 [main] EntityPrinter - Listing entities:
[DEBUG] 2021-12-05 19:08:16.275 [main] EntityPrinter - JBrischke.entity.User{user_id=1, roles=[JBrischke.entity.Role#1], name=name, userName=Fred, email=joshbrischke@gmail.com}
[DEBUG] 2021-12-05 19:08:16.276 [main] EntityPrinter - JBrischke.entity.Role{role_id=1, roleName=admin, userName=Fred, user=JBrischke.entity.User#1}
[DEBUG] 2021-12-05 19:08:16.277 [main] SQL - update user set email=?, name=?, username=? where id=?
[DEBUG] 2021-12-05 19:08:16.281 [main] SQL - update role set role_name=?, user_id=?, username=? where id=?
[DEBUG] 2021-12-05 19:08:16.284 [main] LogicalConnectionManagedImpl - Initiating JDBC connection release from afterTransaction
[DEBUG] 2021-12-05 19:08:16.286 [main] LogicalConnectionManagedImpl - Initiating JDBC connection release from afterTransaction
