[DEBUG] 2021-12-07 17:05:48.483 [main] IntegratorServiceImpl - Adding Integrator [org.hibernate.cfg.beanvalidation.BeanValidationIntegrator].
[DEBUG] 2021-12-07 17:05:48.487 [main] IntegratorServiceImpl - Adding Integrator [org.hibernate.secure.spi.JaccIntegrator].
[DEBUG] 2021-12-07 17:05:48.496 [main] IntegratorServiceImpl - Adding Integrator [org.hibernate.cache.internal.CollectionCacheInvalidator].
[INFO ] 2021-12-07 17:05:48.639 [main] Version - HHH000412: Hibernate Core {5.4.4.Final}
[DEBUG] 2021-12-07 17:05:48.642 [main] Environment - HHH000206: hibernate.properties not found
[DEBUG] 2021-12-07 17:05:48.939 [main] JaxbCfgProcessor - cfg.xml document did not define namespaces; wrapping in custom event reader to introduce namespace information
[DEBUG] 2021-12-07 17:05:49.373 [main] ServiceBinding - Overriding existing service binding [org.hibernate.secure.spi.JaccService]
[DEBUG] 2021-12-07 17:05:49.418 [main] RegionFactoryInitiator - Cannot default RegionFactory based on registered strategies as `[]` RegionFactory strategies were registered
[DEBUG] 2021-12-07 17:05:49.422 [main] RegionFactoryInitiator - Cache region factory : org.hibernate.cache.internal.NoCachingRegionFactory
[INFO ] 2021-12-07 17:05:49.458 [main] Version - HCANN000001: Hibernate Commons Annotations {5.1.0.Final}
[DEBUG] 2021-12-07 17:05:49.497 [main] BasicTypeRegistry - Adding type registration boolean -> org.hibernate.type.BooleanType@763cf5b9
[DEBUG] 2021-12-07 17:05:49.498 [main] BasicTypeRegistry - Adding type registration boolean -> org.hibernate.type.BooleanType@763cf5b9
[DEBUG] 2021-12-07 17:05:49.498 [main] BasicTypeRegistry - Adding type registration java.lang.Boolean -> org.hibernate.type.BooleanType@763cf5b9
[DEBUG] 2021-12-07 17:05:49.504 [main] BasicTypeRegistry - Adding type registration numeric_boolean -> org.hibernate.type.NumericBooleanType@3ed03652
[DEBUG] 2021-12-07 17:05:49.505 [main] BasicTypeRegistry - Adding type registration true_false -> org.hibernate.type.TrueFalseType@3681037
[DEBUG] 2021-12-07 17:05:49.507 [main] BasicTypeRegistry - Adding type registration yes_no -> org.hibernate.type.YesNoType@5eed2d86
[DEBUG] 2021-12-07 17:05:49.508 [main] BasicTypeRegistry - Adding type registration byte -> org.hibernate.type.ByteType@1d0a61c8
[DEBUG] 2021-12-07 17:05:49.508 [main] BasicTypeRegistry - Adding type registration byte -> org.hibernate.type.ByteType@1d0a61c8
[DEBUG] 2021-12-07 17:05:49.509 [main] BasicTypeRegistry - Adding type registration java.lang.Byte -> org.hibernate.type.ByteType@1d0a61c8
[DEBUG] 2021-12-07 17:05:49.509 [main] BasicTypeRegistry - Adding type registration character -> org.hibernate.type.CharacterType@47fbc56
[DEBUG] 2021-12-07 17:05:49.510 [main] BasicTypeRegistry - Adding type registration char -> org.hibernate.type.CharacterType@47fbc56
[DEBUG] 2021-12-07 17:05:49.511 [main] BasicTypeRegistry - Adding type registration java.lang.Character -> org.hibernate.type.CharacterType@47fbc56
[DEBUG] 2021-12-07 17:05:49.513 [main] BasicTypeRegistry - Adding type registration short -> org.hibernate.type.ShortType@64f16277
[DEBUG] 2021-12-07 17:05:49.513 [main] BasicTypeRegistry - Adding type registration short -> org.hibernate.type.ShortType@64f16277
[DEBUG] 2021-12-07 17:05:49.514 [main] BasicTypeRegistry - Adding type registration java.lang.Short -> org.hibernate.type.ShortType@64f16277
[DEBUG] 2021-12-07 17:05:49.514 [main] BasicTypeRegistry - Adding type registration integer -> org.hibernate.type.IntegerType@26d96e5
[DEBUG] 2021-12-07 17:05:49.515 [main] BasicTypeRegistry - Adding type registration int -> org.hibernate.type.IntegerType@26d96e5
[DEBUG] 2021-12-07 17:05:49.515 [main] BasicTypeRegistry - Adding type registration java.lang.Integer -> org.hibernate.type.IntegerType@26d96e5
[DEBUG] 2021-12-07 17:05:49.515 [main] BasicTypeRegistry - Adding type registration long -> org.hibernate.type.LongType@38af1bf6
[DEBUG] 2021-12-07 17:05:49.516 [main] BasicTypeRegistry - Adding type registration long -> org.hibernate.type.LongType@38af1bf6
[DEBUG] 2021-12-07 17:05:49.517 [main] BasicTypeRegistry - Adding type registration java.lang.Long -> org.hibernate.type.LongType@38af1bf6
[DEBUG] 2021-12-07 17:05:49.520 [main] BasicTypeRegistry - Adding type registration float -> org.hibernate.type.FloatType@7f08caf
[DEBUG] 2021-12-07 17:05:49.520 [main] BasicTypeRegistry - Adding type registration float -> org.hibernate.type.FloatType@7f08caf
[DEBUG] 2021-12-07 17:05:49.520 [main] BasicTypeRegistry - Adding type registration java.lang.Float -> org.hibernate.type.FloatType@7f08caf
[DEBUG] 2021-12-07 17:05:49.521 [main] BasicTypeRegistry - Adding type registration double -> org.hibernate.type.DoubleType@72725ee1
[DEBUG] 2021-12-07 17:05:49.521 [main] BasicTypeRegistry - Adding type registration double -> org.hibernate.type.DoubleType@72725ee1
[DEBUG] 2021-12-07 17:05:49.521 [main] BasicTypeRegistry - Adding type registration java.lang.Double -> org.hibernate.type.DoubleType@72725ee1
[DEBUG] 2021-12-07 17:05:49.522 [main] BasicTypeRegistry - Adding type registration big_decimal -> org.hibernate.type.BigDecimalType@249e0271
[DEBUG] 2021-12-07 17:05:49.522 [main] BasicTypeRegistry - Adding type registration java.math.BigDecimal -> org.hibernate.type.BigDecimalType@249e0271
[DEBUG] 2021-12-07 17:05:49.523 [main] BasicTypeRegistry - Adding type registration big_integer -> org.hibernate.type.BigIntegerType@3bfc6a5e
[DEBUG] 2021-12-07 17:05:49.523 [main] BasicTypeRegistry - Adding type registration java.math.BigInteger -> org.hibernate.type.BigIntegerType@3bfc6a5e
[DEBUG] 2021-12-07 17:05:49.523 [main] BasicTypeRegistry - Adding type registration string -> org.hibernate.type.StringType@3964d79
[DEBUG] 2021-12-07 17:05:49.525 [main] BasicTypeRegistry - Adding type registration java.lang.String -> org.hibernate.type.StringType@3964d79
[DEBUG] 2021-12-07 17:05:49.525 [main] BasicTypeRegistry - Adding type registration nstring -> org.hibernate.type.StringNVarcharType@5fbdc49b
[DEBUG] 2021-12-07 17:05:49.527 [main] BasicTypeRegistry - Adding type registration ncharacter -> org.hibernate.type.CharacterNCharType@7be3a9ce
[DEBUG] 2021-12-07 17:05:49.530 [main] BasicTypeRegistry - Adding type registration url -> org.hibernate.type.UrlType@2b59501e
[DEBUG] 2021-12-07 17:05:49.531 [main] BasicTypeRegistry - Adding type registration java.net.URL -> org.hibernate.type.UrlType@2b59501e
[DEBUG] 2021-12-07 17:05:49.531 [main] BasicTypeRegistry - Adding type registration Duration -> org.hibernate.type.DurationType@153cd6bb
[DEBUG] 2021-12-07 17:05:49.531 [main] BasicTypeRegistry - Adding type registration java.time.Duration -> org.hibernate.type.DurationType@153cd6bb
[DEBUG] 2021-12-07 17:05:49.539 [main] BasicTypeRegistry - Adding type registration Instant -> org.hibernate.type.InstantType@77d680e6
[DEBUG] 2021-12-07 17:05:49.539 [main] BasicTypeRegistry - Adding type registration java.time.Instant -> org.hibernate.type.InstantType@77d680e6
[DEBUG] 2021-12-07 17:05:49.540 [main] BasicTypeRegistry - Adding type registration LocalDateTime -> org.hibernate.type.LocalDateTimeType@37b57b54
[DEBUG] 2021-12-07 17:05:49.540 [main] BasicTypeRegistry - Adding type registration java.time.LocalDateTime -> org.hibernate.type.LocalDateTimeType@37b57b54
[DEBUG] 2021-12-07 17:05:49.543 [main] BasicTypeRegistry - Adding type registration LocalDate -> org.hibernate.type.LocalDateType@5580d62f
[DEBUG] 2021-12-07 17:05:49.545 [main] BasicTypeRegistry - Adding type registration java.time.LocalDate -> org.hibernate.type.LocalDateType@5580d62f
[DEBUG] 2021-12-07 17:05:49.545 [main] BasicTypeRegistry - Adding type registration LocalTime -> org.hibernate.type.LocalTimeType@2c58dcb1
[DEBUG] 2021-12-07 17:05:49.546 [main] BasicTypeRegistry - Adding type registration java.time.LocalTime -> org.hibernate.type.LocalTimeType@2c58dcb1
[DEBUG] 2021-12-07 17:05:49.552 [main] BasicTypeRegistry - Adding type registration OffsetDateTime -> org.hibernate.type.OffsetDateTimeType@40712ee9
[DEBUG] 2021-12-07 17:05:49.552 [main] BasicTypeRegistry - Adding type registration java.time.OffsetDateTime -> org.hibernate.type.OffsetDateTimeType@40712ee9
[DEBUG] 2021-12-07 17:05:49.554 [main] BasicTypeRegistry - Adding type registration OffsetTime -> org.hibernate.type.OffsetTimeType@7942a854
[DEBUG] 2021-12-07 17:05:49.554 [main] BasicTypeRegistry - Adding type registration java.time.OffsetTime -> org.hibernate.type.OffsetTimeType@7942a854
[DEBUG] 2021-12-07 17:05:49.555 [main] BasicTypeRegistry - Adding type registration ZonedDateTime -> org.hibernate.type.ZonedDateTimeType@93f432e
[DEBUG] 2021-12-07 17:05:49.557 [main] BasicTypeRegistry - Adding type registration java.time.ZonedDateTime -> org.hibernate.type.ZonedDateTimeType@93f432e
[DEBUG] 2021-12-07 17:05:49.560 [main] BasicTypeRegistry - Adding type registration date -> org.hibernate.type.DateType@10641c09
[DEBUG] 2021-12-07 17:05:49.561 [main] BasicTypeRegistry - Adding type registration java.sql.Date -> org.hibernate.type.DateType@10641c09
[DEBUG] 2021-12-07 17:05:49.561 [main] BasicTypeRegistry - Adding type registration time -> org.hibernate.type.TimeType@523d6bdb
[DEBUG] 2021-12-07 17:05:49.562 [main] BasicTypeRegistry - Adding type registration java.sql.Time -> org.hibernate.type.TimeType@523d6bdb
[DEBUG] 2021-12-07 17:05:49.564 [main] BasicTypeRegistry - Adding type registration timestamp -> org.hibernate.type.TimestampType@6ecab872
[DEBUG] 2021-12-07 17:05:49.564 [main] BasicTypeRegistry - Adding type registration java.sql.Timestamp -> org.hibernate.type.TimestampType@6ecab872
[DEBUG] 2021-12-07 17:05:49.565 [main] BasicTypeRegistry - Adding type registration java.util.Date -> org.hibernate.type.TimestampType@6ecab872
[DEBUG] 2021-12-07 17:05:49.566 [main] BasicTypeRegistry - Adding type registration dbtimestamp -> org.hibernate.type.DbTimestampType@2a066689
[DEBUG] 2021-12-07 17:05:49.567 [main] BasicTypeRegistry - Adding type registration calendar -> org.hibernate.type.CalendarType@47a7a101
[DEBUG] 2021-12-07 17:05:49.567 [main] BasicTypeRegistry - Adding type registration java.util.Calendar -> org.hibernate.type.CalendarType@47a7a101
[DEBUG] 2021-12-07 17:05:49.571 [main] BasicTypeRegistry - Adding type registration java.util.GregorianCalendar -> org.hibernate.type.CalendarType@47a7a101
[DEBUG] 2021-12-07 17:05:49.572 [main] BasicTypeRegistry - Adding type registration calendar_date -> org.hibernate.type.CalendarDateType@70f822e
[DEBUG] 2021-12-07 17:05:49.576 [main] BasicTypeRegistry - Adding type registration locale -> org.hibernate.type.LocaleType@1aa6e3c0
[DEBUG] 2021-12-07 17:05:49.580 [main] BasicTypeRegistry - Adding type registration java.util.Locale -> org.hibernate.type.LocaleType@1aa6e3c0
[DEBUG] 2021-12-07 17:05:49.583 [main] BasicTypeRegistry - Adding type registration currency -> org.hibernate.type.CurrencyType@2caa5d7c
[DEBUG] 2021-12-07 17:05:49.583 [main] BasicTypeRegistry - Adding type registration java.util.Currency -> org.hibernate.type.CurrencyType@2caa5d7c
[DEBUG] 2021-12-07 17:05:49.583 [main] BasicTypeRegistry - Adding type registration timezone -> org.hibernate.type.TimeZoneType@64968732
[DEBUG] 2021-12-07 17:05:49.583 [main] BasicTypeRegistry - Adding type registration java.util.TimeZone -> org.hibernate.type.TimeZoneType@64968732
[DEBUG] 2021-12-07 17:05:49.586 [main] BasicTypeRegistry - Adding type registration class -> org.hibernate.type.ClassType@54f4a7f0
[DEBUG] 2021-12-07 17:05:49.586 [main] BasicTypeRegistry - Adding type registration java.lang.Class -> org.hibernate.type.ClassType@54f4a7f0
[DEBUG] 2021-12-07 17:05:49.588 [main] BasicTypeRegistry - Adding type registration uuid-binary -> org.hibernate.type.UUIDBinaryType@e9dc4d0
[DEBUG] 2021-12-07 17:05:49.589 [main] BasicTypeRegistry - Adding type registration java.util.UUID -> org.hibernate.type.UUIDBinaryType@e9dc4d0
[DEBUG] 2021-12-07 17:05:49.590 [main] BasicTypeRegistry - Adding type registration uuid-char -> org.hibernate.type.UUIDCharType@23eff5d1
[DEBUG] 2021-12-07 17:05:49.591 [main] BasicTypeRegistry - Adding type registration binary -> org.hibernate.type.BinaryType@216914
[DEBUG] 2021-12-07 17:05:49.591 [main] BasicTypeRegistry - Adding type registration byte[] -> org.hibernate.type.BinaryType@216914
[DEBUG] 2021-12-07 17:05:49.592 [main] BasicTypeRegistry - Adding type registration [B -> org.hibernate.type.BinaryType@216914
[DEBUG] 2021-12-07 17:05:49.593 [main] BasicTypeRegistry - Adding type registration wrapper-binary -> org.hibernate.type.WrapperBinaryType@61af1510
[DEBUG] 2021-12-07 17:05:49.593 [main] BasicTypeRegistry - Adding type registration Byte[] -> org.hibernate.type.WrapperBinaryType@61af1510
[DEBUG] 2021-12-07 17:05:49.593 [main] BasicTypeRegistry - Adding type registration [Ljava.lang.Byte; -> org.hibernate.type.WrapperBinaryType@61af1510
[DEBUG] 2021-12-07 17:05:49.594 [main] BasicTypeRegistry - Adding type registration row_version -> org.hibernate.type.RowVersionType@3901f6af
[DEBUG] 2021-12-07 17:05:49.597 [main] BasicTypeRegistry - Adding type registration image -> org.hibernate.type.ImageType@47af099e
[DEBUG] 2021-12-07 17:05:49.600 [main] BasicTypeRegistry - Adding type registration characters -> org.hibernate.type.CharArrayType@77eb5790
[DEBUG] 2021-12-07 17:05:49.600 [main] BasicTypeRegistry - Adding type registration char[] -> org.hibernate.type.CharArrayType@77eb5790
[DEBUG] 2021-12-07 17:05:49.600 [main] BasicTypeRegistry - Adding type registration [C -> org.hibernate.type.CharArrayType@77eb5790
[DEBUG] 2021-12-07 17:05:49.600 [main] BasicTypeRegistry - Adding type registration wrapper-characters -> org.hibernate.type.CharacterArrayType@7487b142
[DEBUG] 2021-12-07 17:05:49.600 [main] BasicTypeRegistry - Adding type registration [Ljava.lang.Character; -> org.hibernate.type.CharacterArrayType@7487b142
[DEBUG] 2021-12-07 17:05:49.600 [main] BasicTypeRegistry - Adding type registration Character[] -> org.hibernate.type.CharacterArrayType@7487b142
[DEBUG] 2021-12-07 17:05:49.601 [main] BasicTypeRegistry - Adding type registration text -> org.hibernate.type.TextType@27b45ea
[DEBUG] 2021-12-07 17:05:49.607 [main] BasicTypeRegistry - Adding type registration ntext -> org.hibernate.type.NTextType@150ede8b
[DEBUG] 2021-12-07 17:05:49.608 [main] BasicTypeRegistry - Adding type registration blob -> org.hibernate.type.BlobType@332820f4
[DEBUG] 2021-12-07 17:05:49.609 [main] BasicTypeRegistry - Adding type registration java.sql.Blob -> org.hibernate.type.BlobType@332820f4
[DEBUG] 2021-12-07 17:05:49.609 [main] BasicTypeRegistry - Adding type registration materialized_blob -> org.hibernate.type.MaterializedBlobType@21f459fc
[DEBUG] 2021-12-07 17:05:49.613 [main] BasicTypeRegistry - Adding type registration clob -> org.hibernate.type.ClobType@a518813
[DEBUG] 2021-12-07 17:05:49.614 [main] BasicTypeRegistry - Adding type registration java.sql.Clob -> org.hibernate.type.ClobType@a518813
[DEBUG] 2021-12-07 17:05:49.615 [main] BasicTypeRegistry - Adding type registration nclob -> org.hibernate.type.NClobType@29eda4f8
[DEBUG] 2021-12-07 17:05:49.615 [main] BasicTypeRegistry - Adding type registration java.sql.NClob -> org.hibernate.type.NClobType@29eda4f8
[DEBUG] 2021-12-07 17:05:49.615 [main] BasicTypeRegistry - Adding type registration materialized_clob -> org.hibernate.type.MaterializedClobType@3d5790ea
[DEBUG] 2021-12-07 17:05:49.616 [main] BasicTypeRegistry - Adding type registration materialized_nclob -> org.hibernate.type.MaterializedNClobType@56913163
[DEBUG] 2021-12-07 17:05:49.619 [main] BasicTypeRegistry - Adding type registration serializable -> org.hibernate.type.SerializableType@7158daf2
[DEBUG] 2021-12-07 17:05:49.624 [main] BasicTypeRegistry - Adding type registration object -> org.hibernate.type.ObjectType@44c13103
[DEBUG] 2021-12-07 17:05:49.624 [main] BasicTypeRegistry - Adding type registration java.lang.Object -> org.hibernate.type.ObjectType@44c13103
[DEBUG] 2021-12-07 17:05:49.631 [main] BasicTypeRegistry - Adding type registration imm_date -> org.hibernate.type.AdaptedImmutableType@18acfe88
[DEBUG] 2021-12-07 17:05:49.631 [main] BasicTypeRegistry - Adding type registration imm_time -> org.hibernate.type.AdaptedImmutableType@8a2a6a
[DEBUG] 2021-12-07 17:05:49.631 [main] BasicTypeRegistry - Adding type registration imm_timestamp -> org.hibernate.type.AdaptedImmutableType@772861aa
[DEBUG] 2021-12-07 17:05:49.631 [main] BasicTypeRegistry - Adding type registration imm_dbtimestamp -> org.hibernate.type.AdaptedImmutableType@6631cb64
[DEBUG] 2021-12-07 17:05:49.631 [main] BasicTypeRegistry - Adding type registration imm_calendar -> org.hibernate.type.AdaptedImmutableType@19962194
[DEBUG] 2021-12-07 17:05:49.631 [main] BasicTypeRegistry - Adding type registration imm_calendar_date -> org.hibernate.type.AdaptedImmutableType@481e91b6
[DEBUG] 2021-12-07 17:05:49.632 [main] BasicTypeRegistry - Adding type registration imm_binary -> org.hibernate.type.AdaptedImmutableType@7c8f9c2e
[DEBUG] 2021-12-07 17:05:49.632 [main] BasicTypeRegistry - Adding type registration imm_serializable -> org.hibernate.type.AdaptedImmutableType@140d1230
[DEBUG] 2021-12-07 17:05:49.679 [main] DefaultIdentifierGeneratorFactory - Registering IdentifierGenerator strategy [uuid2] -> [org.hibernate.id.UUIDGenerator]
[DEBUG] 2021-12-07 17:05:49.680 [main] DefaultIdentifierGeneratorFactory - Registering IdentifierGenerator strategy [guid] -> [org.hibernate.id.GUIDGenerator]
[DEBUG] 2021-12-07 17:05:49.682 [main] DefaultIdentifierGeneratorFactory - Registering IdentifierGenerator strategy [uuid] -> [org.hibernate.id.UUIDHexGenerator]
[DEBUG] 2021-12-07 17:05:49.683 [main] DefaultIdentifierGeneratorFactory - Registering IdentifierGenerator strategy [uuid.hex] -> [org.hibernate.id.UUIDHexGenerator]
[DEBUG] 2021-12-07 17:05:49.683 [main] DefaultIdentifierGeneratorFactory - Registering IdentifierGenerator strategy [assigned] -> [org.hibernate.id.Assigned]
[DEBUG] 2021-12-07 17:05:49.686 [main] DefaultIdentifierGeneratorFactory - Registering IdentifierGenerator strategy [identity] -> [org.hibernate.id.IdentityGenerator]
[DEBUG] 2021-12-07 17:05:49.687 [main] DefaultIdentifierGeneratorFactory - Registering IdentifierGenerator strategy [select] -> [org.hibernate.id.SelectGenerator]
[DEBUG] 2021-12-07 17:05:49.689 [main] DefaultIdentifierGeneratorFactory - Registering IdentifierGenerator strategy [sequence] -> [org.hibernate.id.enhanced.SequenceStyleGenerator]
[DEBUG] 2021-12-07 17:05:49.690 [main] DefaultIdentifierGeneratorFactory - Registering IdentifierGenerator strategy [seqhilo] -> [org.hibernate.id.SequenceHiLoGenerator]
[DEBUG] 2021-12-07 17:05:49.690 [main] DefaultIdentifierGeneratorFactory - Registering IdentifierGenerator strategy [increment] -> [org.hibernate.id.IncrementGenerator]
[DEBUG] 2021-12-07 17:05:49.691 [main] DefaultIdentifierGeneratorFactory - Registering IdentifierGenerator strategy [foreign] -> [org.hibernate.id.ForeignGenerator]
[DEBUG] 2021-12-07 17:05:49.691 [main] DefaultIdentifierGeneratorFactory - Registering IdentifierGenerator strategy [sequence-identity] -> [org.hibernate.id.SequenceIdentityGenerator]
[DEBUG] 2021-12-07 17:05:49.691 [main] DefaultIdentifierGeneratorFactory - Registering IdentifierGenerator strategy [enhanced-sequence] -> [org.hibernate.id.enhanced.SequenceStyleGenerator]
[DEBUG] 2021-12-07 17:05:49.692 [main] DefaultIdentifierGeneratorFactory - Registering IdentifierGenerator strategy [enhanced-table] -> [org.hibernate.id.enhanced.TableGenerator]
[INFO ] 2021-12-07 17:05:49.713 [main] C3P0ConnectionProvider - HHH010002: C3P0 using driver: com.mysql.cj.jdbc.Driver at URL: jdbc:mysql://localhost:3306/GameReports
[INFO ] 2021-12-07 17:05:49.713 [main] C3P0ConnectionProvider - HHH10001001: Connection properties: {password=****, user=root}
[INFO ] 2021-12-07 17:05:49.714 [main] C3P0ConnectionProvider - HHH10001003: Autocommit mode: false
[INFO ] 2021-12-07 17:05:49.937 [main] C3P0ConnectionProvider - HHH10001007: JDBC isolation level: <unknown>
[DEBUG] 2021-12-07 17:05:50.111 [main] JdbcEnvironmentInitiator - Database ->
       name : MySQL
    version : 8.0.22
      major : 8
      minor : 0
[DEBUG] 2021-12-07 17:05:50.116 [main] JdbcEnvironmentInitiator - Driver ->
       name : MySQL Connector/J
    version : mysql-connector-java-8.0.16 (Revision: 34cbc6bc61f72836e26327537a432d6db7c77de6)
      major : 8
      minor : 0
[DEBUG] 2021-12-07 17:05:50.130 [main] JdbcEnvironmentInitiator - JDBC version : 4.2
[INFO ] 2021-12-07 17:05:50.212 [main] Dialect - HHH000400: Using dialect: org.hibernate.dialect.MySQL8Dialect
[DEBUG] 2021-12-07 17:05:50.229 [main] IdentifierHelperBuilder - JDBC driver metadata reported database stores quoted identifiers in more than one case
[DEBUG] 2021-12-07 17:05:50.281 [main] IdentifierHelperBuilder - IdentifierCaseStrategy for both quoted and unquoted identifiers was set to the same strategy [MIXED]; that will likely lead to problems in schema update and validation if using quoted identifiers
[DEBUG] 2021-12-07 17:05:50.335 [main] Namespace - Created database namespace [logicalName=Name{catalog=null, schema=null}, physicalName=Name{catalog=null, schema=null}]
[DEBUG] 2021-12-07 17:05:50.339 [main] TypeConfiguration$Scope - Scoping TypeConfiguration [org.hibernate.type.spi.TypeConfiguration@31e76a8d] to MetadataBuildingContext [org.hibernate.boot.internal.MetadataBuildingContextRootImpl@770beef5]
[DEBUG] 2021-12-07 17:05:50.411 [main] AnnotationBinder - Binding entity from annotated class: JBrischke.entity.Game
[DEBUG] 2021-12-07 17:05:50.447 [main] Ejb3Column - Binding column: Ejb3DiscriminatorColumn{logicalColumnName'DTYPE', discriminatorTypeName='string'}
[DEBUG] 2021-12-07 17:05:50.454 [main] EntityBinder - Import with entity name Game
[DEBUG] 2021-12-07 17:05:50.455 [main] EntityBinder - Bind entity JBrischke.entity.Game on table game
[DEBUG] 2021-12-07 17:05:50.521 [main] Ejb3Column - Binding column: Ejb3Column{table=org.hibernate.mapping.Table(game), mappingColumn=id, insertable=true, updatable=true, unique=false}
[DEBUG] 2021-12-07 17:05:50.522 [main] PropertyBinder - MetadataSourceProcessor property id with lazy=false
[DEBUG] 2021-12-07 17:05:50.527 [main] AbstractPropertyHolder - Attempting to locate auto-apply AttributeConverter for property [JBrischke.entity.Game:id]
[DEBUG] 2021-12-07 17:05:50.531 [main] SimpleValueBinder - building SimpleValue for id
[DEBUG] 2021-12-07 17:05:50.533 [main] PropertyBinder - Building property id
[DEBUG] 2021-12-07 17:05:50.542 [main] BinderHelper - #makeIdGenerator(org.hibernate.mapping.SimpleValue([org.hibernate.mapping.Column(id)]), id, org.hibernate.id.enhanced.SequenceStyleGenerator, native, ...)
[DEBUG] 2021-12-07 17:05:50.543 [main] Ejb3Column - Binding column: Ejb3Column{table=org.hibernate.mapping.Table(game), mappingColumn=description, insertable=true, updatable=true, unique=false}
[DEBUG] 2021-12-07 17:05:50.543 [main] PropertyBinder - MetadataSourceProcessor property description with lazy=false
[DEBUG] 2021-12-07 17:05:50.543 [main] AbstractPropertyHolder - Attempting to locate auto-apply AttributeConverter for property [JBrischke.entity.Game:description]
[DEBUG] 2021-12-07 17:05:50.543 [main] SimpleValueBinder - building SimpleValue for description
[DEBUG] 2021-12-07 17:05:50.544 [main] PropertyBinder - Building property description
[DEBUG] 2021-12-07 17:05:50.545 [main] Ejb3Column - Binding column: Ejb3Column{table=org.hibernate.mapping.Table(game), mappingColumn=gameURL, insertable=true, updatable=true, unique=false}
[DEBUG] 2021-12-07 17:05:50.545 [main] PropertyBinder - MetadataSourceProcessor property gameURL with lazy=false
[DEBUG] 2021-12-07 17:05:50.545 [main] AbstractPropertyHolder - Attempting to locate auto-apply AttributeConverter for property [JBrischke.entity.Game:gameURL]
[DEBUG] 2021-12-07 17:05:50.547 [main] SimpleValueBinder - building SimpleValue for gameURL
[DEBUG] 2021-12-07 17:05:50.547 [main] PropertyBinder - Building property gameURL
[DEBUG] 2021-12-07 17:05:50.547 [main] Ejb3Column - Binding column: Ejb3Column{table=org.hibernate.mapping.Table(game), mappingColumn=name, insertable=true, updatable=true, unique=false}
[DEBUG] 2021-12-07 17:05:50.548 [main] PropertyBinder - MetadataSourceProcessor property name with lazy=false
[DEBUG] 2021-12-07 17:05:50.548 [main] AbstractPropertyHolder - Attempting to locate auto-apply AttributeConverter for property [JBrischke.entity.Game:name]
[DEBUG] 2021-12-07 17:05:50.548 [main] SimpleValueBinder - building SimpleValue for name
[DEBUG] 2021-12-07 17:05:50.548 [main] PropertyBinder - Building property name
[DEBUG] 2021-12-07 17:05:50.551 [main] AnnotationBinder - Binding entity from annotated class: JBrischke.entity.User
[DEBUG] 2021-12-07 17:05:50.551 [main] Ejb3Column - Binding column: Ejb3DiscriminatorColumn{logicalColumnName'DTYPE', discriminatorTypeName='string'}
[DEBUG] 2021-12-07 17:05:50.551 [main] EntityBinder - Import with entity name User
[DEBUG] 2021-12-07 17:05:50.551 [main] EntityBinder - Bind entity JBrischke.entity.User on table user
[DEBUG] 2021-12-07 17:05:50.558 [main] Ejb3Column - Binding column: Ejb3Column{table=org.hibernate.mapping.Table(user), mappingColumn=id, insertable=true, updatable=true, unique=false}
[DEBUG] 2021-12-07 17:05:50.558 [main] PropertyBinder - MetadataSourceProcessor property user_id with lazy=false
[DEBUG] 2021-12-07 17:05:50.559 [main] AbstractPropertyHolder - Attempting to locate auto-apply AttributeConverter for property [JBrischke.entity.User:user_id]
[DEBUG] 2021-12-07 17:05:50.562 [main] SimpleValueBinder - building SimpleValue for user_id
[DEBUG] 2021-12-07 17:05:50.562 [main] PropertyBinder - Building property user_id
[DEBUG] 2021-12-07 17:05:50.562 [main] BinderHelper - #makeIdGenerator(org.hibernate.mapping.SimpleValue([org.hibernate.mapping.Column(id)]), user_id, org.hibernate.id.enhanced.SequenceStyleGenerator, native, ...)
[DEBUG] 2021-12-07 17:05:50.563 [main] Ejb3Column - Binding column: Ejb3Column{table=org.hibernate.mapping.Table(user), mappingColumn=email, insertable=true, updatable=true, unique=false}
[DEBUG] 2021-12-07 17:05:50.563 [main] PropertyBinder - MetadataSourceProcessor property email with lazy=false
[DEBUG] 2021-12-07 17:05:50.563 [main] AbstractPropertyHolder - Attempting to locate auto-apply AttributeConverter for property [JBrischke.entity.User:email]
[DEBUG] 2021-12-07 17:05:50.563 [main] SimpleValueBinder - building SimpleValue for email
[DEBUG] 2021-12-07 17:05:50.563 [main] PropertyBinder - Building property email
[DEBUG] 2021-12-07 17:05:50.563 [main] Ejb3Column - Binding column: Ejb3Column{table=org.hibernate.mapping.Table(user), mappingColumn=name, insertable=true, updatable=true, unique=false}
[DEBUG] 2021-12-07 17:05:50.563 [main] PropertyBinder - MetadataSourceProcessor property name with lazy=false
[DEBUG] 2021-12-07 17:05:50.563 [main] AbstractPropertyHolder - Attempting to locate auto-apply AttributeConverter for property [JBrischke.entity.User:name]
[DEBUG] 2021-12-07 17:05:50.563 [main] SimpleValueBinder - building SimpleValue for name
[DEBUG] 2021-12-07 17:05:50.563 [main] PropertyBinder - Building property name
[DEBUG] 2021-12-07 17:05:50.564 [main] Ejb3Column - Binding column: Ejb3JoinColumn{logicalColumnName='null', referencedColumn='null', mappedBy='user'}
[DEBUG] 2021-12-07 17:05:50.564 [main] Ejb3Column - Binding column: Ejb3Column{table=org.hibernate.mapping.Table(user), mappingColumn=roles, insertable=true, updatable=true, unique=false}
[DEBUG] 2021-12-07 17:05:50.565 [main] Ejb3Column - Binding column: Ejb3Column{table=org.hibernate.mapping.Table(user), mappingColumn=null, insertable=true, updatable=true, unique=false}
[DEBUG] 2021-12-07 17:05:50.579 [main] Ejb3Column - Binding column: Ejb3Column{table=org.hibernate.mapping.Table(user), mappingColumn=element, insertable=true, updatable=true, unique=false}
[DEBUG] 2021-12-07 17:05:50.580 [main] Ejb3Column - Binding column: Ejb3Column{table=org.hibernate.mapping.Table(user), mappingColumn=roles_KEY, insertable=true, updatable=true, unique=false}
[DEBUG] 2021-12-07 17:05:50.581 [main] Ejb3Column - Binding column: Ejb3JoinColumn{logicalColumnName='roles_KEY', referencedColumn='null', mappedBy='null'}
[DEBUG] 2021-12-07 17:05:50.584 [main] Ejb3Column - Binding column: Ejb3JoinColumn{logicalColumnName='null', referencedColumn='null', mappedBy='user'}
[DEBUG] 2021-12-07 17:05:50.586 [main] Ejb3Column - Binding column: Ejb3JoinColumn{logicalColumnName='null', referencedColumn='null', mappedBy='user'}
[DEBUG] 2021-12-07 17:05:50.586 [main] CollectionBinder - Collection role: JBrischke.entity.User.roles
[DEBUG] 2021-12-07 17:05:50.589 [main] PropertyBinder - Building property roles
[DEBUG] 2021-12-07 17:05:50.591 [main] Ejb3Column - Binding column: Ejb3Column{table=org.hibernate.mapping.Table(user), mappingColumn=username, insertable=true, updatable=true, unique=false}
[DEBUG] 2021-12-07 17:05:50.591 [main] PropertyBinder - MetadataSourceProcessor property userName with lazy=false
[DEBUG] 2021-12-07 17:05:50.593 [main] AbstractPropertyHolder - Attempting to locate auto-apply AttributeConverter for property [JBrischke.entity.User:userName]
[DEBUG] 2021-12-07 17:05:50.593 [main] SimpleValueBinder - building SimpleValue for userName
[DEBUG] 2021-12-07 17:05:50.595 [main] PropertyBinder - Building property userName
[DEBUG] 2021-12-07 17:05:50.596 [main] AnnotationBinder - Binding entity from annotated class: JBrischke.entity.Report
[DEBUG] 2021-12-07 17:05:50.596 [main] Ejb3Column - Binding column: Ejb3DiscriminatorColumn{logicalColumnName'DTYPE', discriminatorTypeName='string'}
[DEBUG] 2021-12-07 17:05:50.596 [main] EntityBinder - Import with entity name Report
[DEBUG] 2021-12-07 17:05:50.596 [main] EntityBinder - Bind entity JBrischke.entity.Report on table report
[DEBUG] 2021-12-07 17:05:50.600 [main] Ejb3Column - Binding column: Ejb3Column{table=org.hibernate.mapping.Table(report), mappingColumn=id, insertable=true, updatable=true, unique=false}
[DEBUG] 2021-12-07 17:05:50.600 [main] PropertyBinder - MetadataSourceProcessor property report_id with lazy=false
[DEBUG] 2021-12-07 17:05:50.600 [main] AbstractPropertyHolder - Attempting to locate auto-apply AttributeConverter for property [JBrischke.entity.Report:report_id]
[DEBUG] 2021-12-07 17:05:50.600 [main] SimpleValueBinder - building SimpleValue for report_id
[DEBUG] 2021-12-07 17:05:50.601 [main] PropertyBinder - Building property report_id
[DEBUG] 2021-12-07 17:05:50.601 [main] BinderHelper - #makeIdGenerator(org.hibernate.mapping.SimpleValue([org.hibernate.mapping.Column(id)]), report_id, org.hibernate.id.enhanced.SequenceStyleGenerator, native, ...)
[DEBUG] 2021-12-07 17:05:50.601 [main] Ejb3Column - Binding column: Ejb3Column{table=org.hibernate.mapping.Table(report), mappingColumn=description, insertable=true, updatable=true, unique=false}
[DEBUG] 2021-12-07 17:05:50.601 [main] PropertyBinder - MetadataSourceProcessor property description with lazy=false
[DEBUG] 2021-12-07 17:05:50.601 [main] AbstractPropertyHolder - Attempting to locate auto-apply AttributeConverter for property [JBrischke.entity.Report:description]
[DEBUG] 2021-12-07 17:05:50.601 [main] SimpleValueBinder - building SimpleValue for description
[DEBUG] 2021-12-07 17:05:50.601 [main] PropertyBinder - Building property description
[DEBUG] 2021-12-07 17:05:50.601 [main] Ejb3Column - Binding column: Ejb3Column{table=org.hibernate.mapping.Table(report), mappingColumn=hoursPlayed, insertable=true, updatable=true, unique=false}
[DEBUG] 2021-12-07 17:05:50.602 [main] PropertyBinder - MetadataSourceProcessor property hoursPlayed with lazy=false
[DEBUG] 2021-12-07 17:05:50.605 [main] AbstractPropertyHolder - Attempting to locate auto-apply AttributeConverter for property [JBrischke.entity.Report:hoursPlayed]
[DEBUG] 2021-12-07 17:05:50.605 [main] SimpleValueBinder - building SimpleValue for hoursPlayed
[DEBUG] 2021-12-07 17:05:50.605 [main] PropertyBinder - Building property hoursPlayed
[DEBUG] 2021-12-07 17:05:50.608 [main] AnnotationBinder - Binding entity from annotated class: JBrischke.entity.Role
[DEBUG] 2021-12-07 17:05:50.608 [main] Ejb3Column - Binding column: Ejb3DiscriminatorColumn{logicalColumnName'DTYPE', discriminatorTypeName='string'}
[DEBUG] 2021-12-07 17:05:50.608 [main] EntityBinder - Import with entity name Role
[DEBUG] 2021-12-07 17:05:50.609 [main] EntityBinder - Bind entity JBrischke.entity.Role on table role
[DEBUG] 2021-12-07 17:05:50.615 [main] Ejb3Column - Binding column: Ejb3Column{table=org.hibernate.mapping.Table(role), mappingColumn=id, insertable=true, updatable=true, unique=false}
[DEBUG] 2021-12-07 17:05:50.615 [main] PropertyBinder - MetadataSourceProcessor property role_id with lazy=false
[DEBUG] 2021-12-07 17:05:50.615 [main] AbstractPropertyHolder - Attempting to locate auto-apply AttributeConverter for property [JBrischke.entity.Role:role_id]
[DEBUG] 2021-12-07 17:05:50.615 [main] SimpleValueBinder - building SimpleValue for role_id
[DEBUG] 2021-12-07 17:05:50.615 [main] PropertyBinder - Building property role_id
[DEBUG] 2021-12-07 17:05:50.615 [main] BinderHelper - #makeIdGenerator(org.hibernate.mapping.SimpleValue([org.hibernate.mapping.Column(id)]), role_id, org.hibernate.id.enhanced.SequenceStyleGenerator, native, ...)
[DEBUG] 2021-12-07 17:05:50.615 [main] Ejb3Column - Binding column: Ejb3Column{table=org.hibernate.mapping.Table(role), mappingColumn=role_name, insertable=true, updatable=true, unique=false}
[DEBUG] 2021-12-07 17:05:50.618 [main] PropertyBinder - MetadataSourceProcessor property roleName with lazy=false
[DEBUG] 2021-12-07 17:05:50.618 [main] AbstractPropertyHolder - Attempting to locate auto-apply AttributeConverter for property [JBrischke.entity.Role:roleName]
[DEBUG] 2021-12-07 17:05:50.618 [main] SimpleValueBinder - building SimpleValue for roleName
[DEBUG] 2021-12-07 17:05:50.618 [main] PropertyBinder - Building property roleName
[DEBUG] 2021-12-07 17:05:50.618 [main] Ejb3Column - Binding column: Ejb3JoinColumn{logicalColumnName='user_id', referencedColumn='', mappedBy=''}
[DEBUG] 2021-12-07 17:05:50.618 [main] Ejb3Column - Binding column: Ejb3Column{table=org.hibernate.mapping.Table(role), mappingColumn=user, insertable=true, updatable=true, unique=false}
[DEBUG] 2021-12-07 17:05:50.619 [main] PropertyBinder - Building property user
[DEBUG] 2021-12-07 17:05:50.619 [main] Ejb3Column - Binding column: Ejb3Column{table=org.hibernate.mapping.Table(role), mappingColumn=username, insertable=true, updatable=true, unique=false}
[DEBUG] 2021-12-07 17:05:50.619 [main] PropertyBinder - MetadataSourceProcessor property userName with lazy=false
[DEBUG] 2021-12-07 17:05:50.619 [main] AbstractPropertyHolder - Attempting to locate auto-apply AttributeConverter for property [JBrischke.entity.Role:userName]
[DEBUG] 2021-12-07 17:05:50.620 [main] SimpleValueBinder - building SimpleValue for userName
[DEBUG] 2021-12-07 17:05:50.620 [main] PropertyBinder - Building property userName
[DEBUG] 2021-12-07 17:05:50.625 [main] SimpleValueBinder - Starting fillSimpleValue for id
[DEBUG] 2021-12-07 17:05:50.626 [main] SimpleValueBinder - Starting fillSimpleValue for description
[DEBUG] 2021-12-07 17:05:50.626 [main] SimpleValueBinder - Starting fillSimpleValue for gameURL
[DEBUG] 2021-12-07 17:05:50.627 [main] SimpleValueBinder - Starting fillSimpleValue for name
[DEBUG] 2021-12-07 17:05:50.628 [main] SimpleValueBinder - Starting fillSimpleValue for user_id
[DEBUG] 2021-12-07 17:05:50.628 [main] SimpleValueBinder - Starting fillSimpleValue for email
[DEBUG] 2021-12-07 17:05:50.628 [main] SimpleValueBinder - Starting fillSimpleValue for name
[DEBUG] 2021-12-07 17:05:50.628 [main] SimpleValueBinder - Starting fillSimpleValue for userName
[DEBUG] 2021-12-07 17:05:50.628 [main] SimpleValueBinder - Starting fillSimpleValue for report_id
[DEBUG] 2021-12-07 17:05:50.628 [main] SimpleValueBinder - Starting fillSimpleValue for description
[DEBUG] 2021-12-07 17:05:50.628 [main] SimpleValueBinder - Starting fillSimpleValue for hoursPlayed
[DEBUG] 2021-12-07 17:05:50.628 [main] SimpleValueBinder - Starting fillSimpleValue for role_id
[DEBUG] 2021-12-07 17:05:50.628 [main] SimpleValueBinder - Starting fillSimpleValue for roleName
[DEBUG] 2021-12-07 17:05:50.628 [main] SimpleValueBinder - Starting fillSimpleValue for userName
[DEBUG] 2021-12-07 17:05:50.637 [main] PrimaryKey - Forcing column [id] to be non-null as it is part of the primary key for table [game]
[DEBUG] 2021-12-07 17:05:50.637 [main] PrimaryKey - Forcing column [id] to be non-null as it is part of the primary key for table [user]
[DEBUG] 2021-12-07 17:05:50.639 [main] PrimaryKey - Forcing column [id] to be non-null as it is part of the primary key for table [report]
[DEBUG] 2021-12-07 17:05:50.639 [main] PrimaryKey - Forcing column [id] to be non-null as it is part of the primary key for table [role]
[DEBUG] 2021-12-07 17:05:50.639 [main] CollectionSecondPass - Second pass for collection: JBrischke.entity.User.roles
[DEBUG] 2021-12-07 17:05:50.640 [main] CollectionBinder - Binding a OneToMany: JBrischke.entity.User.roles through a foreign key
[DEBUG] 2021-12-07 17:05:50.640 [main] CollectionBinder - Mapping collection: JBrischke.entity.User.roles -> role
[DEBUG] 2021-12-07 17:05:50.643 [main] TableBinder - Retrieving property JBrischke.entity.Role.user
[DEBUG] 2021-12-07 17:05:50.643 [main] CollectionSecondPass - Mapped collection key: user_id, one-to-many: JBrischke.entity.Role
[DEBUG] 2021-12-07 17:05:50.643 [main] InFlightMetadataCollectorImpl - Resolving reference to class: JBrischke.entity.User
[DEBUG] 2021-12-07 17:05:50.647 [main] InFlightMetadataCollectorImpl - Resolving reference to class: JBrischke.entity.User
[DEBUG] 2021-12-07 17:05:50.703 [main] SessionFactoryImpl - Building session factory
[DEBUG] 2021-12-07 17:05:50.704 [main] Settings - SessionFactory name : null
[DEBUG] 2021-12-07 17:05:50.704 [main] Settings - Automatic flush during beforeCompletion(): enabled
[DEBUG] 2021-12-07 17:05:50.704 [main] Settings - Automatic session close at end of transaction: disabled
[DEBUG] 2021-12-07 17:05:50.704 [main] Settings - Statistics: disabled
[DEBUG] 2021-12-07 17:05:50.704 [main] Settings - Deleted entity synthetic identifier rollback: disabled
[DEBUG] 2021-12-07 17:05:50.704 [main] Settings - Default entity-mode: pojo
[DEBUG] 2021-12-07 17:05:50.704 [main] Settings - Check Nullability in Core (should be disabled when Bean Validation is on): enabled
[DEBUG] 2021-12-07 17:05:50.704 [main] Settings - Allow initialization of lazy state outside session : disabled
[DEBUG] 2021-12-07 17:05:50.704 [main] Settings - Using BatchFetchStyle : LEGACY
[DEBUG] 2021-12-07 17:05:50.704 [main] Settings - Default batch fetch size: -1
[DEBUG] 2021-12-07 17:05:50.704 [main] Settings - Maximum outer join fetch depth: 2
[DEBUG] 2021-12-07 17:05:50.704 [main] Settings - Default null ordering: NONE
[DEBUG] 2021-12-07 17:05:50.704 [main] Settings - Order SQL updates by primary key: disabled
[DEBUG] 2021-12-07 17:05:50.704 [main] Settings - Order SQL inserts for batching: disabled
[DEBUG] 2021-12-07 17:05:50.704 [main] Settings - multi-tenancy strategy : NONE
[DEBUG] 2021-12-07 17:05:50.704 [main] Settings - JTA Track by Thread: enabled
[DEBUG] 2021-12-07 17:05:50.704 [main] Settings - Query language substitutions: {}
[DEBUG] 2021-12-07 17:05:50.705 [main] Settings - Named query checking : enabled
[DEBUG] 2021-12-07 17:05:50.705 [main] Settings - Second-level cache: disabled
[DEBUG] 2021-12-07 17:05:50.705 [main] Settings - Second-level query cache: disabled
[DEBUG] 2021-12-07 17:05:50.706 [main] Settings - Second-level query cache factory: null
[DEBUG] 2021-12-07 17:05:50.706 [main] Settings - Second-level cache region prefix: null
[DEBUG] 2021-12-07 17:05:50.706 [main] Settings - Optimize second-level cache for minimal puts: disabled
[DEBUG] 2021-12-07 17:05:50.706 [main] Settings - Structured second-level cache entries: disabled
[DEBUG] 2021-12-07 17:05:50.706 [main] Settings - Second-level cache direct-reference entries: disabled
[DEBUG] 2021-12-07 17:05:50.706 [main] Settings - Automatic eviction of collection cache: disabled
[DEBUG] 2021-12-07 17:05:50.706 [main] Settings - JDBC batch size: 15
[DEBUG] 2021-12-07 17:05:50.706 [main] Settings - JDBC batch updates for versioned data: enabled
[DEBUG] 2021-12-07 17:05:50.706 [main] Settings - Scrollable result sets: enabled
[DEBUG] 2021-12-07 17:05:50.706 [main] Settings - Wrap result sets: disabled
[DEBUG] 2021-12-07 17:05:50.706 [main] Settings - JDBC3 getGeneratedKeys(): enabled
[DEBUG] 2021-12-07 17:05:50.706 [main] Settings - JDBC result set fetch size: null
[DEBUG] 2021-12-07 17:05:50.706 [main] Settings - Connection release mode: AFTER_TRANSACTION
[DEBUG] 2021-12-07 17:05:50.706 [main] Settings - Generate SQL with comments: disabled
[DEBUG] 2021-12-07 17:05:50.706 [main] Settings - JPA compliance - query : 
[DEBUG] 2021-12-07 17:05:50.706 [main] Settings - JPA compliance - closed-handling : 
[DEBUG] 2021-12-07 17:05:50.706 [main] Settings - JPA compliance - lists : 
[DEBUG] 2021-12-07 17:05:50.706 [main] Settings - JPA compliance - transactions : 
[INFO ] 2021-12-07 17:05:50.782 [main] beans - HHH10005002: No explicit CDI BeanManager reference was passed to Hibernate, but CDI is available on the Hibernate ClassLoader.
[DEBUG] 2021-12-07 17:05:50.803 [main] SessionFactoryImpl - Session factory constructed with filter configurations : {}
[DEBUG] 2021-12-07 17:05:50.803 [main] SessionFactoryImpl - Instantiating session factory with properties: {sun.desktop=gnome, awt.toolkit=sun.awt.X11.XToolkit, java.specification.version=11, sun.cpu.isalist=, hibernate.c3p0.idle_test_period=3000, sun.jnu.encoding=UTF-8, hibernate.c3p0.min_size=5, java.class.path=/home/student/intellij/lib/idea_rt.jar:/home/student/intellij/plugins/junit/lib/junit5-rt.jar:/home/student/intellij/plugins/junit/lib/junit-rt.jar:/home/student/RatingsAnonymous/target/test-classes:/home/student/RatingsAnonymous/target/classes:/home/student/.m2/repository/org/hibernate/hibernate-core/5.4.4.Final/hibernate-core-5.4.4.Final.jar:/home/student/.m2/repository/org/jboss/logging/jboss-logging/3.3.2.Final/jboss-logging-3.3.2.Final.jar:/home/student/.m2/repository/javax/persistence/javax.persistence-api/2.2/javax.persistence-api-2.2.jar:/home/student/.m2/repository/org/javassist/javassist/3.24.0-GA/javassist-3.24.0-GA.jar:/home/student/.m2/repository/net/bytebuddy/byte-buddy/1.9.11/byte-buddy-1.9.11.jar:/home/student/.m2/repository/antlr/antlr/2.7.7/antlr-2.7.7.jar:/home/student/.m2/repository/org/jboss/spec/javax/transaction/jboss-transaction-api_1.2_spec/1.1.1.Final/jboss-transaction-api_1.2_spec-1.1.1.Final.jar:/home/student/.m2/repository/org/jboss/jandex/2.0.5.Final/jandex-2.0.5.Final.jar:/home/student/.m2/repository/com/fasterxml/classmate/1.3.4/classmate-1.3.4.jar:/home/student/.m2/repository/javax/activation/javax.activation-api/1.2.0/javax.activation-api-1.2.0.jar:/home/student/.m2/repository/org/dom4j/dom4j/2.1.1/dom4j-2.1.1.jar:/home/student/.m2/repository/org/hibernate/common/hibernate-commons-annotations/5.1.0.Final/hibernate-commons-annotations-5.1.0.Final.jar:/home/student/.m2/repository/javax/xml/bind/jaxb-api/2.3.1/jaxb-api-2.3.1.jar:/home/student/.m2/repository/org/glassfish/jaxb/jaxb-runtime/2.3.1/jaxb-runtime-2.3.1.jar:/home/student/.m2/repository/org/glassfish/jaxb/txw2/2.3.1/txw2-2.3.1.jar:/home/student/.m2/repository/com/sun/istack/istack-commons-runtime/3.0.7/istack-commons-runtime-3.0.7.jar:/home/student/.m2/repository/org/jvnet/staxex/stax-ex/1.8/stax-ex-1.8.jar:/home/student/.m2/repository/com/sun/xml/fastinfoset/FastInfoset/1.2.15/FastInfoset-1.2.15.jar:/home/student/.m2/repository/org/hibernate/hibernate-c3p0/5.4.4.Final/hibernate-c3p0-5.4.4.Final.jar:/home/student/.m2/repository/com/mchange/c3p0/0.9.5.3/c3p0-0.9.5.3.jar:/home/student/.m2/repository/com/mchange/mchange-commons-java/0.2.15/mchange-commons-java-0.2.15.jar:/home/student/.m2/repository/org/apache/logging/log4j/log4j-api/2.10.0/log4j-api-2.10.0.jar:/home/student/.m2/repository/org/apache/logging/log4j/log4j-core/2.10.0/log4j-core-2.10.0.jar:/home/student/.m2/repository/javax/javaee-web-api/7.0/javaee-web-api-7.0.jar:/home/student/.m2/repository/org/junit/platform/junit-platform-runner/1.0.0/junit-platform-runner-1.0.0.jar:/home/student/.m2/repository/org/apiguardian/apiguardian-api/1.0.0/apiguardian-api-1.0.0.jar:/home/student/.m2/repository/org/junit/platform/junit-platform-launcher/1.0.0/junit-platform-launcher-1.0.0.jar:/home/student/.m2/repository/org/junit/platform/junit-platform-suite-api/1.0.0/junit-platform-suite-api-1.0.0.jar:/home/student/.m2/repository/org/junit/platform/junit-platform-commons/1.0.0/junit-platform-commons-1.0.0.jar:/home/student/.m2/repository/org/junit/vintage/junit-vintage-engine/4.12.0/junit-vintage-engine-4.12.0.jar:/home/student/.m2/repository/org/junit/platform/junit-platform-engine/1.0.0/junit-platform-engine-1.0.0.jar:/home/student/.m2/repository/org/opentest4j/opentest4j/1.0.0/opentest4j-1.0.0.jar:/home/student/.m2/repository/org/junit/jupiter/junit-jupiter-engine/5.0.0/junit-jupiter-engine-5.0.0.jar:/home/student/.m2/repository/org/junit/jupiter/junit-jupiter-api/5.0.0/junit-jupiter-api-5.0.0.jar:/home/student/.m2/repository/junit/junit/4.12/junit-4.12.jar:/home/student/.m2/repository/org/hamcrest/hamcrest-core/1.3/hamcrest-core-1.3.jar:/home/student/.m2/repository/jstl/jstl/1.2/jstl-1.2.jar:/home/student/.m2/repository/mysql/mysql-connector-java/8.0.16/mysql-connector-java-8.0.16.jar:/home/student/.m2/repository/com/google/protobuf/protobuf-java/3.6.1/protobuf-java-3.6.1.jar:/home/student/.m2/repository/com/auth0/java-jwt/3.4.1/java-jwt-3.4.1.jar:/home/student/.m2/repository/commons-codec/commons-codec/1.11/commons-codec-1.11.jar:/home/student/.m2/repository/org/json/json/20170516/json-20170516.jar:/home/student/.m2/repository/commons-io/commons-io/2.11.0/commons-io-2.11.0.jar:/home/student/.m2/repository/org/glassfish/jersey/core/jersey-client/2.29.1/jersey-client-2.29.1.jar:/home/student/.m2/repository/jakarta/ws/rs/jakarta.ws.rs-api/2.1.6/jakarta.ws.rs-api-2.1.6.jar:/home/student/.m2/repository/org/glassfish/jersey/core/jersey-common/2.29.1/jersey-common-2.29.1.jar:/home/student/.m2/repository/jakarta/annotation/jakarta.annotation-api/1.3.5/jakarta.annotation-api-1.3.5.jar:/home/student/.m2/repository/org/glassfish/hk2/osgi-resource-locator/1.0.3/osgi-resource-locator-1.0.3.jar:/home/student/.m2/repository/com/sun/activation/jakarta.activation/1.2.1/jakarta.activation-1.2.1.jar:/home/student/.m2/repository/org/glassfish/hk2/external/jakarta.inject/2.6.1/jakarta.inject-2.6.1.jar:/home/student/.m2/repository/org/glassfish/jersey/inject/jersey-hk2/2.29.1/jersey-hk2-2.29.1.jar:/home/student/.m2/repository/org/glassfish/hk2/hk2-locator/2.6.1/hk2-locator-2.6.1.jar:/home/student/.m2/repository/org/glassfish/hk2/external/aopalliance-repackaged/2.6.1/aopalliance-repackaged-2.6.1.jar:/home/student/.m2/repository/org/glassfish/hk2/hk2-api/2.6.1/hk2-api-2.6.1.jar:/home/student/.m2/repository/org/glassfish/hk2/hk2-utils/2.6.1/hk2-utils-2.6.1.jar:/home/student/.m2/repository/com/fasterxml/jackson/core/jackson-core/2.10.0/jackson-core-2.10.0.jar:/home/student/.m2/repository/com/fasterxml/jackson/core/jackson-annotations/2.10.0/jackson-annotations-2.10.0.jar:/home/student/.m2/repository/com/fasterxml/jackson/core/jackson-databind/2.10.0/jackson-databind-2.10.0.jar, java.vm.vendor=Ubuntu, sun.arch.data.model=64, idea.test.cyclic.buffer.size=1048576, java.vendor.url=https://ubuntu.com/, user.timezone=America/Chicago, os.name=Linux, java.vm.specification.version=11, sun.java.launcher=SUN_STANDARD, user.country=US, sun.boot.library.path=/usr/lib/jvm/java-11-openjdk-amd64/lib, sun.java.command=com.intellij.rt.junit.JUnitStarter -ideVersion5 -junit5 JBrischke.entity.GameTest, jdk.debug=release, sun.cpu.endian=little, user.home=/home/student, hibernate.c3p0.max_statements=50, user.language=en, java.specification.vendor=Oracle Corporation, java.version.date=2021-04-20, java.home=/usr/lib/jvm/java-11-openjdk-amd64, file.separator=/, java.vm.compressedOopsMode=32-bit, line.separator=
, hibernate.c3p0.timeout=300, java.specification.name=Java Platform API Specification, java.vm.specification.vendor=Oracle Corporation, java.awt.graphicsenv=sun.awt.X11GraphicsEnvironment, connection.password=student, sun.management.compiler=HotSpot 64-Bit Tiered Compilers, hibernate.c3p0.max_size=20, java.runtime.version=11.0.11+9-Ubuntu-0ubuntu2.20.04, user.name=student, path.separator=:, hibernate.connection.username=****, os.version=5.4.0-91-generic, java.runtime.name=OpenJDK Runtime Environment, hibernate.connection.url=jdbc:mysql://localhost:3306/GameReports, file.encoding=UTF-8, java.vm.name=OpenJDK 64-Bit Server VM, hibernate.connection.driver_class=com.mysql.cj.jdbc.Driver, java.vendor.url.bug=https://bugs.launchpad.net/ubuntu/+source/openjdk-lts, java.io.tmpdir=/tmp, java.version=11.0.11, user.dir=/home/student/RatingsAnonymous, os.arch=amd64, connection.username=root, java.vm.specification.name=Java Virtual Machine Specification, java.awt.printerjob=sun.print.PSPrinterJob, hibernate.connection.password=****, sun.os.patch.level=unknown, connection.driver_class=com.mysql.cj.jdbc.Driver, hibernate.boot.CfgXmlAccessService.key=org.hibernate.boot.cfgxml.spi.LoadedConfig@36790bec, java.library.path=/usr/java/packages/lib:/usr/lib/x86_64-linux-gnu/jni:/lib/x86_64-linux-gnu:/usr/lib/x86_64-linux-gnu:/usr/lib/jni:/lib:/usr/lib, java.vendor=Ubuntu, java.vm.info=mixed mode, sharing, java.vm.version=11.0.11+9-Ubuntu-0ubuntu2.20.04, hibernate.bytecode.use_reflection_optimizer=false, sun.io.unicode.encoding=UnicodeLittle, connection.url=jdbc:mysql://localhost:3306/GameReports, java.class.version=55.0}
[DEBUG] 2021-12-07 17:05:50.876 [main] TypeSafeActivator - Unable to acquire Bean Validation ValidatorFactory, skipping activation
[DEBUG] 2021-12-07 17:05:50.876 [main] JaccIntegrator - Skipping JACC integration as it was not enabled
[DEBUG] 2021-12-07 17:05:50.877 [main] SessionFactoryImpl - Instantiated session factory
[DEBUG] 2021-12-07 17:05:50.877 [main] TypeConfiguration$Scope - Scoping TypeConfiguration [org.hibernate.type.spi.TypeConfiguration@31e76a8d] to SessionFactoryImpl [org.hibernate.internal.SessionFactoryImpl@3635099]
[DEBUG] 2021-12-07 17:05:50.963 [main] ClassLoaderAccessImpl - Not known whether passed class name [JBrischke.entity.Role] is safe
[DEBUG] 2021-12-07 17:05:50.969 [main] ClassLoaderAccessImpl - No temp ClassLoader provided; using live ClassLoader for loading potentially unsafe class : JBrischke.entity.Role
[DEBUG] 2021-12-07 17:05:50.995 [main] ClassLoaderAccessImpl - Not known whether passed class name [JBrischke.entity.Role] is safe
[DEBUG] 2021-12-07 17:05:50.995 [main] ClassLoaderAccessImpl - No temp ClassLoader provided; using live ClassLoader for loading potentially unsafe class : JBrischke.entity.Role
[DEBUG] 2021-12-07 17:05:51.228 [main] ClassLoaderAccessImpl - Not known whether passed class name [JBrischke.entity.Report] is safe
[DEBUG] 2021-12-07 17:05:51.228 [main] ClassLoaderAccessImpl - No temp ClassLoader provided; using live ClassLoader for loading potentially unsafe class : JBrischke.entity.Report
[DEBUG] 2021-12-07 17:05:51.228 [main] ClassLoaderAccessImpl - Not known whether passed class name [JBrischke.entity.Report] is safe
[DEBUG] 2021-12-07 17:05:51.228 [main] ClassLoaderAccessImpl - No temp ClassLoader provided; using live ClassLoader for loading potentially unsafe class : JBrischke.entity.Report
[DEBUG] 2021-12-07 17:05:51.248 [main] ClassLoaderAccessImpl - Not known whether passed class name [JBrischke.entity.Game] is safe
[DEBUG] 2021-12-07 17:05:51.248 [main] ClassLoaderAccessImpl - No temp ClassLoader provided; using live ClassLoader for loading potentially unsafe class : JBrischke.entity.Game
[DEBUG] 2021-12-07 17:05:51.249 [main] ClassLoaderAccessImpl - Not known whether passed class name [JBrischke.entity.Game] is safe
[DEBUG] 2021-12-07 17:05:51.249 [main] ClassLoaderAccessImpl - No temp ClassLoader provided; using live ClassLoader for loading potentially unsafe class : JBrischke.entity.Game
[DEBUG] 2021-12-07 17:05:51.274 [main] ClassLoaderAccessImpl - Not known whether passed class name [JBrischke.entity.User] is safe
[DEBUG] 2021-12-07 17:05:51.274 [main] ClassLoaderAccessImpl - No temp ClassLoader provided; using live ClassLoader for loading potentially unsafe class : JBrischke.entity.User
[DEBUG] 2021-12-07 17:05:51.274 [main] ClassLoaderAccessImpl - Not known whether passed class name [JBrischke.entity.User] is safe
[DEBUG] 2021-12-07 17:05:51.275 [main] ClassLoaderAccessImpl - No temp ClassLoader provided; using live ClassLoader for loading potentially unsafe class : JBrischke.entity.User
[DEBUG] 2021-12-07 17:05:51.320 [main] AbstractCollectionPersister - Static SQL for collection: JBrischke.entity.User.roles
[DEBUG] 2021-12-07 17:05:51.320 [main] AbstractCollectionPersister -  Row insert: update role set user_id=? where id=?
[DEBUG] 2021-12-07 17:05:51.320 [main] AbstractCollectionPersister -  Row update: update role set  where id=?
[DEBUG] 2021-12-07 17:05:51.320 [main] AbstractCollectionPersister -  Row delete: update role set user_id=null where user_id=? and id=?
[DEBUG] 2021-12-07 17:05:51.320 [main] AbstractCollectionPersister -  One-shot delete: update role set user_id=null where user_id=?
[DEBUG] 2021-12-07 17:05:51.322 [main] AbstractEntityPersister - Static SQL for entity: JBrischke.entity.Role
[DEBUG] 2021-12-07 17:05:51.322 [main] AbstractEntityPersister -  Version select: select id from role where id =?
[DEBUG] 2021-12-07 17:05:51.322 [main] AbstractEntityPersister -  Snapshot select: select role_.id, role_.role_name as role_nam2_2_, role_.user_id as user_id4_2_, role_.username as username3_2_ from role role_ where role_.id=?
[DEBUG] 2021-12-07 17:05:51.322 [main] AbstractEntityPersister -  Insert 0: insert into role (role_name, user_id, username, id) values (?, ?, ?, ?)
[DEBUG] 2021-12-07 17:05:51.322 [main] AbstractEntityPersister -  Update 0: update role set role_name=?, user_id=?, username=? where id=?
[DEBUG] 2021-12-07 17:05:51.322 [main] AbstractEntityPersister -  Delete 0: delete from role where id=?
[DEBUG] 2021-12-07 17:05:51.322 [main] AbstractEntityPersister -  Identity insert: insert into role (role_name, user_id, username) values (?, ?, ?)
[DEBUG] 2021-12-07 17:05:51.343 [main] QuerySpacesImpl - Adding QuerySpace : uid = <gen:0> -> org.hibernate.loader.plan.build.internal.spaces.EntityQuerySpaceImpl@63d677f5]
[DEBUG] 2021-12-07 17:05:51.344 [main] MetamodelGraphWalker - Visiting attribute path : roleName
[DEBUG] 2021-12-07 17:05:51.344 [main] MetamodelGraphWalker - Visiting attribute path : user
[DEBUG] 2021-12-07 17:05:51.352 [main] QuerySpacesImpl - Adding QuerySpace : uid = <gen:1> -> org.hibernate.loader.plan.build.internal.spaces.EntityQuerySpaceImpl@1373e3ee]
[DEBUG] 2021-12-07 17:05:51.353 [main] MetamodelGraphWalker - Visiting attribute path : user.email
[DEBUG] 2021-12-07 17:05:51.353 [main] MetamodelGraphWalker - Visiting attribute path : user.name
[DEBUG] 2021-12-07 17:05:51.353 [main] MetamodelGraphWalker - Visiting attribute path : user.roles
[DEBUG] 2021-12-07 17:05:51.353 [main] MetamodelGraphWalker - Property path deemed to be circular : user.roles
[DEBUG] 2021-12-07 17:05:51.354 [main] MetamodelGraphWalker - Visiting attribute path : user.userName
[DEBUG] 2021-12-07 17:05:51.354 [main] MetamodelGraphWalker - Visiting attribute path : userName
[DEBUG] 2021-12-07 17:05:51.354 [main] FetchStyleLoadPlanBuildingAssociationVisitationStrategy - Building LoadPlan...
[DEBUG] 2021-12-07 17:05:51.366 [main] LoadQueryJoinAndFetchProcessor - processing queryspace <gen:0>
[DEBUG] 2021-12-07 17:05:51.374 [main] LoadPlanTreePrinter - LoadPlan(entity=JBrischke.entity.Role)
    - Returns
       - EntityReturnImpl(entity=JBrischke.entity.Role, querySpaceUid=<gen:0>, path=JBrischke.entity.Role)
          - EntityAttributeFetchImpl(entity=JBrischke.entity.User, querySpaceUid=<gen:1>, path=JBrischke.entity.Role.user)
    - QuerySpaces
       - EntityQuerySpaceImpl(uid=<gen:0>, entity=JBrischke.entity.Role)
          - SQL table alias mapping - role0_
          - alias suffix - 0_
          - suffixed key columns - {id1_2_0_}
          - JOIN (JoinDefinedByMetadata(user)) : <gen:0> -> <gen:1>
             - EntityQuerySpaceImpl(uid=<gen:1>, entity=JBrischke.entity.User)
                - SQL table alias mapping - user1_
                - alias suffix - 1_
                - suffixed key columns - {id1_3_1_}

[DEBUG] 2021-12-07 17:05:51.376 [main] EntityLoader - Static select for entity JBrischke.entity.Role [NONE]: select role0_.id as id1_2_0_, role0_.role_name as role_nam2_2_0_, role0_.user_id as user_id4_2_0_, role0_.username as username3_2_0_, user1_.id as id1_3_1_, user1_.email as email2_3_1_, user1_.name as name3_3_1_, user1_.username as username4_3_1_ from role role0_ left outer join user user1_ on role0_.user_id=user1_.id where role0_.id=?
[DEBUG] 2021-12-07 17:05:51.376 [main] QuerySpacesImpl - Adding QuerySpace : uid = <gen:0> -> org.hibernate.loader.plan.build.internal.spaces.EntityQuerySpaceImpl@61da0413]
[DEBUG] 2021-12-07 17:05:51.376 [main] MetamodelGraphWalker - Visiting attribute path : roleName
[DEBUG] 2021-12-07 17:05:51.376 [main] MetamodelGraphWalker - Visiting attribute path : user
[DEBUG] 2021-12-07 17:05:51.379 [main] QuerySpacesImpl - Adding QuerySpace : uid = <gen:1> -> org.hibernate.loader.plan.build.internal.spaces.EntityQuerySpaceImpl@4d4c1ba9]
[DEBUG] 2021-12-07 17:05:51.379 [main] MetamodelGraphWalker - Visiting attribute path : user.email
[DEBUG] 2021-12-07 17:05:51.379 [main] MetamodelGraphWalker - Visiting attribute path : user.name
[DEBUG] 2021-12-07 17:05:51.379 [main] MetamodelGraphWalker - Visiting attribute path : user.roles
[DEBUG] 2021-12-07 17:05:51.379 [main] MetamodelGraphWalker - Property path deemed to be circular : user.roles
[DEBUG] 2021-12-07 17:05:51.379 [main] MetamodelGraphWalker - Visiting attribute path : user.userName
[DEBUG] 2021-12-07 17:05:51.379 [main] MetamodelGraphWalker - Visiting attribute path : userName
[DEBUG] 2021-12-07 17:05:51.379 [main] FetchStyleLoadPlanBuildingAssociationVisitationStrategy - Building LoadPlan...
[DEBUG] 2021-12-07 17:05:51.379 [main] LoadQueryJoinAndFetchProcessor - processing queryspace <gen:0>
[DEBUG] 2021-12-07 17:05:51.380 [main] LoadPlanTreePrinter - LoadPlan(entity=JBrischke.entity.Role)
    - Returns
       - EntityReturnImpl(entity=JBrischke.entity.Role, querySpaceUid=<gen:0>, path=JBrischke.entity.Role)
          - EntityAttributeFetchImpl(entity=JBrischke.entity.User, querySpaceUid=<gen:1>, path=JBrischke.entity.Role.user)
    - QuerySpaces
       - EntityQuerySpaceImpl(uid=<gen:0>, entity=JBrischke.entity.Role)
          - SQL table alias mapping - role0_
          - alias suffix - 0_
          - suffixed key columns - {id1_2_0_}
          - JOIN (JoinDefinedByMetadata(user)) : <gen:0> -> <gen:1>
             - EntityQuerySpaceImpl(uid=<gen:1>, entity=JBrischke.entity.User)
                - SQL table alias mapping - user1_
                - alias suffix - 1_
                - suffixed key columns - {id1_3_1_}

[DEBUG] 2021-12-07 17:05:51.380 [main] EntityLoader - Static select for entity JBrischke.entity.Role [READ]: select role0_.id as id1_2_0_, role0_.role_name as role_nam2_2_0_, role0_.user_id as user_id4_2_0_, role0_.username as username3_2_0_, user1_.id as id1_3_1_, user1_.email as email2_3_1_, user1_.name as name3_3_1_, user1_.username as username4_3_1_ from role role0_ left outer join user user1_ on role0_.user_id=user1_.id where role0_.id=?
[DEBUG] 2021-12-07 17:05:51.398 [main] Loader - Static select for action ACTION_MERGE on entity JBrischke.entity.Role: select role0_.id as id1_2_0_, role0_.role_name as role_nam2_2_0_, role0_.user_id as user_id4_2_0_, role0_.username as username3_2_0_ from role role0_ where role0_.id=?
[DEBUG] 2021-12-07 17:05:51.398 [main] Loader - Static select for action ACTION_REFRESH on entity JBrischke.entity.Role: select role0_.id as id1_2_0_, role0_.role_name as role_nam2_2_0_, role0_.user_id as user_id4_2_0_, role0_.username as username3_2_0_ from role role0_ where role0_.id=?
[DEBUG] 2021-12-07 17:05:51.398 [main] AbstractEntityPersister - Static SQL for entity: JBrischke.entity.Report
[DEBUG] 2021-12-07 17:05:51.398 [main] AbstractEntityPersister -  Version select: select id from report where id =?
[DEBUG] 2021-12-07 17:05:51.398 [main] AbstractEntityPersister -  Snapshot select: select report_.id, report_.description as descript2_1_, report_.hoursPlayed as hoursPla3_1_ from report report_ where report_.id=?
[DEBUG] 2021-12-07 17:05:51.399 [main] AbstractEntityPersister -  Insert 0: insert into report (description, hoursPlayed, id) values (?, ?, ?)
[DEBUG] 2021-12-07 17:05:51.399 [main] AbstractEntityPersister -  Update 0: update report set description=?, hoursPlayed=? where id=?
[DEBUG] 2021-12-07 17:05:51.399 [main] AbstractEntityPersister -  Delete 0: delete from report where id=?
[DEBUG] 2021-12-07 17:05:51.399 [main] AbstractEntityPersister -  Identity insert: insert into report (description, hoursPlayed) values (?, ?)
[DEBUG] 2021-12-07 17:05:51.399 [main] QuerySpacesImpl - Adding QuerySpace : uid = <gen:0> -> org.hibernate.loader.plan.build.internal.spaces.EntityQuerySpaceImpl@447521e]
[DEBUG] 2021-12-07 17:05:51.400 [main] MetamodelGraphWalker - Visiting attribute path : description
[DEBUG] 2021-12-07 17:05:51.400 [main] MetamodelGraphWalker - Visiting attribute path : hoursPlayed
[DEBUG] 2021-12-07 17:05:51.400 [main] FetchStyleLoadPlanBuildingAssociationVisitationStrategy - Building LoadPlan...
[DEBUG] 2021-12-07 17:05:51.401 [main] LoadQueryJoinAndFetchProcessor - processing queryspace <gen:0>
[DEBUG] 2021-12-07 17:05:51.401 [main] LoadPlanTreePrinter - LoadPlan(entity=JBrischke.entity.Report)
    - Returns
       - EntityReturnImpl(entity=JBrischke.entity.Report, querySpaceUid=<gen:0>, path=JBrischke.entity.Report)
    - QuerySpaces
       - EntityQuerySpaceImpl(uid=<gen:0>, entity=JBrischke.entity.Report)
          - SQL table alias mapping - report0_
          - alias suffix - 0_
          - suffixed key columns - {id1_1_0_}

[DEBUG] 2021-12-07 17:05:51.401 [main] EntityLoader - Static select for entity JBrischke.entity.Report [NONE]: select report0_.id as id1_1_0_, report0_.description as descript2_1_0_, report0_.hoursPlayed as hoursPla3_1_0_ from report report0_ where report0_.id=?
[DEBUG] 2021-12-07 17:05:51.401 [main] QuerySpacesImpl - Adding QuerySpace : uid = <gen:0> -> org.hibernate.loader.plan.build.internal.spaces.EntityQuerySpaceImpl@1ecf0ac6]
[DEBUG] 2021-12-07 17:05:51.401 [main] MetamodelGraphWalker - Visiting attribute path : description
[DEBUG] 2021-12-07 17:05:51.401 [main] MetamodelGraphWalker - Visiting attribute path : hoursPlayed
[DEBUG] 2021-12-07 17:05:51.401 [main] FetchStyleLoadPlanBuildingAssociationVisitationStrategy - Building LoadPlan...
[DEBUG] 2021-12-07 17:05:51.409 [main] LoadQueryJoinAndFetchProcessor - processing queryspace <gen:0>
[DEBUG] 2021-12-07 17:05:51.409 [main] LoadPlanTreePrinter - LoadPlan(entity=JBrischke.entity.Report)
    - Returns
       - EntityReturnImpl(entity=JBrischke.entity.Report, querySpaceUid=<gen:0>, path=JBrischke.entity.Report)
    - QuerySpaces
       - EntityQuerySpaceImpl(uid=<gen:0>, entity=JBrischke.entity.Report)
          - SQL table alias mapping - report0_
          - alias suffix - 0_
          - suffixed key columns - {id1_1_0_}

[DEBUG] 2021-12-07 17:05:51.409 [main] EntityLoader - Static select for entity JBrischke.entity.Report [READ]: select report0_.id as id1_1_0_, report0_.description as descript2_1_0_, report0_.hoursPlayed as hoursPla3_1_0_ from report report0_ where report0_.id=?
[DEBUG] 2021-12-07 17:05:51.409 [main] Loader - Static select for action ACTION_MERGE on entity JBrischke.entity.Report: select report0_.id as id1_1_0_, report0_.description as descript2_1_0_, report0_.hoursPlayed as hoursPla3_1_0_ from report report0_ where report0_.id=?
[DEBUG] 2021-12-07 17:05:51.409 [main] Loader - Static select for action ACTION_REFRESH on entity JBrischke.entity.Report: select report0_.id as id1_1_0_, report0_.description as descript2_1_0_, report0_.hoursPlayed as hoursPla3_1_0_ from report report0_ where report0_.id=?
[DEBUG] 2021-12-07 17:05:51.410 [main] AbstractEntityPersister - Static SQL for entity: JBrischke.entity.Game
[DEBUG] 2021-12-07 17:05:51.410 [main] AbstractEntityPersister -  Version select: select id from game where id =?
[DEBUG] 2021-12-07 17:05:51.410 [main] AbstractEntityPersister -  Snapshot select: select game_.id, game_.description as descript2_0_, game_.gameURL as gameURL3_0_, game_.name as name4_0_ from game game_ where game_.id=?
[DEBUG] 2021-12-07 17:05:51.410 [main] AbstractEntityPersister -  Insert 0: insert into game (description, gameURL, name, id) values (?, ?, ?, ?)
[DEBUG] 2021-12-07 17:05:51.410 [main] AbstractEntityPersister -  Update 0: update game set description=?, gameURL=?, name=? where id=?
[DEBUG] 2021-12-07 17:05:51.410 [main] AbstractEntityPersister -  Delete 0: delete from game where id=?
[DEBUG] 2021-12-07 17:05:51.410 [main] AbstractEntityPersister -  Identity insert: insert into game (description, gameURL, name) values (?, ?, ?)
[DEBUG] 2021-12-07 17:05:51.415 [main] QuerySpacesImpl - Adding QuerySpace : uid = <gen:0> -> org.hibernate.loader.plan.build.internal.spaces.EntityQuerySpaceImpl@7be94cd6]
[DEBUG] 2021-12-07 17:05:51.415 [main] MetamodelGraphWalker - Visiting attribute path : description
[DEBUG] 2021-12-07 17:05:51.415 [main] MetamodelGraphWalker - Visiting attribute path : gameURL
[DEBUG] 2021-12-07 17:05:51.415 [main] MetamodelGraphWalker - Visiting attribute path : name
[DEBUG] 2021-12-07 17:05:51.415 [main] FetchStyleLoadPlanBuildingAssociationVisitationStrategy - Building LoadPlan...
[DEBUG] 2021-12-07 17:05:51.415 [main] LoadQueryJoinAndFetchProcessor - processing queryspace <gen:0>
[DEBUG] 2021-12-07 17:05:51.416 [main] LoadPlanTreePrinter - LoadPlan(entity=JBrischke.entity.Game)
    - Returns
       - EntityReturnImpl(entity=JBrischke.entity.Game, querySpaceUid=<gen:0>, path=JBrischke.entity.Game)
    - QuerySpaces
       - EntityQuerySpaceImpl(uid=<gen:0>, entity=JBrischke.entity.Game)
          - SQL table alias mapping - game0_
          - alias suffix - 0_
          - suffixed key columns - {id1_0_0_}

[DEBUG] 2021-12-07 17:05:51.416 [main] EntityLoader - Static select for entity JBrischke.entity.Game [NONE]: select game0_.id as id1_0_0_, game0_.description as descript2_0_0_, game0_.gameURL as gameURL3_0_0_, game0_.name as name4_0_0_ from game game0_ where game0_.id=?
[DEBUG] 2021-12-07 17:05:51.416 [main] QuerySpacesImpl - Adding QuerySpace : uid = <gen:0> -> org.hibernate.loader.plan.build.internal.spaces.EntityQuerySpaceImpl@463045fb]
[DEBUG] 2021-12-07 17:05:51.416 [main] MetamodelGraphWalker - Visiting attribute path : description
[DEBUG] 2021-12-07 17:05:51.416 [main] MetamodelGraphWalker - Visiting attribute path : gameURL
[DEBUG] 2021-12-07 17:05:51.416 [main] MetamodelGraphWalker - Visiting attribute path : name
[DEBUG] 2021-12-07 17:05:51.416 [main] FetchStyleLoadPlanBuildingAssociationVisitationStrategy - Building LoadPlan...
[DEBUG] 2021-12-07 17:05:51.419 [main] LoadQueryJoinAndFetchProcessor - processing queryspace <gen:0>
[DEBUG] 2021-12-07 17:05:51.419 [main] LoadPlanTreePrinter - LoadPlan(entity=JBrischke.entity.Game)
    - Returns
       - EntityReturnImpl(entity=JBrischke.entity.Game, querySpaceUid=<gen:0>, path=JBrischke.entity.Game)
    - QuerySpaces
       - EntityQuerySpaceImpl(uid=<gen:0>, entity=JBrischke.entity.Game)
          - SQL table alias mapping - game0_
          - alias suffix - 0_
          - suffixed key columns - {id1_0_0_}

[DEBUG] 2021-12-07 17:05:51.419 [main] EntityLoader - Static select for entity JBrischke.entity.Game [READ]: select game0_.id as id1_0_0_, game0_.description as descript2_0_0_, game0_.gameURL as gameURL3_0_0_, game0_.name as name4_0_0_ from game game0_ where game0_.id=?
[DEBUG] 2021-12-07 17:05:51.419 [main] Loader - Static select for action ACTION_MERGE on entity JBrischke.entity.Game: select game0_.id as id1_0_0_, game0_.description as descript2_0_0_, game0_.gameURL as gameURL3_0_0_, game0_.name as name4_0_0_ from game game0_ where game0_.id=?
[DEBUG] 2021-12-07 17:05:51.419 [main] Loader - Static select for action ACTION_REFRESH on entity JBrischke.entity.Game: select game0_.id as id1_0_0_, game0_.description as descript2_0_0_, game0_.gameURL as gameURL3_0_0_, game0_.name as name4_0_0_ from game game0_ where game0_.id=?
[DEBUG] 2021-12-07 17:05:51.419 [main] AbstractEntityPersister - Static SQL for entity: JBrischke.entity.User
[DEBUG] 2021-12-07 17:05:51.419 [main] AbstractEntityPersister -  Version select: select id from user where id =?
[DEBUG] 2021-12-07 17:05:51.419 [main] AbstractEntityPersister -  Snapshot select: select user_.id, user_.email as email2_3_, user_.name as name3_3_, user_.username as username4_3_ from user user_ where user_.id=?
[DEBUG] 2021-12-07 17:05:51.419 [main] AbstractEntityPersister -  Insert 0: insert into user (email, name, username, id) values (?, ?, ?, ?)
[DEBUG] 2021-12-07 17:05:51.419 [main] AbstractEntityPersister -  Update 0: update user set email=?, name=?, username=? where id=?
[DEBUG] 2021-12-07 17:05:51.419 [main] AbstractEntityPersister -  Delete 0: delete from user where id=?
[DEBUG] 2021-12-07 17:05:51.419 [main] AbstractEntityPersister -  Identity insert: insert into user (email, name, username) values (?, ?, ?)
[DEBUG] 2021-12-07 17:05:51.420 [main] QuerySpacesImpl - Adding QuerySpace : uid = <gen:0> -> org.hibernate.loader.plan.build.internal.spaces.EntityQuerySpaceImpl@3344d163]
[DEBUG] 2021-12-07 17:05:51.420 [main] MetamodelGraphWalker - Visiting attribute path : email
[DEBUG] 2021-12-07 17:05:51.420 [main] MetamodelGraphWalker - Visiting attribute path : name
[DEBUG] 2021-12-07 17:05:51.420 [main] MetamodelGraphWalker - Visiting attribute path : roles
[DEBUG] 2021-12-07 17:05:51.421 [main] QuerySpacesImpl - Adding QuerySpace : uid = <gen:1> -> org.hibernate.loader.plan.build.internal.spaces.CollectionQuerySpaceImpl@1e495414]
[DEBUG] 2021-12-07 17:05:51.423 [main] QuerySpacesImpl - Adding QuerySpace : uid = <gen:2> -> org.hibernate.loader.plan.build.internal.spaces.EntityQuerySpaceImpl@7dbae40]
[DEBUG] 2021-12-07 17:05:51.426 [main] MetamodelGraphWalker - Visiting attribute path : roles.roleName
[DEBUG] 2021-12-07 17:05:51.426 [main] MetamodelGraphWalker - Visiting attribute path : roles.user
[DEBUG] 2021-12-07 17:05:51.426 [main] MetamodelGraphWalker - Property path deemed to be circular : roles.user
[DEBUG] 2021-12-07 17:05:51.427 [main] MetamodelGraphWalker - Visiting attribute path : roles.userName
[DEBUG] 2021-12-07 17:05:51.427 [main] MetamodelGraphWalker - Visiting attribute path : userName
[DEBUG] 2021-12-07 17:05:51.427 [main] FetchStyleLoadPlanBuildingAssociationVisitationStrategy - Building LoadPlan...
[DEBUG] 2021-12-07 17:05:51.427 [main] LoadQueryJoinAndFetchProcessor - processing queryspace <gen:0>
[DEBUG] 2021-12-07 17:05:51.429 [main] LoadPlanTreePrinter - LoadPlan(entity=JBrischke.entity.User)
    - Returns
       - EntityReturnImpl(entity=JBrischke.entity.User, querySpaceUid=<gen:0>, path=JBrischke.entity.User)
          - CollectionAttributeFetchImpl(collection=JBrischke.entity.User.roles, querySpaceUid=<gen:1>, path=JBrischke.entity.User.roles)
             - (collection element) CollectionFetchableElementEntityGraph(entity=JBrischke.entity.Role, querySpaceUid=<gen:2>, path=JBrischke.entity.User.roles.<elements>)
    - QuerySpaces
       - EntityQuerySpaceImpl(uid=<gen:0>, entity=JBrischke.entity.User)
          - SQL table alias mapping - user0_
          - alias suffix - 0_
          - suffixed key columns - {id1_3_0_}
          - JOIN (JoinDefinedByMetadata(roles)) : <gen:0> -> <gen:1>
             - CollectionQuerySpaceImpl(uid=<gen:1>, collection=JBrischke.entity.User.roles)
                - SQL table alias mapping - roles1_
                - alias suffix - 1_
                - suffixed key columns - {user_id4_2_1_}
                - entity-element alias suffix - 2_
                - 2_entity-element suffixed key columns - id1_2_2_
                - JOIN (JoinDefinedByMetadata(elements)) : <gen:1> -> <gen:2>
                   - EntityQuerySpaceImpl(uid=<gen:2>, entity=JBrischke.entity.Role)
                      - SQL table alias mapping - roles1_
                      - alias suffix - 2_
                      - suffixed key columns - {id1_2_2_}

[DEBUG] 2021-12-07 17:05:51.429 [main] EntityLoader - Static select for entity JBrischke.entity.User [NONE]: select user0_.id as id1_3_0_, user0_.email as email2_3_0_, user0_.name as name3_3_0_, user0_.username as username4_3_0_, roles1_.user_id as user_id4_2_1_, roles1_.id as id1_2_1_, roles1_.id as id1_2_2_, roles1_.role_name as role_nam2_2_2_, roles1_.user_id as user_id4_2_2_, roles1_.username as username3_2_2_ from user user0_ left outer join role roles1_ on user0_.id=roles1_.user_id where user0_.id=?
[DEBUG] 2021-12-07 17:05:51.429 [main] QuerySpacesImpl - Adding QuerySpace : uid = <gen:0> -> org.hibernate.loader.plan.build.internal.spaces.EntityQuerySpaceImpl@57ce2898]
[DEBUG] 2021-12-07 17:05:51.430 [main] MetamodelGraphWalker - Visiting attribute path : email
[DEBUG] 2021-12-07 17:05:51.430 [main] MetamodelGraphWalker - Visiting attribute path : name
[DEBUG] 2021-12-07 17:05:51.430 [main] MetamodelGraphWalker - Visiting attribute path : roles
[DEBUG] 2021-12-07 17:05:51.430 [main] QuerySpacesImpl - Adding QuerySpace : uid = <gen:1> -> org.hibernate.loader.plan.build.internal.spaces.CollectionQuerySpaceImpl@2e0ad709]
[DEBUG] 2021-12-07 17:05:51.430 [main] QuerySpacesImpl - Adding QuerySpace : uid = <gen:2> -> org.hibernate.loader.plan.build.internal.spaces.EntityQuerySpaceImpl@1fe8f5e8]
[DEBUG] 2021-12-07 17:05:51.431 [main] MetamodelGraphWalker - Visiting attribute path : roles.roleName
[DEBUG] 2021-12-07 17:05:51.431 [main] MetamodelGraphWalker - Visiting attribute path : roles.user
[DEBUG] 2021-12-07 17:05:51.431 [main] MetamodelGraphWalker - Property path deemed to be circular : roles.user
[DEBUG] 2021-12-07 17:05:51.431 [main] MetamodelGraphWalker - Visiting attribute path : roles.userName
[DEBUG] 2021-12-07 17:05:51.431 [main] MetamodelGraphWalker - Visiting attribute path : userName
[DEBUG] 2021-12-07 17:05:51.433 [main] FetchStyleLoadPlanBuildingAssociationVisitationStrategy - Building LoadPlan...
[DEBUG] 2021-12-07 17:05:51.433 [main] LoadQueryJoinAndFetchProcessor - processing queryspace <gen:0>
[DEBUG] 2021-12-07 17:05:51.434 [main] LoadPlanTreePrinter - LoadPlan(entity=JBrischke.entity.User)
    - Returns
       - EntityReturnImpl(entity=JBrischke.entity.User, querySpaceUid=<gen:0>, path=JBrischke.entity.User)
          - CollectionAttributeFetchImpl(collection=JBrischke.entity.User.roles, querySpaceUid=<gen:1>, path=JBrischke.entity.User.roles)
             - (collection element) CollectionFetchableElementEntityGraph(entity=JBrischke.entity.Role, querySpaceUid=<gen:2>, path=JBrischke.entity.User.roles.<elements>)
    - QuerySpaces
       - EntityQuerySpaceImpl(uid=<gen:0>, entity=JBrischke.entity.User)
          - SQL table alias mapping - user0_
          - alias suffix - 0_
          - suffixed key columns - {id1_3_0_}
          - JOIN (JoinDefinedByMetadata(roles)) : <gen:0> -> <gen:1>
             - CollectionQuerySpaceImpl(uid=<gen:1>, collection=JBrischke.entity.User.roles)
                - SQL table alias mapping - roles1_
                - alias suffix - 1_
                - suffixed key columns - {user_id4_2_1_}
                - entity-element alias suffix - 2_
                - 2_entity-element suffixed key columns - id1_2_2_
                - JOIN (JoinDefinedByMetadata(elements)) : <gen:1> -> <gen:2>
                   - EntityQuerySpaceImpl(uid=<gen:2>, entity=JBrischke.entity.Role)
                      - SQL table alias mapping - roles1_
                      - alias suffix - 2_
                      - suffixed key columns - {id1_2_2_}

[DEBUG] 2021-12-07 17:05:51.435 [main] EntityLoader - Static select for entity JBrischke.entity.User [READ]: select user0_.id as id1_3_0_, user0_.email as email2_3_0_, user0_.name as name3_3_0_, user0_.username as username4_3_0_, roles1_.user_id as user_id4_2_1_, roles1_.id as id1_2_1_, roles1_.id as id1_2_2_, roles1_.role_name as role_nam2_2_2_, roles1_.user_id as user_id4_2_2_, roles1_.username as username3_2_2_ from user user0_ left outer join role roles1_ on user0_.id=roles1_.user_id where user0_.id=?
[DEBUG] 2021-12-07 17:05:51.438 [main] Loader - Static select for action ACTION_MERGE on entity JBrischke.entity.User: select user0_.id as id1_3_1_, user0_.email as email2_3_1_, user0_.name as name3_3_1_, user0_.username as username4_3_1_, roles1_.user_id as user_id4_2_3_, roles1_.id as id1_2_3_, roles1_.id as id1_2_0_, roles1_.role_name as role_nam2_2_0_, roles1_.user_id as user_id4_2_0_, roles1_.username as username3_2_0_ from user user0_ left outer join role roles1_ on user0_.id=roles1_.user_id where user0_.id=?
[DEBUG] 2021-12-07 17:05:51.439 [main] Loader - Static select for action ACTION_REFRESH on entity JBrischke.entity.User: select user0_.id as id1_3_1_, user0_.email as email2_3_1_, user0_.name as name3_3_1_, user0_.username as username4_3_1_, roles1_.user_id as user_id4_2_3_, roles1_.id as id1_2_3_, roles1_.id as id1_2_0_, roles1_.role_name as role_nam2_2_0_, roles1_.user_id as user_id4_2_0_, roles1_.username as username3_2_0_ from user user0_ left outer join role roles1_ on user0_.id=roles1_.user_id where user0_.id=?
[DEBUG] 2021-12-07 17:05:51.443 [main] QuerySpacesImpl - Adding QuerySpace : uid = <gen:0> -> org.hibernate.loader.plan.build.internal.spaces.CollectionQuerySpaceImpl@4f811029]
[DEBUG] 2021-12-07 17:05:51.443 [main] QuerySpacesImpl - Adding QuerySpace : uid = <gen:1> -> org.hibernate.loader.plan.build.internal.spaces.EntityQuerySpaceImpl@7f2b584b]
[DEBUG] 2021-12-07 17:05:51.444 [main] MetamodelGraphWalker - Visiting attribute path : roleName
[DEBUG] 2021-12-07 17:05:51.444 [main] MetamodelGraphWalker - Visiting attribute path : user
[DEBUG] 2021-12-07 17:05:51.444 [main] MetamodelGraphWalker - Property path deemed to be circular : user
[DEBUG] 2021-12-07 17:05:51.446 [main] MetamodelGraphWalker - Visiting attribute path : userName
[DEBUG] 2021-12-07 17:05:51.446 [main] FetchStyleLoadPlanBuildingAssociationVisitationStrategy - Building LoadPlan...
[DEBUG] 2021-12-07 17:05:51.447 [main] LoadQueryJoinAndFetchProcessor - processing queryspace <gen:0>
[DEBUG] 2021-12-07 17:05:51.448 [main] LoadPlanTreePrinter - LoadPlan(collection=JBrischke.entity.User.roles)
    - Returns
       - CollectionReturnImpl(collection=JBrischke.entity.User.roles, querySpaceUid=<gen:0>, path=[JBrischke.entity.User.roles])
          - (collection element) CollectionFetchableElementEntityGraph(entity=JBrischke.entity.Role, querySpaceUid=<gen:1>, path=[JBrischke.entity.User.roles].<elements>)
    - QuerySpaces
       - CollectionQuerySpaceImpl(uid=<gen:0>, collection=JBrischke.entity.User.roles)
          - SQL table alias mapping - roles0_
          - alias suffix - 0_
          - suffixed key columns - {user_id4_2_0_}
          - entity-element alias suffix - 1_
          - 1_entity-element suffixed key columns - id1_2_1_
          - JOIN (JoinDefinedByMetadata(elements)) : <gen:0> -> <gen:1>
             - EntityQuerySpaceImpl(uid=<gen:1>, entity=JBrischke.entity.Role)
                - SQL table alias mapping - roles0_
                - alias suffix - 1_
                - suffixed key columns - {id1_2_1_}

[DEBUG] 2021-12-07 17:05:51.448 [main] CollectionLoader - Static select for collection JBrischke.entity.User.roles: select roles0_.user_id as user_id4_2_0_, roles0_.id as id1_2_0_, roles0_.id as id1_2_1_, roles0_.role_name as role_nam2_2_1_, roles0_.user_id as user_id4_2_1_, roles0_.username as username3_2_1_ from role roles0_ where roles0_.user_id=?
[DEBUG] 2021-12-07 17:05:51.486 [main] SchemaManagementToolCoordinator - No actions specified; doing nothing
[DEBUG] 2021-12-07 17:05:51.486 [main] JtaPlatformInitiator - No JtaPlatform was specified, checking resolver
[DEBUG] 2021-12-07 17:05:51.486 [main] JtaPlatformResolverInitiator - No JtaPlatformResolver was specified, using default [org.hibernate.engine.transaction.jta.platform.internal.StandardJtaPlatformResolver]
[DEBUG] 2021-12-07 17:05:51.496 [main] StandardJtaPlatformResolver - Could not resolve JtaPlatform, using default [org.hibernate.engine.transaction.jta.platform.internal.NoJtaPlatform]
[INFO ] 2021-12-07 17:05:51.496 [main] JtaPlatformInitiator - HHH000490: Using JtaPlatform implementation: [org.hibernate.engine.transaction.jta.platform.internal.NoJtaPlatform]
[DEBUG] 2021-12-07 17:05:51.500 [main] NamedQueryRepository - Checking 0 named HQL queries
[DEBUG] 2021-12-07 17:05:51.500 [main] NamedQueryRepository - Checking 0 named SQL queries
[DEBUG] 2021-12-07 17:05:51.506 [main] SessionFactoryRegistry - Initializing SessionFactoryRegistry : org.hibernate.internal.SessionFactoryRegistry@478967eb
[DEBUG] 2021-12-07 17:05:51.508 [main] SessionFactoryRegistry - Registering SessionFactory: 1c40e3bc-8056-480e-8c33-3fdbbada3950 (<unnamed>)
[DEBUG] 2021-12-07 17:05:51.508 [main] SessionFactoryRegistry - Not binding SessionFactory to JNDI, no JNDI name configured
[DEBUG] 2021-12-07 17:05:51.574 [main] StatisticsInitiator - Statistics initialized [enabled=false]
[DEBUG] 2021-12-07 17:05:51.591 [main] SQL - select game0_.id as id1_0_0_, game0_.description as descript2_0_0_, game0_.gameURL as gameURL3_0_0_, game0_.name as name4_0_0_ from game game0_ where game0_.id=?
[DEBUG] 2021-12-07 17:05:51.615 [main] ResourceRegistryStandardImpl - HHH000387: ResultSet's statement was not registered
[DEBUG] 2021-12-07 17:05:51.615 [main] AbstractLoadPlanBasedEntityLoader - Done entity load : JBrischke.entity.Game#3
[DEBUG] 2021-12-07 17:05:51.615 [main] LogicalConnectionManagedImpl - Initiating JDBC connection release from afterTransaction
[DEBUG] 2021-12-07 17:05:51.620 [main] TransactionImpl - On TransactionImpl creation, JpaCompliance#isJpaTransactionComplianceEnabled == false
[DEBUG] 2021-12-07 17:05:51.621 [main] TransactionImpl - begin
[DEBUG] 2021-12-07 17:05:51.771 [main] CriteriaQueryImpl - Rendered criteria query -> select generatedAlias0 from Game as generatedAlias0
[DEBUG] 2021-12-07 17:05:51.786 [main] QueryTranslatorFactoryInitiator - QueryTranslatorFactory: org.hibernate.hql.internal.ast.ASTQueryTranslatorFactory@2bb717d7
[DEBUG] 2021-12-07 17:05:51.802 [main] QueryTranslatorImpl - parse() - HQL: select generatedAlias0 from JBrischke.entity.Game as generatedAlias0
[DEBUG] 2021-12-07 17:05:51.806 [main] ErrorTracker - throwQueryException() : no errors
[DEBUG] 2021-12-07 17:05:51.815 [main] QueryTranslatorImpl - --- HQL AST ---
 \-[QUERY] Node: 'query'
    \-[SELECT_FROM] Node: 'SELECT_FROM'
       +-[FROM] Node: 'from'
       |  \-[RANGE] Node: 'RANGE'
       |     +-[DOT] Node: '.'
       |     |  +-[DOT] Node: '.'
       |     |  |  +-[IDENT] Node: 'JBrischke'
       |     |  |  \-[IDENT] Node: 'entity'
       |     |  \-[IDENT] Node: 'Game'
       |     \-[ALIAS] Node: 'generatedAlias0'
       \-[SELECT] Node: 'select'
          \-[IDENT] Node: 'generatedAlias0'

[DEBUG] 2021-12-07 17:05:51.831 [main] HqlSqlBaseWalker - select << begin [level=1, statement=select]
[DEBUG] 2021-12-07 17:05:51.846 [main] FromElement - FromClause{level=1} : JBrischke.entity.Game (generatedAlias0) -> game0_
[DEBUG] 2021-12-07 17:05:51.846 [main] FromReferenceNode - Resolved : generatedAlias0 -> game0_.id
[DEBUG] 2021-12-07 17:05:51.847 [main] HqlSqlBaseWalker - select : finishing up [level=1, statement=select]
[DEBUG] 2021-12-07 17:05:51.847 [main] HqlSqlWalker - processQuery() :  ( SELECT ( {select clause} game0_.id ) ( FromClause{level=1} game game0_ ) )
[DEBUG] 2021-12-07 17:05:51.858 [main] JoinProcessor - Using FROM fragment [game game0_]
[DEBUG] 2021-12-07 17:05:51.858 [main] HqlSqlBaseWalker - select >> end [level=1, statement=select]
[DEBUG] 2021-12-07 17:05:51.859 [main] QueryTranslatorImpl - --- SQL AST ---
 \-[SELECT] QueryNode: 'SELECT'  querySpaces (game)
    +-[SELECT_CLAUSE] SelectClause: '{select clause}'
    |  +-[ALIAS_REF] IdentNode: 'game0_.id as id1_0_' {alias=generatedAlias0, className=JBrischke.entity.Game, tableAlias=game0_}
    |  \-[SQL_TOKEN] SqlFragment: 'game0_.description as descript2_0_, game0_.gameURL as gameURL3_0_, game0_.name as name4_0_'
    \-[FROM] FromClause: 'from' FromClause{level=1, fromElementCounter=1, fromElements=1, fromElementByClassAlias=[generatedAlias0], fromElementByTableAlias=[game0_], fromElementsByPath=[], collectionJoinFromElementsByPath=[], impliedElements=[]}
       \-[FROM_FRAGMENT] FromElement: 'game game0_' FromElement{explicit,not a collection join,not a fetch join,fetch non-lazy properties,classAlias=generatedAlias0,role=null,tableName=game,tableAlias=game0_,origin=null,columns={,className=JBrischke.entity.Game}}

[DEBUG] 2021-12-07 17:05:51.859 [main] ErrorTracker - throwQueryException() : no errors
[DEBUG] 2021-12-07 17:05:51.863 [main] QueryTranslatorImpl - HQL: select generatedAlias0 from JBrischke.entity.Game as generatedAlias0
[DEBUG] 2021-12-07 17:05:51.866 [main] QueryTranslatorImpl - SQL: select game0_.id as id1_0_, game0_.description as descript2_0_, game0_.gameURL as gameURL3_0_, game0_.name as name4_0_ from game game0_
[DEBUG] 2021-12-07 17:05:51.868 [main] ErrorTracker - throwQueryException() : no errors
[DEBUG] 2021-12-07 17:05:51.880 [main] SQL - select game0_.id as id1_0_, game0_.description as descript2_0_, game0_.gameURL as gameURL3_0_, game0_.name as name4_0_ from game game0_
[DEBUG] 2021-12-07 17:05:51.887 [main] Loader - Result set row: 0
[DEBUG] 2021-12-07 17:05:51.892 [main] Loader - Result row: EntityKey[JBrischke.entity.Game#88]
[DEBUG] 2021-12-07 17:05:51.898 [main] TwoPhaseLoad - Resolving attributes for [JBrischke.entity.Game#88]
[DEBUG] 2021-12-07 17:05:51.898 [main] TwoPhaseLoad - Processing attribute `description` : value = 
[DEBUG] 2021-12-07 17:05:51.898 [main] TwoPhaseLoad - Attribute (`description`)  - enhanced for lazy-loading? - false
[DEBUG] 2021-12-07 17:05:51.899 [main] TwoPhaseLoad - Processing attribute `gameURL` : value = https://static1.colliderimages.com/wordpress/wp-content/uploads/2021/10/Squid-Game-Games-Ranked.jpg?q=50&fit=contain&w=943&h=472&dpr=1.5
[DEBUG] 2021-12-07 17:05:51.899 [main] TwoPhaseLoad - Attribute (`gameURL`)  - enhanced for lazy-loading? - false
[DEBUG] 2021-12-07 17:05:51.899 [main] TwoPhaseLoad - Processing attribute `name` : value = dsdsa
[DEBUG] 2021-12-07 17:05:51.899 [main] TwoPhaseLoad - Attribute (`name`)  - enhanced for lazy-loading? - false
[DEBUG] 2021-12-07 17:05:51.900 [main] TwoPhaseLoad - Done materializing entity [JBrischke.entity.Game#88]
[DEBUG] 2021-12-07 17:05:51.901 [main] LogicalConnectionManagedImpl - Initiating JDBC connection release from afterTransaction
