[DEBUG] 2021-12-07 17:08:42.590 [main] IntegratorServiceImpl - Adding Integrator [org.hibernate.cfg.beanvalidation.BeanValidationIntegrator].
[DEBUG] 2021-12-07 17:08:42.607 [main] IntegratorServiceImpl - Adding Integrator [org.hibernate.secure.spi.JaccIntegrator].
[DEBUG] 2021-12-07 17:08:42.615 [main] IntegratorServiceImpl - Adding Integrator [org.hibernate.cache.internal.CollectionCacheInvalidator].
[INFO ] 2021-12-07 17:08:42.775 [main] Version - HHH000412: Hibernate Core {5.4.4.Final}
[DEBUG] 2021-12-07 17:08:42.781 [main] Environment - HHH000206: hibernate.properties not found
[DEBUG] 2021-12-07 17:08:43.180 [main] JaxbCfgProcessor - cfg.xml document did not define namespaces; wrapping in custom event reader to introduce namespace information
[DEBUG] 2021-12-07 17:08:43.438 [main] ServiceBinding - Overriding existing service binding [org.hibernate.secure.spi.JaccService]
[DEBUG] 2021-12-07 17:08:43.471 [main] RegionFactoryInitiator - Cannot default RegionFactory based on registered strategies as `[]` RegionFactory strategies were registered
[DEBUG] 2021-12-07 17:08:43.471 [main] RegionFactoryInitiator - Cache region factory : org.hibernate.cache.internal.NoCachingRegionFactory
[INFO ] 2021-12-07 17:08:43.485 [main] Version - HCANN000001: Hibernate Commons Annotations {5.1.0.Final}
[DEBUG] 2021-12-07 17:08:43.513 [main] BasicTypeRegistry - Adding type registration boolean -> org.hibernate.type.BooleanType@71d8cfe7
[DEBUG] 2021-12-07 17:08:43.513 [main] BasicTypeRegistry - Adding type registration boolean -> org.hibernate.type.BooleanType@71d8cfe7
[DEBUG] 2021-12-07 17:08:43.513 [main] BasicTypeRegistry - Adding type registration java.lang.Boolean -> org.hibernate.type.BooleanType@71d8cfe7
[DEBUG] 2021-12-07 17:08:43.513 [main] BasicTypeRegistry - Adding type registration numeric_boolean -> org.hibernate.type.NumericBooleanType@46d63dbb
[DEBUG] 2021-12-07 17:08:43.514 [main] BasicTypeRegistry - Adding type registration true_false -> org.hibernate.type.TrueFalseType@23706db8
[DEBUG] 2021-12-07 17:08:43.514 [main] BasicTypeRegistry - Adding type registration yes_no -> org.hibernate.type.YesNoType@3e48d38
[DEBUG] 2021-12-07 17:08:43.514 [main] BasicTypeRegistry - Adding type registration byte -> org.hibernate.type.ByteType@10fbbdb
[DEBUG] 2021-12-07 17:08:43.515 [main] BasicTypeRegistry - Adding type registration byte -> org.hibernate.type.ByteType@10fbbdb
[DEBUG] 2021-12-07 17:08:43.515 [main] BasicTypeRegistry - Adding type registration java.lang.Byte -> org.hibernate.type.ByteType@10fbbdb
[DEBUG] 2021-12-07 17:08:43.516 [main] BasicTypeRegistry - Adding type registration character -> org.hibernate.type.CharacterType@204e90f7
[DEBUG] 2021-12-07 17:08:43.516 [main] BasicTypeRegistry - Adding type registration char -> org.hibernate.type.CharacterType@204e90f7
[DEBUG] 2021-12-07 17:08:43.516 [main] BasicTypeRegistry - Adding type registration java.lang.Character -> org.hibernate.type.CharacterType@204e90f7
[DEBUG] 2021-12-07 17:08:43.517 [main] BasicTypeRegistry - Adding type registration short -> org.hibernate.type.ShortType@e4b6f47
[DEBUG] 2021-12-07 17:08:43.517 [main] BasicTypeRegistry - Adding type registration short -> org.hibernate.type.ShortType@e4b6f47
[DEBUG] 2021-12-07 17:08:43.517 [main] BasicTypeRegistry - Adding type registration java.lang.Short -> org.hibernate.type.ShortType@e4b6f47
[DEBUG] 2021-12-07 17:08:43.546 [main] BasicTypeRegistry - Adding type registration integer -> org.hibernate.type.IntegerType@173797f0
[DEBUG] 2021-12-07 17:08:43.546 [main] BasicTypeRegistry - Adding type registration int -> org.hibernate.type.IntegerType@173797f0
[DEBUG] 2021-12-07 17:08:43.546 [main] BasicTypeRegistry - Adding type registration java.lang.Integer -> org.hibernate.type.IntegerType@173797f0
[DEBUG] 2021-12-07 17:08:43.549 [main] BasicTypeRegistry - Adding type registration long -> org.hibernate.type.LongType@33d53216
[DEBUG] 2021-12-07 17:08:43.549 [main] BasicTypeRegistry - Adding type registration long -> org.hibernate.type.LongType@33d53216
[DEBUG] 2021-12-07 17:08:43.549 [main] BasicTypeRegistry - Adding type registration java.lang.Long -> org.hibernate.type.LongType@33d53216
[DEBUG] 2021-12-07 17:08:43.549 [main] BasicTypeRegistry - Adding type registration float -> org.hibernate.type.FloatType@1d0a61c8
[DEBUG] 2021-12-07 17:08:43.549 [main] BasicTypeRegistry - Adding type registration float -> org.hibernate.type.FloatType@1d0a61c8
[DEBUG] 2021-12-07 17:08:43.557 [main] BasicTypeRegistry - Adding type registration java.lang.Float -> org.hibernate.type.FloatType@1d0a61c8
[DEBUG] 2021-12-07 17:08:43.561 [main] BasicTypeRegistry - Adding type registration double -> org.hibernate.type.DoubleType@47fbc56
[DEBUG] 2021-12-07 17:08:43.561 [main] BasicTypeRegistry - Adding type registration double -> org.hibernate.type.DoubleType@47fbc56
[DEBUG] 2021-12-07 17:08:43.562 [main] BasicTypeRegistry - Adding type registration java.lang.Double -> org.hibernate.type.DoubleType@47fbc56
[DEBUG] 2021-12-07 17:08:43.562 [main] BasicTypeRegistry - Adding type registration big_decimal -> org.hibernate.type.BigDecimalType@64f16277
[DEBUG] 2021-12-07 17:08:43.565 [main] BasicTypeRegistry - Adding type registration java.math.BigDecimal -> org.hibernate.type.BigDecimalType@64f16277
[DEBUG] 2021-12-07 17:08:43.570 [main] BasicTypeRegistry - Adding type registration big_integer -> org.hibernate.type.BigIntegerType@26d96e5
[DEBUG] 2021-12-07 17:08:43.570 [main] BasicTypeRegistry - Adding type registration java.math.BigInteger -> org.hibernate.type.BigIntegerType@26d96e5
[DEBUG] 2021-12-07 17:08:43.570 [main] BasicTypeRegistry - Adding type registration string -> org.hibernate.type.StringType@38af1bf6
[DEBUG] 2021-12-07 17:08:43.577 [main] BasicTypeRegistry - Adding type registration java.lang.String -> org.hibernate.type.StringType@38af1bf6
[DEBUG] 2021-12-07 17:08:43.577 [main] BasicTypeRegistry - Adding type registration nstring -> org.hibernate.type.StringNVarcharType@7a0f244f
[DEBUG] 2021-12-07 17:08:43.578 [main] BasicTypeRegistry - Adding type registration ncharacter -> org.hibernate.type.CharacterNCharType@4defd42
[DEBUG] 2021-12-07 17:08:43.578 [main] BasicTypeRegistry - Adding type registration url -> org.hibernate.type.UrlType@40e60ece
[DEBUG] 2021-12-07 17:08:43.578 [main] BasicTypeRegistry - Adding type registration java.net.URL -> org.hibernate.type.UrlType@40e60ece
[DEBUG] 2021-12-07 17:08:43.589 [main] BasicTypeRegistry - Adding type registration Duration -> org.hibernate.type.DurationType@4893b344
[DEBUG] 2021-12-07 17:08:43.589 [main] BasicTypeRegistry - Adding type registration java.time.Duration -> org.hibernate.type.DurationType@4893b344
[DEBUG] 2021-12-07 17:08:43.596 [main] BasicTypeRegistry - Adding type registration Instant -> org.hibernate.type.InstantType@5fbdc49b
[DEBUG] 2021-12-07 17:08:43.596 [main] BasicTypeRegistry - Adding type registration java.time.Instant -> org.hibernate.type.InstantType@5fbdc49b
[DEBUG] 2021-12-07 17:08:43.599 [main] BasicTypeRegistry - Adding type registration LocalDateTime -> org.hibernate.type.LocalDateTimeType@285f38f6
[DEBUG] 2021-12-07 17:08:43.599 [main] BasicTypeRegistry - Adding type registration java.time.LocalDateTime -> org.hibernate.type.LocalDateTimeType@285f38f6
[DEBUG] 2021-12-07 17:08:43.600 [main] BasicTypeRegistry - Adding type registration LocalDate -> org.hibernate.type.LocalDateType@36fc05ff
[DEBUG] 2021-12-07 17:08:43.600 [main] BasicTypeRegistry - Adding type registration java.time.LocalDate -> org.hibernate.type.LocalDateType@36fc05ff
[DEBUG] 2021-12-07 17:08:43.601 [main] BasicTypeRegistry - Adding type registration LocalTime -> org.hibernate.type.LocalTimeType@21ac5eb4
[DEBUG] 2021-12-07 17:08:43.601 [main] BasicTypeRegistry - Adding type registration java.time.LocalTime -> org.hibernate.type.LocalTimeType@21ac5eb4
[DEBUG] 2021-12-07 17:08:43.602 [main] BasicTypeRegistry - Adding type registration OffsetDateTime -> org.hibernate.type.OffsetDateTimeType@2a685eba
[DEBUG] 2021-12-07 17:08:43.603 [main] BasicTypeRegistry - Adding type registration java.time.OffsetDateTime -> org.hibernate.type.OffsetDateTimeType@2a685eba
[DEBUG] 2021-12-07 17:08:43.611 [main] BasicTypeRegistry - Adding type registration OffsetTime -> org.hibernate.type.OffsetTimeType@77d680e6
[DEBUG] 2021-12-07 17:08:43.611 [main] BasicTypeRegistry - Adding type registration java.time.OffsetTime -> org.hibernate.type.OffsetTimeType@77d680e6
[DEBUG] 2021-12-07 17:08:43.612 [main] BasicTypeRegistry - Adding type registration ZonedDateTime -> org.hibernate.type.ZonedDateTimeType@37b57b54
[DEBUG] 2021-12-07 17:08:43.612 [main] BasicTypeRegistry - Adding type registration java.time.ZonedDateTime -> org.hibernate.type.ZonedDateTimeType@37b57b54
[DEBUG] 2021-12-07 17:08:43.613 [main] BasicTypeRegistry - Adding type registration date -> org.hibernate.type.DateType@154bd49b
[DEBUG] 2021-12-07 17:08:43.613 [main] BasicTypeRegistry - Adding type registration java.sql.Date -> org.hibernate.type.DateType@154bd49b
[DEBUG] 2021-12-07 17:08:43.613 [main] BasicTypeRegistry - Adding type registration time -> org.hibernate.type.TimeType@472698d
[DEBUG] 2021-12-07 17:08:43.613 [main] BasicTypeRegistry - Adding type registration java.sql.Time -> org.hibernate.type.TimeType@472698d
[DEBUG] 2021-12-07 17:08:43.614 [main] BasicTypeRegistry - Adding type registration timestamp -> org.hibernate.type.TimestampType@6137cf6e
[DEBUG] 2021-12-07 17:08:43.614 [main] BasicTypeRegistry - Adding type registration java.sql.Timestamp -> org.hibernate.type.TimestampType@6137cf6e
[DEBUG] 2021-12-07 17:08:43.614 [main] BasicTypeRegistry - Adding type registration java.util.Date -> org.hibernate.type.TimestampType@6137cf6e
[DEBUG] 2021-12-07 17:08:43.615 [main] BasicTypeRegistry - Adding type registration dbtimestamp -> org.hibernate.type.DbTimestampType@33a3c44a
[DEBUG] 2021-12-07 17:08:43.618 [main] BasicTypeRegistry - Adding type registration calendar -> org.hibernate.type.CalendarType@5b051a5c
[DEBUG] 2021-12-07 17:08:43.619 [main] BasicTypeRegistry - Adding type registration java.util.Calendar -> org.hibernate.type.CalendarType@5b051a5c
[DEBUG] 2021-12-07 17:08:43.619 [main] BasicTypeRegistry - Adding type registration java.util.GregorianCalendar -> org.hibernate.type.CalendarType@5b051a5c
[DEBUG] 2021-12-07 17:08:43.619 [main] BasicTypeRegistry - Adding type registration calendar_date -> org.hibernate.type.CalendarDateType@6e33fcae
[DEBUG] 2021-12-07 17:08:43.620 [main] BasicTypeRegistry - Adding type registration locale -> org.hibernate.type.LocaleType@27e5b378
[DEBUG] 2021-12-07 17:08:43.620 [main] BasicTypeRegistry - Adding type registration java.util.Locale -> org.hibernate.type.LocaleType@27e5b378
[DEBUG] 2021-12-07 17:08:43.621 [main] BasicTypeRegistry - Adding type registration currency -> org.hibernate.type.CurrencyType@1a87b51
[DEBUG] 2021-12-07 17:08:43.621 [main] BasicTypeRegistry - Adding type registration java.util.Currency -> org.hibernate.type.CurrencyType@1a87b51
[DEBUG] 2021-12-07 17:08:43.621 [main] BasicTypeRegistry - Adding type registration timezone -> org.hibernate.type.TimeZoneType@11b455e5
[DEBUG] 2021-12-07 17:08:43.621 [main] BasicTypeRegistry - Adding type registration java.util.TimeZone -> org.hibernate.type.TimeZoneType@11b455e5
[DEBUG] 2021-12-07 17:08:43.622 [main] BasicTypeRegistry - Adding type registration class -> org.hibernate.type.ClassType@64524dd
[DEBUG] 2021-12-07 17:08:43.622 [main] BasicTypeRegistry - Adding type registration java.lang.Class -> org.hibernate.type.ClassType@64524dd
[DEBUG] 2021-12-07 17:08:43.622 [main] BasicTypeRegistry - Adding type registration uuid-binary -> org.hibernate.type.UUIDBinaryType@70f822e
[DEBUG] 2021-12-07 17:08:43.622 [main] BasicTypeRegistry - Adding type registration java.util.UUID -> org.hibernate.type.UUIDBinaryType@70f822e
[DEBUG] 2021-12-07 17:08:43.623 [main] BasicTypeRegistry - Adding type registration uuid-char -> org.hibernate.type.UUIDCharType@17a703f5
[DEBUG] 2021-12-07 17:08:43.624 [main] BasicTypeRegistry - Adding type registration binary -> org.hibernate.type.BinaryType@5fe7f967
[DEBUG] 2021-12-07 17:08:43.624 [main] BasicTypeRegistry - Adding type registration byte[] -> org.hibernate.type.BinaryType@5fe7f967
[DEBUG] 2021-12-07 17:08:43.624 [main] BasicTypeRegistry - Adding type registration [B -> org.hibernate.type.BinaryType@5fe7f967
[DEBUG] 2021-12-07 17:08:43.628 [main] BasicTypeRegistry - Adding type registration wrapper-binary -> org.hibernate.type.WrapperBinaryType@5e8cda75
[DEBUG] 2021-12-07 17:08:43.628 [main] BasicTypeRegistry - Adding type registration Byte[] -> org.hibernate.type.WrapperBinaryType@5e8cda75
[DEBUG] 2021-12-07 17:08:43.630 [main] BasicTypeRegistry - Adding type registration [Ljava.lang.Byte; -> org.hibernate.type.WrapperBinaryType@5e8cda75
[DEBUG] 2021-12-07 17:08:43.631 [main] BasicTypeRegistry - Adding type registration row_version -> org.hibernate.type.RowVersionType@222afc67
[DEBUG] 2021-12-07 17:08:43.631 [main] BasicTypeRegistry - Adding type registration image -> org.hibernate.type.ImageType@149debbb
[DEBUG] 2021-12-07 17:08:43.632 [main] BasicTypeRegistry - Adding type registration characters -> org.hibernate.type.CharArrayType@131ff6fa
[DEBUG] 2021-12-07 17:08:43.634 [main] BasicTypeRegistry - Adding type registration char[] -> org.hibernate.type.CharArrayType@131ff6fa
[DEBUG] 2021-12-07 17:08:43.634 [main] BasicTypeRegistry - Adding type registration [C -> org.hibernate.type.CharArrayType@131ff6fa
[DEBUG] 2021-12-07 17:08:43.635 [main] BasicTypeRegistry - Adding type registration wrapper-characters -> org.hibernate.type.CharacterArrayType@63411512
[DEBUG] 2021-12-07 17:08:43.635 [main] BasicTypeRegistry - Adding type registration [Ljava.lang.Character; -> org.hibernate.type.CharacterArrayType@63411512
[DEBUG] 2021-12-07 17:08:43.635 [main] BasicTypeRegistry - Adding type registration Character[] -> org.hibernate.type.CharacterArrayType@63411512
[DEBUG] 2021-12-07 17:08:43.635 [main] BasicTypeRegistry - Adding type registration text -> org.hibernate.type.TextType@6ba30587
[DEBUG] 2021-12-07 17:08:43.635 [main] BasicTypeRegistry - Adding type registration ntext -> org.hibernate.type.NTextType@2eadc9f6
[DEBUG] 2021-12-07 17:08:43.636 [main] BasicTypeRegistry - Adding type registration blob -> org.hibernate.type.BlobType@602ae7b6
[DEBUG] 2021-12-07 17:08:43.636 [main] BasicTypeRegistry - Adding type registration java.sql.Blob -> org.hibernate.type.BlobType@602ae7b6
[DEBUG] 2021-12-07 17:08:43.636 [main] BasicTypeRegistry - Adding type registration materialized_blob -> org.hibernate.type.MaterializedBlobType@700f518a
[DEBUG] 2021-12-07 17:08:43.637 [main] BasicTypeRegistry - Adding type registration clob -> org.hibernate.type.ClobType@ef1695a
[DEBUG] 2021-12-07 17:08:43.637 [main] BasicTypeRegistry - Adding type registration java.sql.Clob -> org.hibernate.type.ClobType@ef1695a
[DEBUG] 2021-12-07 17:08:43.642 [main] BasicTypeRegistry - Adding type registration nclob -> org.hibernate.type.NClobType@4d8286c4
[DEBUG] 2021-12-07 17:08:43.642 [main] BasicTypeRegistry - Adding type registration java.sql.NClob -> org.hibernate.type.NClobType@4d8286c4
[DEBUG] 2021-12-07 17:08:43.643 [main] BasicTypeRegistry - Adding type registration materialized_clob -> org.hibernate.type.MaterializedClobType@6778aea6
[DEBUG] 2021-12-07 17:08:43.643 [main] BasicTypeRegistry - Adding type registration materialized_nclob -> org.hibernate.type.MaterializedNClobType@5853495b
[DEBUG] 2021-12-07 17:08:43.644 [main] BasicTypeRegistry - Adding type registration serializable -> org.hibernate.type.SerializableType@84487f4
[DEBUG] 2021-12-07 17:08:43.649 [main] BasicTypeRegistry - Adding type registration object -> org.hibernate.type.ObjectType@79d9214d
[DEBUG] 2021-12-07 17:08:43.649 [main] BasicTypeRegistry - Adding type registration java.lang.Object -> org.hibernate.type.ObjectType@79d9214d
[DEBUG] 2021-12-07 17:08:43.649 [main] BasicTypeRegistry - Adding type registration imm_date -> org.hibernate.type.AdaptedImmutableType@57402ba1
[DEBUG] 2021-12-07 17:08:43.649 [main] BasicTypeRegistry - Adding type registration imm_time -> org.hibernate.type.AdaptedImmutableType@56913163
[DEBUG] 2021-12-07 17:08:43.650 [main] BasicTypeRegistry - Adding type registration imm_timestamp -> org.hibernate.type.AdaptedImmutableType@702b06fb
[DEBUG] 2021-12-07 17:08:43.652 [main] BasicTypeRegistry - Adding type registration imm_dbtimestamp -> org.hibernate.type.AdaptedImmutableType@a18649a
[DEBUG] 2021-12-07 17:08:43.652 [main] BasicTypeRegistry - Adding type registration imm_calendar -> org.hibernate.type.AdaptedImmutableType@5c534b5b
[DEBUG] 2021-12-07 17:08:43.652 [main] BasicTypeRegistry - Adding type registration imm_calendar_date -> org.hibernate.type.AdaptedImmutableType@396639b
[DEBUG] 2021-12-07 17:08:43.652 [main] BasicTypeRegistry - Adding type registration imm_binary -> org.hibernate.type.AdaptedImmutableType@2b22a1cc
[DEBUG] 2021-12-07 17:08:43.652 [main] BasicTypeRegistry - Adding type registration imm_serializable -> org.hibernate.type.AdaptedImmutableType@62573c86
[DEBUG] 2021-12-07 17:08:43.683 [main] DefaultIdentifierGeneratorFactory - Registering IdentifierGenerator strategy [uuid2] -> [org.hibernate.id.UUIDGenerator]
[DEBUG] 2021-12-07 17:08:43.684 [main] DefaultIdentifierGeneratorFactory - Registering IdentifierGenerator strategy [guid] -> [org.hibernate.id.GUIDGenerator]
[DEBUG] 2021-12-07 17:08:43.684 [main] DefaultIdentifierGeneratorFactory - Registering IdentifierGenerator strategy [uuid] -> [org.hibernate.id.UUIDHexGenerator]
[DEBUG] 2021-12-07 17:08:43.684 [main] DefaultIdentifierGeneratorFactory - Registering IdentifierGenerator strategy [uuid.hex] -> [org.hibernate.id.UUIDHexGenerator]
[DEBUG] 2021-12-07 17:08:43.685 [main] DefaultIdentifierGeneratorFactory - Registering IdentifierGenerator strategy [assigned] -> [org.hibernate.id.Assigned]
[DEBUG] 2021-12-07 17:08:43.686 [main] DefaultIdentifierGeneratorFactory - Registering IdentifierGenerator strategy [identity] -> [org.hibernate.id.IdentityGenerator]
[DEBUG] 2021-12-07 17:08:43.688 [main] DefaultIdentifierGeneratorFactory - Registering IdentifierGenerator strategy [select] -> [org.hibernate.id.SelectGenerator]
[DEBUG] 2021-12-07 17:08:43.692 [main] DefaultIdentifierGeneratorFactory - Registering IdentifierGenerator strategy [sequence] -> [org.hibernate.id.enhanced.SequenceStyleGenerator]
[DEBUG] 2021-12-07 17:08:43.692 [main] DefaultIdentifierGeneratorFactory - Registering IdentifierGenerator strategy [seqhilo] -> [org.hibernate.id.SequenceHiLoGenerator]
[DEBUG] 2021-12-07 17:08:43.693 [main] DefaultIdentifierGeneratorFactory - Registering IdentifierGenerator strategy [increment] -> [org.hibernate.id.IncrementGenerator]
[DEBUG] 2021-12-07 17:08:43.693 [main] DefaultIdentifierGeneratorFactory - Registering IdentifierGenerator strategy [foreign] -> [org.hibernate.id.ForeignGenerator]
[DEBUG] 2021-12-07 17:08:43.693 [main] DefaultIdentifierGeneratorFactory - Registering IdentifierGenerator strategy [sequence-identity] -> [org.hibernate.id.SequenceIdentityGenerator]
[DEBUG] 2021-12-07 17:08:43.693 [main] DefaultIdentifierGeneratorFactory - Registering IdentifierGenerator strategy [enhanced-sequence] -> [org.hibernate.id.enhanced.SequenceStyleGenerator]
[DEBUG] 2021-12-07 17:08:43.694 [main] DefaultIdentifierGeneratorFactory - Registering IdentifierGenerator strategy [enhanced-table] -> [org.hibernate.id.enhanced.TableGenerator]
[INFO ] 2021-12-07 17:08:43.704 [main] C3P0ConnectionProvider - HHH010002: C3P0 using driver: com.mysql.cj.jdbc.Driver at URL: jdbc:mysql://localhost:3306/GameReports
[INFO ] 2021-12-07 17:08:43.704 [main] C3P0ConnectionProvider - HHH10001001: Connection properties: {password=****, user=root}
[INFO ] 2021-12-07 17:08:43.704 [main] C3P0ConnectionProvider - HHH10001003: Autocommit mode: false
[INFO ] 2021-12-07 17:08:43.844 [main] C3P0ConnectionProvider - HHH10001007: JDBC isolation level: <unknown>
[DEBUG] 2021-12-07 17:08:43.987 [main] JdbcEnvironmentInitiator - Database ->
       name : MySQL
    version : 8.0.22
      major : 8
      minor : 0
[DEBUG] 2021-12-07 17:08:43.990 [main] JdbcEnvironmentInitiator - Driver ->
       name : MySQL Connector/J
    version : mysql-connector-java-8.0.16 (Revision: 34cbc6bc61f72836e26327537a432d6db7c77de6)
      major : 8
      minor : 0
[DEBUG] 2021-12-07 17:08:43.990 [main] JdbcEnvironmentInitiator - JDBC version : 4.2
[INFO ] 2021-12-07 17:08:44.039 [main] Dialect - HHH000400: Using dialect: org.hibernate.dialect.MySQL8Dialect
[DEBUG] 2021-12-07 17:08:44.057 [main] IdentifierHelperBuilder - JDBC driver metadata reported database stores quoted identifiers in more than one case
[DEBUG] 2021-12-07 17:08:44.131 [main] IdentifierHelperBuilder - IdentifierCaseStrategy for both quoted and unquoted identifiers was set to the same strategy [MIXED]; that will likely lead to problems in schema update and validation if using quoted identifiers
[DEBUG] 2021-12-07 17:08:44.179 [main] Namespace - Created database namespace [logicalName=Name{catalog=null, schema=null}, physicalName=Name{catalog=null, schema=null}]
[DEBUG] 2021-12-07 17:08:44.187 [main] TypeConfiguration$Scope - Scoping TypeConfiguration [org.hibernate.type.spi.TypeConfiguration@630b6190] to MetadataBuildingContext [org.hibernate.boot.internal.MetadataBuildingContextRootImpl@532e27ab]
[DEBUG] 2021-12-07 17:08:44.237 [main] AnnotationBinder - Binding entity from annotated class: JBrischke.entity.Game
[DEBUG] 2021-12-07 17:08:44.261 [main] Ejb3Column - Binding column: Ejb3DiscriminatorColumn{logicalColumnName'DTYPE', discriminatorTypeName='string'}
[DEBUG] 2021-12-07 17:08:44.267 [main] EntityBinder - Import with entity name Game
[DEBUG] 2021-12-07 17:08:44.272 [main] EntityBinder - Bind entity JBrischke.entity.Game on table game
[DEBUG] 2021-12-07 17:08:44.296 [main] Ejb3Column - Binding column: Ejb3Column{table=org.hibernate.mapping.Table(game), mappingColumn=id, insertable=true, updatable=true, unique=false}
[DEBUG] 2021-12-07 17:08:44.300 [main] PropertyBinder - MetadataSourceProcessor property id with lazy=false
[DEBUG] 2021-12-07 17:08:44.302 [main] AbstractPropertyHolder - Attempting to locate auto-apply AttributeConverter for property [JBrischke.entity.Game:id]
[DEBUG] 2021-12-07 17:08:44.304 [main] SimpleValueBinder - building SimpleValue for id
[DEBUG] 2021-12-07 17:08:44.304 [main] PropertyBinder - Building property id
[DEBUG] 2021-12-07 17:08:44.311 [main] BinderHelper - #makeIdGenerator(org.hibernate.mapping.SimpleValue([org.hibernate.mapping.Column(id)]), id, org.hibernate.id.enhanced.SequenceStyleGenerator, native, ...)
[DEBUG] 2021-12-07 17:08:44.312 [main] Ejb3Column - Binding column: Ejb3Column{table=org.hibernate.mapping.Table(game), mappingColumn=description, insertable=true, updatable=true, unique=false}
[DEBUG] 2021-12-07 17:08:44.313 [main] PropertyBinder - MetadataSourceProcessor property description with lazy=false
[DEBUG] 2021-12-07 17:08:44.313 [main] AbstractPropertyHolder - Attempting to locate auto-apply AttributeConverter for property [JBrischke.entity.Game:description]
[DEBUG] 2021-12-07 17:08:44.313 [main] SimpleValueBinder - building SimpleValue for description
[DEBUG] 2021-12-07 17:08:44.313 [main] PropertyBinder - Building property description
[DEBUG] 2021-12-07 17:08:44.313 [main] Ejb3Column - Binding column: Ejb3Column{table=org.hibernate.mapping.Table(game), mappingColumn=gameURL, insertable=true, updatable=true, unique=false}
[DEBUG] 2021-12-07 17:08:44.313 [main] PropertyBinder - MetadataSourceProcessor property gameURL with lazy=false
[DEBUG] 2021-12-07 17:08:44.313 [main] AbstractPropertyHolder - Attempting to locate auto-apply AttributeConverter for property [JBrischke.entity.Game:gameURL]
[DEBUG] 2021-12-07 17:08:44.313 [main] SimpleValueBinder - building SimpleValue for gameURL
[DEBUG] 2021-12-07 17:08:44.313 [main] PropertyBinder - Building property gameURL
[DEBUG] 2021-12-07 17:08:44.315 [main] Ejb3Column - Binding column: Ejb3Column{table=org.hibernate.mapping.Table(game), mappingColumn=name, insertable=true, updatable=true, unique=false}
[DEBUG] 2021-12-07 17:08:44.315 [main] PropertyBinder - MetadataSourceProcessor property name with lazy=false
[DEBUG] 2021-12-07 17:08:44.315 [main] AbstractPropertyHolder - Attempting to locate auto-apply AttributeConverter for property [JBrischke.entity.Game:name]
[DEBUG] 2021-12-07 17:08:44.317 [main] SimpleValueBinder - building SimpleValue for name
[DEBUG] 2021-12-07 17:08:44.317 [main] PropertyBinder - Building property name
[DEBUG] 2021-12-07 17:08:44.318 [main] AnnotationBinder - Binding entity from annotated class: JBrischke.entity.User
[DEBUG] 2021-12-07 17:08:44.318 [main] Ejb3Column - Binding column: Ejb3DiscriminatorColumn{logicalColumnName'DTYPE', discriminatorTypeName='string'}
[DEBUG] 2021-12-07 17:08:44.318 [main] EntityBinder - Import with entity name User
[DEBUG] 2021-12-07 17:08:44.318 [main] EntityBinder - Bind entity JBrischke.entity.User on table user
[DEBUG] 2021-12-07 17:08:44.328 [main] Ejb3Column - Binding column: Ejb3Column{table=org.hibernate.mapping.Table(user), mappingColumn=id, insertable=true, updatable=true, unique=false}
[DEBUG] 2021-12-07 17:08:44.328 [main] PropertyBinder - MetadataSourceProcessor property user_id with lazy=false
[DEBUG] 2021-12-07 17:08:44.328 [main] AbstractPropertyHolder - Attempting to locate auto-apply AttributeConverter for property [JBrischke.entity.User:user_id]
[DEBUG] 2021-12-07 17:08:44.328 [main] SimpleValueBinder - building SimpleValue for user_id
[DEBUG] 2021-12-07 17:08:44.328 [main] PropertyBinder - Building property user_id
[DEBUG] 2021-12-07 17:08:44.329 [main] BinderHelper - #makeIdGenerator(org.hibernate.mapping.SimpleValue([org.hibernate.mapping.Column(id)]), user_id, org.hibernate.id.enhanced.SequenceStyleGenerator, native, ...)
[DEBUG] 2021-12-07 17:08:44.329 [main] Ejb3Column - Binding column: Ejb3Column{table=org.hibernate.mapping.Table(user), mappingColumn=email, insertable=true, updatable=true, unique=false}
[DEBUG] 2021-12-07 17:08:44.329 [main] PropertyBinder - MetadataSourceProcessor property email with lazy=false
[DEBUG] 2021-12-07 17:08:44.329 [main] AbstractPropertyHolder - Attempting to locate auto-apply AttributeConverter for property [JBrischke.entity.User:email]
[DEBUG] 2021-12-07 17:08:44.329 [main] SimpleValueBinder - building SimpleValue for email
[DEBUG] 2021-12-07 17:08:44.329 [main] PropertyBinder - Building property email
[DEBUG] 2021-12-07 17:08:44.329 [main] Ejb3Column - Binding column: Ejb3Column{table=org.hibernate.mapping.Table(user), mappingColumn=name, insertable=true, updatable=true, unique=false}
[DEBUG] 2021-12-07 17:08:44.329 [main] PropertyBinder - MetadataSourceProcessor property name with lazy=false
[DEBUG] 2021-12-07 17:08:44.329 [main] AbstractPropertyHolder - Attempting to locate auto-apply AttributeConverter for property [JBrischke.entity.User:name]
[DEBUG] 2021-12-07 17:08:44.329 [main] SimpleValueBinder - building SimpleValue for name
[DEBUG] 2021-12-07 17:08:44.329 [main] PropertyBinder - Building property name
[DEBUG] 2021-12-07 17:08:44.330 [main] Ejb3Column - Binding column: Ejb3JoinColumn{logicalColumnName='null', referencedColumn='null', mappedBy='user'}
[DEBUG] 2021-12-07 17:08:44.330 [main] Ejb3Column - Binding column: Ejb3Column{table=org.hibernate.mapping.Table(user), mappingColumn=roles, insertable=true, updatable=true, unique=false}
[DEBUG] 2021-12-07 17:08:44.332 [main] Ejb3Column - Binding column: Ejb3Column{table=org.hibernate.mapping.Table(user), mappingColumn=null, insertable=true, updatable=true, unique=false}
[DEBUG] 2021-12-07 17:08:44.345 [main] Ejb3Column - Binding column: Ejb3Column{table=org.hibernate.mapping.Table(user), mappingColumn=element, insertable=true, updatable=true, unique=false}
[DEBUG] 2021-12-07 17:08:44.345 [main] Ejb3Column - Binding column: Ejb3Column{table=org.hibernate.mapping.Table(user), mappingColumn=roles_KEY, insertable=true, updatable=true, unique=false}
[DEBUG] 2021-12-07 17:08:44.346 [main] Ejb3Column - Binding column: Ejb3JoinColumn{logicalColumnName='roles_KEY', referencedColumn='null', mappedBy='null'}
[DEBUG] 2021-12-07 17:08:44.346 [main] Ejb3Column - Binding column: Ejb3JoinColumn{logicalColumnName='null', referencedColumn='null', mappedBy='user'}
[DEBUG] 2021-12-07 17:08:44.350 [main] Ejb3Column - Binding column: Ejb3JoinColumn{logicalColumnName='null', referencedColumn='null', mappedBy='user'}
[DEBUG] 2021-12-07 17:08:44.350 [main] CollectionBinder - Collection role: JBrischke.entity.User.roles
[DEBUG] 2021-12-07 17:08:44.351 [main] PropertyBinder - Building property roles
[DEBUG] 2021-12-07 17:08:44.352 [main] Ejb3Column - Binding column: Ejb3Column{table=org.hibernate.mapping.Table(user), mappingColumn=username, insertable=true, updatable=true, unique=false}
[DEBUG] 2021-12-07 17:08:44.352 [main] PropertyBinder - MetadataSourceProcessor property userName with lazy=false
[DEBUG] 2021-12-07 17:08:44.352 [main] AbstractPropertyHolder - Attempting to locate auto-apply AttributeConverter for property [JBrischke.entity.User:userName]
[DEBUG] 2021-12-07 17:08:44.352 [main] SimpleValueBinder - building SimpleValue for userName
[DEBUG] 2021-12-07 17:08:44.352 [main] PropertyBinder - Building property userName
[DEBUG] 2021-12-07 17:08:44.354 [main] AnnotationBinder - Binding entity from annotated class: JBrischke.entity.Report
[DEBUG] 2021-12-07 17:08:44.354 [main] Ejb3Column - Binding column: Ejb3DiscriminatorColumn{logicalColumnName'DTYPE', discriminatorTypeName='string'}
[DEBUG] 2021-12-07 17:08:44.354 [main] EntityBinder - Import with entity name Report
[DEBUG] 2021-12-07 17:08:44.355 [main] EntityBinder - Bind entity JBrischke.entity.Report on table report
[DEBUG] 2021-12-07 17:08:44.358 [main] Ejb3Column - Binding column: Ejb3Column{table=org.hibernate.mapping.Table(report), mappingColumn=id, insertable=true, updatable=true, unique=false}
[DEBUG] 2021-12-07 17:08:44.358 [main] PropertyBinder - MetadataSourceProcessor property report_id with lazy=false
[DEBUG] 2021-12-07 17:08:44.358 [main] AbstractPropertyHolder - Attempting to locate auto-apply AttributeConverter for property [JBrischke.entity.Report:report_id]
[DEBUG] 2021-12-07 17:08:44.358 [main] SimpleValueBinder - building SimpleValue for report_id
[DEBUG] 2021-12-07 17:08:44.358 [main] PropertyBinder - Building property report_id
[DEBUG] 2021-12-07 17:08:44.358 [main] BinderHelper - #makeIdGenerator(org.hibernate.mapping.SimpleValue([org.hibernate.mapping.Column(id)]), report_id, org.hibernate.id.enhanced.SequenceStyleGenerator, native, ...)
[DEBUG] 2021-12-07 17:08:44.358 [main] Ejb3Column - Binding column: Ejb3Column{table=org.hibernate.mapping.Table(report), mappingColumn=description, insertable=true, updatable=true, unique=false}
[DEBUG] 2021-12-07 17:08:44.358 [main] PropertyBinder - MetadataSourceProcessor property description with lazy=false
[DEBUG] 2021-12-07 17:08:44.358 [main] AbstractPropertyHolder - Attempting to locate auto-apply AttributeConverter for property [JBrischke.entity.Report:description]
[DEBUG] 2021-12-07 17:08:44.358 [main] SimpleValueBinder - building SimpleValue for description
[DEBUG] 2021-12-07 17:08:44.358 [main] PropertyBinder - Building property description
[DEBUG] 2021-12-07 17:08:44.358 [main] Ejb3Column - Binding column: Ejb3Column{table=org.hibernate.mapping.Table(report), mappingColumn=hoursPlayed, insertable=true, updatable=true, unique=false}
[DEBUG] 2021-12-07 17:08:44.358 [main] PropertyBinder - MetadataSourceProcessor property hoursPlayed with lazy=false
[DEBUG] 2021-12-07 17:08:44.359 [main] AbstractPropertyHolder - Attempting to locate auto-apply AttributeConverter for property [JBrischke.entity.Report:hoursPlayed]
[DEBUG] 2021-12-07 17:08:44.359 [main] SimpleValueBinder - building SimpleValue for hoursPlayed
[DEBUG] 2021-12-07 17:08:44.359 [main] PropertyBinder - Building property hoursPlayed
[DEBUG] 2021-12-07 17:08:44.359 [main] AnnotationBinder - Binding entity from annotated class: JBrischke.entity.Role
[DEBUG] 2021-12-07 17:08:44.360 [main] Ejb3Column - Binding column: Ejb3DiscriminatorColumn{logicalColumnName'DTYPE', discriminatorTypeName='string'}
[DEBUG] 2021-12-07 17:08:44.361 [main] EntityBinder - Import with entity name Role
[DEBUG] 2021-12-07 17:08:44.361 [main] EntityBinder - Bind entity JBrischke.entity.Role on table role
[DEBUG] 2021-12-07 17:08:44.369 [main] Ejb3Column - Binding column: Ejb3Column{table=org.hibernate.mapping.Table(role), mappingColumn=id, insertable=true, updatable=true, unique=false}
[DEBUG] 2021-12-07 17:08:44.369 [main] PropertyBinder - MetadataSourceProcessor property role_id with lazy=false
[DEBUG] 2021-12-07 17:08:44.369 [main] AbstractPropertyHolder - Attempting to locate auto-apply AttributeConverter for property [JBrischke.entity.Role:role_id]
[DEBUG] 2021-12-07 17:08:44.369 [main] SimpleValueBinder - building SimpleValue for role_id
[DEBUG] 2021-12-07 17:08:44.369 [main] PropertyBinder - Building property role_id
[DEBUG] 2021-12-07 17:08:44.369 [main] BinderHelper - #makeIdGenerator(org.hibernate.mapping.SimpleValue([org.hibernate.mapping.Column(id)]), role_id, org.hibernate.id.enhanced.SequenceStyleGenerator, native, ...)
[DEBUG] 2021-12-07 17:08:44.369 [main] Ejb3Column - Binding column: Ejb3Column{table=org.hibernate.mapping.Table(role), mappingColumn=role_name, insertable=true, updatable=true, unique=false}
[DEBUG] 2021-12-07 17:08:44.369 [main] PropertyBinder - MetadataSourceProcessor property roleName with lazy=false
[DEBUG] 2021-12-07 17:08:44.369 [main] AbstractPropertyHolder - Attempting to locate auto-apply AttributeConverter for property [JBrischke.entity.Role:roleName]
[DEBUG] 2021-12-07 17:08:44.370 [main] SimpleValueBinder - building SimpleValue for roleName
[DEBUG] 2021-12-07 17:08:44.371 [main] PropertyBinder - Building property roleName
[DEBUG] 2021-12-07 17:08:44.371 [main] Ejb3Column - Binding column: Ejb3JoinColumn{logicalColumnName='user_id', referencedColumn='', mappedBy=''}
[DEBUG] 2021-12-07 17:08:44.371 [main] Ejb3Column - Binding column: Ejb3Column{table=org.hibernate.mapping.Table(role), mappingColumn=user, insertable=true, updatable=true, unique=false}
[DEBUG] 2021-12-07 17:08:44.371 [main] PropertyBinder - Building property user
[DEBUG] 2021-12-07 17:08:44.373 [main] Ejb3Column - Binding column: Ejb3Column{table=org.hibernate.mapping.Table(role), mappingColumn=username, insertable=true, updatable=true, unique=false}
[DEBUG] 2021-12-07 17:08:44.374 [main] PropertyBinder - MetadataSourceProcessor property userName with lazy=false
[DEBUG] 2021-12-07 17:08:44.374 [main] AbstractPropertyHolder - Attempting to locate auto-apply AttributeConverter for property [JBrischke.entity.Role:userName]
[DEBUG] 2021-12-07 17:08:44.374 [main] SimpleValueBinder - building SimpleValue for userName
[DEBUG] 2021-12-07 17:08:44.374 [main] PropertyBinder - Building property userName
[DEBUG] 2021-12-07 17:08:44.378 [main] SimpleValueBinder - Starting fillSimpleValue for id
[DEBUG] 2021-12-07 17:08:44.378 [main] SimpleValueBinder - Starting fillSimpleValue for description
[DEBUG] 2021-12-07 17:08:44.378 [main] SimpleValueBinder - Starting fillSimpleValue for gameURL
[DEBUG] 2021-12-07 17:08:44.379 [main] SimpleValueBinder - Starting fillSimpleValue for name
[DEBUG] 2021-12-07 17:08:44.380 [main] SimpleValueBinder - Starting fillSimpleValue for user_id
[DEBUG] 2021-12-07 17:08:44.381 [main] SimpleValueBinder - Starting fillSimpleValue for email
[DEBUG] 2021-12-07 17:08:44.381 [main] SimpleValueBinder - Starting fillSimpleValue for name
[DEBUG] 2021-12-07 17:08:44.381 [main] SimpleValueBinder - Starting fillSimpleValue for userName
[DEBUG] 2021-12-07 17:08:44.381 [main] SimpleValueBinder - Starting fillSimpleValue for report_id
[DEBUG] 2021-12-07 17:08:44.381 [main] SimpleValueBinder - Starting fillSimpleValue for description
[DEBUG] 2021-12-07 17:08:44.381 [main] SimpleValueBinder - Starting fillSimpleValue for hoursPlayed
[DEBUG] 2021-12-07 17:08:44.381 [main] SimpleValueBinder - Starting fillSimpleValue for role_id
[DEBUG] 2021-12-07 17:08:44.381 [main] SimpleValueBinder - Starting fillSimpleValue for roleName
[DEBUG] 2021-12-07 17:08:44.381 [main] SimpleValueBinder - Starting fillSimpleValue for userName
[DEBUG] 2021-12-07 17:08:44.384 [main] PrimaryKey - Forcing column [id] to be non-null as it is part of the primary key for table [game]
[DEBUG] 2021-12-07 17:08:44.384 [main] PrimaryKey - Forcing column [id] to be non-null as it is part of the primary key for table [user]
[DEBUG] 2021-12-07 17:08:44.384 [main] PrimaryKey - Forcing column [id] to be non-null as it is part of the primary key for table [report]
[DEBUG] 2021-12-07 17:08:44.384 [main] PrimaryKey - Forcing column [id] to be non-null as it is part of the primary key for table [role]
[DEBUG] 2021-12-07 17:08:44.384 [main] CollectionSecondPass - Second pass for collection: JBrischke.entity.User.roles
[DEBUG] 2021-12-07 17:08:44.384 [main] CollectionBinder - Binding a OneToMany: JBrischke.entity.User.roles through a foreign key
[DEBUG] 2021-12-07 17:08:44.386 [main] CollectionBinder - Mapping collection: JBrischke.entity.User.roles -> role
[DEBUG] 2021-12-07 17:08:44.387 [main] TableBinder - Retrieving property JBrischke.entity.Role.user
[DEBUG] 2021-12-07 17:08:44.387 [main] CollectionSecondPass - Mapped collection key: user_id, one-to-many: JBrischke.entity.Role
[DEBUG] 2021-12-07 17:08:44.387 [main] InFlightMetadataCollectorImpl - Resolving reference to class: JBrischke.entity.User
[DEBUG] 2021-12-07 17:08:44.388 [main] InFlightMetadataCollectorImpl - Resolving reference to class: JBrischke.entity.User
[DEBUG] 2021-12-07 17:08:44.448 [main] SessionFactoryImpl - Building session factory
[DEBUG] 2021-12-07 17:08:44.452 [main] Settings - SessionFactory name : null
[DEBUG] 2021-12-07 17:08:44.452 [main] Settings - Automatic flush during beforeCompletion(): enabled
[DEBUG] 2021-12-07 17:08:44.452 [main] Settings - Automatic session close at end of transaction: disabled
[DEBUG] 2021-12-07 17:08:44.452 [main] Settings - Statistics: disabled
[DEBUG] 2021-12-07 17:08:44.452 [main] Settings - Deleted entity synthetic identifier rollback: disabled
[DEBUG] 2021-12-07 17:08:44.452 [main] Settings - Default entity-mode: pojo
[DEBUG] 2021-12-07 17:08:44.452 [main] Settings - Check Nullability in Core (should be disabled when Bean Validation is on): enabled
[DEBUG] 2021-12-07 17:08:44.452 [main] Settings - Allow initialization of lazy state outside session : disabled
[DEBUG] 2021-12-07 17:08:44.452 [main] Settings - Using BatchFetchStyle : LEGACY
[DEBUG] 2021-12-07 17:08:44.452 [main] Settings - Default batch fetch size: -1
[DEBUG] 2021-12-07 17:08:44.452 [main] Settings - Maximum outer join fetch depth: 2
[DEBUG] 2021-12-07 17:08:44.452 [main] Settings - Default null ordering: NONE
[DEBUG] 2021-12-07 17:08:44.452 [main] Settings - Order SQL updates by primary key: disabled
[DEBUG] 2021-12-07 17:08:44.452 [main] Settings - Order SQL inserts for batching: disabled
[DEBUG] 2021-12-07 17:08:44.452 [main] Settings - multi-tenancy strategy : NONE
[DEBUG] 2021-12-07 17:08:44.452 [main] Settings - JTA Track by Thread: enabled
[DEBUG] 2021-12-07 17:08:44.452 [main] Settings - Query language substitutions: {}
[DEBUG] 2021-12-07 17:08:44.452 [main] Settings - Named query checking : enabled
[DEBUG] 2021-12-07 17:08:44.453 [main] Settings - Second-level cache: disabled
[DEBUG] 2021-12-07 17:08:44.453 [main] Settings - Second-level query cache: disabled
[DEBUG] 2021-12-07 17:08:44.455 [main] Settings - Second-level query cache factory: null
[DEBUG] 2021-12-07 17:08:44.455 [main] Settings - Second-level cache region prefix: null
[DEBUG] 2021-12-07 17:08:44.455 [main] Settings - Optimize second-level cache for minimal puts: disabled
[DEBUG] 2021-12-07 17:08:44.455 [main] Settings - Structured second-level cache entries: disabled
[DEBUG] 2021-12-07 17:08:44.455 [main] Settings - Second-level cache direct-reference entries: disabled
[DEBUG] 2021-12-07 17:08:44.455 [main] Settings - Automatic eviction of collection cache: disabled
[DEBUG] 2021-12-07 17:08:44.455 [main] Settings - JDBC batch size: 15
[DEBUG] 2021-12-07 17:08:44.455 [main] Settings - JDBC batch updates for versioned data: enabled
[DEBUG] 2021-12-07 17:08:44.455 [main] Settings - Scrollable result sets: enabled
[DEBUG] 2021-12-07 17:08:44.455 [main] Settings - Wrap result sets: disabled
[DEBUG] 2021-12-07 17:08:44.455 [main] Settings - JDBC3 getGeneratedKeys(): enabled
[DEBUG] 2021-12-07 17:08:44.455 [main] Settings - JDBC result set fetch size: null
[DEBUG] 2021-12-07 17:08:44.455 [main] Settings - Connection release mode: AFTER_TRANSACTION
[DEBUG] 2021-12-07 17:08:44.455 [main] Settings - Generate SQL with comments: disabled
[DEBUG] 2021-12-07 17:08:44.455 [main] Settings - JPA compliance - query : 
[DEBUG] 2021-12-07 17:08:44.455 [main] Settings - JPA compliance - closed-handling : 
[DEBUG] 2021-12-07 17:08:44.455 [main] Settings - JPA compliance - lists : 
[DEBUG] 2021-12-07 17:08:44.455 [main] Settings - JPA compliance - transactions : 
[INFO ] 2021-12-07 17:08:44.506 [main] beans - HHH10005002: No explicit CDI BeanManager reference was passed to Hibernate, but CDI is available on the Hibernate ClassLoader.
[DEBUG] 2021-12-07 17:08:44.527 [main] SessionFactoryImpl - Session factory constructed with filter configurations : {}
[DEBUG] 2021-12-07 17:08:44.527 [main] SessionFactoryImpl - Instantiating session factory with properties: {sun.desktop=gnome, awt.toolkit=sun.awt.X11.XToolkit, java.specification.version=11, sun.cpu.isalist=, hibernate.c3p0.idle_test_period=3000, sun.jnu.encoding=UTF-8, hibernate.c3p0.min_size=5, java.class.path=/home/student/intellij/lib/idea_rt.jar:/home/student/intellij/plugins/junit/lib/junit5-rt.jar:/home/student/intellij/plugins/junit/lib/junit-rt.jar:/home/student/RatingsAnonymous/target/test-classes:/home/student/RatingsAnonymous/target/classes:/home/student/.m2/repository/org/hibernate/hibernate-core/5.4.4.Final/hibernate-core-5.4.4.Final.jar:/home/student/.m2/repository/org/jboss/logging/jboss-logging/3.3.2.Final/jboss-logging-3.3.2.Final.jar:/home/student/.m2/repository/javax/persistence/javax.persistence-api/2.2/javax.persistence-api-2.2.jar:/home/student/.m2/repository/org/javassist/javassist/3.24.0-GA/javassist-3.24.0-GA.jar:/home/student/.m2/repository/net/bytebuddy/byte-buddy/1.9.11/byte-buddy-1.9.11.jar:/home/student/.m2/repository/antlr/antlr/2.7.7/antlr-2.7.7.jar:/home/student/.m2/repository/org/jboss/spec/javax/transaction/jboss-transaction-api_1.2_spec/1.1.1.Final/jboss-transaction-api_1.2_spec-1.1.1.Final.jar:/home/student/.m2/repository/org/jboss/jandex/2.0.5.Final/jandex-2.0.5.Final.jar:/home/student/.m2/repository/com/fasterxml/classmate/1.3.4/classmate-1.3.4.jar:/home/student/.m2/repository/javax/activation/javax.activation-api/1.2.0/javax.activation-api-1.2.0.jar:/home/student/.m2/repository/org/dom4j/dom4j/2.1.1/dom4j-2.1.1.jar:/home/student/.m2/repository/org/hibernate/common/hibernate-commons-annotations/5.1.0.Final/hibernate-commons-annotations-5.1.0.Final.jar:/home/student/.m2/repository/javax/xml/bind/jaxb-api/2.3.1/jaxb-api-2.3.1.jar:/home/student/.m2/repository/org/glassfish/jaxb/jaxb-runtime/2.3.1/jaxb-runtime-2.3.1.jar:/home/student/.m2/repository/org/glassfish/jaxb/txw2/2.3.1/txw2-2.3.1.jar:/home/student/.m2/repository/com/sun/istack/istack-commons-runtime/3.0.7/istack-commons-runtime-3.0.7.jar:/home/student/.m2/repository/org/jvnet/staxex/stax-ex/1.8/stax-ex-1.8.jar:/home/student/.m2/repository/com/sun/xml/fastinfoset/FastInfoset/1.2.15/FastInfoset-1.2.15.jar:/home/student/.m2/repository/org/hibernate/hibernate-c3p0/5.4.4.Final/hibernate-c3p0-5.4.4.Final.jar:/home/student/.m2/repository/com/mchange/c3p0/0.9.5.3/c3p0-0.9.5.3.jar:/home/student/.m2/repository/com/mchange/mchange-commons-java/0.2.15/mchange-commons-java-0.2.15.jar:/home/student/.m2/repository/org/apache/logging/log4j/log4j-api/2.10.0/log4j-api-2.10.0.jar:/home/student/.m2/repository/org/apache/logging/log4j/log4j-core/2.10.0/log4j-core-2.10.0.jar:/home/student/.m2/repository/javax/javaee-web-api/7.0/javaee-web-api-7.0.jar:/home/student/.m2/repository/org/junit/platform/junit-platform-runner/1.0.0/junit-platform-runner-1.0.0.jar:/home/student/.m2/repository/org/apiguardian/apiguardian-api/1.0.0/apiguardian-api-1.0.0.jar:/home/student/.m2/repository/org/junit/platform/junit-platform-launcher/1.0.0/junit-platform-launcher-1.0.0.jar:/home/student/.m2/repository/org/junit/platform/junit-platform-suite-api/1.0.0/junit-platform-suite-api-1.0.0.jar:/home/student/.m2/repository/org/junit/platform/junit-platform-commons/1.0.0/junit-platform-commons-1.0.0.jar:/home/student/.m2/repository/org/junit/vintage/junit-vintage-engine/4.12.0/junit-vintage-engine-4.12.0.jar:/home/student/.m2/repository/org/junit/platform/junit-platform-engine/1.0.0/junit-platform-engine-1.0.0.jar:/home/student/.m2/repository/org/opentest4j/opentest4j/1.0.0/opentest4j-1.0.0.jar:/home/student/.m2/repository/org/junit/jupiter/junit-jupiter-engine/5.0.0/junit-jupiter-engine-5.0.0.jar:/home/student/.m2/repository/org/junit/jupiter/junit-jupiter-api/5.0.0/junit-jupiter-api-5.0.0.jar:/home/student/.m2/repository/junit/junit/4.12/junit-4.12.jar:/home/student/.m2/repository/org/hamcrest/hamcrest-core/1.3/hamcrest-core-1.3.jar:/home/student/.m2/repository/jstl/jstl/1.2/jstl-1.2.jar:/home/student/.m2/repository/mysql/mysql-connector-java/8.0.16/mysql-connector-java-8.0.16.jar:/home/student/.m2/repository/com/google/protobuf/protobuf-java/3.6.1/protobuf-java-3.6.1.jar:/home/student/.m2/repository/com/auth0/java-jwt/3.4.1/java-jwt-3.4.1.jar:/home/student/.m2/repository/commons-codec/commons-codec/1.11/commons-codec-1.11.jar:/home/student/.m2/repository/org/json/json/20170516/json-20170516.jar:/home/student/.m2/repository/commons-io/commons-io/2.11.0/commons-io-2.11.0.jar:/home/student/.m2/repository/org/glassfish/jersey/core/jersey-client/2.29.1/jersey-client-2.29.1.jar:/home/student/.m2/repository/jakarta/ws/rs/jakarta.ws.rs-api/2.1.6/jakarta.ws.rs-api-2.1.6.jar:/home/student/.m2/repository/org/glassfish/jersey/core/jersey-common/2.29.1/jersey-common-2.29.1.jar:/home/student/.m2/repository/jakarta/annotation/jakarta.annotation-api/1.3.5/jakarta.annotation-api-1.3.5.jar:/home/student/.m2/repository/org/glassfish/hk2/osgi-resource-locator/1.0.3/osgi-resource-locator-1.0.3.jar:/home/student/.m2/repository/com/sun/activation/jakarta.activation/1.2.1/jakarta.activation-1.2.1.jar:/home/student/.m2/repository/org/glassfish/hk2/external/jakarta.inject/2.6.1/jakarta.inject-2.6.1.jar:/home/student/.m2/repository/org/glassfish/jersey/inject/jersey-hk2/2.29.1/jersey-hk2-2.29.1.jar:/home/student/.m2/repository/org/glassfish/hk2/hk2-locator/2.6.1/hk2-locator-2.6.1.jar:/home/student/.m2/repository/org/glassfish/hk2/external/aopalliance-repackaged/2.6.1/aopalliance-repackaged-2.6.1.jar:/home/student/.m2/repository/org/glassfish/hk2/hk2-api/2.6.1/hk2-api-2.6.1.jar:/home/student/.m2/repository/org/glassfish/hk2/hk2-utils/2.6.1/hk2-utils-2.6.1.jar:/home/student/.m2/repository/com/fasterxml/jackson/core/jackson-core/2.10.0/jackson-core-2.10.0.jar:/home/student/.m2/repository/com/fasterxml/jackson/core/jackson-annotations/2.10.0/jackson-annotations-2.10.0.jar:/home/student/.m2/repository/com/fasterxml/jackson/core/jackson-databind/2.10.0/jackson-databind-2.10.0.jar, java.vm.vendor=Ubuntu, sun.arch.data.model=64, idea.test.cyclic.buffer.size=1048576, java.vendor.url=https://ubuntu.com/, user.timezone=America/Chicago, os.name=Linux, java.vm.specification.version=11, sun.java.launcher=SUN_STANDARD, user.country=US, sun.boot.library.path=/usr/lib/jvm/java-11-openjdk-amd64/lib, sun.java.command=com.intellij.rt.junit.JUnitStarter -ideVersion5 -junit5 JBrischke.entity.GameTest,getAllGames, jdk.debug=release, sun.cpu.endian=little, user.home=/home/student, hibernate.c3p0.max_statements=50, user.language=en, java.specification.vendor=Oracle Corporation, java.version.date=2021-04-20, java.home=/usr/lib/jvm/java-11-openjdk-amd64, file.separator=/, java.vm.compressedOopsMode=32-bit, line.separator=
, hibernate.c3p0.timeout=300, java.specification.name=Java Platform API Specification, java.vm.specification.vendor=Oracle Corporation, java.awt.graphicsenv=sun.awt.X11GraphicsEnvironment, connection.password=student, sun.management.compiler=HotSpot 64-Bit Tiered Compilers, hibernate.c3p0.max_size=20, java.runtime.version=11.0.11+9-Ubuntu-0ubuntu2.20.04, user.name=student, path.separator=:, hibernate.connection.username=****, os.version=5.4.0-91-generic, java.runtime.name=OpenJDK Runtime Environment, hibernate.connection.url=jdbc:mysql://localhost:3306/GameReports, file.encoding=UTF-8, java.vm.name=OpenJDK 64-Bit Server VM, hibernate.connection.driver_class=com.mysql.cj.jdbc.Driver, java.vendor.url.bug=https://bugs.launchpad.net/ubuntu/+source/openjdk-lts, java.io.tmpdir=/tmp, java.version=11.0.11, user.dir=/home/student/RatingsAnonymous, os.arch=amd64, connection.username=root, java.vm.specification.name=Java Virtual Machine Specification, java.awt.printerjob=sun.print.PSPrinterJob, hibernate.connection.password=****, sun.os.patch.level=unknown, connection.driver_class=com.mysql.cj.jdbc.Driver, hibernate.boot.CfgXmlAccessService.key=org.hibernate.boot.cfgxml.spi.LoadedConfig@4978777f, java.library.path=/usr/java/packages/lib:/usr/lib/x86_64-linux-gnu/jni:/lib/x86_64-linux-gnu:/usr/lib/x86_64-linux-gnu:/usr/lib/jni:/lib:/usr/lib, java.vendor=Ubuntu, java.vm.info=mixed mode, sharing, java.vm.version=11.0.11+9-Ubuntu-0ubuntu2.20.04, hibernate.bytecode.use_reflection_optimizer=false, sun.io.unicode.encoding=UnicodeLittle, connection.url=jdbc:mysql://localhost:3306/GameReports, java.class.version=55.0}
[DEBUG] 2021-12-07 17:08:44.570 [main] TypeSafeActivator - Unable to acquire Bean Validation ValidatorFactory, skipping activation
[DEBUG] 2021-12-07 17:08:44.571 [main] JaccIntegrator - Skipping JACC integration as it was not enabled
[DEBUG] 2021-12-07 17:08:44.572 [main] SessionFactoryImpl - Instantiated session factory
[DEBUG] 2021-12-07 17:08:44.573 [main] TypeConfiguration$Scope - Scoping TypeConfiguration [org.hibernate.type.spi.TypeConfiguration@630b6190] to SessionFactoryImpl [org.hibernate.internal.SessionFactoryImpl@306c7bf6]
[DEBUG] 2021-12-07 17:08:44.658 [main] ClassLoaderAccessImpl - Not known whether passed class name [JBrischke.entity.Role] is safe
[DEBUG] 2021-12-07 17:08:44.658 [main] ClassLoaderAccessImpl - No temp ClassLoader provided; using live ClassLoader for loading potentially unsafe class : JBrischke.entity.Role
[DEBUG] 2021-12-07 17:08:44.686 [main] ClassLoaderAccessImpl - Not known whether passed class name [JBrischke.entity.Role] is safe
[DEBUG] 2021-12-07 17:08:44.686 [main] ClassLoaderAccessImpl - No temp ClassLoader provided; using live ClassLoader for loading potentially unsafe class : JBrischke.entity.Role
[DEBUG] 2021-12-07 17:08:45.000 [main] ClassLoaderAccessImpl - Not known whether passed class name [JBrischke.entity.Report] is safe
[DEBUG] 2021-12-07 17:08:45.001 [main] ClassLoaderAccessImpl - No temp ClassLoader provided; using live ClassLoader for loading potentially unsafe class : JBrischke.entity.Report
[DEBUG] 2021-12-07 17:08:45.001 [main] ClassLoaderAccessImpl - Not known whether passed class name [JBrischke.entity.Report] is safe
[DEBUG] 2021-12-07 17:08:45.001 [main] ClassLoaderAccessImpl - No temp ClassLoader provided; using live ClassLoader for loading potentially unsafe class : JBrischke.entity.Report
[DEBUG] 2021-12-07 17:08:45.020 [main] ClassLoaderAccessImpl - Not known whether passed class name [JBrischke.entity.Game] is safe
[DEBUG] 2021-12-07 17:08:45.020 [main] ClassLoaderAccessImpl - No temp ClassLoader provided; using live ClassLoader for loading potentially unsafe class : JBrischke.entity.Game
[DEBUG] 2021-12-07 17:08:45.021 [main] ClassLoaderAccessImpl - Not known whether passed class name [JBrischke.entity.Game] is safe
[DEBUG] 2021-12-07 17:08:45.021 [main] ClassLoaderAccessImpl - No temp ClassLoader provided; using live ClassLoader for loading potentially unsafe class : JBrischke.entity.Game
[DEBUG] 2021-12-07 17:08:45.042 [main] ClassLoaderAccessImpl - Not known whether passed class name [JBrischke.entity.User] is safe
[DEBUG] 2021-12-07 17:08:45.042 [main] ClassLoaderAccessImpl - No temp ClassLoader provided; using live ClassLoader for loading potentially unsafe class : JBrischke.entity.User
[DEBUG] 2021-12-07 17:08:45.043 [main] ClassLoaderAccessImpl - Not known whether passed class name [JBrischke.entity.User] is safe
[DEBUG] 2021-12-07 17:08:45.043 [main] ClassLoaderAccessImpl - No temp ClassLoader provided; using live ClassLoader for loading potentially unsafe class : JBrischke.entity.User
[DEBUG] 2021-12-07 17:08:45.089 [main] AbstractCollectionPersister - Static SQL for collection: JBrischke.entity.User.roles
[DEBUG] 2021-12-07 17:08:45.089 [main] AbstractCollectionPersister -  Row insert: update role set user_id=? where id=?
[DEBUG] 2021-12-07 17:08:45.089 [main] AbstractCollectionPersister -  Row update: update role set  where id=?
[DEBUG] 2021-12-07 17:08:45.089 [main] AbstractCollectionPersister -  Row delete: update role set user_id=null where user_id=? and id=?
[DEBUG] 2021-12-07 17:08:45.089 [main] AbstractCollectionPersister -  One-shot delete: update role set user_id=null where user_id=?
[DEBUG] 2021-12-07 17:08:45.091 [main] AbstractEntityPersister - Static SQL for entity: JBrischke.entity.Role
[DEBUG] 2021-12-07 17:08:45.091 [main] AbstractEntityPersister -  Version select: select id from role where id =?
[DEBUG] 2021-12-07 17:08:45.091 [main] AbstractEntityPersister -  Snapshot select: select role_.id, role_.role_name as role_nam2_2_, role_.user_id as user_id4_2_, role_.username as username3_2_ from role role_ where role_.id=?
[DEBUG] 2021-12-07 17:08:45.091 [main] AbstractEntityPersister -  Insert 0: insert into role (role_name, user_id, username, id) values (?, ?, ?, ?)
[DEBUG] 2021-12-07 17:08:45.091 [main] AbstractEntityPersister -  Update 0: update role set role_name=?, user_id=?, username=? where id=?
[DEBUG] 2021-12-07 17:08:45.091 [main] AbstractEntityPersister -  Delete 0: delete from role where id=?
[DEBUG] 2021-12-07 17:08:45.091 [main] AbstractEntityPersister -  Identity insert: insert into role (role_name, user_id, username) values (?, ?, ?)
[DEBUG] 2021-12-07 17:08:45.113 [main] QuerySpacesImpl - Adding QuerySpace : uid = <gen:0> -> org.hibernate.loader.plan.build.internal.spaces.EntityQuerySpaceImpl@5bfc79cb]
[DEBUG] 2021-12-07 17:08:45.115 [main] MetamodelGraphWalker - Visiting attribute path : roleName
[DEBUG] 2021-12-07 17:08:45.115 [main] MetamodelGraphWalker - Visiting attribute path : user
[DEBUG] 2021-12-07 17:08:45.117 [main] QuerySpacesImpl - Adding QuerySpace : uid = <gen:1> -> org.hibernate.loader.plan.build.internal.spaces.EntityQuerySpaceImpl@44dfdd58]
[DEBUG] 2021-12-07 17:08:45.118 [main] MetamodelGraphWalker - Visiting attribute path : user.email
[DEBUG] 2021-12-07 17:08:45.118 [main] MetamodelGraphWalker - Visiting attribute path : user.name
[DEBUG] 2021-12-07 17:08:45.118 [main] MetamodelGraphWalker - Visiting attribute path : user.roles
[DEBUG] 2021-12-07 17:08:45.118 [main] MetamodelGraphWalker - Property path deemed to be circular : user.roles
[DEBUG] 2021-12-07 17:08:45.119 [main] MetamodelGraphWalker - Visiting attribute path : user.userName
[DEBUG] 2021-12-07 17:08:45.119 [main] MetamodelGraphWalker - Visiting attribute path : userName
[DEBUG] 2021-12-07 17:08:45.119 [main] FetchStyleLoadPlanBuildingAssociationVisitationStrategy - Building LoadPlan...
[DEBUG] 2021-12-07 17:08:45.138 [main] LoadQueryJoinAndFetchProcessor - processing queryspace <gen:0>
[DEBUG] 2021-12-07 17:08:45.149 [main] LoadPlanTreePrinter - LoadPlan(entity=JBrischke.entity.Role)
    - Returns
       - EntityReturnImpl(entity=JBrischke.entity.Role, querySpaceUid=<gen:0>, path=JBrischke.entity.Role)
          - EntityAttributeFetchImpl(entity=JBrischke.entity.User, querySpaceUid=<gen:1>, path=JBrischke.entity.Role.user)
    - QuerySpaces
       - EntityQuerySpaceImpl(uid=<gen:0>, entity=JBrischke.entity.Role)
          - SQL table alias mapping - role0_
          - alias suffix - 0_
          - suffixed key columns - {id1_2_0_}
          - JOIN (JoinDefinedByMetadata(user)) : <gen:0> -> <gen:1>
             - EntityQuerySpaceImpl(uid=<gen:1>, entity=JBrischke.entity.User)
                - SQL table alias mapping - user1_
                - alias suffix - 1_
                - suffixed key columns - {id1_3_1_}

[DEBUG] 2021-12-07 17:08:45.153 [main] EntityLoader - Static select for entity JBrischke.entity.Role [NONE]: select role0_.id as id1_2_0_, role0_.role_name as role_nam2_2_0_, role0_.user_id as user_id4_2_0_, role0_.username as username3_2_0_, user1_.id as id1_3_1_, user1_.email as email2_3_1_, user1_.name as name3_3_1_, user1_.username as username4_3_1_ from role role0_ left outer join user user1_ on role0_.user_id=user1_.id where role0_.id=?
[DEBUG] 2021-12-07 17:08:45.157 [main] QuerySpacesImpl - Adding QuerySpace : uid = <gen:0> -> org.hibernate.loader.plan.build.internal.spaces.EntityQuerySpaceImpl@477523ba]
[DEBUG] 2021-12-07 17:08:45.157 [main] MetamodelGraphWalker - Visiting attribute path : roleName
[DEBUG] 2021-12-07 17:08:45.157 [main] MetamodelGraphWalker - Visiting attribute path : user
[DEBUG] 2021-12-07 17:08:45.158 [main] QuerySpacesImpl - Adding QuerySpace : uid = <gen:1> -> org.hibernate.loader.plan.build.internal.spaces.EntityQuerySpaceImpl@78c74647]
[DEBUG] 2021-12-07 17:08:45.158 [main] MetamodelGraphWalker - Visiting attribute path : user.email
[DEBUG] 2021-12-07 17:08:45.158 [main] MetamodelGraphWalker - Visiting attribute path : user.name
[DEBUG] 2021-12-07 17:08:45.158 [main] MetamodelGraphWalker - Visiting attribute path : user.roles
[DEBUG] 2021-12-07 17:08:45.158 [main] MetamodelGraphWalker - Property path deemed to be circular : user.roles
[DEBUG] 2021-12-07 17:08:45.158 [main] MetamodelGraphWalker - Visiting attribute path : user.userName
[DEBUG] 2021-12-07 17:08:45.158 [main] MetamodelGraphWalker - Visiting attribute path : userName
[DEBUG] 2021-12-07 17:08:45.158 [main] FetchStyleLoadPlanBuildingAssociationVisitationStrategy - Building LoadPlan...
[DEBUG] 2021-12-07 17:08:45.158 [main] LoadQueryJoinAndFetchProcessor - processing queryspace <gen:0>
[DEBUG] 2021-12-07 17:08:45.158 [main] LoadPlanTreePrinter - LoadPlan(entity=JBrischke.entity.Role)
    - Returns
       - EntityReturnImpl(entity=JBrischke.entity.Role, querySpaceUid=<gen:0>, path=JBrischke.entity.Role)
          - EntityAttributeFetchImpl(entity=JBrischke.entity.User, querySpaceUid=<gen:1>, path=JBrischke.entity.Role.user)
    - QuerySpaces
       - EntityQuerySpaceImpl(uid=<gen:0>, entity=JBrischke.entity.Role)
          - SQL table alias mapping - role0_
          - alias suffix - 0_
          - suffixed key columns - {id1_2_0_}
          - JOIN (JoinDefinedByMetadata(user)) : <gen:0> -> <gen:1>
             - EntityQuerySpaceImpl(uid=<gen:1>, entity=JBrischke.entity.User)
                - SQL table alias mapping - user1_
                - alias suffix - 1_
                - suffixed key columns - {id1_3_1_}

[DEBUG] 2021-12-07 17:08:45.159 [main] EntityLoader - Static select for entity JBrischke.entity.Role [READ]: select role0_.id as id1_2_0_, role0_.role_name as role_nam2_2_0_, role0_.user_id as user_id4_2_0_, role0_.username as username3_2_0_, user1_.id as id1_3_1_, user1_.email as email2_3_1_, user1_.name as name3_3_1_, user1_.username as username4_3_1_ from role role0_ left outer join user user1_ on role0_.user_id=user1_.id where role0_.id=?
[DEBUG] 2021-12-07 17:08:45.183 [main] Loader - Static select for action ACTION_MERGE on entity JBrischke.entity.Role: select role0_.id as id1_2_0_, role0_.role_name as role_nam2_2_0_, role0_.user_id as user_id4_2_0_, role0_.username as username3_2_0_ from role role0_ where role0_.id=?
[DEBUG] 2021-12-07 17:08:45.184 [main] Loader - Static select for action ACTION_REFRESH on entity JBrischke.entity.Role: select role0_.id as id1_2_0_, role0_.role_name as role_nam2_2_0_, role0_.user_id as user_id4_2_0_, role0_.username as username3_2_0_ from role role0_ where role0_.id=?
[DEBUG] 2021-12-07 17:08:45.184 [main] AbstractEntityPersister - Static SQL for entity: JBrischke.entity.Report
[DEBUG] 2021-12-07 17:08:45.184 [main] AbstractEntityPersister -  Version select: select id from report where id =?
[DEBUG] 2021-12-07 17:08:45.190 [main] AbstractEntityPersister -  Snapshot select: select report_.id, report_.description as descript2_1_, report_.hoursPlayed as hoursPla3_1_ from report report_ where report_.id=?
[DEBUG] 2021-12-07 17:08:45.190 [main] AbstractEntityPersister -  Insert 0: insert into report (description, hoursPlayed, id) values (?, ?, ?)
[DEBUG] 2021-12-07 17:08:45.190 [main] AbstractEntityPersister -  Update 0: update report set description=?, hoursPlayed=? where id=?
[DEBUG] 2021-12-07 17:08:45.190 [main] AbstractEntityPersister -  Delete 0: delete from report where id=?
[DEBUG] 2021-12-07 17:08:45.190 [main] AbstractEntityPersister -  Identity insert: insert into report (description, hoursPlayed) values (?, ?)
[DEBUG] 2021-12-07 17:08:45.190 [main] QuerySpacesImpl - Adding QuerySpace : uid = <gen:0> -> org.hibernate.loader.plan.build.internal.spaces.EntityQuerySpaceImpl@241b971f]
[DEBUG] 2021-12-07 17:08:45.195 [main] MetamodelGraphWalker - Visiting attribute path : description
[DEBUG] 2021-12-07 17:08:45.195 [main] MetamodelGraphWalker - Visiting attribute path : hoursPlayed
[DEBUG] 2021-12-07 17:08:45.195 [main] FetchStyleLoadPlanBuildingAssociationVisitationStrategy - Building LoadPlan...
[DEBUG] 2021-12-07 17:08:45.195 [main] LoadQueryJoinAndFetchProcessor - processing queryspace <gen:0>
[DEBUG] 2021-12-07 17:08:45.195 [main] LoadPlanTreePrinter - LoadPlan(entity=JBrischke.entity.Report)
    - Returns
       - EntityReturnImpl(entity=JBrischke.entity.Report, querySpaceUid=<gen:0>, path=JBrischke.entity.Report)
    - QuerySpaces
       - EntityQuerySpaceImpl(uid=<gen:0>, entity=JBrischke.entity.Report)
          - SQL table alias mapping - report0_
          - alias suffix - 0_
          - suffixed key columns - {id1_1_0_}

[DEBUG] 2021-12-07 17:08:45.195 [main] EntityLoader - Static select for entity JBrischke.entity.Report [NONE]: select report0_.id as id1_1_0_, report0_.description as descript2_1_0_, report0_.hoursPlayed as hoursPla3_1_0_ from report report0_ where report0_.id=?
[DEBUG] 2021-12-07 17:08:45.195 [main] QuerySpacesImpl - Adding QuerySpace : uid = <gen:0> -> org.hibernate.loader.plan.build.internal.spaces.EntityQuerySpaceImpl@5384ce66]
[DEBUG] 2021-12-07 17:08:45.195 [main] MetamodelGraphWalker - Visiting attribute path : description
[DEBUG] 2021-12-07 17:08:45.195 [main] MetamodelGraphWalker - Visiting attribute path : hoursPlayed
[DEBUG] 2021-12-07 17:08:45.196 [main] FetchStyleLoadPlanBuildingAssociationVisitationStrategy - Building LoadPlan...
[DEBUG] 2021-12-07 17:08:45.196 [main] LoadQueryJoinAndFetchProcessor - processing queryspace <gen:0>
[DEBUG] 2021-12-07 17:08:45.196 [main] LoadPlanTreePrinter - LoadPlan(entity=JBrischke.entity.Report)
    - Returns
       - EntityReturnImpl(entity=JBrischke.entity.Report, querySpaceUid=<gen:0>, path=JBrischke.entity.Report)
    - QuerySpaces
       - EntityQuerySpaceImpl(uid=<gen:0>, entity=JBrischke.entity.Report)
          - SQL table alias mapping - report0_
          - alias suffix - 0_
          - suffixed key columns - {id1_1_0_}

[DEBUG] 2021-12-07 17:08:45.196 [main] EntityLoader - Static select for entity JBrischke.entity.Report [READ]: select report0_.id as id1_1_0_, report0_.description as descript2_1_0_, report0_.hoursPlayed as hoursPla3_1_0_ from report report0_ where report0_.id=?
[DEBUG] 2021-12-07 17:08:45.196 [main] Loader - Static select for action ACTION_MERGE on entity JBrischke.entity.Report: select report0_.id as id1_1_0_, report0_.description as descript2_1_0_, report0_.hoursPlayed as hoursPla3_1_0_ from report report0_ where report0_.id=?
[DEBUG] 2021-12-07 17:08:45.196 [main] Loader - Static select for action ACTION_REFRESH on entity JBrischke.entity.Report: select report0_.id as id1_1_0_, report0_.description as descript2_1_0_, report0_.hoursPlayed as hoursPla3_1_0_ from report report0_ where report0_.id=?
[DEBUG] 2021-12-07 17:08:45.196 [main] AbstractEntityPersister - Static SQL for entity: JBrischke.entity.Game
[DEBUG] 2021-12-07 17:08:45.196 [main] AbstractEntityPersister -  Version select: select id from game where id =?
[DEBUG] 2021-12-07 17:08:45.196 [main] AbstractEntityPersister -  Snapshot select: select game_.id, game_.description as descript2_0_, game_.gameURL as gameURL3_0_, game_.name as name4_0_ from game game_ where game_.id=?
[DEBUG] 2021-12-07 17:08:45.196 [main] AbstractEntityPersister -  Insert 0: insert into game (description, gameURL, name, id) values (?, ?, ?, ?)
[DEBUG] 2021-12-07 17:08:45.196 [main] AbstractEntityPersister -  Update 0: update game set description=?, gameURL=?, name=? where id=?
[DEBUG] 2021-12-07 17:08:45.196 [main] AbstractEntityPersister -  Delete 0: delete from game where id=?
[DEBUG] 2021-12-07 17:08:45.196 [main] AbstractEntityPersister -  Identity insert: insert into game (description, gameURL, name) values (?, ?, ?)
[DEBUG] 2021-12-07 17:08:45.196 [main] QuerySpacesImpl - Adding QuerySpace : uid = <gen:0> -> org.hibernate.loader.plan.build.internal.spaces.EntityQuerySpaceImpl@13192275]
[DEBUG] 2021-12-07 17:08:45.197 [main] MetamodelGraphWalker - Visiting attribute path : description
[DEBUG] 2021-12-07 17:08:45.197 [main] MetamodelGraphWalker - Visiting attribute path : gameURL
[DEBUG] 2021-12-07 17:08:45.197 [main] MetamodelGraphWalker - Visiting attribute path : name
[DEBUG] 2021-12-07 17:08:45.197 [main] FetchStyleLoadPlanBuildingAssociationVisitationStrategy - Building LoadPlan...
[DEBUG] 2021-12-07 17:08:45.197 [main] LoadQueryJoinAndFetchProcessor - processing queryspace <gen:0>
[DEBUG] 2021-12-07 17:08:45.197 [main] LoadPlanTreePrinter - LoadPlan(entity=JBrischke.entity.Game)
    - Returns
       - EntityReturnImpl(entity=JBrischke.entity.Game, querySpaceUid=<gen:0>, path=JBrischke.entity.Game)
    - QuerySpaces
       - EntityQuerySpaceImpl(uid=<gen:0>, entity=JBrischke.entity.Game)
          - SQL table alias mapping - game0_
          - alias suffix - 0_
          - suffixed key columns - {id1_0_0_}

[DEBUG] 2021-12-07 17:08:45.197 [main] EntityLoader - Static select for entity JBrischke.entity.Game [NONE]: select game0_.id as id1_0_0_, game0_.description as descript2_0_0_, game0_.gameURL as gameURL3_0_0_, game0_.name as name4_0_0_ from game game0_ where game0_.id=?
[DEBUG] 2021-12-07 17:08:45.197 [main] QuerySpacesImpl - Adding QuerySpace : uid = <gen:0> -> org.hibernate.loader.plan.build.internal.spaces.EntityQuerySpaceImpl@c9b5a99]
[DEBUG] 2021-12-07 17:08:45.197 [main] MetamodelGraphWalker - Visiting attribute path : description
[DEBUG] 2021-12-07 17:08:45.197 [main] MetamodelGraphWalker - Visiting attribute path : gameURL
[DEBUG] 2021-12-07 17:08:45.197 [main] MetamodelGraphWalker - Visiting attribute path : name
[DEBUG] 2021-12-07 17:08:45.197 [main] FetchStyleLoadPlanBuildingAssociationVisitationStrategy - Building LoadPlan...
[DEBUG] 2021-12-07 17:08:45.197 [main] LoadQueryJoinAndFetchProcessor - processing queryspace <gen:0>
[DEBUG] 2021-12-07 17:08:45.197 [main] LoadPlanTreePrinter - LoadPlan(entity=JBrischke.entity.Game)
    - Returns
       - EntityReturnImpl(entity=JBrischke.entity.Game, querySpaceUid=<gen:0>, path=JBrischke.entity.Game)
    - QuerySpaces
       - EntityQuerySpaceImpl(uid=<gen:0>, entity=JBrischke.entity.Game)
          - SQL table alias mapping - game0_
          - alias suffix - 0_
          - suffixed key columns - {id1_0_0_}

[DEBUG] 2021-12-07 17:08:45.197 [main] EntityLoader - Static select for entity JBrischke.entity.Game [READ]: select game0_.id as id1_0_0_, game0_.description as descript2_0_0_, game0_.gameURL as gameURL3_0_0_, game0_.name as name4_0_0_ from game game0_ where game0_.id=?
[DEBUG] 2021-12-07 17:08:45.199 [main] Loader - Static select for action ACTION_MERGE on entity JBrischke.entity.Game: select game0_.id as id1_0_0_, game0_.description as descript2_0_0_, game0_.gameURL as gameURL3_0_0_, game0_.name as name4_0_0_ from game game0_ where game0_.id=?
[DEBUG] 2021-12-07 17:08:45.199 [main] Loader - Static select for action ACTION_REFRESH on entity JBrischke.entity.Game: select game0_.id as id1_0_0_, game0_.description as descript2_0_0_, game0_.gameURL as gameURL3_0_0_, game0_.name as name4_0_0_ from game game0_ where game0_.id=?
[DEBUG] 2021-12-07 17:08:45.200 [main] AbstractEntityPersister - Static SQL for entity: JBrischke.entity.User
[DEBUG] 2021-12-07 17:08:45.200 [main] AbstractEntityPersister -  Version select: select id from user where id =?
[DEBUG] 2021-12-07 17:08:45.201 [main] AbstractEntityPersister -  Snapshot select: select user_.id, user_.email as email2_3_, user_.name as name3_3_, user_.username as username4_3_ from user user_ where user_.id=?
[DEBUG] 2021-12-07 17:08:45.201 [main] AbstractEntityPersister -  Insert 0: insert into user (email, name, username, id) values (?, ?, ?, ?)
[DEBUG] 2021-12-07 17:08:45.201 [main] AbstractEntityPersister -  Update 0: update user set email=?, name=?, username=? where id=?
[DEBUG] 2021-12-07 17:08:45.201 [main] AbstractEntityPersister -  Delete 0: delete from user where id=?
[DEBUG] 2021-12-07 17:08:45.201 [main] AbstractEntityPersister -  Identity insert: insert into user (email, name, username) values (?, ?, ?)
[DEBUG] 2021-12-07 17:08:45.201 [main] QuerySpacesImpl - Adding QuerySpace : uid = <gen:0> -> org.hibernate.loader.plan.build.internal.spaces.EntityQuerySpaceImpl@2aee0704]
[DEBUG] 2021-12-07 17:08:45.201 [main] MetamodelGraphWalker - Visiting attribute path : email
[DEBUG] 2021-12-07 17:08:45.201 [main] MetamodelGraphWalker - Visiting attribute path : name
[DEBUG] 2021-12-07 17:08:45.201 [main] MetamodelGraphWalker - Visiting attribute path : roles
[DEBUG] 2021-12-07 17:08:45.202 [main] QuerySpacesImpl - Adding QuerySpace : uid = <gen:1> -> org.hibernate.loader.plan.build.internal.spaces.CollectionQuerySpaceImpl@9b367c8]
[DEBUG] 2021-12-07 17:08:45.209 [main] QuerySpacesImpl - Adding QuerySpace : uid = <gen:2> -> org.hibernate.loader.plan.build.internal.spaces.EntityQuerySpaceImpl@482f7af0]
[DEBUG] 2021-12-07 17:08:45.211 [main] MetamodelGraphWalker - Visiting attribute path : roles.roleName
[DEBUG] 2021-12-07 17:08:45.211 [main] MetamodelGraphWalker - Visiting attribute path : roles.user
[DEBUG] 2021-12-07 17:08:45.211 [main] MetamodelGraphWalker - Property path deemed to be circular : roles.user
[DEBUG] 2021-12-07 17:08:45.212 [main] MetamodelGraphWalker - Visiting attribute path : roles.userName
[DEBUG] 2021-12-07 17:08:45.212 [main] MetamodelGraphWalker - Visiting attribute path : userName
[DEBUG] 2021-12-07 17:08:45.212 [main] FetchStyleLoadPlanBuildingAssociationVisitationStrategy - Building LoadPlan...
[DEBUG] 2021-12-07 17:08:45.213 [main] LoadQueryJoinAndFetchProcessor - processing queryspace <gen:0>
[DEBUG] 2021-12-07 17:08:45.215 [main] LoadPlanTreePrinter - LoadPlan(entity=JBrischke.entity.User)
    - Returns
       - EntityReturnImpl(entity=JBrischke.entity.User, querySpaceUid=<gen:0>, path=JBrischke.entity.User)
          - CollectionAttributeFetchImpl(collection=JBrischke.entity.User.roles, querySpaceUid=<gen:1>, path=JBrischke.entity.User.roles)
             - (collection element) CollectionFetchableElementEntityGraph(entity=JBrischke.entity.Role, querySpaceUid=<gen:2>, path=JBrischke.entity.User.roles.<elements>)
    - QuerySpaces
       - EntityQuerySpaceImpl(uid=<gen:0>, entity=JBrischke.entity.User)
          - SQL table alias mapping - user0_
          - alias suffix - 0_
          - suffixed key columns - {id1_3_0_}
          - JOIN (JoinDefinedByMetadata(roles)) : <gen:0> -> <gen:1>
             - CollectionQuerySpaceImpl(uid=<gen:1>, collection=JBrischke.entity.User.roles)
                - SQL table alias mapping - roles1_
                - alias suffix - 1_
                - suffixed key columns - {user_id4_2_1_}
                - entity-element alias suffix - 2_
                - 2_entity-element suffixed key columns - id1_2_2_
                - JOIN (JoinDefinedByMetadata(elements)) : <gen:1> -> <gen:2>
                   - EntityQuerySpaceImpl(uid=<gen:2>, entity=JBrischke.entity.Role)
                      - SQL table alias mapping - roles1_
                      - alias suffix - 2_
                      - suffixed key columns - {id1_2_2_}

[DEBUG] 2021-12-07 17:08:45.215 [main] EntityLoader - Static select for entity JBrischke.entity.User [NONE]: select user0_.id as id1_3_0_, user0_.email as email2_3_0_, user0_.name as name3_3_0_, user0_.username as username4_3_0_, roles1_.user_id as user_id4_2_1_, roles1_.id as id1_2_1_, roles1_.id as id1_2_2_, roles1_.role_name as role_nam2_2_2_, roles1_.user_id as user_id4_2_2_, roles1_.username as username3_2_2_ from user user0_ left outer join role roles1_ on user0_.id=roles1_.user_id where user0_.id=?
[DEBUG] 2021-12-07 17:08:45.215 [main] QuerySpacesImpl - Adding QuerySpace : uid = <gen:0> -> org.hibernate.loader.plan.build.internal.spaces.EntityQuerySpaceImpl@27e44e9c]
[DEBUG] 2021-12-07 17:08:45.217 [main] MetamodelGraphWalker - Visiting attribute path : email
[DEBUG] 2021-12-07 17:08:45.218 [main] MetamodelGraphWalker - Visiting attribute path : name
[DEBUG] 2021-12-07 17:08:45.218 [main] MetamodelGraphWalker - Visiting attribute path : roles
[DEBUG] 2021-12-07 17:08:45.218 [main] QuerySpacesImpl - Adding QuerySpace : uid = <gen:1> -> org.hibernate.loader.plan.build.internal.spaces.CollectionQuerySpaceImpl@1bee0085]
[DEBUG] 2021-12-07 17:08:45.218 [main] QuerySpacesImpl - Adding QuerySpace : uid = <gen:2> -> org.hibernate.loader.plan.build.internal.spaces.EntityQuerySpaceImpl@16e1219f]
[DEBUG] 2021-12-07 17:08:45.218 [main] MetamodelGraphWalker - Visiting attribute path : roles.roleName
[DEBUG] 2021-12-07 17:08:45.218 [main] MetamodelGraphWalker - Visiting attribute path : roles.user
[DEBUG] 2021-12-07 17:08:45.218 [main] MetamodelGraphWalker - Property path deemed to be circular : roles.user
[DEBUG] 2021-12-07 17:08:45.218 [main] MetamodelGraphWalker - Visiting attribute path : roles.userName
[DEBUG] 2021-12-07 17:08:45.218 [main] MetamodelGraphWalker - Visiting attribute path : userName
[DEBUG] 2021-12-07 17:08:45.218 [main] FetchStyleLoadPlanBuildingAssociationVisitationStrategy - Building LoadPlan...
[DEBUG] 2021-12-07 17:08:45.218 [main] LoadQueryJoinAndFetchProcessor - processing queryspace <gen:0>
[DEBUG] 2021-12-07 17:08:45.218 [main] LoadPlanTreePrinter - LoadPlan(entity=JBrischke.entity.User)
    - Returns
       - EntityReturnImpl(entity=JBrischke.entity.User, querySpaceUid=<gen:0>, path=JBrischke.entity.User)
          - CollectionAttributeFetchImpl(collection=JBrischke.entity.User.roles, querySpaceUid=<gen:1>, path=JBrischke.entity.User.roles)
             - (collection element) CollectionFetchableElementEntityGraph(entity=JBrischke.entity.Role, querySpaceUid=<gen:2>, path=JBrischke.entity.User.roles.<elements>)
    - QuerySpaces
       - EntityQuerySpaceImpl(uid=<gen:0>, entity=JBrischke.entity.User)
          - SQL table alias mapping - user0_
          - alias suffix - 0_
          - suffixed key columns - {id1_3_0_}
          - JOIN (JoinDefinedByMetadata(roles)) : <gen:0> -> <gen:1>
             - CollectionQuerySpaceImpl(uid=<gen:1>, collection=JBrischke.entity.User.roles)
                - SQL table alias mapping - roles1_
                - alias suffix - 1_
                - suffixed key columns - {user_id4_2_1_}
                - entity-element alias suffix - 2_
                - 2_entity-element suffixed key columns - id1_2_2_
                - JOIN (JoinDefinedByMetadata(elements)) : <gen:1> -> <gen:2>
                   - EntityQuerySpaceImpl(uid=<gen:2>, entity=JBrischke.entity.Role)
                      - SQL table alias mapping - roles1_
                      - alias suffix - 2_
                      - suffixed key columns - {id1_2_2_}

[DEBUG] 2021-12-07 17:08:45.218 [main] EntityLoader - Static select for entity JBrischke.entity.User [READ]: select user0_.id as id1_3_0_, user0_.email as email2_3_0_, user0_.name as name3_3_0_, user0_.username as username4_3_0_, roles1_.user_id as user_id4_2_1_, roles1_.id as id1_2_1_, roles1_.id as id1_2_2_, roles1_.role_name as role_nam2_2_2_, roles1_.user_id as user_id4_2_2_, roles1_.username as username3_2_2_ from user user0_ left outer join role roles1_ on user0_.id=roles1_.user_id where user0_.id=?
[DEBUG] 2021-12-07 17:08:45.219 [main] Loader - Static select for action ACTION_MERGE on entity JBrischke.entity.User: select user0_.id as id1_3_1_, user0_.email as email2_3_1_, user0_.name as name3_3_1_, user0_.username as username4_3_1_, roles1_.user_id as user_id4_2_3_, roles1_.id as id1_2_3_, roles1_.id as id1_2_0_, roles1_.role_name as role_nam2_2_0_, roles1_.user_id as user_id4_2_0_, roles1_.username as username3_2_0_ from user user0_ left outer join role roles1_ on user0_.id=roles1_.user_id where user0_.id=?
[DEBUG] 2021-12-07 17:08:45.219 [main] Loader - Static select for action ACTION_REFRESH on entity JBrischke.entity.User: select user0_.id as id1_3_1_, user0_.email as email2_3_1_, user0_.name as name3_3_1_, user0_.username as username4_3_1_, roles1_.user_id as user_id4_2_3_, roles1_.id as id1_2_3_, roles1_.id as id1_2_0_, roles1_.role_name as role_nam2_2_0_, roles1_.user_id as user_id4_2_0_, roles1_.username as username3_2_0_ from user user0_ left outer join role roles1_ on user0_.id=roles1_.user_id where user0_.id=?
[DEBUG] 2021-12-07 17:08:45.221 [main] QuerySpacesImpl - Adding QuerySpace : uid = <gen:0> -> org.hibernate.loader.plan.build.internal.spaces.CollectionQuerySpaceImpl@39449465]
[DEBUG] 2021-12-07 17:08:45.221 [main] QuerySpacesImpl - Adding QuerySpace : uid = <gen:1> -> org.hibernate.loader.plan.build.internal.spaces.EntityQuerySpaceImpl@6e3dd5ce]
[DEBUG] 2021-12-07 17:08:45.221 [main] MetamodelGraphWalker - Visiting attribute path : roleName
[DEBUG] 2021-12-07 17:08:45.221 [main] MetamodelGraphWalker - Visiting attribute path : user
[DEBUG] 2021-12-07 17:08:45.221 [main] MetamodelGraphWalker - Property path deemed to be circular : user
[DEBUG] 2021-12-07 17:08:45.221 [main] MetamodelGraphWalker - Visiting attribute path : userName
[DEBUG] 2021-12-07 17:08:45.221 [main] FetchStyleLoadPlanBuildingAssociationVisitationStrategy - Building LoadPlan...
[DEBUG] 2021-12-07 17:08:45.222 [main] LoadQueryJoinAndFetchProcessor - processing queryspace <gen:0>
[DEBUG] 2021-12-07 17:08:45.222 [main] LoadPlanTreePrinter - LoadPlan(collection=JBrischke.entity.User.roles)
    - Returns
       - CollectionReturnImpl(collection=JBrischke.entity.User.roles, querySpaceUid=<gen:0>, path=[JBrischke.entity.User.roles])
          - (collection element) CollectionFetchableElementEntityGraph(entity=JBrischke.entity.Role, querySpaceUid=<gen:1>, path=[JBrischke.entity.User.roles].<elements>)
    - QuerySpaces
       - CollectionQuerySpaceImpl(uid=<gen:0>, collection=JBrischke.entity.User.roles)
          - SQL table alias mapping - roles0_
          - alias suffix - 0_
          - suffixed key columns - {user_id4_2_0_}
          - entity-element alias suffix - 1_
          - 1_entity-element suffixed key columns - id1_2_1_
          - JOIN (JoinDefinedByMetadata(elements)) : <gen:0> -> <gen:1>
             - EntityQuerySpaceImpl(uid=<gen:1>, entity=JBrischke.entity.Role)
                - SQL table alias mapping - roles0_
                - alias suffix - 1_
                - suffixed key columns - {id1_2_1_}

[DEBUG] 2021-12-07 17:08:45.230 [main] CollectionLoader - Static select for collection JBrischke.entity.User.roles: select roles0_.user_id as user_id4_2_0_, roles0_.id as id1_2_0_, roles0_.id as id1_2_1_, roles0_.role_name as role_nam2_2_1_, roles0_.user_id as user_id4_2_1_, roles0_.username as username3_2_1_ from role roles0_ where roles0_.user_id=?
[DEBUG] 2021-12-07 17:08:45.280 [main] SchemaManagementToolCoordinator - No actions specified; doing nothing
[DEBUG] 2021-12-07 17:08:45.280 [main] JtaPlatformInitiator - No JtaPlatform was specified, checking resolver
[DEBUG] 2021-12-07 17:08:45.280 [main] JtaPlatformResolverInitiator - No JtaPlatformResolver was specified, using default [org.hibernate.engine.transaction.jta.platform.internal.StandardJtaPlatformResolver]
[DEBUG] 2021-12-07 17:08:45.289 [main] StandardJtaPlatformResolver - Could not resolve JtaPlatform, using default [org.hibernate.engine.transaction.jta.platform.internal.NoJtaPlatform]
[INFO ] 2021-12-07 17:08:45.289 [main] JtaPlatformInitiator - HHH000490: Using JtaPlatform implementation: [org.hibernate.engine.transaction.jta.platform.internal.NoJtaPlatform]
[DEBUG] 2021-12-07 17:08:45.290 [main] NamedQueryRepository - Checking 0 named HQL queries
[DEBUG] 2021-12-07 17:08:45.290 [main] NamedQueryRepository - Checking 0 named SQL queries
[DEBUG] 2021-12-07 17:08:45.295 [main] SessionFactoryRegistry - Initializing SessionFactoryRegistry : org.hibernate.internal.SessionFactoryRegistry@5882b202
[DEBUG] 2021-12-07 17:08:45.298 [main] SessionFactoryRegistry - Registering SessionFactory: c8af2dc5-23c3-427a-a92b-bcf09c2702a6 (<unnamed>)
[DEBUG] 2021-12-07 17:08:45.298 [main] SessionFactoryRegistry - Not binding SessionFactory to JNDI, no JNDI name configured
[DEBUG] 2021-12-07 17:08:45.375 [main] StatisticsInitiator - Statistics initialized [enabled=false]
[DEBUG] 2021-12-07 17:08:45.399 [main] CriteriaQueryImpl - Rendered criteria query -> select generatedAlias0 from Game as generatedAlias0
[DEBUG] 2021-12-07 17:08:45.428 [main] QueryTranslatorFactoryInitiator - QueryTranslatorFactory: org.hibernate.hql.internal.ast.ASTQueryTranslatorFactory@6a7a1a0d
[DEBUG] 2021-12-07 17:08:45.470 [main] QueryTranslatorImpl - parse() - HQL: select generatedAlias0 from JBrischke.entity.Game as generatedAlias0
[DEBUG] 2021-12-07 17:08:45.476 [main] ErrorTracker - throwQueryException() : no errors
[DEBUG] 2021-12-07 17:08:45.490 [main] QueryTranslatorImpl - --- HQL AST ---
 \-[QUERY] Node: 'query'
    \-[SELECT_FROM] Node: 'SELECT_FROM'
       +-[FROM] Node: 'from'
       |  \-[RANGE] Node: 'RANGE'
       |     +-[DOT] Node: '.'
       |     |  +-[DOT] Node: '.'
       |     |  |  +-[IDENT] Node: 'JBrischke'
       |     |  |  \-[IDENT] Node: 'entity'
       |     |  \-[IDENT] Node: 'Game'
       |     \-[ALIAS] Node: 'generatedAlias0'
       \-[SELECT] Node: 'select'
          \-[IDENT] Node: 'generatedAlias0'

[DEBUG] 2021-12-07 17:08:45.510 [main] HqlSqlBaseWalker - select << begin [level=1, statement=select]
[DEBUG] 2021-12-07 17:08:45.519 [main] FromElement - FromClause{level=1} : JBrischke.entity.Game (generatedAlias0) -> game0_
[DEBUG] 2021-12-07 17:08:45.520 [main] FromReferenceNode - Resolved : generatedAlias0 -> game0_.id
[DEBUG] 2021-12-07 17:08:45.520 [main] HqlSqlBaseWalker - select : finishing up [level=1, statement=select]
[DEBUG] 2021-12-07 17:08:45.521 [main] HqlSqlWalker - processQuery() :  ( SELECT ( {select clause} game0_.id ) ( FromClause{level=1} game game0_ ) )
[DEBUG] 2021-12-07 17:08:45.533 [main] JoinProcessor - Using FROM fragment [game game0_]
[DEBUG] 2021-12-07 17:08:45.533 [main] HqlSqlBaseWalker - select >> end [level=1, statement=select]
[DEBUG] 2021-12-07 17:08:45.534 [main] QueryTranslatorImpl - --- SQL AST ---
 \-[SELECT] QueryNode: 'SELECT'  querySpaces (game)
    +-[SELECT_CLAUSE] SelectClause: '{select clause}'
    |  +-[ALIAS_REF] IdentNode: 'game0_.id as id1_0_' {alias=generatedAlias0, className=JBrischke.entity.Game, tableAlias=game0_}
    |  \-[SQL_TOKEN] SqlFragment: 'game0_.description as descript2_0_, game0_.gameURL as gameURL3_0_, game0_.name as name4_0_'
    \-[FROM] FromClause: 'from' FromClause{level=1, fromElementCounter=1, fromElements=1, fromElementByClassAlias=[generatedAlias0], fromElementByTableAlias=[game0_], fromElementsByPath=[], collectionJoinFromElementsByPath=[], impliedElements=[]}
       \-[FROM_FRAGMENT] FromElement: 'game game0_' FromElement{explicit,not a collection join,not a fetch join,fetch non-lazy properties,classAlias=generatedAlias0,role=null,tableName=game,tableAlias=game0_,origin=null,columns={,className=JBrischke.entity.Game}}

[DEBUG] 2021-12-07 17:08:45.534 [main] ErrorTracker - throwQueryException() : no errors
[DEBUG] 2021-12-07 17:08:45.539 [main] QueryTranslatorImpl - HQL: select generatedAlias0 from JBrischke.entity.Game as generatedAlias0
[DEBUG] 2021-12-07 17:08:45.539 [main] QueryTranslatorImpl - SQL: select game0_.id as id1_0_, game0_.description as descript2_0_, game0_.gameURL as gameURL3_0_, game0_.name as name4_0_ from game game0_
[DEBUG] 2021-12-07 17:08:45.539 [main] ErrorTracker - throwQueryException() : no errors
[DEBUG] 2021-12-07 17:08:45.549 [main] SQL - select game0_.id as id1_0_, game0_.description as descript2_0_, game0_.gameURL as gameURL3_0_, game0_.name as name4_0_ from game game0_
[DEBUG] 2021-12-07 17:08:45.583 [main] Loader - Result set row: 0
[DEBUG] 2021-12-07 17:08:45.585 [main] Loader - Result row: EntityKey[JBrischke.entity.Game#1]
[DEBUG] 2021-12-07 17:08:45.588 [main] Loader - Result set row: 1
[DEBUG] 2021-12-07 17:08:45.589 [main] Loader - Result row: EntityKey[JBrischke.entity.Game#2]
[DEBUG] 2021-12-07 17:08:45.589 [main] Loader - Result set row: 2
[DEBUG] 2021-12-07 17:08:45.590 [main] Loader - Result row: EntityKey[JBrischke.entity.Game#3]
[DEBUG] 2021-12-07 17:08:45.592 [main] TwoPhaseLoad - Resolving attributes for [JBrischke.entity.Game#1]
[DEBUG] 2021-12-07 17:08:45.592 [main] TwoPhaseLoad - Processing attribute `description` : value = Sierra
[DEBUG] 2021-12-07 17:08:45.592 [main] TwoPhaseLoad - Attribute (`description`)  - enhanced for lazy-loading? - false
[DEBUG] 2021-12-07 17:08:45.592 [main] TwoPhaseLoad - Processing attribute `gameURL` : value = https://www.enjpg.com/img/2020/cool-for-boys-4.jpg
[DEBUG] 2021-12-07 17:08:45.592 [main] TwoPhaseLoad - Attribute (`gameURL`)  - enhanced for lazy-loading? - false
[DEBUG] 2021-12-07 17:08:45.592 [main] TwoPhaseLoad - Processing attribute `name` : value = description
[DEBUG] 2021-12-07 17:08:45.592 [main] TwoPhaseLoad - Attribute (`name`)  - enhanced for lazy-loading? - false
[DEBUG] 2021-12-07 17:08:45.593 [main] TwoPhaseLoad - Done materializing entity [JBrischke.entity.Game#1]
[DEBUG] 2021-12-07 17:08:45.593 [main] TwoPhaseLoad - Resolving attributes for [JBrischke.entity.Game#2]
[DEBUG] 2021-12-07 17:08:45.593 [main] TwoPhaseLoad - Processing attribute `description` : value = Sierra
[DEBUG] 2021-12-07 17:08:45.593 [main] TwoPhaseLoad - Attribute (`description`)  - enhanced for lazy-loading? - false
[DEBUG] 2021-12-07 17:08:45.593 [main] TwoPhaseLoad - Processing attribute `gameURL` : value = https://www.enjpg.com/img/2020/cool-for-boys-4.jpg
[DEBUG] 2021-12-07 17:08:45.593 [main] TwoPhaseLoad - Attribute (`gameURL`)  - enhanced for lazy-loading? - false
[DEBUG] 2021-12-07 17:08:45.593 [main] TwoPhaseLoad - Processing attribute `name` : value = description
[DEBUG] 2021-12-07 17:08:45.593 [main] TwoPhaseLoad - Attribute (`name`)  - enhanced for lazy-loading? - false
[DEBUG] 2021-12-07 17:08:45.593 [main] TwoPhaseLoad - Done materializing entity [JBrischke.entity.Game#2]
[DEBUG] 2021-12-07 17:08:45.593 [main] TwoPhaseLoad - Resolving attributes for [JBrischke.entity.Game#3]
[DEBUG] 2021-12-07 17:08:45.593 [main] TwoPhaseLoad - Processing attribute `description` : value = Sierra
[DEBUG] 2021-12-07 17:08:45.593 [main] TwoPhaseLoad - Attribute (`description`)  - enhanced for lazy-loading? - false
[DEBUG] 2021-12-07 17:08:45.593 [main] TwoPhaseLoad - Processing attribute `gameURL` : value = https://www.enjpg.com/img/2020/cool-for-boys-4.jpg
[DEBUG] 2021-12-07 17:08:45.593 [main] TwoPhaseLoad - Attribute (`gameURL`)  - enhanced for lazy-loading? - false
[DEBUG] 2021-12-07 17:08:45.593 [main] TwoPhaseLoad - Processing attribute `name` : value = description
[DEBUG] 2021-12-07 17:08:45.593 [main] TwoPhaseLoad - Attribute (`name`)  - enhanced for lazy-loading? - false
[DEBUG] 2021-12-07 17:08:45.593 [main] TwoPhaseLoad - Done materializing entity [JBrischke.entity.Game#3]
[DEBUG] 2021-12-07 17:08:45.594 [main] LogicalConnectionManagedImpl - Initiating JDBC connection release from afterTransaction
