[DEBUG] 2021-10-17 18:56:26.735 [main] IntegratorServiceImpl - Adding Integrator [org.hibernate.cfg.beanvalidation.BeanValidationIntegrator].
[DEBUG] 2021-10-17 18:56:26.743 [main] IntegratorServiceImpl - Adding Integrator [org.hibernate.secure.spi.JaccIntegrator].
[DEBUG] 2021-10-17 18:56:26.749 [main] IntegratorServiceImpl - Adding Integrator [org.hibernate.cache.internal.CollectionCacheInvalidator].
[INFO ] 2021-10-17 18:56:26.827 [main] Version - HHH000412: Hibernate Core {5.4.4.Final}
[DEBUG] 2021-10-17 18:56:26.830 [main] Environment - HHH000206: hibernate.properties not found
[DEBUG] 2021-10-17 18:56:27.012 [main] JaxbCfgProcessor - cfg.xml document did not define namespaces; wrapping in custom event reader to introduce namespace information
[DEBUG] 2021-10-17 18:56:27.323 [main] ServiceBinding - Overriding existing service binding [org.hibernate.secure.spi.JaccService]
[DEBUG] 2021-10-17 18:56:27.348 [main] RegionFactoryInitiator - Cannot default RegionFactory based on registered strategies as `[]` RegionFactory strategies were registered
[DEBUG] 2021-10-17 18:56:27.349 [main] RegionFactoryInitiator - Cache region factory : org.hibernate.cache.internal.NoCachingRegionFactory
[INFO ] 2021-10-17 18:56:27.369 [main] Version - HCANN000001: Hibernate Commons Annotations {5.1.0.Final}
[DEBUG] 2021-10-17 18:56:27.387 [main] BasicTypeRegistry - Adding type registration boolean -> org.hibernate.type.BooleanType@129fed45
[DEBUG] 2021-10-17 18:56:27.387 [main] BasicTypeRegistry - Adding type registration boolean -> org.hibernate.type.BooleanType@129fed45
[DEBUG] 2021-10-17 18:56:27.388 [main] BasicTypeRegistry - Adding type registration java.lang.Boolean -> org.hibernate.type.BooleanType@129fed45
[DEBUG] 2021-10-17 18:56:27.388 [main] BasicTypeRegistry - Adding type registration numeric_boolean -> org.hibernate.type.NumericBooleanType@11b377c5
[DEBUG] 2021-10-17 18:56:27.388 [main] BasicTypeRegistry - Adding type registration true_false -> org.hibernate.type.TrueFalseType@702c436b
[DEBUG] 2021-10-17 18:56:27.393 [main] BasicTypeRegistry - Adding type registration yes_no -> org.hibernate.type.YesNoType@31d6f3fe
[DEBUG] 2021-10-17 18:56:27.393 [main] BasicTypeRegistry - Adding type registration byte -> org.hibernate.type.ByteType@5c73f672
[DEBUG] 2021-10-17 18:56:27.393 [main] BasicTypeRegistry - Adding type registration byte -> org.hibernate.type.ByteType@5c73f672
[DEBUG] 2021-10-17 18:56:27.394 [main] BasicTypeRegistry - Adding type registration java.lang.Byte -> org.hibernate.type.ByteType@5c73f672
[DEBUG] 2021-10-17 18:56:27.395 [main] BasicTypeRegistry - Adding type registration character -> org.hibernate.type.CharacterType@7a34f66a
[DEBUG] 2021-10-17 18:56:27.395 [main] BasicTypeRegistry - Adding type registration char -> org.hibernate.type.CharacterType@7a34f66a
[DEBUG] 2021-10-17 18:56:27.395 [main] BasicTypeRegistry - Adding type registration java.lang.Character -> org.hibernate.type.CharacterType@7a34f66a
[DEBUG] 2021-10-17 18:56:27.396 [main] BasicTypeRegistry - Adding type registration short -> org.hibernate.type.ShortType@2459319c
[DEBUG] 2021-10-17 18:56:27.397 [main] BasicTypeRegistry - Adding type registration short -> org.hibernate.type.ShortType@2459319c
[DEBUG] 2021-10-17 18:56:27.397 [main] BasicTypeRegistry - Adding type registration java.lang.Short -> org.hibernate.type.ShortType@2459319c
[DEBUG] 2021-10-17 18:56:27.397 [main] BasicTypeRegistry - Adding type registration integer -> org.hibernate.type.IntegerType@7808f638
[DEBUG] 2021-10-17 18:56:27.397 [main] BasicTypeRegistry - Adding type registration int -> org.hibernate.type.IntegerType@7808f638
[DEBUG] 2021-10-17 18:56:27.400 [main] BasicTypeRegistry - Adding type registration java.lang.Integer -> org.hibernate.type.IntegerType@7808f638
[DEBUG] 2021-10-17 18:56:27.400 [main] BasicTypeRegistry - Adding type registration long -> org.hibernate.type.LongType@3db663d0
[DEBUG] 2021-10-17 18:56:27.400 [main] BasicTypeRegistry - Adding type registration long -> org.hibernate.type.LongType@3db663d0
[DEBUG] 2021-10-17 18:56:27.400 [main] BasicTypeRegistry - Adding type registration java.lang.Long -> org.hibernate.type.LongType@3db663d0
[DEBUG] 2021-10-17 18:56:27.407 [main] BasicTypeRegistry - Adding type registration float -> org.hibernate.type.FloatType@5524b72f
[DEBUG] 2021-10-17 18:56:27.407 [main] BasicTypeRegistry - Adding type registration float -> org.hibernate.type.FloatType@5524b72f
[DEBUG] 2021-10-17 18:56:27.407 [main] BasicTypeRegistry - Adding type registration java.lang.Float -> org.hibernate.type.FloatType@5524b72f
[DEBUG] 2021-10-17 18:56:27.408 [main] BasicTypeRegistry - Adding type registration double -> org.hibernate.type.DoubleType@4e6f2bb5
[DEBUG] 2021-10-17 18:56:27.408 [main] BasicTypeRegistry - Adding type registration double -> org.hibernate.type.DoubleType@4e6f2bb5
[DEBUG] 2021-10-17 18:56:27.408 [main] BasicTypeRegistry - Adding type registration java.lang.Double -> org.hibernate.type.DoubleType@4e6f2bb5
[DEBUG] 2021-10-17 18:56:27.408 [main] BasicTypeRegistry - Adding type registration big_decimal -> org.hibernate.type.BigDecimalType@6cd166b8
[DEBUG] 2021-10-17 18:56:27.409 [main] BasicTypeRegistry - Adding type registration java.math.BigDecimal -> org.hibernate.type.BigDecimalType@6cd166b8
[DEBUG] 2021-10-17 18:56:27.410 [main] BasicTypeRegistry - Adding type registration big_integer -> org.hibernate.type.BigIntegerType@3abfe845
[DEBUG] 2021-10-17 18:56:27.411 [main] BasicTypeRegistry - Adding type registration java.math.BigInteger -> org.hibernate.type.BigIntegerType@3abfe845
[DEBUG] 2021-10-17 18:56:27.412 [main] BasicTypeRegistry - Adding type registration string -> org.hibernate.type.StringType@24b4d544
[DEBUG] 2021-10-17 18:56:27.412 [main] BasicTypeRegistry - Adding type registration java.lang.String -> org.hibernate.type.StringType@24b4d544
[DEBUG] 2021-10-17 18:56:27.412 [main] BasicTypeRegistry - Adding type registration nstring -> org.hibernate.type.StringNVarcharType@72725ee1
[DEBUG] 2021-10-17 18:56:27.413 [main] BasicTypeRegistry - Adding type registration ncharacter -> org.hibernate.type.CharacterNCharType@5ac6c4f2
[DEBUG] 2021-10-17 18:56:27.413 [main] BasicTypeRegistry - Adding type registration url -> org.hibernate.type.UrlType@78525ef9
[DEBUG] 2021-10-17 18:56:27.413 [main] BasicTypeRegistry - Adding type registration java.net.URL -> org.hibernate.type.UrlType@78525ef9
[DEBUG] 2021-10-17 18:56:27.415 [main] BasicTypeRegistry - Adding type registration Duration -> org.hibernate.type.DurationType@350a94ce
[DEBUG] 2021-10-17 18:56:27.415 [main] BasicTypeRegistry - Adding type registration java.time.Duration -> org.hibernate.type.DurationType@350a94ce
[DEBUG] 2021-10-17 18:56:27.419 [main] BasicTypeRegistry - Adding type registration Instant -> org.hibernate.type.InstantType@7a904f32
[DEBUG] 2021-10-17 18:56:27.419 [main] BasicTypeRegistry - Adding type registration java.time.Instant -> org.hibernate.type.InstantType@7a904f32
[DEBUG] 2021-10-17 18:56:27.420 [main] BasicTypeRegistry - Adding type registration LocalDateTime -> org.hibernate.type.LocalDateTimeType@4339e0de
[DEBUG] 2021-10-17 18:56:27.420 [main] BasicTypeRegistry - Adding type registration java.time.LocalDateTime -> org.hibernate.type.LocalDateTimeType@4339e0de
[DEBUG] 2021-10-17 18:56:27.421 [main] BasicTypeRegistry - Adding type registration LocalDate -> org.hibernate.type.LocalDateType@27b2faa6
[DEBUG] 2021-10-17 18:56:27.421 [main] BasicTypeRegistry - Adding type registration java.time.LocalDate -> org.hibernate.type.LocalDateType@27b2faa6
[DEBUG] 2021-10-17 18:56:27.421 [main] BasicTypeRegistry - Adding type registration LocalTime -> org.hibernate.type.LocalTimeType@75a118e6
[DEBUG] 2021-10-17 18:56:27.423 [main] BasicTypeRegistry - Adding type registration java.time.LocalTime -> org.hibernate.type.LocalTimeType@75a118e6
[DEBUG] 2021-10-17 18:56:27.424 [main] BasicTypeRegistry - Adding type registration OffsetDateTime -> org.hibernate.type.OffsetDateTimeType@6bda1d19
[DEBUG] 2021-10-17 18:56:27.424 [main] BasicTypeRegistry - Adding type registration java.time.OffsetDateTime -> org.hibernate.type.OffsetDateTimeType@6bda1d19
[DEBUG] 2021-10-17 18:56:27.427 [main] BasicTypeRegistry - Adding type registration OffsetTime -> org.hibernate.type.OffsetTimeType@6794ac0b
[DEBUG] 2021-10-17 18:56:27.427 [main] BasicTypeRegistry - Adding type registration java.time.OffsetTime -> org.hibernate.type.OffsetTimeType@6794ac0b
[DEBUG] 2021-10-17 18:56:27.428 [main] BasicTypeRegistry - Adding type registration ZonedDateTime -> org.hibernate.type.ZonedDateTimeType@46a953cf
[DEBUG] 2021-10-17 18:56:27.428 [main] BasicTypeRegistry - Adding type registration java.time.ZonedDateTime -> org.hibernate.type.ZonedDateTimeType@46a953cf
[DEBUG] 2021-10-17 18:56:27.429 [main] BasicTypeRegistry - Adding type registration date -> org.hibernate.type.DateType@40712ee9
[DEBUG] 2021-10-17 18:56:27.429 [main] BasicTypeRegistry - Adding type registration java.sql.Date -> org.hibernate.type.DateType@40712ee9
[DEBUG] 2021-10-17 18:56:27.429 [main] BasicTypeRegistry - Adding type registration time -> org.hibernate.type.TimeType@53b8afea
[DEBUG] 2021-10-17 18:56:27.429 [main] BasicTypeRegistry - Adding type registration java.sql.Time -> org.hibernate.type.TimeType@53b8afea
[DEBUG] 2021-10-17 18:56:27.430 [main] BasicTypeRegistry - Adding type registration timestamp -> org.hibernate.type.TimestampType@16eedaa6
[DEBUG] 2021-10-17 18:56:27.430 [main] BasicTypeRegistry - Adding type registration java.sql.Timestamp -> org.hibernate.type.TimestampType@16eedaa6
[DEBUG] 2021-10-17 18:56:27.430 [main] BasicTypeRegistry - Adding type registration java.util.Date -> org.hibernate.type.TimestampType@16eedaa6
[DEBUG] 2021-10-17 18:56:27.432 [main] BasicTypeRegistry - Adding type registration dbtimestamp -> org.hibernate.type.DbTimestampType@341672e
[DEBUG] 2021-10-17 18:56:27.432 [main] BasicTypeRegistry - Adding type registration calendar -> org.hibernate.type.CalendarType@3f9f71ff
[DEBUG] 2021-10-17 18:56:27.432 [main] BasicTypeRegistry - Adding type registration java.util.Calendar -> org.hibernate.type.CalendarType@3f9f71ff
[DEBUG] 2021-10-17 18:56:27.432 [main] BasicTypeRegistry - Adding type registration java.util.GregorianCalendar -> org.hibernate.type.CalendarType@3f9f71ff
[DEBUG] 2021-10-17 18:56:27.433 [main] BasicTypeRegistry - Adding type registration calendar_date -> org.hibernate.type.CalendarDateType@523d6bdb
[DEBUG] 2021-10-17 18:56:27.433 [main] BasicTypeRegistry - Adding type registration locale -> org.hibernate.type.LocaleType@2cfa2c4f
[DEBUG] 2021-10-17 18:56:27.434 [main] BasicTypeRegistry - Adding type registration java.util.Locale -> org.hibernate.type.LocaleType@2cfa2c4f
[DEBUG] 2021-10-17 18:56:27.434 [main] BasicTypeRegistry - Adding type registration currency -> org.hibernate.type.CurrencyType@5e2a3040
[DEBUG] 2021-10-17 18:56:27.435 [main] BasicTypeRegistry - Adding type registration java.util.Currency -> org.hibernate.type.CurrencyType@5e2a3040
[DEBUG] 2021-10-17 18:56:27.439 [main] BasicTypeRegistry - Adding type registration timezone -> org.hibernate.type.TimeZoneType@5bb51241
[DEBUG] 2021-10-17 18:56:27.439 [main] BasicTypeRegistry - Adding type registration java.util.TimeZone -> org.hibernate.type.TimeZoneType@5bb51241
[DEBUG] 2021-10-17 18:56:27.439 [main] BasicTypeRegistry - Adding type registration class -> org.hibernate.type.ClassType@6c42f2a1
[DEBUG] 2021-10-17 18:56:27.440 [main] BasicTypeRegistry - Adding type registration java.lang.Class -> org.hibernate.type.ClassType@6c42f2a1
[DEBUG] 2021-10-17 18:56:27.440 [main] BasicTypeRegistry - Adding type registration uuid-binary -> org.hibernate.type.UUIDBinaryType@4867ab9f
[DEBUG] 2021-10-17 18:56:27.440 [main] BasicTypeRegistry - Adding type registration java.util.UUID -> org.hibernate.type.UUIDBinaryType@4867ab9f
[DEBUG] 2021-10-17 18:56:27.440 [main] BasicTypeRegistry - Adding type registration uuid-char -> org.hibernate.type.UUIDCharType@2caa5d7c
[DEBUG] 2021-10-17 18:56:27.441 [main] BasicTypeRegistry - Adding type registration binary -> org.hibernate.type.BinaryType@3e1a3801
[DEBUG] 2021-10-17 18:56:27.441 [main] BasicTypeRegistry - Adding type registration byte[] -> org.hibernate.type.BinaryType@3e1a3801
[DEBUG] 2021-10-17 18:56:27.441 [main] BasicTypeRegistry - Adding type registration [B -> org.hibernate.type.BinaryType@3e1a3801
[DEBUG] 2021-10-17 18:56:27.441 [main] BasicTypeRegistry - Adding type registration wrapper-binary -> org.hibernate.type.WrapperBinaryType@61a1ea2c
[DEBUG] 2021-10-17 18:56:27.441 [main] BasicTypeRegistry - Adding type registration Byte[] -> org.hibernate.type.WrapperBinaryType@61a1ea2c
[DEBUG] 2021-10-17 18:56:27.442 [main] BasicTypeRegistry - Adding type registration [Ljava.lang.Byte; -> org.hibernate.type.WrapperBinaryType@61a1ea2c
[DEBUG] 2021-10-17 18:56:27.442 [main] BasicTypeRegistry - Adding type registration row_version -> org.hibernate.type.RowVersionType@670d4d38
[DEBUG] 2021-10-17 18:56:27.442 [main] BasicTypeRegistry - Adding type registration image -> org.hibernate.type.ImageType@2e060819
[DEBUG] 2021-10-17 18:56:27.443 [main] BasicTypeRegistry - Adding type registration characters -> org.hibernate.type.CharArrayType@216914
[DEBUG] 2021-10-17 18:56:27.443 [main] BasicTypeRegistry - Adding type registration char[] -> org.hibernate.type.CharArrayType@216914
[DEBUG] 2021-10-17 18:56:27.443 [main] BasicTypeRegistry - Adding type registration [C -> org.hibernate.type.CharArrayType@216914
[DEBUG] 2021-10-17 18:56:27.443 [main] BasicTypeRegistry - Adding type registration wrapper-characters -> org.hibernate.type.CharacterArrayType@61af1510
[DEBUG] 2021-10-17 18:56:27.444 [main] BasicTypeRegistry - Adding type registration [Ljava.lang.Character; -> org.hibernate.type.CharacterArrayType@61af1510
[DEBUG] 2021-10-17 18:56:27.444 [main] BasicTypeRegistry - Adding type registration Character[] -> org.hibernate.type.CharacterArrayType@61af1510
[DEBUG] 2021-10-17 18:56:27.444 [main] BasicTypeRegistry - Adding type registration text -> org.hibernate.type.TextType@59901c4d
[DEBUG] 2021-10-17 18:56:27.447 [main] BasicTypeRegistry - Adding type registration ntext -> org.hibernate.type.NTextType@602ae7b6
[DEBUG] 2021-10-17 18:56:27.448 [main] BasicTypeRegistry - Adding type registration blob -> org.hibernate.type.BlobType@77eb5790
[DEBUG] 2021-10-17 18:56:27.448 [main] BasicTypeRegistry - Adding type registration java.sql.Blob -> org.hibernate.type.BlobType@77eb5790
[DEBUG] 2021-10-17 18:56:27.448 [main] BasicTypeRegistry - Adding type registration materialized_blob -> org.hibernate.type.MaterializedBlobType@ef1695a
[DEBUG] 2021-10-17 18:56:27.452 [main] BasicTypeRegistry - Adding type registration clob -> org.hibernate.type.ClobType@4d8286c4
[DEBUG] 2021-10-17 18:56:27.452 [main] BasicTypeRegistry - Adding type registration java.sql.Clob -> org.hibernate.type.ClobType@4d8286c4
[DEBUG] 2021-10-17 18:56:27.452 [main] BasicTypeRegistry - Adding type registration nclob -> org.hibernate.type.NClobType@2f61d591
[DEBUG] 2021-10-17 18:56:27.453 [main] BasicTypeRegistry - Adding type registration java.sql.NClob -> org.hibernate.type.NClobType@2f61d591
[DEBUG] 2021-10-17 18:56:27.453 [main] BasicTypeRegistry - Adding type registration materialized_clob -> org.hibernate.type.MaterializedClobType@53a9fcfd
[DEBUG] 2021-10-17 18:56:27.453 [main] BasicTypeRegistry - Adding type registration materialized_nclob -> org.hibernate.type.MaterializedNClobType@84487f4
[DEBUG] 2021-10-17 18:56:27.454 [main] BasicTypeRegistry - Adding type registration serializable -> org.hibernate.type.SerializableType@6d303498
[DEBUG] 2021-10-17 18:56:27.459 [main] BasicTypeRegistry - Adding type registration object -> org.hibernate.type.ObjectType@2b22a1cc
[DEBUG] 2021-10-17 18:56:27.459 [main] BasicTypeRegistry - Adding type registration java.lang.Object -> org.hibernate.type.ObjectType@2b22a1cc
[DEBUG] 2021-10-17 18:56:27.459 [main] BasicTypeRegistry - Adding type registration imm_date -> org.hibernate.type.AdaptedImmutableType@2ab0702e
[DEBUG] 2021-10-17 18:56:27.459 [main] BasicTypeRegistry - Adding type registration imm_time -> org.hibernate.type.AdaptedImmutableType@7158daf2
[DEBUG] 2021-10-17 18:56:27.459 [main] BasicTypeRegistry - Adding type registration imm_timestamp -> org.hibernate.type.AdaptedImmutableType@10f19647
[DEBUG] 2021-10-17 18:56:27.462 [main] BasicTypeRegistry - Adding type registration imm_dbtimestamp -> org.hibernate.type.AdaptedImmutableType@102efc59
[DEBUG] 2021-10-17 18:56:27.462 [main] BasicTypeRegistry - Adding type registration imm_calendar -> org.hibernate.type.AdaptedImmutableType@3936df72
[DEBUG] 2021-10-17 18:56:27.462 [main] BasicTypeRegistry - Adding type registration imm_calendar_date -> org.hibernate.type.AdaptedImmutableType@e8e0dec
[DEBUG] 2021-10-17 18:56:27.462 [main] BasicTypeRegistry - Adding type registration imm_binary -> org.hibernate.type.AdaptedImmutableType@12d1f1d4
[DEBUG] 2021-10-17 18:56:27.462 [main] BasicTypeRegistry - Adding type registration imm_serializable -> org.hibernate.type.AdaptedImmutableType@75fa1be3
[DEBUG] 2021-10-17 18:56:27.487 [main] DefaultIdentifierGeneratorFactory - Registering IdentifierGenerator strategy [uuid2] -> [org.hibernate.id.UUIDGenerator]
[DEBUG] 2021-10-17 18:56:27.492 [main] DefaultIdentifierGeneratorFactory - Registering IdentifierGenerator strategy [guid] -> [org.hibernate.id.GUIDGenerator]
[DEBUG] 2021-10-17 18:56:27.492 [main] DefaultIdentifierGeneratorFactory - Registering IdentifierGenerator strategy [uuid] -> [org.hibernate.id.UUIDHexGenerator]
[DEBUG] 2021-10-17 18:56:27.492 [main] DefaultIdentifierGeneratorFactory - Registering IdentifierGenerator strategy [uuid.hex] -> [org.hibernate.id.UUIDHexGenerator]
[DEBUG] 2021-10-17 18:56:27.493 [main] DefaultIdentifierGeneratorFactory - Registering IdentifierGenerator strategy [assigned] -> [org.hibernate.id.Assigned]
[DEBUG] 2021-10-17 18:56:27.493 [main] DefaultIdentifierGeneratorFactory - Registering IdentifierGenerator strategy [identity] -> [org.hibernate.id.IdentityGenerator]
[DEBUG] 2021-10-17 18:56:27.499 [main] DefaultIdentifierGeneratorFactory - Registering IdentifierGenerator strategy [select] -> [org.hibernate.id.SelectGenerator]
[DEBUG] 2021-10-17 18:56:27.499 [main] DefaultIdentifierGeneratorFactory - Registering IdentifierGenerator strategy [sequence] -> [org.hibernate.id.enhanced.SequenceStyleGenerator]
[DEBUG] 2021-10-17 18:56:27.500 [main] DefaultIdentifierGeneratorFactory - Registering IdentifierGenerator strategy [seqhilo] -> [org.hibernate.id.SequenceHiLoGenerator]
[DEBUG] 2021-10-17 18:56:27.500 [main] DefaultIdentifierGeneratorFactory - Registering IdentifierGenerator strategy [increment] -> [org.hibernate.id.IncrementGenerator]
[DEBUG] 2021-10-17 18:56:27.500 [main] DefaultIdentifierGeneratorFactory - Registering IdentifierGenerator strategy [foreign] -> [org.hibernate.id.ForeignGenerator]
[DEBUG] 2021-10-17 18:56:27.501 [main] DefaultIdentifierGeneratorFactory - Registering IdentifierGenerator strategy [sequence-identity] -> [org.hibernate.id.SequenceIdentityGenerator]
[DEBUG] 2021-10-17 18:56:27.502 [main] DefaultIdentifierGeneratorFactory - Registering IdentifierGenerator strategy [enhanced-sequence] -> [org.hibernate.id.enhanced.SequenceStyleGenerator]
[DEBUG] 2021-10-17 18:56:27.502 [main] DefaultIdentifierGeneratorFactory - Registering IdentifierGenerator strategy [enhanced-table] -> [org.hibernate.id.enhanced.TableGenerator]
[INFO ] 2021-10-17 18:56:27.510 [main] C3P0ConnectionProvider - HHH010002: C3P0 using driver: com.mysql.cj.jdbc.Driver at URL: jdbc:mysql://localhost:3306/GameReports
[INFO ] 2021-10-17 18:56:27.510 [main] C3P0ConnectionProvider - HHH10001001: Connection properties: {password=****, user=root}
[INFO ] 2021-10-17 18:56:27.510 [main] C3P0ConnectionProvider - HHH10001003: Autocommit mode: false
[INFO ] 2021-10-17 18:56:27.652 [main] C3P0ConnectionProvider - HHH10001007: JDBC isolation level: <unknown>
[DEBUG] 2021-10-17 18:56:27.754 [main] JdbcEnvironmentInitiator - Database ->
       name : MySQL
    version : 8.0.22
      major : 8
      minor : 0
[DEBUG] 2021-10-17 18:56:27.763 [main] JdbcEnvironmentInitiator - Driver ->
       name : MySQL Connector/J
    version : mysql-connector-java-8.0.16 (Revision: 34cbc6bc61f72836e26327537a432d6db7c77de6)
      major : 8
      minor : 0
[DEBUG] 2021-10-17 18:56:27.763 [main] JdbcEnvironmentInitiator - JDBC version : 4.2
[INFO ] 2021-10-17 18:56:27.806 [main] Dialect - HHH000400: Using dialect: org.hibernate.dialect.MySQL8Dialect
[DEBUG] 2021-10-17 18:56:27.835 [main] IdentifierHelperBuilder - JDBC driver metadata reported database stores quoted identifiers in more than one case
[DEBUG] 2021-10-17 18:56:27.858 [main] IdentifierHelperBuilder - IdentifierCaseStrategy for both quoted and unquoted identifiers was set to the same strategy [MIXED]; that will likely lead to problems in schema update and validation if using quoted identifiers
[DEBUG] 2021-10-17 18:56:27.907 [main] Namespace - Created database namespace [logicalName=Name{catalog=null, schema=null}, physicalName=Name{catalog=null, schema=null}]
[DEBUG] 2021-10-17 18:56:27.912 [main] TypeConfiguration$Scope - Scoping TypeConfiguration [org.hibernate.type.spi.TypeConfiguration@1c9fbb61] to MetadataBuildingContext [org.hibernate.boot.internal.MetadataBuildingContextRootImpl@7b81616b]
[DEBUG] 2021-10-17 18:56:27.959 [main] AnnotationBinder - Binding entity from annotated class: entity.Game
[DEBUG] 2021-10-17 18:56:27.982 [main] Ejb3Column - Binding column: Ejb3DiscriminatorColumn{logicalColumnName'DTYPE', discriminatorTypeName='string'}
[DEBUG] 2021-10-17 18:56:27.984 [main] EntityBinder - Import with entity name Game
[DEBUG] 2021-10-17 18:56:27.985 [main] EntityBinder - Bind entity entity.Game on table games
[DEBUG] 2021-10-17 18:56:28.014 [main] Ejb3Column - Binding column: Ejb3Column{table=org.hibernate.mapping.Table(games), mappingColumn=id, insertable=true, updatable=true, unique=false}
[DEBUG] 2021-10-17 18:56:28.015 [main] PropertyBinder - MetadataSourceProcessor property id with lazy=false
[DEBUG] 2021-10-17 18:56:28.018 [main] AbstractPropertyHolder - Attempting to locate auto-apply AttributeConverter for property [entity.Game:id]
[DEBUG] 2021-10-17 18:56:28.021 [main] SimpleValueBinder - building SimpleValue for id
[DEBUG] 2021-10-17 18:56:28.023 [main] PropertyBinder - Building property id
[DEBUG] 2021-10-17 18:56:28.028 [main] BinderHelper - #makeIdGenerator(org.hibernate.mapping.SimpleValue([org.hibernate.mapping.Column(id)]), id, org.hibernate.id.enhanced.SequenceStyleGenerator, native, ...)
[DEBUG] 2021-10-17 18:56:28.033 [main] Ejb3Column - Binding column: Ejb3Column{table=org.hibernate.mapping.Table(games), mappingColumn=description, insertable=true, updatable=true, unique=false}
[DEBUG] 2021-10-17 18:56:28.033 [main] PropertyBinder - MetadataSourceProcessor property description with lazy=false
[DEBUG] 2021-10-17 18:56:28.033 [main] AbstractPropertyHolder - Attempting to locate auto-apply AttributeConverter for property [entity.Game:description]
[DEBUG] 2021-10-17 18:56:28.033 [main] SimpleValueBinder - building SimpleValue for description
[DEBUG] 2021-10-17 18:56:28.033 [main] PropertyBinder - Building property description
[DEBUG] 2021-10-17 18:56:28.033 [main] Ejb3Column - Binding column: Ejb3Column{table=org.hibernate.mapping.Table(games), mappingColumn=gameURL, insertable=true, updatable=true, unique=false}
[DEBUG] 2021-10-17 18:56:28.033 [main] PropertyBinder - MetadataSourceProcessor property gameURL with lazy=false
[DEBUG] 2021-10-17 18:56:28.033 [main] AbstractPropertyHolder - Attempting to locate auto-apply AttributeConverter for property [entity.Game:gameURL]
[DEBUG] 2021-10-17 18:56:28.033 [main] SimpleValueBinder - building SimpleValue for gameURL
[DEBUG] 2021-10-17 18:56:28.033 [main] PropertyBinder - Building property gameURL
[DEBUG] 2021-10-17 18:56:28.034 [main] SimpleValueBinder - Starting fillSimpleValue for id
[DEBUG] 2021-10-17 18:56:28.035 [main] SimpleValueBinder - Starting fillSimpleValue for description
[DEBUG] 2021-10-17 18:56:28.035 [main] SimpleValueBinder - Starting fillSimpleValue for gameURL
[DEBUG] 2021-10-17 18:56:28.035 [main] PrimaryKey - Forcing column [id] to be non-null as it is part of the primary key for table [games]
[DEBUG] 2021-10-17 18:56:28.072 [main] SessionFactoryImpl - Building session factory
[DEBUG] 2021-10-17 18:56:28.075 [main] Settings - SessionFactory name : null
[DEBUG] 2021-10-17 18:56:28.075 [main] Settings - Automatic flush during beforeCompletion(): enabled
[DEBUG] 2021-10-17 18:56:28.075 [main] Settings - Automatic session close at end of transaction: disabled
[DEBUG] 2021-10-17 18:56:28.075 [main] Settings - Statistics: disabled
[DEBUG] 2021-10-17 18:56:28.075 [main] Settings - Deleted entity synthetic identifier rollback: disabled
[DEBUG] 2021-10-17 18:56:28.075 [main] Settings - Default entity-mode: pojo
[DEBUG] 2021-10-17 18:56:28.075 [main] Settings - Check Nullability in Core (should be disabled when Bean Validation is on): enabled
[DEBUG] 2021-10-17 18:56:28.075 [main] Settings - Allow initialization of lazy state outside session : disabled
[DEBUG] 2021-10-17 18:56:28.075 [main] Settings - Using BatchFetchStyle : LEGACY
[DEBUG] 2021-10-17 18:56:28.075 [main] Settings - Default batch fetch size: -1
[DEBUG] 2021-10-17 18:56:28.075 [main] Settings - Maximum outer join fetch depth: 2
[DEBUG] 2021-10-17 18:56:28.075 [main] Settings - Default null ordering: NONE
[DEBUG] 2021-10-17 18:56:28.075 [main] Settings - Order SQL updates by primary key: disabled
[DEBUG] 2021-10-17 18:56:28.075 [main] Settings - Order SQL inserts for batching: disabled
[DEBUG] 2021-10-17 18:56:28.075 [main] Settings - multi-tenancy strategy : NONE
[DEBUG] 2021-10-17 18:56:28.075 [main] Settings - JTA Track by Thread: enabled
[DEBUG] 2021-10-17 18:56:28.075 [main] Settings - Query language substitutions: {}
[DEBUG] 2021-10-17 18:56:28.075 [main] Settings - Named query checking : enabled
[DEBUG] 2021-10-17 18:56:28.076 [main] Settings - Second-level cache: disabled
[DEBUG] 2021-10-17 18:56:28.076 [main] Settings - Second-level query cache: disabled
[DEBUG] 2021-10-17 18:56:28.076 [main] Settings - Second-level query cache factory: null
[DEBUG] 2021-10-17 18:56:28.076 [main] Settings - Second-level cache region prefix: null
[DEBUG] 2021-10-17 18:56:28.076 [main] Settings - Optimize second-level cache for minimal puts: disabled
[DEBUG] 2021-10-17 18:56:28.076 [main] Settings - Structured second-level cache entries: disabled
[DEBUG] 2021-10-17 18:56:28.077 [main] Settings - Second-level cache direct-reference entries: disabled
[DEBUG] 2021-10-17 18:56:28.077 [main] Settings - Automatic eviction of collection cache: disabled
[DEBUG] 2021-10-17 18:56:28.077 [main] Settings - JDBC batch size: 15
[DEBUG] 2021-10-17 18:56:28.077 [main] Settings - JDBC batch updates for versioned data: enabled
[DEBUG] 2021-10-17 18:56:28.077 [main] Settings - Scrollable result sets: enabled
[DEBUG] 2021-10-17 18:56:28.077 [main] Settings - Wrap result sets: disabled
[DEBUG] 2021-10-17 18:56:28.077 [main] Settings - JDBC3 getGeneratedKeys(): enabled
[DEBUG] 2021-10-17 18:56:28.078 [main] Settings - JDBC result set fetch size: null
[DEBUG] 2021-10-17 18:56:28.078 [main] Settings - Connection release mode: AFTER_TRANSACTION
[DEBUG] 2021-10-17 18:56:28.078 [main] Settings - Generate SQL with comments: disabled
[DEBUG] 2021-10-17 18:56:28.078 [main] Settings - JPA compliance - query : 
[DEBUG] 2021-10-17 18:56:28.078 [main] Settings - JPA compliance - closed-handling : 
[DEBUG] 2021-10-17 18:56:28.079 [main] Settings - JPA compliance - lists : 
[DEBUG] 2021-10-17 18:56:28.079 [main] Settings - JPA compliance - transactions : 
[INFO ] 2021-10-17 18:56:28.127 [main] beans - HHH10005002: No explicit CDI BeanManager reference was passed to Hibernate, but CDI is available on the Hibernate ClassLoader.
[DEBUG] 2021-10-17 18:56:28.155 [main] SessionFactoryImpl - Session factory constructed with filter configurations : {}
[DEBUG] 2021-10-17 18:56:28.155 [main] SessionFactoryImpl - Instantiating session factory with properties: {sun.desktop=gnome, awt.toolkit=sun.awt.X11.XToolkit, java.specification.version=11, sun.cpu.isalist=, hibernate.c3p0.idle_test_period=3000, sun.jnu.encoding=UTF-8, hibernate.c3p0.min_size=5, java.class.path=/home/student/intellij/lib/idea_rt.jar:/home/student/intellij/plugins/junit/lib/junit5-rt.jar:/home/student/intellij/plugins/junit/lib/junit-rt.jar:/home/student/RatingsAnonymous/target/test-classes:/home/student/RatingsAnonymous/target/classes:/home/student/.m2/repository/org/hibernate/hibernate-core/5.4.4.Final/hibernate-core-5.4.4.Final.jar:/home/student/.m2/repository/org/jboss/logging/jboss-logging/3.3.2.Final/jboss-logging-3.3.2.Final.jar:/home/student/.m2/repository/javax/persistence/javax.persistence-api/2.2/javax.persistence-api-2.2.jar:/home/student/.m2/repository/org/javassist/javassist/3.24.0-GA/javassist-3.24.0-GA.jar:/home/student/.m2/repository/net/bytebuddy/byte-buddy/1.9.11/byte-buddy-1.9.11.jar:/home/student/.m2/repository/antlr/antlr/2.7.7/antlr-2.7.7.jar:/home/student/.m2/repository/org/jboss/spec/javax/transaction/jboss-transaction-api_1.2_spec/1.1.1.Final/jboss-transaction-api_1.2_spec-1.1.1.Final.jar:/home/student/.m2/repository/org/jboss/jandex/2.0.5.Final/jandex-2.0.5.Final.jar:/home/student/.m2/repository/com/fasterxml/classmate/1.3.4/classmate-1.3.4.jar:/home/student/.m2/repository/javax/activation/javax.activation-api/1.2.0/javax.activation-api-1.2.0.jar:/home/student/.m2/repository/org/dom4j/dom4j/2.1.1/dom4j-2.1.1.jar:/home/student/.m2/repository/org/hibernate/common/hibernate-commons-annotations/5.1.0.Final/hibernate-commons-annotations-5.1.0.Final.jar:/home/student/.m2/repository/javax/xml/bind/jaxb-api/2.3.1/jaxb-api-2.3.1.jar:/home/student/.m2/repository/org/glassfish/jaxb/jaxb-runtime/2.3.1/jaxb-runtime-2.3.1.jar:/home/student/.m2/repository/org/glassfish/jaxb/txw2/2.3.1/txw2-2.3.1.jar:/home/student/.m2/repository/com/sun/istack/istack-commons-runtime/3.0.7/istack-commons-runtime-3.0.7.jar:/home/student/.m2/repository/org/jvnet/staxex/stax-ex/1.8/stax-ex-1.8.jar:/home/student/.m2/repository/com/sun/xml/fastinfoset/FastInfoset/1.2.15/FastInfoset-1.2.15.jar:/home/student/.m2/repository/org/hibernate/hibernate-c3p0/5.4.4.Final/hibernate-c3p0-5.4.4.Final.jar:/home/student/.m2/repository/com/mchange/c3p0/0.9.5.3/c3p0-0.9.5.3.jar:/home/student/.m2/repository/com/mchange/mchange-commons-java/0.2.15/mchange-commons-java-0.2.15.jar:/home/student/.m2/repository/org/apache/logging/log4j/log4j-api/2.10.0/log4j-api-2.10.0.jar:/home/student/.m2/repository/org/apache/logging/log4j/log4j-core/2.10.0/log4j-core-2.10.0.jar:/home/student/.m2/repository/javax/javaee-web-api/7.0/javaee-web-api-7.0.jar:/home/student/.m2/repository/org/junit/platform/junit-platform-runner/1.0.0/junit-platform-runner-1.0.0.jar:/home/student/.m2/repository/org/apiguardian/apiguardian-api/1.0.0/apiguardian-api-1.0.0.jar:/home/student/.m2/repository/org/junit/platform/junit-platform-launcher/1.0.0/junit-platform-launcher-1.0.0.jar:/home/student/.m2/repository/org/junit/platform/junit-platform-suite-api/1.0.0/junit-platform-suite-api-1.0.0.jar:/home/student/.m2/repository/org/junit/platform/junit-platform-commons/1.0.0/junit-platform-commons-1.0.0.jar:/home/student/.m2/repository/org/junit/vintage/junit-vintage-engine/4.12.0/junit-vintage-engine-4.12.0.jar:/home/student/.m2/repository/org/junit/platform/junit-platform-engine/1.0.0/junit-platform-engine-1.0.0.jar:/home/student/.m2/repository/org/opentest4j/opentest4j/1.0.0/opentest4j-1.0.0.jar:/home/student/.m2/repository/org/junit/jupiter/junit-jupiter-engine/5.0.0/junit-jupiter-engine-5.0.0.jar:/home/student/.m2/repository/org/junit/jupiter/junit-jupiter-api/5.0.0/junit-jupiter-api-5.0.0.jar:/home/student/.m2/repository/junit/junit/4.12/junit-4.12.jar:/home/student/.m2/repository/org/hamcrest/hamcrest-core/1.3/hamcrest-core-1.3.jar:/home/student/.m2/repository/jstl/jstl/1.2/jstl-1.2.jar:/home/student/.m2/repository/mysql/mysql-connector-java/8.0.16/mysql-connector-java-8.0.16.jar:/home/student/.m2/repository/com/google/protobuf/protobuf-java/3.6.1/protobuf-java-3.6.1.jar:/home/student/.m2/repository/org/jetbrains/annotations/22.0.0/annotations-22.0.0.jar, java.vm.vendor=Ubuntu, sun.arch.data.model=64, idea.test.cyclic.buffer.size=1048576, java.vendor.url=https://ubuntu.com/, user.timezone=America/Chicago, os.name=Linux, java.vm.specification.version=11, sun.java.launcher=SUN_STANDARD, user.country=US, sun.boot.library.path=/usr/lib/jvm/java-11-openjdk-amd64/lib, sun.java.command=com.intellij.rt.junit.JUnitStarter -ideVersion5 -junit5 persistence.AdminDaoTest,saveOrUpdate, jdk.debug=release, sun.cpu.endian=little, user.home=/home/student, hibernate.c3p0.max_statements=50, user.language=en, java.specification.vendor=Oracle Corporation, java.version.date=2021-04-20, java.home=/usr/lib/jvm/java-11-openjdk-amd64, file.separator=/, java.vm.compressedOopsMode=32-bit, line.separator=
, hibernate.c3p0.timeout=300, java.specification.name=Java Platform API Specification, java.vm.specification.vendor=Oracle Corporation, java.awt.graphicsenv=sun.awt.X11GraphicsEnvironment, connection.password=student, sun.management.compiler=HotSpot 64-Bit Tiered Compilers, hibernate.c3p0.max_size=20, java.runtime.version=11.0.11+9-Ubuntu-0ubuntu2.20.04, user.name=student, path.separator=:, hibernate.connection.username=****, os.version=5.4.0-88-generic, java.runtime.name=OpenJDK Runtime Environment, hibernate.connection.url=jdbc:mysql://localhost:3306/GameReports, file.encoding=UTF-8, java.vm.name=OpenJDK 64-Bit Server VM, hibernate.connection.driver_class=com.mysql.cj.jdbc.Driver, java.vendor.url.bug=https://bugs.launchpad.net/ubuntu/+source/openjdk-lts, java.io.tmpdir=/tmp, java.version=11.0.11, user.dir=/home/student/RatingsAnonymous, os.arch=amd64, connection.username=root, java.vm.specification.name=Java Virtual Machine Specification, java.awt.printerjob=sun.print.PSPrinterJob, hibernate.connection.password=****, sun.os.patch.level=unknown, connection.driver_class=com.mysql.cj.jdbc.Driver, hibernate.boot.CfgXmlAccessService.key=org.hibernate.boot.cfgxml.spi.LoadedConfig@2c829dbc, java.library.path=/usr/java/packages/lib:/usr/lib/x86_64-linux-gnu/jni:/lib/x86_64-linux-gnu:/usr/lib/x86_64-linux-gnu:/usr/lib/jni:/lib:/usr/lib, java.vendor=Ubuntu, java.vm.info=mixed mode, sharing, java.vm.version=11.0.11+9-Ubuntu-0ubuntu2.20.04, hibernate.bytecode.use_reflection_optimizer=false, sun.io.unicode.encoding=UnicodeLittle, connection.url=jdbc:mysql://localhost:3306/GameReports, java.class.version=55.0}
[DEBUG] 2021-10-17 18:56:28.167 [main] TypeSafeActivator - Unable to acquire Bean Validation ValidatorFactory, skipping activation
[DEBUG] 2021-10-17 18:56:28.171 [main] JaccIntegrator - Skipping JACC integration as it was not enabled
[DEBUG] 2021-10-17 18:56:28.172 [main] SessionFactoryImpl - Instantiated session factory
[DEBUG] 2021-10-17 18:56:28.172 [main] TypeConfiguration$Scope - Scoping TypeConfiguration [org.hibernate.type.spi.TypeConfiguration@1c9fbb61] to SessionFactoryImpl [org.hibernate.internal.SessionFactoryImpl@7ef8eda7]
[DEBUG] 2021-10-17 18:56:28.246 [main] ClassLoaderAccessImpl - Not known whether passed class name [entity.Game] is safe
[DEBUG] 2021-10-17 18:56:28.247 [main] ClassLoaderAccessImpl - No temp ClassLoader provided; using live ClassLoader for loading potentially unsafe class : entity.Game
[DEBUG] 2021-10-17 18:56:28.259 [main] ClassLoaderAccessImpl - Not known whether passed class name [entity.Game] is safe
[DEBUG] 2021-10-17 18:56:28.259 [main] ClassLoaderAccessImpl - No temp ClassLoader provided; using live ClassLoader for loading potentially unsafe class : entity.Game
[DEBUG] 2021-10-17 18:56:28.463 [main] AbstractEntityPersister - Static SQL for entity: entity.Game
[DEBUG] 2021-10-17 18:56:28.468 [main] AbstractEntityPersister -  Version select: select id from games where id =?
[DEBUG] 2021-10-17 18:56:28.468 [main] AbstractEntityPersister -  Snapshot select: select game_.id, game_.description as descript2_0_, game_.gameURL as gameURL3_0_ from games game_ where game_.id=?
[DEBUG] 2021-10-17 18:56:28.468 [main] AbstractEntityPersister -  Insert 0: insert into games (description, gameURL, id) values (?, ?, ?)
[DEBUG] 2021-10-17 18:56:28.468 [main] AbstractEntityPersister -  Update 0: update games set description=?, gameURL=? where id=?
[DEBUG] 2021-10-17 18:56:28.468 [main] AbstractEntityPersister -  Delete 0: delete from games where id=?
[DEBUG] 2021-10-17 18:56:28.468 [main] AbstractEntityPersister -  Identity insert: insert into games (description, gameURL) values (?, ?)
[DEBUG] 2021-10-17 18:56:28.488 [main] QuerySpacesImpl - Adding QuerySpace : uid = <gen:0> -> org.hibernate.loader.plan.build.internal.spaces.EntityQuerySpaceImpl@39266403]
[DEBUG] 2021-10-17 18:56:28.489 [main] MetamodelGraphWalker - Visiting attribute path : description
[DEBUG] 2021-10-17 18:56:28.489 [main] MetamodelGraphWalker - Visiting attribute path : gameURL
[DEBUG] 2021-10-17 18:56:28.492 [main] FetchStyleLoadPlanBuildingAssociationVisitationStrategy - Building LoadPlan...
[DEBUG] 2021-10-17 18:56:28.502 [main] LoadQueryJoinAndFetchProcessor - processing queryspace <gen:0>
[DEBUG] 2021-10-17 18:56:28.508 [main] LoadPlanTreePrinter - LoadPlan(entity=entity.Game)
    - Returns
       - EntityReturnImpl(entity=entity.Game, querySpaceUid=<gen:0>, path=entity.Game)
    - QuerySpaces
       - EntityQuerySpaceImpl(uid=<gen:0>, entity=entity.Game)
          - SQL table alias mapping - game0_
          - alias suffix - 0_
          - suffixed key columns - {id1_0_0_}

[DEBUG] 2021-10-17 18:56:28.509 [main] EntityLoader - Static select for entity entity.Game [NONE]: select game0_.id as id1_0_0_, game0_.description as descript2_0_0_, game0_.gameURL as gameURL3_0_0_ from games game0_ where game0_.id=?
[DEBUG] 2021-10-17 18:56:28.511 [main] QuerySpacesImpl - Adding QuerySpace : uid = <gen:0> -> org.hibernate.loader.plan.build.internal.spaces.EntityQuerySpaceImpl@65da01f4]
[DEBUG] 2021-10-17 18:56:28.511 [main] MetamodelGraphWalker - Visiting attribute path : description
[DEBUG] 2021-10-17 18:56:28.511 [main] MetamodelGraphWalker - Visiting attribute path : gameURL
[DEBUG] 2021-10-17 18:56:28.511 [main] FetchStyleLoadPlanBuildingAssociationVisitationStrategy - Building LoadPlan...
[DEBUG] 2021-10-17 18:56:28.511 [main] LoadQueryJoinAndFetchProcessor - processing queryspace <gen:0>
[DEBUG] 2021-10-17 18:56:28.512 [main] LoadPlanTreePrinter - LoadPlan(entity=entity.Game)
    - Returns
       - EntityReturnImpl(entity=entity.Game, querySpaceUid=<gen:0>, path=entity.Game)
    - QuerySpaces
       - EntityQuerySpaceImpl(uid=<gen:0>, entity=entity.Game)
          - SQL table alias mapping - game0_
          - alias suffix - 0_
          - suffixed key columns - {id1_0_0_}

[DEBUG] 2021-10-17 18:56:28.513 [main] EntityLoader - Static select for entity entity.Game [READ]: select game0_.id as id1_0_0_, game0_.description as descript2_0_0_, game0_.gameURL as gameURL3_0_0_ from games game0_ where game0_.id=?
[DEBUG] 2021-10-17 18:56:28.528 [main] Loader - Static select for action ACTION_MERGE on entity entity.Game: select game0_.id as id1_0_0_, game0_.description as descript2_0_0_, game0_.gameURL as gameURL3_0_0_ from games game0_ where game0_.id=?
[DEBUG] 2021-10-17 18:56:28.528 [main] Loader - Static select for action ACTION_REFRESH on entity entity.Game: select game0_.id as id1_0_0_, game0_.description as descript2_0_0_, game0_.gameURL as gameURL3_0_0_ from games game0_ where game0_.id=?
[DEBUG] 2021-10-17 18:56:28.541 [main] SchemaManagementToolCoordinator - No actions specified; doing nothing
[DEBUG] 2021-10-17 18:56:28.541 [main] JtaPlatformInitiator - No JtaPlatform was specified, checking resolver
[DEBUG] 2021-10-17 18:56:28.542 [main] JtaPlatformResolverInitiator - No JtaPlatformResolver was specified, using default [org.hibernate.engine.transaction.jta.platform.internal.StandardJtaPlatformResolver]
[DEBUG] 2021-10-17 18:56:28.552 [main] StandardJtaPlatformResolver - Could not resolve JtaPlatform, using default [org.hibernate.engine.transaction.jta.platform.internal.NoJtaPlatform]
[INFO ] 2021-10-17 18:56:28.552 [main] JtaPlatformInitiator - HHH000490: Using JtaPlatform implementation: [org.hibernate.engine.transaction.jta.platform.internal.NoJtaPlatform]
[DEBUG] 2021-10-17 18:56:28.552 [main] NamedQueryRepository - Checking 0 named HQL queries
[DEBUG] 2021-10-17 18:56:28.552 [main] NamedQueryRepository - Checking 0 named SQL queries
[DEBUG] 2021-10-17 18:56:28.553 [main] SessionFactoryRegistry - Initializing SessionFactoryRegistry : org.hibernate.internal.SessionFactoryRegistry@1eeb5818
[DEBUG] 2021-10-17 18:56:28.554 [main] SessionFactoryRegistry - Registering SessionFactory: 4f54ac65-e46e-4d03-9223-25441cd939d9 (<unnamed>)
[DEBUG] 2021-10-17 18:56:28.554 [main] SessionFactoryRegistry - Not binding SessionFactory to JNDI, no JNDI name configured
[DEBUG] 2021-10-17 18:56:28.598 [main] StatisticsInitiator - Statistics initialized [enabled=false]
[DEBUG] 2021-10-17 18:56:28.614 [main] SQL - select game0_.id as id1_0_0_, game0_.description as descript2_0_0_, game0_.gameURL as gameURL3_0_0_ from games game0_ where game0_.id=?
[DEBUG] 2021-10-17 18:56:28.628 [main] ResultSetProcessorImpl - Starting ResultSet row #0
[DEBUG] 2021-10-17 18:56:28.629 [main] EntityReferenceInitializerImpl - On call to EntityIdentifierReaderImpl#resolve, EntityKey was already known; should only happen on root returns with an optional identifier specified
[DEBUG] 2021-10-17 18:56:28.634 [main] TwoPhaseLoad - Resolving attributes for [entity.Game#2]
[DEBUG] 2021-10-17 18:56:28.634 [main] TwoPhaseLoad - Processing attribute `description` : value = Schilt
[DEBUG] 2021-10-17 18:56:28.634 [main] TwoPhaseLoad - Attribute (`description`)  - enhanced for lazy-loading? - false
[DEBUG] 2021-10-17 18:56:28.635 [main] TwoPhaseLoad - Processing attribute `gameURL` : value = https://www.enjpg.com/img/2020/cool-for-boys-4.jpg
[DEBUG] 2021-10-17 18:56:28.635 [main] TwoPhaseLoad - Attribute (`gameURL`)  - enhanced for lazy-loading? - false
[DEBUG] 2021-10-17 18:56:28.635 [main] TwoPhaseLoad - Done materializing entity [entity.Game#2]
[DEBUG] 2021-10-17 18:56:28.635 [main] ResourceRegistryStandardImpl - HHH000387: ResultSet's statement was not registered
[DEBUG] 2021-10-17 18:56:28.636 [main] AbstractLoadPlanBasedEntityLoader - Done entity load : entity.Game#2
[DEBUG] 2021-10-17 18:56:28.636 [main] LogicalConnectionManagedImpl - Initiating JDBC connection release from afterTransaction
[DEBUG] 2021-10-17 18:56:28.639 [main] TransactionImpl - On TransactionImpl creation, JpaCompliance#isJpaTransactionComplianceEnabled == false
[DEBUG] 2021-10-17 18:56:28.639 [main] TransactionImpl - begin
[DEBUG] 2021-10-17 18:56:28.648 [main] TransactionImpl - committing
[DEBUG] 2021-10-17 18:56:28.649 [main] AbstractFlushingEventListener - Processing flush-time cascades
[DEBUG] 2021-10-17 18:56:28.649 [main] AbstractFlushingEventListener - Dirty checking collections
[DEBUG] 2021-10-17 18:56:28.651 [main] AbstractFlushingEventListener - Flushed: 0 insertions, 1 updates, 0 deletions to 1 objects
[DEBUG] 2021-10-17 18:56:28.651 [main] AbstractFlushingEventListener - Flushed: 0 (re)creations, 0 updates, 0 removals to 0 collections
[DEBUG] 2021-10-17 18:56:28.652 [main] EntityPrinter - Listing entities:
[DEBUG] 2021-10-17 18:56:28.652 [main] EntityPrinter - entity.Game{description=test will pass, gameURL=https://www.enjpg.com/img/2020/cool-for-boys-4.jpg, id=2}
[DEBUG] 2021-10-17 18:56:28.653 [main] SQL - update games set description=?, gameURL=? where id=?
[DEBUG] 2021-10-17 18:56:28.658 [main] LogicalConnectionManagedImpl - Initiating JDBC connection release from afterTransaction
[DEBUG] 2021-10-17 18:56:28.658 [main] LogicalConnectionManagedImpl - Initiating JDBC connection release from afterTransaction
[DEBUG] 2021-10-17 18:56:28.659 [main] SQL - select game0_.id as id1_0_0_, game0_.description as descript2_0_0_, game0_.gameURL as gameURL3_0_0_ from games game0_ where game0_.id=?
[DEBUG] 2021-10-17 18:56:28.662 [main] ResultSetProcessorImpl - Starting ResultSet row #0
[DEBUG] 2021-10-17 18:56:28.662 [main] EntityReferenceInitializerImpl - On call to EntityIdentifierReaderImpl#resolve, EntityKey was already known; should only happen on root returns with an optional identifier specified
[DEBUG] 2021-10-17 18:56:28.666 [main] TwoPhaseLoad - Resolving attributes for [entity.Game#2]
[DEBUG] 2021-10-17 18:56:28.666 [main] TwoPhaseLoad - Processing attribute `description` : value = test will pass
[DEBUG] 2021-10-17 18:56:28.666 [main] TwoPhaseLoad - Attribute (`description`)  - enhanced for lazy-loading? - false
[DEBUG] 2021-10-17 18:56:28.666 [main] TwoPhaseLoad - Processing attribute `gameURL` : value = https://www.enjpg.com/img/2020/cool-for-boys-4.jpg
[DEBUG] 2021-10-17 18:56:28.667 [main] TwoPhaseLoad - Attribute (`gameURL`)  - enhanced for lazy-loading? - false
[DEBUG] 2021-10-17 18:56:28.667 [main] TwoPhaseLoad - Done materializing entity [entity.Game#2]
[DEBUG] 2021-10-17 18:56:28.667 [main] ResourceRegistryStandardImpl - HHH000387: ResultSet's statement was not registered
[DEBUG] 2021-10-17 18:56:28.667 [main] AbstractLoadPlanBasedEntityLoader - Done entity load : entity.Game#2
[DEBUG] 2021-10-17 18:56:28.667 [main] LogicalConnectionManagedImpl - Initiating JDBC connection release from afterTransaction
