[DEBUG] 2021-10-17 19:02:54.978 [main] IntegratorServiceImpl - Adding Integrator [org.hibernate.cfg.beanvalidation.BeanValidationIntegrator].
[DEBUG] 2021-10-17 19:02:54.984 [main] IntegratorServiceImpl - Adding Integrator [org.hibernate.secure.spi.JaccIntegrator].
[DEBUG] 2021-10-17 19:02:54.986 [main] IntegratorServiceImpl - Adding Integrator [org.hibernate.cache.internal.CollectionCacheInvalidator].
[INFO ] 2021-10-17 19:02:55.072 [main] Version - HHH000412: Hibernate Core {5.4.4.Final}
[DEBUG] 2021-10-17 19:02:55.077 [main] Environment - HHH000206: hibernate.properties not found
[DEBUG] 2021-10-17 19:02:55.292 [main] JaxbCfgProcessor - cfg.xml document did not define namespaces; wrapping in custom event reader to introduce namespace information
[DEBUG] 2021-10-17 19:02:55.610 [main] ServiceBinding - Overriding existing service binding [org.hibernate.secure.spi.JaccService]
[DEBUG] 2021-10-17 19:02:55.631 [main] RegionFactoryInitiator - Cannot default RegionFactory based on registered strategies as `[]` RegionFactory strategies were registered
[DEBUG] 2021-10-17 19:02:55.632 [main] RegionFactoryInitiator - Cache region factory : org.hibernate.cache.internal.NoCachingRegionFactory
[INFO ] 2021-10-17 19:02:55.654 [main] Version - HCANN000001: Hibernate Commons Annotations {5.1.0.Final}
[DEBUG] 2021-10-17 19:02:55.679 [main] BasicTypeRegistry - Adding type registration boolean -> org.hibernate.type.BooleanType@23592946
[DEBUG] 2021-10-17 19:02:55.682 [main] BasicTypeRegistry - Adding type registration boolean -> org.hibernate.type.BooleanType@23592946
[DEBUG] 2021-10-17 19:02:55.683 [main] BasicTypeRegistry - Adding type registration java.lang.Boolean -> org.hibernate.type.BooleanType@23592946
[DEBUG] 2021-10-17 19:02:55.683 [main] BasicTypeRegistry - Adding type registration numeric_boolean -> org.hibernate.type.NumericBooleanType@7bca6fac
[DEBUG] 2021-10-17 19:02:55.686 [main] BasicTypeRegistry - Adding type registration true_false -> org.hibernate.type.TrueFalseType@5833f5cd
[DEBUG] 2021-10-17 19:02:55.686 [main] BasicTypeRegistry - Adding type registration yes_no -> org.hibernate.type.YesNoType@760cf594
[DEBUG] 2021-10-17 19:02:55.687 [main] BasicTypeRegistry - Adding type registration byte -> org.hibernate.type.ByteType@8ee0c23
[DEBUG] 2021-10-17 19:02:55.687 [main] BasicTypeRegistry - Adding type registration byte -> org.hibernate.type.ByteType@8ee0c23
[DEBUG] 2021-10-17 19:02:55.687 [main] BasicTypeRegistry - Adding type registration java.lang.Byte -> org.hibernate.type.ByteType@8ee0c23
[DEBUG] 2021-10-17 19:02:55.688 [main] BasicTypeRegistry - Adding type registration character -> org.hibernate.type.CharacterType@2f508f3c
[DEBUG] 2021-10-17 19:02:55.688 [main] BasicTypeRegistry - Adding type registration char -> org.hibernate.type.CharacterType@2f508f3c
[DEBUG] 2021-10-17 19:02:55.688 [main] BasicTypeRegistry - Adding type registration java.lang.Character -> org.hibernate.type.CharacterType@2f508f3c
[DEBUG] 2021-10-17 19:02:55.689 [main] BasicTypeRegistry - Adding type registration short -> org.hibernate.type.ShortType@ffaaaf0
[DEBUG] 2021-10-17 19:02:55.689 [main] BasicTypeRegistry - Adding type registration short -> org.hibernate.type.ShortType@ffaaaf0
[DEBUG] 2021-10-17 19:02:55.689 [main] BasicTypeRegistry - Adding type registration java.lang.Short -> org.hibernate.type.ShortType@ffaaaf0
[DEBUG] 2021-10-17 19:02:55.689 [main] BasicTypeRegistry - Adding type registration integer -> org.hibernate.type.IntegerType@62d73ead
[DEBUG] 2021-10-17 19:02:55.689 [main] BasicTypeRegistry - Adding type registration int -> org.hibernate.type.IntegerType@62d73ead
[DEBUG] 2021-10-17 19:02:55.689 [main] BasicTypeRegistry - Adding type registration java.lang.Integer -> org.hibernate.type.IntegerType@62d73ead
[DEBUG] 2021-10-17 19:02:55.695 [main] BasicTypeRegistry - Adding type registration long -> org.hibernate.type.LongType@73fc518f
[DEBUG] 2021-10-17 19:02:55.695 [main] BasicTypeRegistry - Adding type registration long -> org.hibernate.type.LongType@73fc518f
[DEBUG] 2021-10-17 19:02:55.695 [main] BasicTypeRegistry - Adding type registration java.lang.Long -> org.hibernate.type.LongType@73fc518f
[DEBUG] 2021-10-17 19:02:55.696 [main] BasicTypeRegistry - Adding type registration float -> org.hibernate.type.FloatType@2cc03cd1
[DEBUG] 2021-10-17 19:02:55.696 [main] BasicTypeRegistry - Adding type registration float -> org.hibernate.type.FloatType@2cc03cd1
[DEBUG] 2021-10-17 19:02:55.696 [main] BasicTypeRegistry - Adding type registration java.lang.Float -> org.hibernate.type.FloatType@2cc03cd1
[DEBUG] 2021-10-17 19:02:55.697 [main] BasicTypeRegistry - Adding type registration double -> org.hibernate.type.DoubleType@21e20ad5
[DEBUG] 2021-10-17 19:02:55.697 [main] BasicTypeRegistry - Adding type registration double -> org.hibernate.type.DoubleType@21e20ad5
[DEBUG] 2021-10-17 19:02:55.697 [main] BasicTypeRegistry - Adding type registration java.lang.Double -> org.hibernate.type.DoubleType@21e20ad5
[DEBUG] 2021-10-17 19:02:55.698 [main] BasicTypeRegistry - Adding type registration big_decimal -> org.hibernate.type.BigDecimalType@2650f79
[DEBUG] 2021-10-17 19:02:55.698 [main] BasicTypeRegistry - Adding type registration java.math.BigDecimal -> org.hibernate.type.BigDecimalType@2650f79
[DEBUG] 2021-10-17 19:02:55.698 [main] BasicTypeRegistry - Adding type registration big_integer -> org.hibernate.type.BigIntegerType@7a0f244f
[DEBUG] 2021-10-17 19:02:55.698 [main] BasicTypeRegistry - Adding type registration java.math.BigInteger -> org.hibernate.type.BigIntegerType@7a0f244f
[DEBUG] 2021-10-17 19:02:55.699 [main] BasicTypeRegistry - Adding type registration string -> org.hibernate.type.StringType@27a2a089
[DEBUG] 2021-10-17 19:02:55.699 [main] BasicTypeRegistry - Adding type registration java.lang.String -> org.hibernate.type.StringType@27a2a089
[DEBUG] 2021-10-17 19:02:55.699 [main] BasicTypeRegistry - Adding type registration nstring -> org.hibernate.type.StringNVarcharType@40e60ece
[DEBUG] 2021-10-17 19:02:55.700 [main] BasicTypeRegistry - Adding type registration ncharacter -> org.hibernate.type.CharacterNCharType@2aa6311a
[DEBUG] 2021-10-17 19:02:55.700 [main] BasicTypeRegistry - Adding type registration url -> org.hibernate.type.UrlType@2d0ecb24
[DEBUG] 2021-10-17 19:02:55.700 [main] BasicTypeRegistry - Adding type registration java.net.URL -> org.hibernate.type.UrlType@2d0ecb24
[DEBUG] 2021-10-17 19:02:55.703 [main] BasicTypeRegistry - Adding type registration Duration -> org.hibernate.type.DurationType@7e00ed0f
[DEBUG] 2021-10-17 19:02:55.703 [main] BasicTypeRegistry - Adding type registration java.time.Duration -> org.hibernate.type.DurationType@7e00ed0f
[DEBUG] 2021-10-17 19:02:55.707 [main] BasicTypeRegistry - Adding type registration Instant -> org.hibernate.type.InstantType@2b59501e
[DEBUG] 2021-10-17 19:02:55.707 [main] BasicTypeRegistry - Adding type registration java.time.Instant -> org.hibernate.type.InstantType@2b59501e
[DEBUG] 2021-10-17 19:02:55.708 [main] BasicTypeRegistry - Adding type registration LocalDateTime -> org.hibernate.type.LocalDateTimeType@153cd6bb
[DEBUG] 2021-10-17 19:02:55.709 [main] BasicTypeRegistry - Adding type registration java.time.LocalDateTime -> org.hibernate.type.LocalDateTimeType@153cd6bb
[DEBUG] 2021-10-17 19:02:55.710 [main] BasicTypeRegistry - Adding type registration LocalDate -> org.hibernate.type.LocalDateType@6428591a
[DEBUG] 2021-10-17 19:02:55.710 [main] BasicTypeRegistry - Adding type registration java.time.LocalDate -> org.hibernate.type.LocalDateType@6428591a
[DEBUG] 2021-10-17 19:02:55.711 [main] BasicTypeRegistry - Adding type registration LocalTime -> org.hibernate.type.LocalTimeType@1d540566
[DEBUG] 2021-10-17 19:02:55.712 [main] BasicTypeRegistry - Adding type registration java.time.LocalTime -> org.hibernate.type.LocalTimeType@1d540566
[DEBUG] 2021-10-17 19:02:55.712 [main] BasicTypeRegistry - Adding type registration OffsetDateTime -> org.hibernate.type.OffsetDateTimeType@28c86134
[DEBUG] 2021-10-17 19:02:55.712 [main] BasicTypeRegistry - Adding type registration java.time.OffsetDateTime -> org.hibernate.type.OffsetDateTimeType@28c86134
[DEBUG] 2021-10-17 19:02:55.713 [main] BasicTypeRegistry - Adding type registration OffsetTime -> org.hibernate.type.OffsetTimeType@7be71476
[DEBUG] 2021-10-17 19:02:55.716 [main] BasicTypeRegistry - Adding type registration java.time.OffsetTime -> org.hibernate.type.OffsetTimeType@7be71476
[DEBUG] 2021-10-17 19:02:55.717 [main] BasicTypeRegistry - Adding type registration ZonedDateTime -> org.hibernate.type.ZonedDateTimeType@154bd49b
[DEBUG] 2021-10-17 19:02:55.717 [main] BasicTypeRegistry - Adding type registration java.time.ZonedDateTime -> org.hibernate.type.ZonedDateTimeType@154bd49b
[DEBUG] 2021-10-17 19:02:55.717 [main] BasicTypeRegistry - Adding type registration date -> org.hibernate.type.DateType@2e53b094
[DEBUG] 2021-10-17 19:02:55.717 [main] BasicTypeRegistry - Adding type registration java.sql.Date -> org.hibernate.type.DateType@2e53b094
[DEBUG] 2021-10-17 19:02:55.718 [main] BasicTypeRegistry - Adding type registration time -> org.hibernate.type.TimeType@6c302a1d
[DEBUG] 2021-10-17 19:02:55.718 [main] BasicTypeRegistry - Adding type registration java.sql.Time -> org.hibernate.type.TimeType@6c302a1d
[DEBUG] 2021-10-17 19:02:55.718 [main] BasicTypeRegistry - Adding type registration timestamp -> org.hibernate.type.TimestampType@28501a4b
[DEBUG] 2021-10-17 19:02:55.719 [main] BasicTypeRegistry - Adding type registration java.sql.Timestamp -> org.hibernate.type.TimestampType@28501a4b
[DEBUG] 2021-10-17 19:02:55.719 [main] BasicTypeRegistry - Adding type registration java.util.Date -> org.hibernate.type.TimestampType@28501a4b
[DEBUG] 2021-10-17 19:02:55.719 [main] BasicTypeRegistry - Adding type registration dbtimestamp -> org.hibernate.type.DbTimestampType@2bebb74f
[DEBUG] 2021-10-17 19:02:55.720 [main] BasicTypeRegistry - Adding type registration calendar -> org.hibernate.type.CalendarType@fabb651
[DEBUG] 2021-10-17 19:02:55.720 [main] BasicTypeRegistry - Adding type registration java.util.Calendar -> org.hibernate.type.CalendarType@fabb651
[DEBUG] 2021-10-17 19:02:55.720 [main] BasicTypeRegistry - Adding type registration java.util.GregorianCalendar -> org.hibernate.type.CalendarType@fabb651
[DEBUG] 2021-10-17 19:02:55.720 [main] BasicTypeRegistry - Adding type registration calendar_date -> org.hibernate.type.CalendarDateType@58496c97
[DEBUG] 2021-10-17 19:02:55.720 [main] BasicTypeRegistry - Adding type registration locale -> org.hibernate.type.LocaleType@6ecab872
[DEBUG] 2021-10-17 19:02:55.720 [main] BasicTypeRegistry - Adding type registration java.util.Locale -> org.hibernate.type.LocaleType@6ecab872
[DEBUG] 2021-10-17 19:02:55.721 [main] BasicTypeRegistry - Adding type registration currency -> org.hibernate.type.CurrencyType@6d025d1d
[DEBUG] 2021-10-17 19:02:55.721 [main] BasicTypeRegistry - Adding type registration java.util.Currency -> org.hibernate.type.CurrencyType@6d025d1d
[DEBUG] 2021-10-17 19:02:55.721 [main] BasicTypeRegistry - Adding type registration timezone -> org.hibernate.type.TimeZoneType@7479b626
[DEBUG] 2021-10-17 19:02:55.721 [main] BasicTypeRegistry - Adding type registration java.util.TimeZone -> org.hibernate.type.TimeZoneType@7479b626
[DEBUG] 2021-10-17 19:02:55.722 [main] BasicTypeRegistry - Adding type registration class -> org.hibernate.type.ClassType@17a703f5
[DEBUG] 2021-10-17 19:02:55.722 [main] BasicTypeRegistry - Adding type registration java.lang.Class -> org.hibernate.type.ClassType@17a703f5
[DEBUG] 2021-10-17 19:02:55.723 [main] BasicTypeRegistry - Adding type registration uuid-binary -> org.hibernate.type.UUIDBinaryType@65f2f9b0
[DEBUG] 2021-10-17 19:02:55.723 [main] BasicTypeRegistry - Adding type registration java.util.UUID -> org.hibernate.type.UUIDBinaryType@65f2f9b0
[DEBUG] 2021-10-17 19:02:55.723 [main] BasicTypeRegistry - Adding type registration uuid-char -> org.hibernate.type.UUIDCharType@5e671e20
[DEBUG] 2021-10-17 19:02:55.723 [main] BasicTypeRegistry - Adding type registration binary -> org.hibernate.type.BinaryType@6fd12c5
[DEBUG] 2021-10-17 19:02:55.724 [main] BasicTypeRegistry - Adding type registration byte[] -> org.hibernate.type.BinaryType@6fd12c5
[DEBUG] 2021-10-17 19:02:55.724 [main] BasicTypeRegistry - Adding type registration [B -> org.hibernate.type.BinaryType@6fd12c5
[DEBUG] 2021-10-17 19:02:55.724 [main] BasicTypeRegistry - Adding type registration wrapper-binary -> org.hibernate.type.WrapperBinaryType@149debbb
[DEBUG] 2021-10-17 19:02:55.724 [main] BasicTypeRegistry - Adding type registration Byte[] -> org.hibernate.type.WrapperBinaryType@149debbb
[DEBUG] 2021-10-17 19:02:55.724 [main] BasicTypeRegistry - Adding type registration [Ljava.lang.Byte; -> org.hibernate.type.WrapperBinaryType@149debbb
[DEBUG] 2021-10-17 19:02:55.725 [main] BasicTypeRegistry - Adding type registration row_version -> org.hibernate.type.RowVersionType@131ff6fa
[DEBUG] 2021-10-17 19:02:55.725 [main] BasicTypeRegistry - Adding type registration image -> org.hibernate.type.ImageType@42c28305
[DEBUG] 2021-10-17 19:02:55.725 [main] BasicTypeRegistry - Adding type registration characters -> org.hibernate.type.CharArrayType@6ba30587
[DEBUG] 2021-10-17 19:02:55.726 [main] BasicTypeRegistry - Adding type registration char[] -> org.hibernate.type.CharArrayType@6ba30587
[DEBUG] 2021-10-17 19:02:55.726 [main] BasicTypeRegistry - Adding type registration [C -> org.hibernate.type.CharArrayType@6ba30587
[DEBUG] 2021-10-17 19:02:55.726 [main] BasicTypeRegistry - Adding type registration wrapper-characters -> org.hibernate.type.CharacterArrayType@37af1f93
[DEBUG] 2021-10-17 19:02:55.726 [main] BasicTypeRegistry - Adding type registration [Ljava.lang.Character; -> org.hibernate.type.CharacterArrayType@37af1f93
[DEBUG] 2021-10-17 19:02:55.726 [main] BasicTypeRegistry - Adding type registration Character[] -> org.hibernate.type.CharacterArrayType@37af1f93
[DEBUG] 2021-10-17 19:02:55.727 [main] BasicTypeRegistry - Adding type registration text -> org.hibernate.type.TextType@168cd36b
[DEBUG] 2021-10-17 19:02:55.727 [main] BasicTypeRegistry - Adding type registration ntext -> org.hibernate.type.NTextType@10cd6753
[DEBUG] 2021-10-17 19:02:55.728 [main] BasicTypeRegistry - Adding type registration blob -> org.hibernate.type.BlobType@68e7c8c3
[DEBUG] 2021-10-17 19:02:55.728 [main] BasicTypeRegistry - Adding type registration java.sql.Blob -> org.hibernate.type.BlobType@68e7c8c3
[DEBUG] 2021-10-17 19:02:55.728 [main] BasicTypeRegistry - Adding type registration materialized_blob -> org.hibernate.type.MaterializedBlobType@58860997
[DEBUG] 2021-10-17 19:02:55.729 [main] BasicTypeRegistry - Adding type registration clob -> org.hibernate.type.ClobType@150ede8b
[DEBUG] 2021-10-17 19:02:55.729 [main] BasicTypeRegistry - Adding type registration java.sql.Clob -> org.hibernate.type.ClobType@150ede8b
[DEBUG] 2021-10-17 19:02:55.729 [main] BasicTypeRegistry - Adding type registration nclob -> org.hibernate.type.NClobType@332820f4
[DEBUG] 2021-10-17 19:02:55.732 [main] BasicTypeRegistry - Adding type registration java.sql.NClob -> org.hibernate.type.NClobType@332820f4
[DEBUG] 2021-10-17 19:02:55.732 [main] BasicTypeRegistry - Adding type registration materialized_clob -> org.hibernate.type.MaterializedClobType@21f459fc
[DEBUG] 2021-10-17 19:02:55.732 [main] BasicTypeRegistry - Adding type registration materialized_nclob -> org.hibernate.type.MaterializedNClobType@bfc14b9
[DEBUG] 2021-10-17 19:02:55.732 [main] BasicTypeRegistry - Adding type registration serializable -> org.hibernate.type.SerializableType@6ba7383d
[DEBUG] 2021-10-17 19:02:55.734 [main] BasicTypeRegistry - Adding type registration object -> org.hibernate.type.ObjectType@62573c86
[DEBUG] 2021-10-17 19:02:55.734 [main] BasicTypeRegistry - Adding type registration java.lang.Object -> org.hibernate.type.ObjectType@62573c86
[DEBUG] 2021-10-17 19:02:55.734 [main] BasicTypeRegistry - Adding type registration imm_date -> org.hibernate.type.AdaptedImmutableType@7158daf2
[DEBUG] 2021-10-17 19:02:55.734 [main] BasicTypeRegistry - Adding type registration imm_time -> org.hibernate.type.AdaptedImmutableType@10f19647
[DEBUG] 2021-10-17 19:02:55.735 [main] BasicTypeRegistry - Adding type registration imm_timestamp -> org.hibernate.type.AdaptedImmutableType@102efc59
[DEBUG] 2021-10-17 19:02:55.735 [main] BasicTypeRegistry - Adding type registration imm_dbtimestamp -> org.hibernate.type.AdaptedImmutableType@3936df72
[DEBUG] 2021-10-17 19:02:55.735 [main] BasicTypeRegistry - Adding type registration imm_calendar -> org.hibernate.type.AdaptedImmutableType@e8e0dec
[DEBUG] 2021-10-17 19:02:55.735 [main] BasicTypeRegistry - Adding type registration imm_calendar_date -> org.hibernate.type.AdaptedImmutableType@12d1f1d4
[DEBUG] 2021-10-17 19:02:55.735 [main] BasicTypeRegistry - Adding type registration imm_binary -> org.hibernate.type.AdaptedImmutableType@75fa1be3
[DEBUG] 2021-10-17 19:02:55.735 [main] BasicTypeRegistry - Adding type registration imm_serializable -> org.hibernate.type.AdaptedImmutableType@7a389761
[DEBUG] 2021-10-17 19:02:55.767 [main] DefaultIdentifierGeneratorFactory - Registering IdentifierGenerator strategy [uuid2] -> [org.hibernate.id.UUIDGenerator]
[DEBUG] 2021-10-17 19:02:55.767 [main] DefaultIdentifierGeneratorFactory - Registering IdentifierGenerator strategy [guid] -> [org.hibernate.id.GUIDGenerator]
[DEBUG] 2021-10-17 19:02:55.767 [main] DefaultIdentifierGeneratorFactory - Registering IdentifierGenerator strategy [uuid] -> [org.hibernate.id.UUIDHexGenerator]
[DEBUG] 2021-10-17 19:02:55.768 [main] DefaultIdentifierGeneratorFactory - Registering IdentifierGenerator strategy [uuid.hex] -> [org.hibernate.id.UUIDHexGenerator]
[DEBUG] 2021-10-17 19:02:55.768 [main] DefaultIdentifierGeneratorFactory - Registering IdentifierGenerator strategy [assigned] -> [org.hibernate.id.Assigned]
[DEBUG] 2021-10-17 19:02:55.771 [main] DefaultIdentifierGeneratorFactory - Registering IdentifierGenerator strategy [identity] -> [org.hibernate.id.IdentityGenerator]
[DEBUG] 2021-10-17 19:02:55.776 [main] DefaultIdentifierGeneratorFactory - Registering IdentifierGenerator strategy [select] -> [org.hibernate.id.SelectGenerator]
[DEBUG] 2021-10-17 19:02:55.777 [main] DefaultIdentifierGeneratorFactory - Registering IdentifierGenerator strategy [sequence] -> [org.hibernate.id.enhanced.SequenceStyleGenerator]
[DEBUG] 2021-10-17 19:02:55.777 [main] DefaultIdentifierGeneratorFactory - Registering IdentifierGenerator strategy [seqhilo] -> [org.hibernate.id.SequenceHiLoGenerator]
[DEBUG] 2021-10-17 19:02:55.778 [main] DefaultIdentifierGeneratorFactory - Registering IdentifierGenerator strategy [increment] -> [org.hibernate.id.IncrementGenerator]
[DEBUG] 2021-10-17 19:02:55.778 [main] DefaultIdentifierGeneratorFactory - Registering IdentifierGenerator strategy [foreign] -> [org.hibernate.id.ForeignGenerator]
[DEBUG] 2021-10-17 19:02:55.778 [main] DefaultIdentifierGeneratorFactory - Registering IdentifierGenerator strategy [sequence-identity] -> [org.hibernate.id.SequenceIdentityGenerator]
[DEBUG] 2021-10-17 19:02:55.779 [main] DefaultIdentifierGeneratorFactory - Registering IdentifierGenerator strategy [enhanced-sequence] -> [org.hibernate.id.enhanced.SequenceStyleGenerator]
[DEBUG] 2021-10-17 19:02:55.779 [main] DefaultIdentifierGeneratorFactory - Registering IdentifierGenerator strategy [enhanced-table] -> [org.hibernate.id.enhanced.TableGenerator]
[INFO ] 2021-10-17 19:02:55.782 [main] C3P0ConnectionProvider - HHH010002: C3P0 using driver: com.mysql.cj.jdbc.Driver at URL: jdbc:mysql://localhost:3306/GameReports
[INFO ] 2021-10-17 19:02:55.786 [main] C3P0ConnectionProvider - HHH10001001: Connection properties: {password=****, user=root}
[INFO ] 2021-10-17 19:02:55.786 [main] C3P0ConnectionProvider - HHH10001003: Autocommit mode: false
[INFO ] 2021-10-17 19:02:55.920 [main] C3P0ConnectionProvider - HHH10001007: JDBC isolation level: <unknown>
[DEBUG] 2021-10-17 19:02:56.040 [main] JdbcEnvironmentInitiator - Database ->
       name : MySQL
    version : 8.0.22
      major : 8
      minor : 0
[DEBUG] 2021-10-17 19:02:56.052 [main] JdbcEnvironmentInitiator - Driver ->
       name : MySQL Connector/J
    version : mysql-connector-java-8.0.16 (Revision: 34cbc6bc61f72836e26327537a432d6db7c77de6)
      major : 8
      minor : 0
[DEBUG] 2021-10-17 19:02:56.053 [main] JdbcEnvironmentInitiator - JDBC version : 4.2
[INFO ] 2021-10-17 19:02:56.099 [main] Dialect - HHH000400: Using dialect: org.hibernate.dialect.MySQL8Dialect
[DEBUG] 2021-10-17 19:02:56.116 [main] IdentifierHelperBuilder - JDBC driver metadata reported database stores quoted identifiers in more than one case
[DEBUG] 2021-10-17 19:02:56.147 [main] IdentifierHelperBuilder - IdentifierCaseStrategy for both quoted and unquoted identifiers was set to the same strategy [MIXED]; that will likely lead to problems in schema update and validation if using quoted identifiers
[DEBUG] 2021-10-17 19:02:56.193 [main] Namespace - Created database namespace [logicalName=Name{catalog=null, schema=null}, physicalName=Name{catalog=null, schema=null}]
[DEBUG] 2021-10-17 19:02:56.195 [main] TypeConfiguration$Scope - Scoping TypeConfiguration [org.hibernate.type.spi.TypeConfiguration@6d0b0da6] to MetadataBuildingContext [org.hibernate.boot.internal.MetadataBuildingContextRootImpl@4779aae6]
[DEBUG] 2021-10-17 19:02:56.242 [main] AnnotationBinder - Binding entity from annotated class: entity.Game
[DEBUG] 2021-10-17 19:02:56.265 [main] Ejb3Column - Binding column: Ejb3DiscriminatorColumn{logicalColumnName'DTYPE', discriminatorTypeName='string'}
[DEBUG] 2021-10-17 19:02:56.272 [main] EntityBinder - Import with entity name Game
[DEBUG] 2021-10-17 19:02:56.274 [main] EntityBinder - Bind entity entity.Game on table games
[DEBUG] 2021-10-17 19:02:56.303 [main] Ejb3Column - Binding column: Ejb3Column{table=org.hibernate.mapping.Table(games), mappingColumn=id, insertable=true, updatable=true, unique=false}
[DEBUG] 2021-10-17 19:02:56.304 [main] PropertyBinder - MetadataSourceProcessor property id with lazy=false
[DEBUG] 2021-10-17 19:02:56.305 [main] AbstractPropertyHolder - Attempting to locate auto-apply AttributeConverter for property [entity.Game:id]
[DEBUG] 2021-10-17 19:02:56.309 [main] SimpleValueBinder - building SimpleValue for id
[DEBUG] 2021-10-17 19:02:56.310 [main] PropertyBinder - Building property id
[DEBUG] 2021-10-17 19:02:56.315 [main] BinderHelper - #makeIdGenerator(org.hibernate.mapping.SimpleValue([org.hibernate.mapping.Column(id)]), id, org.hibernate.id.enhanced.SequenceStyleGenerator, native, ...)
[DEBUG] 2021-10-17 19:02:56.320 [main] Ejb3Column - Binding column: Ejb3Column{table=org.hibernate.mapping.Table(games), mappingColumn=description, insertable=true, updatable=true, unique=false}
[DEBUG] 2021-10-17 19:02:56.320 [main] PropertyBinder - MetadataSourceProcessor property description with lazy=false
[DEBUG] 2021-10-17 19:02:56.320 [main] AbstractPropertyHolder - Attempting to locate auto-apply AttributeConverter for property [entity.Game:description]
[DEBUG] 2021-10-17 19:02:56.320 [main] SimpleValueBinder - building SimpleValue for description
[DEBUG] 2021-10-17 19:02:56.320 [main] PropertyBinder - Building property description
[DEBUG] 2021-10-17 19:02:56.322 [main] Ejb3Column - Binding column: Ejb3Column{table=org.hibernate.mapping.Table(games), mappingColumn=gameURL, insertable=true, updatable=true, unique=false}
[DEBUG] 2021-10-17 19:02:56.322 [main] PropertyBinder - MetadataSourceProcessor property gameURL with lazy=false
[DEBUG] 2021-10-17 19:02:56.322 [main] AbstractPropertyHolder - Attempting to locate auto-apply AttributeConverter for property [entity.Game:gameURL]
[DEBUG] 2021-10-17 19:02:56.322 [main] SimpleValueBinder - building SimpleValue for gameURL
[DEBUG] 2021-10-17 19:02:56.322 [main] PropertyBinder - Building property gameURL
[DEBUG] 2021-10-17 19:02:56.327 [main] SimpleValueBinder - Starting fillSimpleValue for id
[DEBUG] 2021-10-17 19:02:56.327 [main] SimpleValueBinder - Starting fillSimpleValue for description
[DEBUG] 2021-10-17 19:02:56.327 [main] SimpleValueBinder - Starting fillSimpleValue for gameURL
[DEBUG] 2021-10-17 19:02:56.328 [main] PrimaryKey - Forcing column [id] to be non-null as it is part of the primary key for table [games]
[DEBUG] 2021-10-17 19:02:56.359 [main] SessionFactoryImpl - Building session factory
[DEBUG] 2021-10-17 19:02:56.362 [main] Settings - SessionFactory name : null
[DEBUG] 2021-10-17 19:02:56.362 [main] Settings - Automatic flush during beforeCompletion(): enabled
[DEBUG] 2021-10-17 19:02:56.362 [main] Settings - Automatic session close at end of transaction: disabled
[DEBUG] 2021-10-17 19:02:56.362 [main] Settings - Statistics: disabled
[DEBUG] 2021-10-17 19:02:56.362 [main] Settings - Deleted entity synthetic identifier rollback: disabled
[DEBUG] 2021-10-17 19:02:56.362 [main] Settings - Default entity-mode: pojo
[DEBUG] 2021-10-17 19:02:56.363 [main] Settings - Check Nullability in Core (should be disabled when Bean Validation is on): enabled
[DEBUG] 2021-10-17 19:02:56.363 [main] Settings - Allow initialization of lazy state outside session : disabled
[DEBUG] 2021-10-17 19:02:56.363 [main] Settings - Using BatchFetchStyle : LEGACY
[DEBUG] 2021-10-17 19:02:56.363 [main] Settings - Default batch fetch size: -1
[DEBUG] 2021-10-17 19:02:56.363 [main] Settings - Maximum outer join fetch depth: 2
[DEBUG] 2021-10-17 19:02:56.363 [main] Settings - Default null ordering: NONE
[DEBUG] 2021-10-17 19:02:56.363 [main] Settings - Order SQL updates by primary key: disabled
[DEBUG] 2021-10-17 19:02:56.363 [main] Settings - Order SQL inserts for batching: disabled
[DEBUG] 2021-10-17 19:02:56.363 [main] Settings - multi-tenancy strategy : NONE
[DEBUG] 2021-10-17 19:02:56.366 [main] Settings - JTA Track by Thread: enabled
[DEBUG] 2021-10-17 19:02:56.366 [main] Settings - Query language substitutions: {}
[DEBUG] 2021-10-17 19:02:56.366 [main] Settings - Named query checking : enabled
[DEBUG] 2021-10-17 19:02:56.366 [main] Settings - Second-level cache: disabled
[DEBUG] 2021-10-17 19:02:56.366 [main] Settings - Second-level query cache: disabled
[DEBUG] 2021-10-17 19:02:56.366 [main] Settings - Second-level query cache factory: null
[DEBUG] 2021-10-17 19:02:56.366 [main] Settings - Second-level cache region prefix: null
[DEBUG] 2021-10-17 19:02:56.366 [main] Settings - Optimize second-level cache for minimal puts: disabled
[DEBUG] 2021-10-17 19:02:56.366 [main] Settings - Structured second-level cache entries: disabled
[DEBUG] 2021-10-17 19:02:56.367 [main] Settings - Second-level cache direct-reference entries: disabled
[DEBUG] 2021-10-17 19:02:56.367 [main] Settings - Automatic eviction of collection cache: disabled
[DEBUG] 2021-10-17 19:02:56.367 [main] Settings - JDBC batch size: 15
[DEBUG] 2021-10-17 19:02:56.368 [main] Settings - JDBC batch updates for versioned data: enabled
[DEBUG] 2021-10-17 19:02:56.368 [main] Settings - Scrollable result sets: enabled
[DEBUG] 2021-10-17 19:02:56.368 [main] Settings - Wrap result sets: disabled
[DEBUG] 2021-10-17 19:02:56.368 [main] Settings - JDBC3 getGeneratedKeys(): enabled
[DEBUG] 2021-10-17 19:02:56.368 [main] Settings - JDBC result set fetch size: null
[DEBUG] 2021-10-17 19:02:56.368 [main] Settings - Connection release mode: AFTER_TRANSACTION
[DEBUG] 2021-10-17 19:02:56.369 [main] Settings - Generate SQL with comments: disabled
[DEBUG] 2021-10-17 19:02:56.369 [main] Settings - JPA compliance - query : 
[DEBUG] 2021-10-17 19:02:56.369 [main] Settings - JPA compliance - closed-handling : 
[DEBUG] 2021-10-17 19:02:56.369 [main] Settings - JPA compliance - lists : 
[DEBUG] 2021-10-17 19:02:56.369 [main] Settings - JPA compliance - transactions : 
[INFO ] 2021-10-17 19:02:56.433 [main] beans - HHH10005002: No explicit CDI BeanManager reference was passed to Hibernate, but CDI is available on the Hibernate ClassLoader.
[DEBUG] 2021-10-17 19:02:56.451 [main] SessionFactoryImpl - Session factory constructed with filter configurations : {}
[DEBUG] 2021-10-17 19:02:56.451 [main] SessionFactoryImpl - Instantiating session factory with properties: {sun.desktop=gnome, awt.toolkit=sun.awt.X11.XToolkit, java.specification.version=11, sun.cpu.isalist=, hibernate.c3p0.idle_test_period=3000, sun.jnu.encoding=UTF-8, hibernate.c3p0.min_size=5, java.class.path=/home/student/intellij/lib/idea_rt.jar:/home/student/intellij/plugins/junit/lib/junit5-rt.jar:/home/student/intellij/plugins/junit/lib/junit-rt.jar:/home/student/RatingsAnonymous/target/test-classes:/home/student/RatingsAnonymous/target/classes:/home/student/.m2/repository/org/hibernate/hibernate-core/5.4.4.Final/hibernate-core-5.4.4.Final.jar:/home/student/.m2/repository/org/jboss/logging/jboss-logging/3.3.2.Final/jboss-logging-3.3.2.Final.jar:/home/student/.m2/repository/javax/persistence/javax.persistence-api/2.2/javax.persistence-api-2.2.jar:/home/student/.m2/repository/org/javassist/javassist/3.24.0-GA/javassist-3.24.0-GA.jar:/home/student/.m2/repository/net/bytebuddy/byte-buddy/1.9.11/byte-buddy-1.9.11.jar:/home/student/.m2/repository/antlr/antlr/2.7.7/antlr-2.7.7.jar:/home/student/.m2/repository/org/jboss/spec/javax/transaction/jboss-transaction-api_1.2_spec/1.1.1.Final/jboss-transaction-api_1.2_spec-1.1.1.Final.jar:/home/student/.m2/repository/org/jboss/jandex/2.0.5.Final/jandex-2.0.5.Final.jar:/home/student/.m2/repository/com/fasterxml/classmate/1.3.4/classmate-1.3.4.jar:/home/student/.m2/repository/javax/activation/javax.activation-api/1.2.0/javax.activation-api-1.2.0.jar:/home/student/.m2/repository/org/dom4j/dom4j/2.1.1/dom4j-2.1.1.jar:/home/student/.m2/repository/org/hibernate/common/hibernate-commons-annotations/5.1.0.Final/hibernate-commons-annotations-5.1.0.Final.jar:/home/student/.m2/repository/javax/xml/bind/jaxb-api/2.3.1/jaxb-api-2.3.1.jar:/home/student/.m2/repository/org/glassfish/jaxb/jaxb-runtime/2.3.1/jaxb-runtime-2.3.1.jar:/home/student/.m2/repository/org/glassfish/jaxb/txw2/2.3.1/txw2-2.3.1.jar:/home/student/.m2/repository/com/sun/istack/istack-commons-runtime/3.0.7/istack-commons-runtime-3.0.7.jar:/home/student/.m2/repository/org/jvnet/staxex/stax-ex/1.8/stax-ex-1.8.jar:/home/student/.m2/repository/com/sun/xml/fastinfoset/FastInfoset/1.2.15/FastInfoset-1.2.15.jar:/home/student/.m2/repository/org/hibernate/hibernate-c3p0/5.4.4.Final/hibernate-c3p0-5.4.4.Final.jar:/home/student/.m2/repository/com/mchange/c3p0/0.9.5.3/c3p0-0.9.5.3.jar:/home/student/.m2/repository/com/mchange/mchange-commons-java/0.2.15/mchange-commons-java-0.2.15.jar:/home/student/.m2/repository/org/apache/logging/log4j/log4j-api/2.10.0/log4j-api-2.10.0.jar:/home/student/.m2/repository/org/apache/logging/log4j/log4j-core/2.10.0/log4j-core-2.10.0.jar:/home/student/.m2/repository/javax/javaee-web-api/7.0/javaee-web-api-7.0.jar:/home/student/.m2/repository/org/junit/platform/junit-platform-runner/1.0.0/junit-platform-runner-1.0.0.jar:/home/student/.m2/repository/org/apiguardian/apiguardian-api/1.0.0/apiguardian-api-1.0.0.jar:/home/student/.m2/repository/org/junit/platform/junit-platform-launcher/1.0.0/junit-platform-launcher-1.0.0.jar:/home/student/.m2/repository/org/junit/platform/junit-platform-suite-api/1.0.0/junit-platform-suite-api-1.0.0.jar:/home/student/.m2/repository/org/junit/platform/junit-platform-commons/1.0.0/junit-platform-commons-1.0.0.jar:/home/student/.m2/repository/org/junit/vintage/junit-vintage-engine/4.12.0/junit-vintage-engine-4.12.0.jar:/home/student/.m2/repository/org/junit/platform/junit-platform-engine/1.0.0/junit-platform-engine-1.0.0.jar:/home/student/.m2/repository/org/opentest4j/opentest4j/1.0.0/opentest4j-1.0.0.jar:/home/student/.m2/repository/org/junit/jupiter/junit-jupiter-engine/5.0.0/junit-jupiter-engine-5.0.0.jar:/home/student/.m2/repository/org/junit/jupiter/junit-jupiter-api/5.0.0/junit-jupiter-api-5.0.0.jar:/home/student/.m2/repository/junit/junit/4.12/junit-4.12.jar:/home/student/.m2/repository/org/hamcrest/hamcrest-core/1.3/hamcrest-core-1.3.jar:/home/student/.m2/repository/jstl/jstl/1.2/jstl-1.2.jar:/home/student/.m2/repository/mysql/mysql-connector-java/8.0.16/mysql-connector-java-8.0.16.jar:/home/student/.m2/repository/com/google/protobuf/protobuf-java/3.6.1/protobuf-java-3.6.1.jar:/home/student/.m2/repository/org/jetbrains/annotations/22.0.0/annotations-22.0.0.jar, java.vm.vendor=Ubuntu, sun.arch.data.model=64, idea.test.cyclic.buffer.size=1048576, java.vendor.url=https://ubuntu.com/, user.timezone=America/Chicago, os.name=Linux, java.vm.specification.version=11, sun.java.launcher=SUN_STANDARD, user.country=US, sun.boot.library.path=/usr/lib/jvm/java-11-openjdk-amd64/lib, sun.java.command=com.intellij.rt.junit.JUnitStarter -ideVersion5 -junit5 persistence.AdminDaoTest, jdk.debug=release, sun.cpu.endian=little, user.home=/home/student, hibernate.c3p0.max_statements=50, user.language=en, java.specification.vendor=Oracle Corporation, java.version.date=2021-04-20, java.home=/usr/lib/jvm/java-11-openjdk-amd64, file.separator=/, java.vm.compressedOopsMode=32-bit, line.separator=
, hibernate.c3p0.timeout=300, java.specification.name=Java Platform API Specification, java.vm.specification.vendor=Oracle Corporation, java.awt.graphicsenv=sun.awt.X11GraphicsEnvironment, connection.password=student, sun.management.compiler=HotSpot 64-Bit Tiered Compilers, hibernate.c3p0.max_size=20, java.runtime.version=11.0.11+9-Ubuntu-0ubuntu2.20.04, user.name=student, path.separator=:, hibernate.connection.username=****, os.version=5.4.0-88-generic, java.runtime.name=OpenJDK Runtime Environment, hibernate.connection.url=jdbc:mysql://localhost:3306/GameReports, file.encoding=UTF-8, java.vm.name=OpenJDK 64-Bit Server VM, hibernate.connection.driver_class=com.mysql.cj.jdbc.Driver, java.vendor.url.bug=https://bugs.launchpad.net/ubuntu/+source/openjdk-lts, java.io.tmpdir=/tmp, java.version=11.0.11, user.dir=/home/student/RatingsAnonymous, os.arch=amd64, connection.username=root, java.vm.specification.name=Java Virtual Machine Specification, java.awt.printerjob=sun.print.PSPrinterJob, hibernate.connection.password=****, sun.os.patch.level=unknown, connection.driver_class=com.mysql.cj.jdbc.Driver, hibernate.boot.CfgXmlAccessService.key=org.hibernate.boot.cfgxml.spi.LoadedConfig@34be065a, java.library.path=/usr/java/packages/lib:/usr/lib/x86_64-linux-gnu/jni:/lib/x86_64-linux-gnu:/usr/lib/x86_64-linux-gnu:/usr/lib/jni:/lib:/usr/lib, java.vendor=Ubuntu, java.vm.info=mixed mode, sharing, java.vm.version=11.0.11+9-Ubuntu-0ubuntu2.20.04, hibernate.bytecode.use_reflection_optimizer=false, sun.io.unicode.encoding=UnicodeLittle, connection.url=jdbc:mysql://localhost:3306/GameReports, java.class.version=55.0}
[DEBUG] 2021-10-17 19:02:56.469 [main] TypeSafeActivator - Unable to acquire Bean Validation ValidatorFactory, skipping activation
[DEBUG] 2021-10-17 19:02:56.469 [main] JaccIntegrator - Skipping JACC integration as it was not enabled
[DEBUG] 2021-10-17 19:02:56.470 [main] SessionFactoryImpl - Instantiated session factory
[DEBUG] 2021-10-17 19:02:56.470 [main] TypeConfiguration$Scope - Scoping TypeConfiguration [org.hibernate.type.spi.TypeConfiguration@6d0b0da6] to SessionFactoryImpl [org.hibernate.internal.SessionFactoryImpl@3728a578]
[DEBUG] 2021-10-17 19:02:56.537 [main] ClassLoaderAccessImpl - Not known whether passed class name [entity.Game] is safe
[DEBUG] 2021-10-17 19:02:56.537 [main] ClassLoaderAccessImpl - No temp ClassLoader provided; using live ClassLoader for loading potentially unsafe class : entity.Game
[DEBUG] 2021-10-17 19:02:56.558 [main] ClassLoaderAccessImpl - Not known whether passed class name [entity.Game] is safe
[DEBUG] 2021-10-17 19:02:56.558 [main] ClassLoaderAccessImpl - No temp ClassLoader provided; using live ClassLoader for loading potentially unsafe class : entity.Game
[DEBUG] 2021-10-17 19:02:56.791 [main] AbstractEntityPersister - Static SQL for entity: entity.Game
[DEBUG] 2021-10-17 19:02:56.795 [main] AbstractEntityPersister -  Version select: select id from games where id =?
[DEBUG] 2021-10-17 19:02:56.795 [main] AbstractEntityPersister -  Snapshot select: select game_.id, game_.description as descript2_0_, game_.gameURL as gameURL3_0_ from games game_ where game_.id=?
[DEBUG] 2021-10-17 19:02:56.795 [main] AbstractEntityPersister -  Insert 0: insert into games (description, gameURL, id) values (?, ?, ?)
[DEBUG] 2021-10-17 19:02:56.796 [main] AbstractEntityPersister -  Update 0: update games set description=?, gameURL=? where id=?
[DEBUG] 2021-10-17 19:02:56.796 [main] AbstractEntityPersister -  Delete 0: delete from games where id=?
[DEBUG] 2021-10-17 19:02:56.796 [main] AbstractEntityPersister -  Identity insert: insert into games (description, gameURL) values (?, ?)
[DEBUG] 2021-10-17 19:02:56.819 [main] QuerySpacesImpl - Adding QuerySpace : uid = <gen:0> -> org.hibernate.loader.plan.build.internal.spaces.EntityQuerySpaceImpl@76cdafa3]
[DEBUG] 2021-10-17 19:02:56.820 [main] MetamodelGraphWalker - Visiting attribute path : description
[DEBUG] 2021-10-17 19:02:56.820 [main] MetamodelGraphWalker - Visiting attribute path : gameURL
[DEBUG] 2021-10-17 19:02:56.820 [main] FetchStyleLoadPlanBuildingAssociationVisitationStrategy - Building LoadPlan...
[DEBUG] 2021-10-17 19:02:56.835 [main] LoadQueryJoinAndFetchProcessor - processing queryspace <gen:0>
[DEBUG] 2021-10-17 19:02:56.837 [main] LoadPlanTreePrinter - LoadPlan(entity=entity.Game)
    - Returns
       - EntityReturnImpl(entity=entity.Game, querySpaceUid=<gen:0>, path=entity.Game)
    - QuerySpaces
       - EntityQuerySpaceImpl(uid=<gen:0>, entity=entity.Game)
          - SQL table alias mapping - game0_
          - alias suffix - 0_
          - suffixed key columns - {id1_0_0_}

[DEBUG] 2021-10-17 19:02:56.838 [main] EntityLoader - Static select for entity entity.Game [NONE]: select game0_.id as id1_0_0_, game0_.description as descript2_0_0_, game0_.gameURL as gameURL3_0_0_ from games game0_ where game0_.id=?
[DEBUG] 2021-10-17 19:02:56.841 [main] QuerySpacesImpl - Adding QuerySpace : uid = <gen:0> -> org.hibernate.loader.plan.build.internal.spaces.EntityQuerySpaceImpl@7aded903]
[DEBUG] 2021-10-17 19:02:56.841 [main] MetamodelGraphWalker - Visiting attribute path : description
[DEBUG] 2021-10-17 19:02:56.841 [main] MetamodelGraphWalker - Visiting attribute path : gameURL
[DEBUG] 2021-10-17 19:02:56.841 [main] FetchStyleLoadPlanBuildingAssociationVisitationStrategy - Building LoadPlan...
[DEBUG] 2021-10-17 19:02:56.841 [main] LoadQueryJoinAndFetchProcessor - processing queryspace <gen:0>
[DEBUG] 2021-10-17 19:02:56.841 [main] LoadPlanTreePrinter - LoadPlan(entity=entity.Game)
    - Returns
       - EntityReturnImpl(entity=entity.Game, querySpaceUid=<gen:0>, path=entity.Game)
    - QuerySpaces
       - EntityQuerySpaceImpl(uid=<gen:0>, entity=entity.Game)
          - SQL table alias mapping - game0_
          - alias suffix - 0_
          - suffixed key columns - {id1_0_0_}

[DEBUG] 2021-10-17 19:02:56.843 [main] EntityLoader - Static select for entity entity.Game [READ]: select game0_.id as id1_0_0_, game0_.description as descript2_0_0_, game0_.gameURL as gameURL3_0_0_ from games game0_ where game0_.id=?
[DEBUG] 2021-10-17 19:02:56.855 [main] Loader - Static select for action ACTION_MERGE on entity entity.Game: select game0_.id as id1_0_0_, game0_.description as descript2_0_0_, game0_.gameURL as gameURL3_0_0_ from games game0_ where game0_.id=?
[DEBUG] 2021-10-17 19:02:56.855 [main] Loader - Static select for action ACTION_REFRESH on entity entity.Game: select game0_.id as id1_0_0_, game0_.description as descript2_0_0_, game0_.gameURL as gameURL3_0_0_ from games game0_ where game0_.id=?
[DEBUG] 2021-10-17 19:02:56.880 [main] SchemaManagementToolCoordinator - No actions specified; doing nothing
[DEBUG] 2021-10-17 19:02:56.881 [main] JtaPlatformInitiator - No JtaPlatform was specified, checking resolver
[DEBUG] 2021-10-17 19:02:56.881 [main] JtaPlatformResolverInitiator - No JtaPlatformResolver was specified, using default [org.hibernate.engine.transaction.jta.platform.internal.StandardJtaPlatformResolver]
[DEBUG] 2021-10-17 19:02:56.888 [main] StandardJtaPlatformResolver - Could not resolve JtaPlatform, using default [org.hibernate.engine.transaction.jta.platform.internal.NoJtaPlatform]
[INFO ] 2021-10-17 19:02:56.888 [main] JtaPlatformInitiator - HHH000490: Using JtaPlatform implementation: [org.hibernate.engine.transaction.jta.platform.internal.NoJtaPlatform]
[DEBUG] 2021-10-17 19:02:56.889 [main] NamedQueryRepository - Checking 0 named HQL queries
[DEBUG] 2021-10-17 19:02:56.889 [main] NamedQueryRepository - Checking 0 named SQL queries
[DEBUG] 2021-10-17 19:02:56.891 [main] SessionFactoryRegistry - Initializing SessionFactoryRegistry : org.hibernate.internal.SessionFactoryRegistry@72c9ebfa
[DEBUG] 2021-10-17 19:02:56.893 [main] SessionFactoryRegistry - Registering SessionFactory: 550da18c-91f4-48fe-be38-100e43f46fd4 (<unnamed>)
[DEBUG] 2021-10-17 19:02:56.894 [main] SessionFactoryRegistry - Not binding SessionFactory to JNDI, no JNDI name configured
[DEBUG] 2021-10-17 19:02:56.974 [main] StatisticsInitiator - Statistics initialized [enabled=false]
[DEBUG] 2021-10-17 19:02:56.993 [main] SQL - select game0_.id as id1_0_0_, game0_.description as descript2_0_0_, game0_.gameURL as gameURL3_0_0_ from games game0_ where game0_.id=?
[DEBUG] 2021-10-17 19:02:57.013 [main] ResultSetProcessorImpl - Starting ResultSet row #0
[DEBUG] 2021-10-17 19:02:57.013 [main] EntityReferenceInitializerImpl - On call to EntityIdentifierReaderImpl#resolve, EntityKey was already known; should only happen on root returns with an optional identifier specified
[DEBUG] 2021-10-17 19:02:57.023 [main] TwoPhaseLoad - Resolving attributes for [entity.Game#1]
[DEBUG] 2021-10-17 19:02:57.023 [main] TwoPhaseLoad - Processing attribute `description` : value = Sierra
[DEBUG] 2021-10-17 19:02:57.023 [main] TwoPhaseLoad - Attribute (`description`)  - enhanced for lazy-loading? - false
[DEBUG] 2021-10-17 19:02:57.023 [main] TwoPhaseLoad - Processing attribute `gameURL` : value = https://www.enjpg.com/img/2020/cool-for-boys-4.jpg
[DEBUG] 2021-10-17 19:02:57.023 [main] TwoPhaseLoad - Attribute (`gameURL`)  - enhanced for lazy-loading? - false
[DEBUG] 2021-10-17 19:02:57.027 [main] TwoPhaseLoad - Done materializing entity [entity.Game#1]
[DEBUG] 2021-10-17 19:02:57.027 [main] ResourceRegistryStandardImpl - HHH000387: ResultSet's statement was not registered
[DEBUG] 2021-10-17 19:02:57.027 [main] AbstractLoadPlanBasedEntityLoader - Done entity load : entity.Game#1
[DEBUG] 2021-10-17 19:02:57.027 [main] LogicalConnectionManagedImpl - Initiating JDBC connection release from afterTransaction
[DEBUG] 2021-10-17 19:02:57.030 [main] TransactionImpl - On TransactionImpl creation, JpaCompliance#isJpaTransactionComplianceEnabled == false
[DEBUG] 2021-10-17 19:02:57.030 [main] TransactionImpl - begin
[DEBUG] 2021-10-17 19:02:57.044 [main] TransactionImpl - committing
[DEBUG] 2021-10-17 19:02:57.044 [main] AbstractFlushingEventListener - Processing flush-time cascades
[DEBUG] 2021-10-17 19:02:57.044 [main] AbstractFlushingEventListener - Dirty checking collections
[DEBUG] 2021-10-17 19:02:57.045 [main] AbstractFlushingEventListener - Flushed: 0 insertions, 0 updates, 1 deletions to 1 objects
[DEBUG] 2021-10-17 19:02:57.045 [main] AbstractFlushingEventListener - Flushed: 0 (re)creations, 0 updates, 0 removals to 0 collections
[DEBUG] 2021-10-17 19:02:57.046 [main] EntityPrinter - Listing entities:
[DEBUG] 2021-10-17 19:02:57.046 [main] EntityPrinter - entity.Game{description=Sierra, gameURL=https://www.enjpg.com/img/2020/cool-for-boys-4.jpg, id=1}
[DEBUG] 2021-10-17 19:02:57.054 [main] SQL - delete from games where id=?
[DEBUG] 2021-10-17 19:02:57.061 [main] LogicalConnectionManagedImpl - Initiating JDBC connection release from afterTransaction
[DEBUG] 2021-10-17 19:02:57.062 [main] LogicalConnectionManagedImpl - Initiating JDBC connection release from afterTransaction
[DEBUG] 2021-10-17 19:02:57.063 [main] JdbcCoordinatorImpl - HHH000420: Closing un-released batch
[DEBUG] 2021-10-17 19:02:57.063 [main] SQL - select game0_.id as id1_0_0_, game0_.description as descript2_0_0_, game0_.gameURL as gameURL3_0_0_ from games game0_ where game0_.id=?
[DEBUG] 2021-10-17 19:02:57.068 [main] ResourceRegistryStandardImpl - HHH000387: ResultSet's statement was not registered
[DEBUG] 2021-10-17 19:02:57.068 [main] AbstractLoadPlanBasedEntityLoader - Done entity load : entity.Game#1
[DEBUG] 2021-10-17 19:02:57.068 [main] LogicalConnectionManagedImpl - Initiating JDBC connection release from afterTransaction
[DEBUG] 2021-10-17 19:02:57.114 [main] TransactionImpl - On TransactionImpl creation, JpaCompliance#isJpaTransactionComplianceEnabled == false
[DEBUG] 2021-10-17 19:02:57.114 [main] TransactionImpl - begin
[DEBUG] 2021-10-17 19:02:57.117 [main] ActionQueue - Executing identity-insert immediately
[DEBUG] 2021-10-17 19:02:57.119 [main] SQL - insert into games (description, gameURL) values (?, ?)
[DEBUG] 2021-10-17 19:02:57.124 [main] IdentifierGeneratorHelper - Natively generated identity: 34
[DEBUG] 2021-10-17 19:02:57.124 [main] ResourceRegistryStandardImpl - HHH000387: ResultSet's statement was not registered
[DEBUG] 2021-10-17 19:02:57.125 [main] TransactionImpl - committing
[DEBUG] 2021-10-17 19:02:57.125 [main] AbstractFlushingEventListener - Processing flush-time cascades
[DEBUG] 2021-10-17 19:02:57.125 [main] AbstractFlushingEventListener - Dirty checking collections
[DEBUG] 2021-10-17 19:02:57.127 [main] AbstractFlushingEventListener - Flushed: 0 insertions, 0 updates, 0 deletions to 1 objects
[DEBUG] 2021-10-17 19:02:57.128 [main] AbstractFlushingEventListener - Flushed: 0 (re)creations, 0 updates, 0 removals to 0 collections
[DEBUG] 2021-10-17 19:02:57.128 [main] EntityPrinter - Listing entities:
[DEBUG] 2021-10-17 19:02:57.128 [main] EntityPrinter - entity.Game{description=test will pass, gameURL=https://www.enjpg.com/img/2020/cool-for-boys-4.jpg, id=34}
[DEBUG] 2021-10-17 19:02:57.138 [main] LogicalConnectionManagedImpl - Initiating JDBC connection release from afterTransaction
[DEBUG] 2021-10-17 19:02:57.139 [main] LogicalConnectionManagedImpl - Initiating JDBC connection release from afterTransaction
[DEBUG] 2021-10-17 19:02:57.139 [main] TransactionImpl - On TransactionImpl creation, JpaCompliance#isJpaTransactionComplianceEnabled == false
[DEBUG] 2021-10-17 19:02:57.139 [main] TransactionImpl - begin
[DEBUG] 2021-10-17 19:02:57.140 [main] ActionQueue - Executing identity-insert immediately
[DEBUG] 2021-10-17 19:02:57.140 [main] SQL - insert into games (description, gameURL) values (?, ?)
[DEBUG] 2021-10-17 19:02:57.140 [main] IdentifierGeneratorHelper - Natively generated identity: 35
[DEBUG] 2021-10-17 19:02:57.141 [main] ResourceRegistryStandardImpl - HHH000387: ResultSet's statement was not registered
[DEBUG] 2021-10-17 19:02:57.141 [main] TransactionImpl - committing
[DEBUG] 2021-10-17 19:02:57.141 [main] AbstractFlushingEventListener - Processing flush-time cascades
[DEBUG] 2021-10-17 19:02:57.142 [main] AbstractFlushingEventListener - Dirty checking collections
[DEBUG] 2021-10-17 19:02:57.142 [main] AbstractFlushingEventListener - Flushed: 0 insertions, 0 updates, 0 deletions to 1 objects
[DEBUG] 2021-10-17 19:02:57.142 [main] AbstractFlushingEventListener - Flushed: 0 (re)creations, 0 updates, 0 removals to 0 collections
[DEBUG] 2021-10-17 19:02:57.142 [main] EntityPrinter - Listing entities:
[DEBUG] 2021-10-17 19:02:57.142 [main] EntityPrinter - entity.Game{description=test will pass, gameURL=https://www.enjpg.com/img/2020/cool-for-boys-4.jpg, id=35}
[DEBUG] 2021-10-17 19:02:57.145 [main] LogicalConnectionManagedImpl - Initiating JDBC connection release from afterTransaction
[DEBUG] 2021-10-17 19:02:57.147 [main] LogicalConnectionManagedImpl - Initiating JDBC connection release from afterTransaction
[DEBUG] 2021-10-17 19:02:57.148 [main] SQL - select game0_.id as id1_0_0_, game0_.description as descript2_0_0_, game0_.gameURL as gameURL3_0_0_ from games game0_ where game0_.id=?
[DEBUG] 2021-10-17 19:02:57.151 [main] ResultSetProcessorImpl - Starting ResultSet row #0
[DEBUG] 2021-10-17 19:02:57.151 [main] EntityReferenceInitializerImpl - On call to EntityIdentifierReaderImpl#resolve, EntityKey was already known; should only happen on root returns with an optional identifier specified
[DEBUG] 2021-10-17 19:02:57.152 [main] TwoPhaseLoad - Resolving attributes for [entity.Game#35]
[DEBUG] 2021-10-17 19:02:57.152 [main] TwoPhaseLoad - Processing attribute `description` : value = test will pass
[DEBUG] 2021-10-17 19:02:57.152 [main] TwoPhaseLoad - Attribute (`description`)  - enhanced for lazy-loading? - false
[DEBUG] 2021-10-17 19:02:57.152 [main] TwoPhaseLoad - Processing attribute `gameURL` : value = https://www.enjpg.com/img/2020/cool-for-boys-4.jpg
[DEBUG] 2021-10-17 19:02:57.152 [main] TwoPhaseLoad - Attribute (`gameURL`)  - enhanced for lazy-loading? - false
[DEBUG] 2021-10-17 19:02:57.153 [main] TwoPhaseLoad - Done materializing entity [entity.Game#35]
[DEBUG] 2021-10-17 19:02:57.153 [main] ResourceRegistryStandardImpl - HHH000387: ResultSet's statement was not registered
[DEBUG] 2021-10-17 19:02:57.153 [main] AbstractLoadPlanBasedEntityLoader - Done entity load : entity.Game#35
[DEBUG] 2021-10-17 19:02:57.153 [main] LogicalConnectionManagedImpl - Initiating JDBC connection release from afterTransaction
[DEBUG] 2021-10-17 19:02:57.239 [main] CriteriaQueryImpl - Rendered criteria query -> select generatedAlias0 from Game as generatedAlias0
[DEBUG] 2021-10-17 19:02:58.836 [main] QueryTranslatorFactoryInitiator - QueryTranslatorFactory: org.hibernate.hql.internal.ast.ASTQueryTranslatorFactory@f017dd0
[DEBUG] 2021-10-17 19:02:58.866 [main] QueryTranslatorImpl - parse() - HQL: select generatedAlias0 from entity.Game as generatedAlias0
[DEBUG] 2021-10-17 19:02:58.874 [main] ErrorTracker - throwQueryException() : no errors
[DEBUG] 2021-10-17 19:02:58.880 [main] QueryTranslatorImpl - --- HQL AST ---
 \-[QUERY] Node: 'query'
    \-[SELECT_FROM] Node: 'SELECT_FROM'
       +-[FROM] Node: 'from'
       |  \-[RANGE] Node: 'RANGE'
       |     +-[DOT] Node: '.'
       |     |  +-[IDENT] Node: 'entity'
       |     |  \-[IDENT] Node: 'Game'
       |     \-[ALIAS] Node: 'generatedAlias0'
       \-[SELECT] Node: 'select'
          \-[IDENT] Node: 'generatedAlias0'

[DEBUG] 2021-10-17 19:02:57.328 [main] HqlSqlBaseWalker - select << begin [level=1, statement=select]
[DEBUG] 2021-10-17 19:02:57.341 [main] FromElement - FromClause{level=1} : entity.Game (generatedAlias0) -> game0_
[DEBUG] 2021-10-17 19:02:57.344 [main] FromReferenceNode - Resolved : generatedAlias0 -> game0_.id
[DEBUG] 2021-10-17 19:02:57.345 [main] HqlSqlBaseWalker - select : finishing up [level=1, statement=select]
[DEBUG] 2021-10-17 19:02:57.345 [main] HqlSqlWalker - processQuery() :  ( SELECT ( {select clause} game0_.id ) ( FromClause{level=1} games game0_ ) )
[DEBUG] 2021-10-17 19:02:57.354 [main] JoinProcessor - Using FROM fragment [games game0_]
[DEBUG] 2021-10-17 19:02:57.355 [main] HqlSqlBaseWalker - select >> end [level=1, statement=select]
[DEBUG] 2021-10-17 19:02:57.355 [main] QueryTranslatorImpl - --- SQL AST ---
 \-[SELECT] QueryNode: 'SELECT'  querySpaces (games)
    +-[SELECT_CLAUSE] SelectClause: '{select clause}'
    |  +-[ALIAS_REF] IdentNode: 'game0_.id as id1_0_' {alias=generatedAlias0, className=entity.Game, tableAlias=game0_}
    |  \-[SQL_TOKEN] SqlFragment: 'game0_.description as descript2_0_, game0_.gameURL as gameURL3_0_'
    \-[FROM] FromClause: 'from' FromClause{level=1, fromElementCounter=1, fromElements=1, fromElementByClassAlias=[generatedAlias0], fromElementByTableAlias=[game0_], fromElementsByPath=[], collectionJoinFromElementsByPath=[], impliedElements=[]}
       \-[FROM_FRAGMENT] FromElement: 'games game0_' FromElement{explicit,not a collection join,not a fetch join,fetch non-lazy properties,classAlias=generatedAlias0,role=null,tableName=games,tableAlias=game0_,origin=null,columns={,className=entity.Game}}

[DEBUG] 2021-10-17 19:02:57.355 [main] ErrorTracker - throwQueryException() : no errors
[DEBUG] 2021-10-17 19:02:57.362 [main] QueryTranslatorImpl - HQL: select generatedAlias0 from entity.Game as generatedAlias0
[DEBUG] 2021-10-17 19:02:57.363 [main] QueryTranslatorImpl - SQL: select game0_.id as id1_0_, game0_.description as descript2_0_, game0_.gameURL as gameURL3_0_ from games game0_
[DEBUG] 2021-10-17 19:02:57.363 [main] ErrorTracker - throwQueryException() : no errors
[DEBUG] 2021-10-17 19:02:57.371 [main] SQL - select game0_.id as id1_0_, game0_.description as descript2_0_, game0_.gameURL as gameURL3_0_ from games game0_
[DEBUG] 2021-10-17 19:02:57.376 [main] Loader - Result set row: 0
[DEBUG] 2021-10-17 19:02:57.376 [main] Loader - Result row: EntityKey[entity.Game#1]
[DEBUG] 2021-10-17 19:02:57.376 [main] Loader - Result set row: 1
[DEBUG] 2021-10-17 19:02:57.376 [main] Loader - Result row: EntityKey[entity.Game#2]
[DEBUG] 2021-10-17 19:02:57.376 [main] Loader - Result set row: 2
[DEBUG] 2021-10-17 19:02:57.377 [main] Loader - Result row: EntityKey[entity.Game#3]
[DEBUG] 2021-10-17 19:02:57.377 [main] TwoPhaseLoad - Resolving attributes for [entity.Game#1]
[DEBUG] 2021-10-17 19:02:57.377 [main] TwoPhaseLoad - Processing attribute `description` : value = Sierra
[DEBUG] 2021-10-17 19:02:57.377 [main] TwoPhaseLoad - Attribute (`description`)  - enhanced for lazy-loading? - false
[DEBUG] 2021-10-17 19:02:57.377 [main] TwoPhaseLoad - Processing attribute `gameURL` : value = https://www.enjpg.com/img/2020/cool-for-boys-4.jpg
[DEBUG] 2021-10-17 19:02:57.377 [main] TwoPhaseLoad - Attribute (`gameURL`)  - enhanced for lazy-loading? - false
[DEBUG] 2021-10-17 19:02:57.377 [main] TwoPhaseLoad - Done materializing entity [entity.Game#1]
[DEBUG] 2021-10-17 19:02:57.377 [main] TwoPhaseLoad - Resolving attributes for [entity.Game#2]
[DEBUG] 2021-10-17 19:02:57.377 [main] TwoPhaseLoad - Processing attribute `description` : value = Schilt
[DEBUG] 2021-10-17 19:02:57.377 [main] TwoPhaseLoad - Attribute (`description`)  - enhanced for lazy-loading? - false
[DEBUG] 2021-10-17 19:02:57.378 [main] TwoPhaseLoad - Processing attribute `gameURL` : value = https://www.enjpg.com/img/2020/cool-for-boys-4.jpg
[DEBUG] 2021-10-17 19:02:57.378 [main] TwoPhaseLoad - Attribute (`gameURL`)  - enhanced for lazy-loading? - false
[DEBUG] 2021-10-17 19:02:57.378 [main] TwoPhaseLoad - Done materializing entity [entity.Game#2]
[DEBUG] 2021-10-17 19:02:57.378 [main] TwoPhaseLoad - Resolving attributes for [entity.Game#3]
[DEBUG] 2021-10-17 19:02:57.378 [main] TwoPhaseLoad - Processing attribute `description` : value = Ottinger
[DEBUG] 2021-10-17 19:02:57.378 [main] TwoPhaseLoad - Attribute (`description`)  - enhanced for lazy-loading? - false
[DEBUG] 2021-10-17 19:02:57.378 [main] TwoPhaseLoad - Processing attribute `gameURL` : value = https://www.enjpg.com/img/2020/cool-for-boys-4.jpg
[DEBUG] 2021-10-17 19:02:57.378 [main] TwoPhaseLoad - Attribute (`gameURL`)  - enhanced for lazy-loading? - false
[DEBUG] 2021-10-17 19:02:57.378 [main] TwoPhaseLoad - Done materializing entity [entity.Game#3]
[DEBUG] 2021-10-17 19:02:57.382 [main] LogicalConnectionManagedImpl - Initiating JDBC connection release from afterTransaction
[DEBUG] 2021-10-17 19:02:57.420 [main] SQL - select game0_.id as id1_0_0_, game0_.description as descript2_0_0_, game0_.gameURL as gameURL3_0_0_ from games game0_ where game0_.id=?
[DEBUG] 2021-10-17 19:02:57.422 [main] ResultSetProcessorImpl - Starting ResultSet row #0
[DEBUG] 2021-10-17 19:02:57.422 [main] EntityReferenceInitializerImpl - On call to EntityIdentifierReaderImpl#resolve, EntityKey was already known; should only happen on root returns with an optional identifier specified
[DEBUG] 2021-10-17 19:02:57.423 [main] TwoPhaseLoad - Resolving attributes for [entity.Game#2]
[DEBUG] 2021-10-17 19:02:57.423 [main] TwoPhaseLoad - Processing attribute `description` : value = Schilt
[DEBUG] 2021-10-17 19:02:57.423 [main] TwoPhaseLoad - Attribute (`description`)  - enhanced for lazy-loading? - false
[DEBUG] 2021-10-17 19:02:57.423 [main] TwoPhaseLoad - Processing attribute `gameURL` : value = https://www.enjpg.com/img/2020/cool-for-boys-4.jpg
[DEBUG] 2021-10-17 19:02:57.423 [main] TwoPhaseLoad - Attribute (`gameURL`)  - enhanced for lazy-loading? - false
[DEBUG] 2021-10-17 19:02:57.423 [main] TwoPhaseLoad - Done materializing entity [entity.Game#2]
[DEBUG] 2021-10-17 19:02:57.423 [main] ResourceRegistryStandardImpl - HHH000387: ResultSet's statement was not registered
[DEBUG] 2021-10-17 19:02:57.424 [main] AbstractLoadPlanBasedEntityLoader - Done entity load : entity.Game#2
[DEBUG] 2021-10-17 19:02:57.425 [main] LogicalConnectionManagedImpl - Initiating JDBC connection release from afterTransaction
[DEBUG] 2021-10-17 19:02:57.429 [main] TransactionImpl - On TransactionImpl creation, JpaCompliance#isJpaTransactionComplianceEnabled == false
[DEBUG] 2021-10-17 19:02:57.430 [main] TransactionImpl - begin
[DEBUG] 2021-10-17 19:02:57.432 [main] TransactionImpl - committing
[DEBUG] 2021-10-17 19:02:57.432 [main] AbstractFlushingEventListener - Processing flush-time cascades
[DEBUG] 2021-10-17 19:02:57.432 [main] AbstractFlushingEventListener - Dirty checking collections
[DEBUG] 2021-10-17 19:02:57.433 [main] AbstractFlushingEventListener - Flushed: 0 insertions, 1 updates, 0 deletions to 1 objects
[DEBUG] 2021-10-17 19:02:57.433 [main] AbstractFlushingEventListener - Flushed: 0 (re)creations, 0 updates, 0 removals to 0 collections
[DEBUG] 2021-10-17 19:02:57.433 [main] EntityPrinter - Listing entities:
[DEBUG] 2021-10-17 19:02:57.433 [main] EntityPrinter - entity.Game{description=test will pass, gameURL=https://www.enjpg.com/img/2020/cool-for-boys-4.jpg, id=2}
[DEBUG] 2021-10-17 19:02:57.433 [main] SQL - update games set description=?, gameURL=? where id=?
[DEBUG] 2021-10-17 19:02:57.445 [main] LogicalConnectionManagedImpl - Initiating JDBC connection release from afterTransaction
[DEBUG] 2021-10-17 19:02:57.447 [main] LogicalConnectionManagedImpl - Initiating JDBC connection release from afterTransaction
[DEBUG] 2021-10-17 19:02:57.447 [main] SQL - select game0_.id as id1_0_0_, game0_.description as descript2_0_0_, game0_.gameURL as gameURL3_0_0_ from games game0_ where game0_.id=?
[DEBUG] 2021-10-17 19:02:57.450 [main] ResultSetProcessorImpl - Starting ResultSet row #0
[DEBUG] 2021-10-17 19:02:57.450 [main] EntityReferenceInitializerImpl - On call to EntityIdentifierReaderImpl#resolve, EntityKey was already known; should only happen on root returns with an optional identifier specified
[DEBUG] 2021-10-17 19:02:57.450 [main] TwoPhaseLoad - Resolving attributes for [entity.Game#2]
[DEBUG] 2021-10-17 19:02:57.450 [main] TwoPhaseLoad - Processing attribute `description` : value = test will pass
[DEBUG] 2021-10-17 19:02:57.450 [main] TwoPhaseLoad - Attribute (`description`)  - enhanced for lazy-loading? - false
[DEBUG] 2021-10-17 19:02:57.450 [main] TwoPhaseLoad - Processing attribute `gameURL` : value = https://www.enjpg.com/img/2020/cool-for-boys-4.jpg
[DEBUG] 2021-10-17 19:02:57.450 [main] TwoPhaseLoad - Attribute (`gameURL`)  - enhanced for lazy-loading? - false
[DEBUG] 2021-10-17 19:02:57.451 [main] TwoPhaseLoad - Done materializing entity [entity.Game#2]
[DEBUG] 2021-10-17 19:02:57.451 [main] ResourceRegistryStandardImpl - HHH000387: ResultSet's statement was not registered
[DEBUG] 2021-10-17 19:02:57.451 [main] AbstractLoadPlanBasedEntityLoader - Done entity load : entity.Game#2
[DEBUG] 2021-10-17 19:02:57.451 [main] LogicalConnectionManagedImpl - Initiating JDBC connection release from afterTransaction
