[DEBUG] 2021-12-03 19:15:33.715 [main] IntegratorServiceImpl - Adding Integrator [org.hibernate.cfg.beanvalidation.BeanValidationIntegrator].
[DEBUG] 2021-12-03 19:15:33.725 [main] IntegratorServiceImpl - Adding Integrator [org.hibernate.secure.spi.JaccIntegrator].
[DEBUG] 2021-12-03 19:15:33.732 [main] IntegratorServiceImpl - Adding Integrator [org.hibernate.cache.internal.CollectionCacheInvalidator].
[INFO ] 2021-12-03 19:15:33.855 [main] Version - HHH000412: Hibernate Core {5.4.4.Final}
[DEBUG] 2021-12-03 19:15:33.865 [main] Environment - HHH000206: hibernate.properties not found
[DEBUG] 2021-12-03 19:15:34.242 [main] JaxbCfgProcessor - cfg.xml document did not define namespaces; wrapping in custom event reader to introduce namespace information
[DEBUG] 2021-12-03 19:15:34.735 [main] ServiceBinding - Overriding existing service binding [org.hibernate.secure.spi.JaccService]
[DEBUG] 2021-12-03 19:15:34.770 [main] RegionFactoryInitiator - Cannot default RegionFactory based on registered strategies as `[]` RegionFactory strategies were registered
[DEBUG] 2021-12-03 19:15:34.771 [main] RegionFactoryInitiator - Cache region factory : org.hibernate.cache.internal.NoCachingRegionFactory
[INFO ] 2021-12-03 19:15:34.803 [main] Version - HCANN000001: Hibernate Commons Annotations {5.1.0.Final}
[DEBUG] 2021-12-03 19:15:34.868 [main] BasicTypeRegistry - Adding type registration boolean -> org.hibernate.type.BooleanType@129fed45
[DEBUG] 2021-12-03 19:15:34.869 [main] BasicTypeRegistry - Adding type registration boolean -> org.hibernate.type.BooleanType@129fed45
[DEBUG] 2021-12-03 19:15:34.870 [main] BasicTypeRegistry - Adding type registration java.lang.Boolean -> org.hibernate.type.BooleanType@129fed45
[DEBUG] 2021-12-03 19:15:34.872 [main] BasicTypeRegistry - Adding type registration numeric_boolean -> org.hibernate.type.NumericBooleanType@11b377c5
[DEBUG] 2021-12-03 19:15:34.875 [main] BasicTypeRegistry - Adding type registration true_false -> org.hibernate.type.TrueFalseType@702c436b
[DEBUG] 2021-12-03 19:15:34.876 [main] BasicTypeRegistry - Adding type registration yes_no -> org.hibernate.type.YesNoType@31d6f3fe
[DEBUG] 2021-12-03 19:15:34.878 [main] BasicTypeRegistry - Adding type registration byte -> org.hibernate.type.ByteType@5c73f672
[DEBUG] 2021-12-03 19:15:34.880 [main] BasicTypeRegistry - Adding type registration byte -> org.hibernate.type.ByteType@5c73f672
[DEBUG] 2021-12-03 19:15:34.880 [main] BasicTypeRegistry - Adding type registration java.lang.Byte -> org.hibernate.type.ByteType@5c73f672
[DEBUG] 2021-12-03 19:15:34.880 [main] BasicTypeRegistry - Adding type registration character -> org.hibernate.type.CharacterType@7a34f66a
[DEBUG] 2021-12-03 19:15:34.882 [main] BasicTypeRegistry - Adding type registration char -> org.hibernate.type.CharacterType@7a34f66a
[DEBUG] 2021-12-03 19:15:34.884 [main] BasicTypeRegistry - Adding type registration java.lang.Character -> org.hibernate.type.CharacterType@7a34f66a
[DEBUG] 2021-12-03 19:15:34.885 [main] BasicTypeRegistry - Adding type registration short -> org.hibernate.type.ShortType@2459319c
[DEBUG] 2021-12-03 19:15:34.886 [main] BasicTypeRegistry - Adding type registration short -> org.hibernate.type.ShortType@2459319c
[DEBUG] 2021-12-03 19:15:34.886 [main] BasicTypeRegistry - Adding type registration java.lang.Short -> org.hibernate.type.ShortType@2459319c
[DEBUG] 2021-12-03 19:15:34.886 [main] BasicTypeRegistry - Adding type registration integer -> org.hibernate.type.IntegerType@7808f638
[DEBUG] 2021-12-03 19:15:34.886 [main] BasicTypeRegistry - Adding type registration int -> org.hibernate.type.IntegerType@7808f638
[DEBUG] 2021-12-03 19:15:34.887 [main] BasicTypeRegistry - Adding type registration java.lang.Integer -> org.hibernate.type.IntegerType@7808f638
[DEBUG] 2021-12-03 19:15:34.890 [main] BasicTypeRegistry - Adding type registration long -> org.hibernate.type.LongType@3db663d0
[DEBUG] 2021-12-03 19:15:34.891 [main] BasicTypeRegistry - Adding type registration long -> org.hibernate.type.LongType@3db663d0
[DEBUG] 2021-12-03 19:15:34.891 [main] BasicTypeRegistry - Adding type registration java.lang.Long -> org.hibernate.type.LongType@3db663d0
[DEBUG] 2021-12-03 19:15:34.892 [main] BasicTypeRegistry - Adding type registration float -> org.hibernate.type.FloatType@5524b72f
[DEBUG] 2021-12-03 19:15:34.893 [main] BasicTypeRegistry - Adding type registration float -> org.hibernate.type.FloatType@5524b72f
[DEBUG] 2021-12-03 19:15:34.893 [main] BasicTypeRegistry - Adding type registration java.lang.Float -> org.hibernate.type.FloatType@5524b72f
[DEBUG] 2021-12-03 19:15:34.893 [main] BasicTypeRegistry - Adding type registration double -> org.hibernate.type.DoubleType@4e6f2bb5
[DEBUG] 2021-12-03 19:15:34.893 [main] BasicTypeRegistry - Adding type registration double -> org.hibernate.type.DoubleType@4e6f2bb5
[DEBUG] 2021-12-03 19:15:34.893 [main] BasicTypeRegistry - Adding type registration java.lang.Double -> org.hibernate.type.DoubleType@4e6f2bb5
[DEBUG] 2021-12-03 19:15:34.898 [main] BasicTypeRegistry - Adding type registration big_decimal -> org.hibernate.type.BigDecimalType@6cd166b8
[DEBUG] 2021-12-03 19:15:34.902 [main] BasicTypeRegistry - Adding type registration java.math.BigDecimal -> org.hibernate.type.BigDecimalType@6cd166b8
[DEBUG] 2021-12-03 19:15:34.903 [main] BasicTypeRegistry - Adding type registration big_integer -> org.hibernate.type.BigIntegerType@3abfe845
[DEBUG] 2021-12-03 19:15:34.903 [main] BasicTypeRegistry - Adding type registration java.math.BigInteger -> org.hibernate.type.BigIntegerType@3abfe845
[DEBUG] 2021-12-03 19:15:34.903 [main] BasicTypeRegistry - Adding type registration string -> org.hibernate.type.StringType@24b4d544
[DEBUG] 2021-12-03 19:15:34.903 [main] BasicTypeRegistry - Adding type registration java.lang.String -> org.hibernate.type.StringType@24b4d544
[DEBUG] 2021-12-03 19:15:34.904 [main] BasicTypeRegistry - Adding type registration nstring -> org.hibernate.type.StringNVarcharType@72725ee1
[DEBUG] 2021-12-03 19:15:34.907 [main] BasicTypeRegistry - Adding type registration ncharacter -> org.hibernate.type.CharacterNCharType@5ac6c4f2
[DEBUG] 2021-12-03 19:15:34.910 [main] BasicTypeRegistry - Adding type registration url -> org.hibernate.type.UrlType@78525ef9
[DEBUG] 2021-12-03 19:15:34.910 [main] BasicTypeRegistry - Adding type registration java.net.URL -> org.hibernate.type.UrlType@78525ef9
[DEBUG] 2021-12-03 19:15:34.911 [main] BasicTypeRegistry - Adding type registration Duration -> org.hibernate.type.DurationType@350a94ce
[DEBUG] 2021-12-03 19:15:34.911 [main] BasicTypeRegistry - Adding type registration java.time.Duration -> org.hibernate.type.DurationType@350a94ce
[DEBUG] 2021-12-03 19:15:34.921 [main] BasicTypeRegistry - Adding type registration Instant -> org.hibernate.type.InstantType@7a904f32
[DEBUG] 2021-12-03 19:15:34.921 [main] BasicTypeRegistry - Adding type registration java.time.Instant -> org.hibernate.type.InstantType@7a904f32
[DEBUG] 2021-12-03 19:15:34.928 [main] BasicTypeRegistry - Adding type registration LocalDateTime -> org.hibernate.type.LocalDateTimeType@4339e0de
[DEBUG] 2021-12-03 19:15:34.930 [main] BasicTypeRegistry - Adding type registration java.time.LocalDateTime -> org.hibernate.type.LocalDateTimeType@4339e0de
[DEBUG] 2021-12-03 19:15:34.930 [main] BasicTypeRegistry - Adding type registration LocalDate -> org.hibernate.type.LocalDateType@27b2faa6
[DEBUG] 2021-12-03 19:15:34.930 [main] BasicTypeRegistry - Adding type registration java.time.LocalDate -> org.hibernate.type.LocalDateType@27b2faa6
[DEBUG] 2021-12-03 19:15:34.937 [main] BasicTypeRegistry - Adding type registration LocalTime -> org.hibernate.type.LocalTimeType@75a118e6
[DEBUG] 2021-12-03 19:15:34.937 [main] BasicTypeRegistry - Adding type registration java.time.LocalTime -> org.hibernate.type.LocalTimeType@75a118e6
[DEBUG] 2021-12-03 19:15:34.940 [main] BasicTypeRegistry - Adding type registration OffsetDateTime -> org.hibernate.type.OffsetDateTimeType@6bda1d19
[DEBUG] 2021-12-03 19:15:34.940 [main] BasicTypeRegistry - Adding type registration java.time.OffsetDateTime -> org.hibernate.type.OffsetDateTimeType@6bda1d19
[DEBUG] 2021-12-03 19:15:34.945 [main] BasicTypeRegistry - Adding type registration OffsetTime -> org.hibernate.type.OffsetTimeType@6794ac0b
[DEBUG] 2021-12-03 19:15:34.945 [main] BasicTypeRegistry - Adding type registration java.time.OffsetTime -> org.hibernate.type.OffsetTimeType@6794ac0b
[DEBUG] 2021-12-03 19:15:34.945 [main] BasicTypeRegistry - Adding type registration ZonedDateTime -> org.hibernate.type.ZonedDateTimeType@46a953cf
[DEBUG] 2021-12-03 19:15:34.952 [main] BasicTypeRegistry - Adding type registration java.time.ZonedDateTime -> org.hibernate.type.ZonedDateTimeType@46a953cf
[DEBUG] 2021-12-03 19:15:34.954 [main] BasicTypeRegistry - Adding type registration date -> org.hibernate.type.DateType@40712ee9
[DEBUG] 2021-12-03 19:15:34.954 [main] BasicTypeRegistry - Adding type registration java.sql.Date -> org.hibernate.type.DateType@40712ee9
[DEBUG] 2021-12-03 19:15:34.955 [main] BasicTypeRegistry - Adding type registration time -> org.hibernate.type.TimeType@53b8afea
[DEBUG] 2021-12-03 19:15:34.955 [main] BasicTypeRegistry - Adding type registration java.sql.Time -> org.hibernate.type.TimeType@53b8afea
[DEBUG] 2021-12-03 19:15:34.958 [main] BasicTypeRegistry - Adding type registration timestamp -> org.hibernate.type.TimestampType@16eedaa6
[DEBUG] 2021-12-03 19:15:34.958 [main] BasicTypeRegistry - Adding type registration java.sql.Timestamp -> org.hibernate.type.TimestampType@16eedaa6
[DEBUG] 2021-12-03 19:15:34.959 [main] BasicTypeRegistry - Adding type registration java.util.Date -> org.hibernate.type.TimestampType@16eedaa6
[DEBUG] 2021-12-03 19:15:34.960 [main] BasicTypeRegistry - Adding type registration dbtimestamp -> org.hibernate.type.DbTimestampType@341672e
[DEBUG] 2021-12-03 19:15:34.960 [main] BasicTypeRegistry - Adding type registration calendar -> org.hibernate.type.CalendarType@3f9f71ff
[DEBUG] 2021-12-03 19:15:34.960 [main] BasicTypeRegistry - Adding type registration java.util.Calendar -> org.hibernate.type.CalendarType@3f9f71ff
[DEBUG] 2021-12-03 19:15:34.964 [main] BasicTypeRegistry - Adding type registration java.util.GregorianCalendar -> org.hibernate.type.CalendarType@3f9f71ff
[DEBUG] 2021-12-03 19:15:34.967 [main] BasicTypeRegistry - Adding type registration calendar_date -> org.hibernate.type.CalendarDateType@523d6bdb
[DEBUG] 2021-12-03 19:15:34.968 [main] BasicTypeRegistry - Adding type registration locale -> org.hibernate.type.LocaleType@2cfa2c4f
[DEBUG] 2021-12-03 19:15:34.968 [main] BasicTypeRegistry - Adding type registration java.util.Locale -> org.hibernate.type.LocaleType@2cfa2c4f
[DEBUG] 2021-12-03 19:15:34.969 [main] BasicTypeRegistry - Adding type registration currency -> org.hibernate.type.CurrencyType@5e2a3040
[DEBUG] 2021-12-03 19:15:34.970 [main] BasicTypeRegistry - Adding type registration java.util.Currency -> org.hibernate.type.CurrencyType@5e2a3040
[DEBUG] 2021-12-03 19:15:34.973 [main] BasicTypeRegistry - Adding type registration timezone -> org.hibernate.type.TimeZoneType@5bb51241
[DEBUG] 2021-12-03 19:15:34.973 [main] BasicTypeRegistry - Adding type registration java.util.TimeZone -> org.hibernate.type.TimeZoneType@5bb51241
[DEBUG] 2021-12-03 19:15:34.974 [main] BasicTypeRegistry - Adding type registration class -> org.hibernate.type.ClassType@6c42f2a1
[DEBUG] 2021-12-03 19:15:34.976 [main] BasicTypeRegistry - Adding type registration java.lang.Class -> org.hibernate.type.ClassType@6c42f2a1
[DEBUG] 2021-12-03 19:15:34.977 [main] BasicTypeRegistry - Adding type registration uuid-binary -> org.hibernate.type.UUIDBinaryType@4867ab9f
[DEBUG] 2021-12-03 19:15:34.977 [main] BasicTypeRegistry - Adding type registration java.util.UUID -> org.hibernate.type.UUIDBinaryType@4867ab9f
[DEBUG] 2021-12-03 19:15:34.977 [main] BasicTypeRegistry - Adding type registration uuid-char -> org.hibernate.type.UUIDCharType@2caa5d7c
[DEBUG] 2021-12-03 19:15:34.978 [main] BasicTypeRegistry - Adding type registration binary -> org.hibernate.type.BinaryType@3e1a3801
[DEBUG] 2021-12-03 19:15:34.978 [main] BasicTypeRegistry - Adding type registration byte[] -> org.hibernate.type.BinaryType@3e1a3801
[DEBUG] 2021-12-03 19:15:34.978 [main] BasicTypeRegistry - Adding type registration [B -> org.hibernate.type.BinaryType@3e1a3801
[DEBUG] 2021-12-03 19:15:34.978 [main] BasicTypeRegistry - Adding type registration wrapper-binary -> org.hibernate.type.WrapperBinaryType@61a1ea2c
[DEBUG] 2021-12-03 19:15:34.979 [main] BasicTypeRegistry - Adding type registration Byte[] -> org.hibernate.type.WrapperBinaryType@61a1ea2c
[DEBUG] 2021-12-03 19:15:34.979 [main] BasicTypeRegistry - Adding type registration [Ljava.lang.Byte; -> org.hibernate.type.WrapperBinaryType@61a1ea2c
[DEBUG] 2021-12-03 19:15:34.984 [main] BasicTypeRegistry - Adding type registration row_version -> org.hibernate.type.RowVersionType@670d4d38
[DEBUG] 2021-12-03 19:15:34.987 [main] BasicTypeRegistry - Adding type registration image -> org.hibernate.type.ImageType@2e060819
[DEBUG] 2021-12-03 19:15:34.987 [main] BasicTypeRegistry - Adding type registration characters -> org.hibernate.type.CharArrayType@216914
[DEBUG] 2021-12-03 19:15:34.987 [main] BasicTypeRegistry - Adding type registration char[] -> org.hibernate.type.CharArrayType@216914
[DEBUG] 2021-12-03 19:15:34.987 [main] BasicTypeRegistry - Adding type registration [C -> org.hibernate.type.CharArrayType@216914
[DEBUG] 2021-12-03 19:15:34.988 [main] BasicTypeRegistry - Adding type registration wrapper-characters -> org.hibernate.type.CharacterArrayType@61af1510
[DEBUG] 2021-12-03 19:15:34.988 [main] BasicTypeRegistry - Adding type registration [Ljava.lang.Character; -> org.hibernate.type.CharacterArrayType@61af1510
[DEBUG] 2021-12-03 19:15:34.988 [main] BasicTypeRegistry - Adding type registration Character[] -> org.hibernate.type.CharacterArrayType@61af1510
[DEBUG] 2021-12-03 19:15:34.988 [main] BasicTypeRegistry - Adding type registration text -> org.hibernate.type.TextType@59901c4d
[DEBUG] 2021-12-03 19:15:34.988 [main] BasicTypeRegistry - Adding type registration ntext -> org.hibernate.type.NTextType@602ae7b6
[DEBUG] 2021-12-03 19:15:34.992 [main] BasicTypeRegistry - Adding type registration blob -> org.hibernate.type.BlobType@77eb5790
[DEBUG] 2021-12-03 19:15:34.994 [main] BasicTypeRegistry - Adding type registration java.sql.Blob -> org.hibernate.type.BlobType@77eb5790
[DEBUG] 2021-12-03 19:15:34.995 [main] BasicTypeRegistry - Adding type registration materialized_blob -> org.hibernate.type.MaterializedBlobType@ef1695a
[DEBUG] 2021-12-03 19:15:34.995 [main] BasicTypeRegistry - Adding type registration clob -> org.hibernate.type.ClobType@4d8286c4
[DEBUG] 2021-12-03 19:15:34.995 [main] BasicTypeRegistry - Adding type registration java.sql.Clob -> org.hibernate.type.ClobType@4d8286c4
[DEBUG] 2021-12-03 19:15:34.996 [main] BasicTypeRegistry - Adding type registration nclob -> org.hibernate.type.NClobType@2f61d591
[DEBUG] 2021-12-03 19:15:34.998 [main] BasicTypeRegistry - Adding type registration java.sql.NClob -> org.hibernate.type.NClobType@2f61d591
[DEBUG] 2021-12-03 19:15:34.998 [main] BasicTypeRegistry - Adding type registration materialized_clob -> org.hibernate.type.MaterializedClobType@53a9fcfd
[DEBUG] 2021-12-03 19:15:34.998 [main] BasicTypeRegistry - Adding type registration materialized_nclob -> org.hibernate.type.MaterializedNClobType@84487f4
[DEBUG] 2021-12-03 19:15:35.002 [main] BasicTypeRegistry - Adding type registration serializable -> org.hibernate.type.SerializableType@6d303498
[DEBUG] 2021-12-03 19:15:35.004 [main] BasicTypeRegistry - Adding type registration object -> org.hibernate.type.ObjectType@2b22a1cc
[DEBUG] 2021-12-03 19:15:35.004 [main] BasicTypeRegistry - Adding type registration java.lang.Object -> org.hibernate.type.ObjectType@2b22a1cc
[DEBUG] 2021-12-03 19:15:35.004 [main] BasicTypeRegistry - Adding type registration imm_date -> org.hibernate.type.AdaptedImmutableType@2ab0702e
[DEBUG] 2021-12-03 19:15:35.004 [main] BasicTypeRegistry - Adding type registration imm_time -> org.hibernate.type.AdaptedImmutableType@7158daf2
[DEBUG] 2021-12-03 19:15:35.004 [main] BasicTypeRegistry - Adding type registration imm_timestamp -> org.hibernate.type.AdaptedImmutableType@10f19647
[DEBUG] 2021-12-03 19:15:35.004 [main] BasicTypeRegistry - Adding type registration imm_dbtimestamp -> org.hibernate.type.AdaptedImmutableType@102efc59
[DEBUG] 2021-12-03 19:15:35.004 [main] BasicTypeRegistry - Adding type registration imm_calendar -> org.hibernate.type.AdaptedImmutableType@3936df72
[DEBUG] 2021-12-03 19:15:35.007 [main] BasicTypeRegistry - Adding type registration imm_calendar_date -> org.hibernate.type.AdaptedImmutableType@e8e0dec
[DEBUG] 2021-12-03 19:15:35.007 [main] BasicTypeRegistry - Adding type registration imm_binary -> org.hibernate.type.AdaptedImmutableType@12d1f1d4
[DEBUG] 2021-12-03 19:15:35.008 [main] BasicTypeRegistry - Adding type registration imm_serializable -> org.hibernate.type.AdaptedImmutableType@75fa1be3
[DEBUG] 2021-12-03 19:15:35.059 [main] DefaultIdentifierGeneratorFactory - Registering IdentifierGenerator strategy [uuid2] -> [org.hibernate.id.UUIDGenerator]
[DEBUG] 2021-12-03 19:15:35.062 [main] DefaultIdentifierGeneratorFactory - Registering IdentifierGenerator strategy [guid] -> [org.hibernate.id.GUIDGenerator]
[DEBUG] 2021-12-03 19:15:35.066 [main] DefaultIdentifierGeneratorFactory - Registering IdentifierGenerator strategy [uuid] -> [org.hibernate.id.UUIDHexGenerator]
[DEBUG] 2021-12-03 19:15:35.066 [main] DefaultIdentifierGeneratorFactory - Registering IdentifierGenerator strategy [uuid.hex] -> [org.hibernate.id.UUIDHexGenerator]
[DEBUG] 2021-12-03 19:15:35.067 [main] DefaultIdentifierGeneratorFactory - Registering IdentifierGenerator strategy [assigned] -> [org.hibernate.id.Assigned]
[DEBUG] 2021-12-03 19:15:35.068 [main] DefaultIdentifierGeneratorFactory - Registering IdentifierGenerator strategy [identity] -> [org.hibernate.id.IdentityGenerator]
[DEBUG] 2021-12-03 19:15:35.069 [main] DefaultIdentifierGeneratorFactory - Registering IdentifierGenerator strategy [select] -> [org.hibernate.id.SelectGenerator]
[DEBUG] 2021-12-03 19:15:35.069 [main] DefaultIdentifierGeneratorFactory - Registering IdentifierGenerator strategy [sequence] -> [org.hibernate.id.enhanced.SequenceStyleGenerator]
[DEBUG] 2021-12-03 19:15:35.072 [main] DefaultIdentifierGeneratorFactory - Registering IdentifierGenerator strategy [seqhilo] -> [org.hibernate.id.SequenceHiLoGenerator]
[DEBUG] 2021-12-03 19:15:35.074 [main] DefaultIdentifierGeneratorFactory - Registering IdentifierGenerator strategy [increment] -> [org.hibernate.id.IncrementGenerator]
[DEBUG] 2021-12-03 19:15:35.075 [main] DefaultIdentifierGeneratorFactory - Registering IdentifierGenerator strategy [foreign] -> [org.hibernate.id.ForeignGenerator]
[DEBUG] 2021-12-03 19:15:35.080 [main] DefaultIdentifierGeneratorFactory - Registering IdentifierGenerator strategy [sequence-identity] -> [org.hibernate.id.SequenceIdentityGenerator]
[DEBUG] 2021-12-03 19:15:35.081 [main] DefaultIdentifierGeneratorFactory - Registering IdentifierGenerator strategy [enhanced-sequence] -> [org.hibernate.id.enhanced.SequenceStyleGenerator]
[DEBUG] 2021-12-03 19:15:35.083 [main] DefaultIdentifierGeneratorFactory - Registering IdentifierGenerator strategy [enhanced-table] -> [org.hibernate.id.enhanced.TableGenerator]
[INFO ] 2021-12-03 19:15:35.093 [main] C3P0ConnectionProvider - HHH010002: C3P0 using driver: com.mysql.cj.jdbc.Driver at URL: jdbc:mysql://localhost:3306/GameReports
[INFO ] 2021-12-03 19:15:35.093 [main] C3P0ConnectionProvider - HHH10001001: Connection properties: {password=****, user=root}
[INFO ] 2021-12-03 19:15:35.093 [main] C3P0ConnectionProvider - HHH10001003: Autocommit mode: false
[INFO ] 2021-12-03 19:15:35.328 [main] C3P0ConnectionProvider - HHH10001007: JDBC isolation level: <unknown>
[DEBUG] 2021-12-03 19:15:35.487 [main] JdbcEnvironmentInitiator - Database ->
       name : MySQL
    version : 8.0.22
      major : 8
      minor : 0
[DEBUG] 2021-12-03 19:15:35.488 [main] JdbcEnvironmentInitiator - Driver ->
       name : MySQL Connector/J
    version : mysql-connector-java-8.0.16 (Revision: 34cbc6bc61f72836e26327537a432d6db7c77de6)
      major : 8
      minor : 0
[DEBUG] 2021-12-03 19:15:35.488 [main] JdbcEnvironmentInitiator - JDBC version : 4.2
[INFO ] 2021-12-03 19:15:35.546 [main] Dialect - HHH000400: Using dialect: org.hibernate.dialect.MySQL8Dialect
[DEBUG] 2021-12-03 19:15:35.578 [main] IdentifierHelperBuilder - JDBC driver metadata reported database stores quoted identifiers in more than one case
[DEBUG] 2021-12-03 19:15:35.622 [main] IdentifierHelperBuilder - IdentifierCaseStrategy for both quoted and unquoted identifiers was set to the same strategy [MIXED]; that will likely lead to problems in schema update and validation if using quoted identifiers
[DEBUG] 2021-12-03 19:15:35.699 [main] Namespace - Created database namespace [logicalName=Name{catalog=null, schema=null}, physicalName=Name{catalog=null, schema=null}]
[DEBUG] 2021-12-03 19:15:35.708 [main] TypeConfiguration$Scope - Scoping TypeConfiguration [org.hibernate.type.spi.TypeConfiguration@7e72a6cc] to MetadataBuildingContext [org.hibernate.boot.internal.MetadataBuildingContextRootImpl@6015a4a5]
[DEBUG] 2021-12-03 19:15:35.808 [main] AnnotationBinder - Binding entity from annotated class: JBrischke.entity.Game
[DEBUG] 2021-12-03 19:15:35.842 [main] Ejb3Column - Binding column: Ejb3DiscriminatorColumn{logicalColumnName'DTYPE', discriminatorTypeName='string'}
[DEBUG] 2021-12-03 19:15:35.859 [main] EntityBinder - Import with entity name Game
[DEBUG] 2021-12-03 19:15:35.861 [main] EntityBinder - Bind entity JBrischke.entity.Game on table games
[DEBUG] 2021-12-03 19:15:35.923 [main] Ejb3Column - Binding column: Ejb3Column{table=org.hibernate.mapping.Table(games), mappingColumn=id, insertable=true, updatable=true, unique=false}
[DEBUG] 2021-12-03 19:15:35.937 [main] PropertyBinder - MetadataSourceProcessor property id with lazy=false
[DEBUG] 2021-12-03 19:15:35.947 [main] AbstractPropertyHolder - Attempting to locate auto-apply AttributeConverter for property [JBrischke.entity.Game:id]
[DEBUG] 2021-12-03 19:15:35.958 [main] SimpleValueBinder - building SimpleValue for id
[DEBUG] 2021-12-03 19:15:35.967 [main] PropertyBinder - Building property id
[DEBUG] 2021-12-03 19:15:35.981 [main] BinderHelper - #makeIdGenerator(org.hibernate.mapping.SimpleValue([org.hibernate.mapping.Column(id)]), id, org.hibernate.id.enhanced.SequenceStyleGenerator, native, ...)
[DEBUG] 2021-12-03 19:15:35.991 [main] Ejb3Column - Binding column: Ejb3Column{table=org.hibernate.mapping.Table(games), mappingColumn=description, insertable=true, updatable=true, unique=false}
[DEBUG] 2021-12-03 19:15:35.992 [main] PropertyBinder - MetadataSourceProcessor property description with lazy=false
[DEBUG] 2021-12-03 19:15:35.992 [main] AbstractPropertyHolder - Attempting to locate auto-apply AttributeConverter for property [JBrischke.entity.Game:description]
[DEBUG] 2021-12-03 19:15:35.992 [main] SimpleValueBinder - building SimpleValue for description
[DEBUG] 2021-12-03 19:15:35.992 [main] PropertyBinder - Building property description
[DEBUG] 2021-12-03 19:15:35.992 [main] Ejb3Column - Binding column: Ejb3Column{table=org.hibernate.mapping.Table(games), mappingColumn=gameURL, insertable=true, updatable=true, unique=false}
[DEBUG] 2021-12-03 19:15:35.997 [main] PropertyBinder - MetadataSourceProcessor property gameURL with lazy=false
[DEBUG] 2021-12-03 19:15:35.997 [main] AbstractPropertyHolder - Attempting to locate auto-apply AttributeConverter for property [JBrischke.entity.Game:gameURL]
[DEBUG] 2021-12-03 19:15:35.997 [main] SimpleValueBinder - building SimpleValue for gameURL
[DEBUG] 2021-12-03 19:15:35.997 [main] PropertyBinder - Building property gameURL
[DEBUG] 2021-12-03 19:15:35.997 [main] Ejb3Column - Binding column: Ejb3Column{table=org.hibernate.mapping.Table(games), mappingColumn=name, insertable=true, updatable=true, unique=false}
[DEBUG] 2021-12-03 19:15:35.997 [main] PropertyBinder - MetadataSourceProcessor property name with lazy=false
[DEBUG] 2021-12-03 19:15:35.999 [main] AbstractPropertyHolder - Attempting to locate auto-apply AttributeConverter for property [JBrischke.entity.Game:name]
[DEBUG] 2021-12-03 19:15:35.999 [main] SimpleValueBinder - building SimpleValue for name
[DEBUG] 2021-12-03 19:15:35.999 [main] PropertyBinder - Building property name
[DEBUG] 2021-12-03 19:15:36.004 [main] AnnotationBinder - Binding entity from annotated class: JBrischke.entity.User
[DEBUG] 2021-12-03 19:15:36.004 [main] Ejb3Column - Binding column: Ejb3DiscriminatorColumn{logicalColumnName'DTYPE', discriminatorTypeName='string'}
[DEBUG] 2021-12-03 19:15:36.005 [main] EntityBinder - Import with entity name User
[DEBUG] 2021-12-03 19:15:36.005 [main] EntityBinder - Bind entity JBrischke.entity.User on table user
[DEBUG] 2021-12-03 19:15:36.019 [main] Ejb3Column - Binding column: Ejb3Column{table=org.hibernate.mapping.Table(user), mappingColumn=user_id, insertable=true, updatable=true, unique=false}
[DEBUG] 2021-12-03 19:15:36.021 [main] PropertyBinder - MetadataSourceProcessor property user_id with lazy=false
[DEBUG] 2021-12-03 19:15:36.021 [main] AbstractPropertyHolder - Attempting to locate auto-apply AttributeConverter for property [JBrischke.entity.User:user_id]
[DEBUG] 2021-12-03 19:15:36.021 [main] SimpleValueBinder - building SimpleValue for user_id
[DEBUG] 2021-12-03 19:15:36.021 [main] PropertyBinder - Building property user_id
[DEBUG] 2021-12-03 19:15:36.024 [main] BinderHelper - #makeIdGenerator(org.hibernate.mapping.SimpleValue([org.hibernate.mapping.Column(user_id)]), user_id, org.hibernate.id.enhanced.SequenceStyleGenerator, native, ...)
[DEBUG] 2021-12-03 19:15:36.024 [main] Ejb3Column - Binding column: Ejb3Column{table=org.hibernate.mapping.Table(user), mappingColumn=email, insertable=true, updatable=true, unique=false}
[DEBUG] 2021-12-03 19:15:36.024 [main] PropertyBinder - MetadataSourceProcessor property email with lazy=false
[DEBUG] 2021-12-03 19:15:36.024 [main] AbstractPropertyHolder - Attempting to locate auto-apply AttributeConverter for property [JBrischke.entity.User:email]
[DEBUG] 2021-12-03 19:15:36.025 [main] SimpleValueBinder - building SimpleValue for email
[DEBUG] 2021-12-03 19:15:36.025 [main] PropertyBinder - Building property email
[DEBUG] 2021-12-03 19:15:36.026 [main] Ejb3Column - Binding column: Ejb3Column{table=org.hibernate.mapping.Table(user), mappingColumn=name, insertable=true, updatable=true, unique=false}
[DEBUG] 2021-12-03 19:15:36.026 [main] PropertyBinder - MetadataSourceProcessor property name with lazy=false
[DEBUG] 2021-12-03 19:15:36.026 [main] AbstractPropertyHolder - Attempting to locate auto-apply AttributeConverter for property [JBrischke.entity.User:name]
[DEBUG] 2021-12-03 19:15:36.026 [main] SimpleValueBinder - building SimpleValue for name
[DEBUG] 2021-12-03 19:15:36.026 [main] PropertyBinder - Building property name
[DEBUG] 2021-12-03 19:15:36.026 [main] Ejb3Column - Binding column: Ejb3Column{table=org.hibernate.mapping.Table(user), mappingColumn=role_id, insertable=true, updatable=true, unique=false}
[DEBUG] 2021-12-03 19:15:36.029 [main] PropertyBinder - MetadataSourceProcessor property role_id with lazy=false
[DEBUG] 2021-12-03 19:15:36.030 [main] AbstractPropertyHolder - Attempting to locate auto-apply AttributeConverter for property [JBrischke.entity.User:role_id]
[DEBUG] 2021-12-03 19:15:36.030 [main] SimpleValueBinder - building SimpleValue for role_id
[DEBUG] 2021-12-03 19:15:36.030 [main] PropertyBinder - Building property role_id
[DEBUG] 2021-12-03 19:15:36.031 [main] Ejb3Column - Binding column: Ejb3JoinColumn{logicalColumnName='null', referencedColumn='null', mappedBy='user'}
[DEBUG] 2021-12-03 19:15:36.037 [main] Ejb3Column - Binding column: Ejb3Column{table=org.hibernate.mapping.Table(user), mappingColumn=roles, insertable=true, updatable=true, unique=false}
[DEBUG] 2021-12-03 19:15:36.056 [main] Ejb3Column - Binding column: Ejb3Column{table=org.hibernate.mapping.Table(user), mappingColumn=null, insertable=true, updatable=true, unique=false}
[DEBUG] 2021-12-03 19:15:36.082 [main] Ejb3Column - Binding column: Ejb3Column{table=org.hibernate.mapping.Table(user), mappingColumn=element, insertable=true, updatable=true, unique=false}
[DEBUG] 2021-12-03 19:15:36.089 [main] Ejb3Column - Binding column: Ejb3Column{table=org.hibernate.mapping.Table(user), mappingColumn=roles_KEY, insertable=true, updatable=true, unique=false}
[DEBUG] 2021-12-03 19:15:36.090 [main] Ejb3Column - Binding column: Ejb3JoinColumn{logicalColumnName='roles_KEY', referencedColumn='null', mappedBy='null'}
[DEBUG] 2021-12-03 19:15:36.090 [main] Ejb3Column - Binding column: Ejb3JoinColumn{logicalColumnName='null', referencedColumn='null', mappedBy='user'}
[DEBUG] 2021-12-03 19:15:36.090 [main] Ejb3Column - Binding column: Ejb3JoinColumn{logicalColumnName='null', referencedColumn='null', mappedBy='user'}
[DEBUG] 2021-12-03 19:15:36.091 [main] CollectionBinder - Collection role: JBrischke.entity.User.roles
[DEBUG] 2021-12-03 19:15:36.104 [main] PropertyBinder - Building property roles
[DEBUG] 2021-12-03 19:15:36.121 [main] Ejb3Column - Binding column: Ejb3Column{table=org.hibernate.mapping.Table(user), mappingColumn=username, insertable=true, updatable=true, unique=false}
[DEBUG] 2021-12-03 19:15:36.122 [main] PropertyBinder - MetadataSourceProcessor property userName with lazy=false
[DEBUG] 2021-12-03 19:15:36.122 [main] AbstractPropertyHolder - Attempting to locate auto-apply AttributeConverter for property [JBrischke.entity.User:userName]
[DEBUG] 2021-12-03 19:15:36.125 [main] SimpleValueBinder - building SimpleValue for userName
[DEBUG] 2021-12-03 19:15:36.125 [main] PropertyBinder - Building property userName
[DEBUG] 2021-12-03 19:15:36.126 [main] AnnotationBinder - Binding entity from annotated class: JBrischke.entity.Report
[DEBUG] 2021-12-03 19:15:36.126 [main] Ejb3Column - Binding column: Ejb3DiscriminatorColumn{logicalColumnName'DTYPE', discriminatorTypeName='string'}
[DEBUG] 2021-12-03 19:15:36.126 [main] EntityBinder - Import with entity name Report
[DEBUG] 2021-12-03 19:15:36.131 [main] EntityBinder - Bind entity JBrischke.entity.Report on table report
[DEBUG] 2021-12-03 19:15:36.135 [main] Ejb3Column - Binding column: Ejb3Column{table=org.hibernate.mapping.Table(report), mappingColumn=category_id, insertable=true, updatable=true, unique=false}
[DEBUG] 2021-12-03 19:15:36.135 [main] PropertyBinder - MetadataSourceProcessor property report_id with lazy=false
[DEBUG] 2021-12-03 19:15:36.135 [main] AbstractPropertyHolder - Attempting to locate auto-apply AttributeConverter for property [JBrischke.entity.Report:report_id]
[DEBUG] 2021-12-03 19:15:36.138 [main] SimpleValueBinder - building SimpleValue for report_id
[DEBUG] 2021-12-03 19:15:36.139 [main] PropertyBinder - Building property report_id
[DEBUG] 2021-12-03 19:15:36.139 [main] BinderHelper - #makeIdGenerator(org.hibernate.mapping.SimpleValue([org.hibernate.mapping.Column(category_id)]), report_id, org.hibernate.id.enhanced.SequenceStyleGenerator, native, ...)
[DEBUG] 2021-12-03 19:15:36.142 [main] Ejb3Column - Binding column: Ejb3Column{table=org.hibernate.mapping.Table(report), mappingColumn=description, insertable=true, updatable=true, unique=false}
[DEBUG] 2021-12-03 19:15:36.143 [main] PropertyBinder - MetadataSourceProcessor property description with lazy=false
[DEBUG] 2021-12-03 19:15:36.143 [main] AbstractPropertyHolder - Attempting to locate auto-apply AttributeConverter for property [JBrischke.entity.Report:description]
[DEBUG] 2021-12-03 19:15:36.143 [main] SimpleValueBinder - building SimpleValue for description
[DEBUG] 2021-12-03 19:15:36.145 [main] PropertyBinder - Building property description
[DEBUG] 2021-12-03 19:15:36.146 [main] Ejb3Column - Binding column: Ejb3Column{table=org.hibernate.mapping.Table(report), mappingColumn=hoursPlayed, insertable=true, updatable=true, unique=false}
[DEBUG] 2021-12-03 19:15:36.148 [main] PropertyBinder - MetadataSourceProcessor property hoursPlayed with lazy=false
[DEBUG] 2021-12-03 19:15:36.148 [main] AbstractPropertyHolder - Attempting to locate auto-apply AttributeConverter for property [JBrischke.entity.Report:hoursPlayed]
[DEBUG] 2021-12-03 19:15:36.148 [main] SimpleValueBinder - building SimpleValue for hoursPlayed
[DEBUG] 2021-12-03 19:15:36.148 [main] PropertyBinder - Building property hoursPlayed
[DEBUG] 2021-12-03 19:15:36.151 [main] AnnotationBinder - Binding entity from annotated class: JBrischke.entity.Role
[DEBUG] 2021-12-03 19:15:36.151 [main] Ejb3Column - Binding column: Ejb3DiscriminatorColumn{logicalColumnName'DTYPE', discriminatorTypeName='string'}
[DEBUG] 2021-12-03 19:15:36.157 [main] EntityBinder - Import with entity name Role
[DEBUG] 2021-12-03 19:15:36.157 [main] EntityBinder - Bind entity JBrischke.entity.Role on table roles
[DEBUG] 2021-12-03 19:15:36.174 [main] Ejb3Column - Binding column: Ejb3Column{table=org.hibernate.mapping.Table(roles), mappingColumn=role_id, insertable=true, updatable=true, unique=false}
[DEBUG] 2021-12-03 19:15:36.175 [main] PropertyBinder - MetadataSourceProcessor property role_id with lazy=false
[DEBUG] 2021-12-03 19:15:36.175 [main] AbstractPropertyHolder - Attempting to locate auto-apply AttributeConverter for property [JBrischke.entity.Role:role_id]
[DEBUG] 2021-12-03 19:15:36.175 [main] SimpleValueBinder - building SimpleValue for role_id
[DEBUG] 2021-12-03 19:15:36.175 [main] PropertyBinder - Building property role_id
[DEBUG] 2021-12-03 19:15:36.175 [main] BinderHelper - #makeIdGenerator(org.hibernate.mapping.SimpleValue([org.hibernate.mapping.Column(role_id)]), role_id, org.hibernate.id.enhanced.SequenceStyleGenerator, native, ...)
[DEBUG] 2021-12-03 19:15:36.182 [main] Ejb3Column - Binding column: Ejb3Column{table=org.hibernate.mapping.Table(roles), mappingColumn=type, insertable=true, updatable=true, unique=false}
[DEBUG] 2021-12-03 19:15:36.182 [main] PropertyBinder - MetadataSourceProcessor property roleType with lazy=false
[DEBUG] 2021-12-03 19:15:36.182 [main] AbstractPropertyHolder - Attempting to locate auto-apply AttributeConverter for property [JBrischke.entity.Role:roleType]
[DEBUG] 2021-12-03 19:15:36.183 [main] SimpleValueBinder - building SimpleValue for roleType
[DEBUG] 2021-12-03 19:15:36.183 [main] PropertyBinder - Building property roleType
[DEBUG] 2021-12-03 19:15:36.183 [main] Ejb3Column - Binding column: Ejb3JoinColumn{logicalColumnName='roles', referencedColumn='', mappedBy=''}
[DEBUG] 2021-12-03 19:15:36.183 [main] Ejb3Column - Binding column: Ejb3Column{table=org.hibernate.mapping.Table(roles), mappingColumn=user, insertable=true, updatable=true, unique=false}
[DEBUG] 2021-12-03 19:15:36.187 [main] PropertyBinder - Building property user
[DEBUG] 2021-12-03 19:15:36.201 [main] SimpleValueBinder - Starting fillSimpleValue for id
[DEBUG] 2021-12-03 19:15:36.203 [main] SimpleValueBinder - Starting fillSimpleValue for description
[DEBUG] 2021-12-03 19:15:36.204 [main] SimpleValueBinder - Starting fillSimpleValue for gameURL
[DEBUG] 2021-12-03 19:15:36.208 [main] SimpleValueBinder - Starting fillSimpleValue for name
[DEBUG] 2021-12-03 19:15:36.209 [main] SimpleValueBinder - Starting fillSimpleValue for user_id
[DEBUG] 2021-12-03 19:15:36.209 [main] SimpleValueBinder - Starting fillSimpleValue for email
[DEBUG] 2021-12-03 19:15:36.209 [main] SimpleValueBinder - Starting fillSimpleValue for name
[DEBUG] 2021-12-03 19:15:36.209 [main] SimpleValueBinder - Starting fillSimpleValue for role_id
[DEBUG] 2021-12-03 19:15:36.209 [main] SimpleValueBinder - Starting fillSimpleValue for userName
[DEBUG] 2021-12-03 19:15:36.209 [main] SimpleValueBinder - Starting fillSimpleValue for report_id
[DEBUG] 2021-12-03 19:15:36.209 [main] SimpleValueBinder - Starting fillSimpleValue for description
[DEBUG] 2021-12-03 19:15:36.209 [main] SimpleValueBinder - Starting fillSimpleValue for hoursPlayed
[DEBUG] 2021-12-03 19:15:36.209 [main] SimpleValueBinder - Starting fillSimpleValue for role_id
[DEBUG] 2021-12-03 19:15:36.209 [main] SimpleValueBinder - Starting fillSimpleValue for roleType
[DEBUG] 2021-12-03 19:15:36.220 [main] PrimaryKey - Forcing column [id] to be non-null as it is part of the primary key for table [games]
[DEBUG] 2021-12-03 19:15:36.226 [main] PrimaryKey - Forcing column [user_id] to be non-null as it is part of the primary key for table [user]
[DEBUG] 2021-12-03 19:15:36.226 [main] PrimaryKey - Forcing column [category_id] to be non-null as it is part of the primary key for table [report]
[DEBUG] 2021-12-03 19:15:36.226 [main] PrimaryKey - Forcing column [role_id] to be non-null as it is part of the primary key for table [roles]
[DEBUG] 2021-12-03 19:15:36.226 [main] CollectionSecondPass - Second pass for collection: JBrischke.entity.User.roles
[DEBUG] 2021-12-03 19:15:36.227 [main] CollectionBinder - Binding a OneToMany: JBrischke.entity.User.roles through a foreign key
[DEBUG] 2021-12-03 19:15:36.227 [main] CollectionBinder - Mapping collection: JBrischke.entity.User.roles -> roles
[DEBUG] 2021-12-03 19:15:36.233 [main] TableBinder - Retrieving property JBrischke.entity.Role.user
[DEBUG] 2021-12-03 19:15:36.233 [main] CollectionSecondPass - Mapped collection key: roles, one-to-many: JBrischke.entity.Role
[DEBUG] 2021-12-03 19:15:36.235 [main] InFlightMetadataCollectorImpl - Resolving reference to class: JBrischke.entity.User
[DEBUG] 2021-12-03 19:15:36.259 [main] InFlightMetadataCollectorImpl - Resolving reference to class: JBrischke.entity.User
[DEBUG] 2021-12-03 19:15:36.394 [main] SessionFactoryImpl - Building session factory
[DEBUG] 2021-12-03 19:15:36.407 [main] Settings - SessionFactory name : null
[DEBUG] 2021-12-03 19:15:36.408 [main] Settings - Automatic flush during beforeCompletion(): enabled
[DEBUG] 2021-12-03 19:15:36.408 [main] Settings - Automatic session close at end of transaction: disabled
[DEBUG] 2021-12-03 19:15:36.408 [main] Settings - Statistics: disabled
[DEBUG] 2021-12-03 19:15:36.408 [main] Settings - Deleted entity synthetic identifier rollback: disabled
[DEBUG] 2021-12-03 19:15:36.408 [main] Settings - Default entity-mode: pojo
[DEBUG] 2021-12-03 19:15:36.408 [main] Settings - Check Nullability in Core (should be disabled when Bean Validation is on): enabled
[DEBUG] 2021-12-03 19:15:36.408 [main] Settings - Allow initialization of lazy state outside session : disabled
[DEBUG] 2021-12-03 19:15:36.408 [main] Settings - Using BatchFetchStyle : LEGACY
[DEBUG] 2021-12-03 19:15:36.408 [main] Settings - Default batch fetch size: -1
[DEBUG] 2021-12-03 19:15:36.408 [main] Settings - Maximum outer join fetch depth: 2
[DEBUG] 2021-12-03 19:15:36.408 [main] Settings - Default null ordering: NONE
[DEBUG] 2021-12-03 19:15:36.408 [main] Settings - Order SQL updates by primary key: disabled
[DEBUG] 2021-12-03 19:15:36.408 [main] Settings - Order SQL inserts for batching: disabled
[DEBUG] 2021-12-03 19:15:36.408 [main] Settings - multi-tenancy strategy : NONE
[DEBUG] 2021-12-03 19:15:36.408 [main] Settings - JTA Track by Thread: enabled
[DEBUG] 2021-12-03 19:15:36.408 [main] Settings - Query language substitutions: {}
[DEBUG] 2021-12-03 19:15:36.408 [main] Settings - Named query checking : enabled
[DEBUG] 2021-12-03 19:15:36.408 [main] Settings - Second-level cache: disabled
[DEBUG] 2021-12-03 19:15:36.408 [main] Settings - Second-level query cache: disabled
[DEBUG] 2021-12-03 19:15:36.408 [main] Settings - Second-level query cache factory: null
[DEBUG] 2021-12-03 19:15:36.408 [main] Settings - Second-level cache region prefix: null
[DEBUG] 2021-12-03 19:15:36.408 [main] Settings - Optimize second-level cache for minimal puts: disabled
[DEBUG] 2021-12-03 19:15:36.408 [main] Settings - Structured second-level cache entries: disabled
[DEBUG] 2021-12-03 19:15:36.408 [main] Settings - Second-level cache direct-reference entries: disabled
[DEBUG] 2021-12-03 19:15:36.408 [main] Settings - Automatic eviction of collection cache: disabled
[DEBUG] 2021-12-03 19:15:36.408 [main] Settings - JDBC batch size: 15
[DEBUG] 2021-12-03 19:15:36.408 [main] Settings - JDBC batch updates for versioned data: enabled
[DEBUG] 2021-12-03 19:15:36.408 [main] Settings - Scrollable result sets: enabled
[DEBUG] 2021-12-03 19:15:36.408 [main] Settings - Wrap result sets: disabled
[DEBUG] 2021-12-03 19:15:36.408 [main] Settings - JDBC3 getGeneratedKeys(): enabled
[DEBUG] 2021-12-03 19:15:36.408 [main] Settings - JDBC result set fetch size: null
[DEBUG] 2021-12-03 19:15:36.408 [main] Settings - Connection release mode: AFTER_TRANSACTION
[DEBUG] 2021-12-03 19:15:36.408 [main] Settings - Generate SQL with comments: disabled
[DEBUG] 2021-12-03 19:15:36.408 [main] Settings - JPA compliance - query : 
[DEBUG] 2021-12-03 19:15:36.408 [main] Settings - JPA compliance - closed-handling : 
[DEBUG] 2021-12-03 19:15:36.408 [main] Settings - JPA compliance - lists : 
[DEBUG] 2021-12-03 19:15:36.408 [main] Settings - JPA compliance - transactions : 
[INFO ] 2021-12-03 19:15:36.542 [main] beans - HHH10005002: No explicit CDI BeanManager reference was passed to Hibernate, but CDI is available on the Hibernate ClassLoader.
[DEBUG] 2021-12-03 19:15:36.578 [main] SessionFactoryImpl - Session factory constructed with filter configurations : {}
[DEBUG] 2021-12-03 19:15:36.579 [main] SessionFactoryImpl - Instantiating session factory with properties: {sun.desktop=gnome, awt.toolkit=sun.awt.X11.XToolkit, java.specification.version=11, sun.cpu.isalist=, hibernate.c3p0.idle_test_period=3000, sun.jnu.encoding=UTF-8, hibernate.c3p0.min_size=5, java.class.path=/home/student/intellij/lib/idea_rt.jar:/home/student/intellij/plugins/junit/lib/junit5-rt.jar:/home/student/intellij/plugins/junit/lib/junit-rt.jar:/home/student/RatingsAnonymous/target/test-classes:/home/student/RatingsAnonymous/target/classes:/home/student/.m2/repository/org/hibernate/hibernate-core/5.4.4.Final/hibernate-core-5.4.4.Final.jar:/home/student/.m2/repository/org/jboss/logging/jboss-logging/3.3.2.Final/jboss-logging-3.3.2.Final.jar:/home/student/.m2/repository/javax/persistence/javax.persistence-api/2.2/javax.persistence-api-2.2.jar:/home/student/.m2/repository/org/javassist/javassist/3.24.0-GA/javassist-3.24.0-GA.jar:/home/student/.m2/repository/net/bytebuddy/byte-buddy/1.9.11/byte-buddy-1.9.11.jar:/home/student/.m2/repository/antlr/antlr/2.7.7/antlr-2.7.7.jar:/home/student/.m2/repository/org/jboss/spec/javax/transaction/jboss-transaction-api_1.2_spec/1.1.1.Final/jboss-transaction-api_1.2_spec-1.1.1.Final.jar:/home/student/.m2/repository/org/jboss/jandex/2.0.5.Final/jandex-2.0.5.Final.jar:/home/student/.m2/repository/com/fasterxml/classmate/1.3.4/classmate-1.3.4.jar:/home/student/.m2/repository/javax/activation/javax.activation-api/1.2.0/javax.activation-api-1.2.0.jar:/home/student/.m2/repository/org/dom4j/dom4j/2.1.1/dom4j-2.1.1.jar:/home/student/.m2/repository/org/hibernate/common/hibernate-commons-annotations/5.1.0.Final/hibernate-commons-annotations-5.1.0.Final.jar:/home/student/.m2/repository/javax/xml/bind/jaxb-api/2.3.1/jaxb-api-2.3.1.jar:/home/student/.m2/repository/org/glassfish/jaxb/jaxb-runtime/2.3.1/jaxb-runtime-2.3.1.jar:/home/student/.m2/repository/org/glassfish/jaxb/txw2/2.3.1/txw2-2.3.1.jar:/home/student/.m2/repository/com/sun/istack/istack-commons-runtime/3.0.7/istack-commons-runtime-3.0.7.jar:/home/student/.m2/repository/org/jvnet/staxex/stax-ex/1.8/stax-ex-1.8.jar:/home/student/.m2/repository/com/sun/xml/fastinfoset/FastInfoset/1.2.15/FastInfoset-1.2.15.jar:/home/student/.m2/repository/org/hibernate/hibernate-c3p0/5.4.4.Final/hibernate-c3p0-5.4.4.Final.jar:/home/student/.m2/repository/com/mchange/c3p0/0.9.5.3/c3p0-0.9.5.3.jar:/home/student/.m2/repository/com/mchange/mchange-commons-java/0.2.15/mchange-commons-java-0.2.15.jar:/home/student/.m2/repository/org/apache/logging/log4j/log4j-api/2.10.0/log4j-api-2.10.0.jar:/home/student/.m2/repository/org/apache/logging/log4j/log4j-core/2.10.0/log4j-core-2.10.0.jar:/home/student/.m2/repository/javax/javaee-web-api/7.0/javaee-web-api-7.0.jar:/home/student/.m2/repository/org/junit/platform/junit-platform-runner/1.0.0/junit-platform-runner-1.0.0.jar:/home/student/.m2/repository/org/apiguardian/apiguardian-api/1.0.0/apiguardian-api-1.0.0.jar:/home/student/.m2/repository/org/junit/platform/junit-platform-launcher/1.0.0/junit-platform-launcher-1.0.0.jar:/home/student/.m2/repository/org/junit/platform/junit-platform-suite-api/1.0.0/junit-platform-suite-api-1.0.0.jar:/home/student/.m2/repository/org/junit/platform/junit-platform-commons/1.0.0/junit-platform-commons-1.0.0.jar:/home/student/.m2/repository/org/junit/vintage/junit-vintage-engine/4.12.0/junit-vintage-engine-4.12.0.jar:/home/student/.m2/repository/org/junit/platform/junit-platform-engine/1.0.0/junit-platform-engine-1.0.0.jar:/home/student/.m2/repository/org/opentest4j/opentest4j/1.0.0/opentest4j-1.0.0.jar:/home/student/.m2/repository/org/junit/jupiter/junit-jupiter-engine/5.0.0/junit-jupiter-engine-5.0.0.jar:/home/student/.m2/repository/org/junit/jupiter/junit-jupiter-api/5.0.0/junit-jupiter-api-5.0.0.jar:/home/student/.m2/repository/junit/junit/4.12/junit-4.12.jar:/home/student/.m2/repository/org/hamcrest/hamcrest-core/1.3/hamcrest-core-1.3.jar:/home/student/.m2/repository/jstl/jstl/1.2/jstl-1.2.jar:/home/student/.m2/repository/mysql/mysql-connector-java/8.0.16/mysql-connector-java-8.0.16.jar:/home/student/.m2/repository/com/google/protobuf/protobuf-java/3.6.1/protobuf-java-3.6.1.jar:/home/student/.m2/repository/com/auth0/java-jwt/3.4.1/java-jwt-3.4.1.jar:/home/student/.m2/repository/com/fasterxml/jackson/core/jackson-databind/2.9.7/jackson-databind-2.9.7.jar:/home/student/.m2/repository/com/fasterxml/jackson/core/jackson-annotations/2.9.0/jackson-annotations-2.9.0.jar:/home/student/.m2/repository/com/fasterxml/jackson/core/jackson-core/2.9.7/jackson-core-2.9.7.jar:/home/student/.m2/repository/commons-codec/commons-codec/1.11/commons-codec-1.11.jar:/home/student/.m2/repository/org/json/json/20170516/json-20170516.jar:/home/student/.m2/repository/commons-io/commons-io/2.11.0/commons-io-2.11.0.jar, java.vm.vendor=Ubuntu, sun.arch.data.model=64, idea.test.cyclic.buffer.size=1048576, java.vendor.url=https://ubuntu.com/, user.timezone=America/Chicago, os.name=Linux, java.vm.specification.version=11, sun.java.launcher=SUN_STANDARD, user.country=US, sun.boot.library.path=/usr/lib/jvm/java-11-openjdk-amd64/lib, sun.java.command=com.intellij.rt.junit.JUnitStarter -ideVersion5 -junit5 JBrischke.entity.UserTest, jdk.debug=release, sun.cpu.endian=little, user.home=/home/student, hibernate.c3p0.max_statements=50, user.language=en, java.specification.vendor=Oracle Corporation, java.version.date=2021-04-20, java.home=/usr/lib/jvm/java-11-openjdk-amd64, file.separator=/, java.vm.compressedOopsMode=32-bit, line.separator=
, hibernate.c3p0.timeout=300, java.specification.name=Java Platform API Specification, java.vm.specification.vendor=Oracle Corporation, java.awt.graphicsenv=sun.awt.X11GraphicsEnvironment, connection.password=student, sun.management.compiler=HotSpot 64-Bit Tiered Compilers, hibernate.c3p0.max_size=20, java.runtime.version=11.0.11+9-Ubuntu-0ubuntu2.20.04, user.name=student, path.separator=:, hibernate.connection.username=****, os.version=5.4.0-91-generic, java.runtime.name=OpenJDK Runtime Environment, hibernate.connection.url=jdbc:mysql://localhost:3306/GameReports, file.encoding=UTF-8, java.vm.name=OpenJDK 64-Bit Server VM, hibernate.connection.driver_class=com.mysql.cj.jdbc.Driver, java.vendor.url.bug=https://bugs.launchpad.net/ubuntu/+source/openjdk-lts, java.io.tmpdir=/tmp, java.version=11.0.11, user.dir=/home/student/RatingsAnonymous, os.arch=amd64, connection.username=root, java.vm.specification.name=Java Virtual Machine Specification, java.awt.printerjob=sun.print.PSPrinterJob, hibernate.connection.password=****, sun.os.patch.level=unknown, connection.driver_class=com.mysql.cj.jdbc.Driver, hibernate.boot.CfgXmlAccessService.key=org.hibernate.boot.cfgxml.spi.LoadedConfig@1dcedc93, java.library.path=/usr/java/packages/lib:/usr/lib/x86_64-linux-gnu/jni:/lib/x86_64-linux-gnu:/usr/lib/x86_64-linux-gnu:/usr/lib/jni:/lib:/usr/lib, java.vendor=Ubuntu, java.vm.info=mixed mode, sharing, java.vm.version=11.0.11+9-Ubuntu-0ubuntu2.20.04, hibernate.bytecode.use_reflection_optimizer=false, sun.io.unicode.encoding=UnicodeLittle, connection.url=jdbc:mysql://localhost:3306/GameReports, java.class.version=55.0}
[DEBUG] 2021-12-03 19:15:36.627 [main] TypeSafeActivator - Unable to acquire Bean Validation ValidatorFactory, skipping activation
[DEBUG] 2021-12-03 19:15:36.627 [main] JaccIntegrator - Skipping JACC integration as it was not enabled
[DEBUG] 2021-12-03 19:15:36.633 [main] SessionFactoryImpl - Instantiated session factory
[DEBUG] 2021-12-03 19:15:36.638 [main] TypeConfiguration$Scope - Scoping TypeConfiguration [org.hibernate.type.spi.TypeConfiguration@7e72a6cc] to SessionFactoryImpl [org.hibernate.internal.SessionFactoryImpl@73041b7d]
[DEBUG] 2021-12-03 19:15:36.929 [main] ClassLoaderAccessImpl - Not known whether passed class name [JBrischke.entity.Role] is safe
[DEBUG] 2021-12-03 19:15:36.929 [main] ClassLoaderAccessImpl - No temp ClassLoader provided; using live ClassLoader for loading potentially unsafe class : JBrischke.entity.Role
[DEBUG] 2021-12-03 19:15:36.979 [main] ClassLoaderAccessImpl - Not known whether passed class name [JBrischke.entity.Role] is safe
[DEBUG] 2021-12-03 19:15:36.979 [main] ClassLoaderAccessImpl - No temp ClassLoader provided; using live ClassLoader for loading potentially unsafe class : JBrischke.entity.Role
[DEBUG] 2021-12-03 19:15:37.414 [main] ClassLoaderAccessImpl - Not known whether passed class name [JBrischke.entity.Report] is safe
[DEBUG] 2021-12-03 19:15:37.421 [main] ClassLoaderAccessImpl - No temp ClassLoader provided; using live ClassLoader for loading potentially unsafe class : JBrischke.entity.Report
[DEBUG] 2021-12-03 19:15:37.421 [main] ClassLoaderAccessImpl - Not known whether passed class name [JBrischke.entity.Report] is safe
[DEBUG] 2021-12-03 19:15:37.421 [main] ClassLoaderAccessImpl - No temp ClassLoader provided; using live ClassLoader for loading potentially unsafe class : JBrischke.entity.Report
[DEBUG] 2021-12-03 19:15:37.466 [main] ClassLoaderAccessImpl - Not known whether passed class name [JBrischke.entity.Game] is safe
[DEBUG] 2021-12-03 19:15:37.466 [main] ClassLoaderAccessImpl - No temp ClassLoader provided; using live ClassLoader for loading potentially unsafe class : JBrischke.entity.Game
[DEBUG] 2021-12-03 19:15:37.466 [main] ClassLoaderAccessImpl - Not known whether passed class name [JBrischke.entity.Game] is safe
[DEBUG] 2021-12-03 19:15:37.466 [main] ClassLoaderAccessImpl - No temp ClassLoader provided; using live ClassLoader for loading potentially unsafe class : JBrischke.entity.Game
[DEBUG] 2021-12-03 19:15:37.505 [main] ClassLoaderAccessImpl - Not known whether passed class name [JBrischke.entity.User] is safe
[DEBUG] 2021-12-03 19:15:37.505 [main] ClassLoaderAccessImpl - No temp ClassLoader provided; using live ClassLoader for loading potentially unsafe class : JBrischke.entity.User
[DEBUG] 2021-12-03 19:15:37.505 [main] ClassLoaderAccessImpl - Not known whether passed class name [JBrischke.entity.User] is safe
[DEBUG] 2021-12-03 19:15:37.505 [main] ClassLoaderAccessImpl - No temp ClassLoader provided; using live ClassLoader for loading potentially unsafe class : JBrischke.entity.User
[DEBUG] 2021-12-03 19:15:37.552 [main] AbstractCollectionPersister - Static SQL for collection: JBrischke.entity.User.roles
[DEBUG] 2021-12-03 19:15:37.552 [main] AbstractCollectionPersister -  Row insert: update roles set roles=? where role_id=?
[DEBUG] 2021-12-03 19:15:37.552 [main] AbstractCollectionPersister -  Row update: update roles set  where role_id=?
[DEBUG] 2021-12-03 19:15:37.555 [main] AbstractCollectionPersister -  Row delete: update roles set roles=null where roles=? and role_id=?
[DEBUG] 2021-12-03 19:15:37.555 [main] AbstractCollectionPersister -  One-shot delete: update roles set roles=null where roles=?
[DEBUG] 2021-12-03 19:15:37.557 [main] AbstractEntityPersister - Static SQL for entity: JBrischke.entity.Role
[DEBUG] 2021-12-03 19:15:37.557 [main] AbstractEntityPersister -  Version select: select role_id from roles where role_id =?
[DEBUG] 2021-12-03 19:15:37.557 [main] AbstractEntityPersister -  Snapshot select: select role_.role_id, role_.type as type2_2_, role_.roles as roles3_2_ from roles role_ where role_.role_id=?
[DEBUG] 2021-12-03 19:15:37.557 [main] AbstractEntityPersister -  Insert 0: insert into roles (type, roles, role_id) values (?, ?, ?)
[DEBUG] 2021-12-03 19:15:37.557 [main] AbstractEntityPersister -  Update 0: update roles set type=?, roles=? where role_id=?
[DEBUG] 2021-12-03 19:15:37.557 [main] AbstractEntityPersister -  Delete 0: delete from roles where role_id=?
[DEBUG] 2021-12-03 19:15:37.557 [main] AbstractEntityPersister -  Identity insert: insert into roles (type, roles) values (?, ?)
[DEBUG] 2021-12-03 19:15:37.575 [main] QuerySpacesImpl - Adding QuerySpace : uid = <gen:0> -> org.hibernate.loader.plan.build.internal.spaces.EntityQuerySpaceImpl@656842bc]
[DEBUG] 2021-12-03 19:15:37.581 [main] MetamodelGraphWalker - Visiting attribute path : roleType
[DEBUG] 2021-12-03 19:15:37.581 [main] MetamodelGraphWalker - Visiting attribute path : user
[DEBUG] 2021-12-03 19:15:37.585 [main] QuerySpacesImpl - Adding QuerySpace : uid = <gen:1> -> org.hibernate.loader.plan.build.internal.spaces.EntityQuerySpaceImpl@39d77de9]
[DEBUG] 2021-12-03 19:15:37.585 [main] FetchStyleLoadPlanBuildingAssociationVisitationStrategy - Building LoadPlan...
[DEBUG] 2021-12-03 19:15:37.598 [main] LoadQueryJoinAndFetchProcessor - processing queryspace <gen:0>
[DEBUG] 2021-12-03 19:15:37.600 [main] LoadPlanTreePrinter - LoadPlan(entity=JBrischke.entity.Role)
    - Returns
       - EntityReturnImpl(entity=JBrischke.entity.Role, querySpaceUid=<gen:0>, path=JBrischke.entity.Role)
          - EntityAttributeFetchImpl(entity=JBrischke.entity.User, querySpaceUid=<gen:1>, path=JBrischke.entity.Role.user)
    - QuerySpaces
       - EntityQuerySpaceImpl(uid=<gen:0>, entity=JBrischke.entity.Role)
          - SQL table alias mapping - role0_
          - alias suffix - 0_
          - suffixed key columns - {role_id1_2_0_}

[DEBUG] 2021-12-03 19:15:37.606 [main] EntityLoader - Static select for entity JBrischke.entity.Role [NONE]: select role0_.role_id as role_id1_2_0_, role0_.type as type2_2_0_, role0_.roles as roles3_2_0_ from roles role0_ where role0_.role_id=?
[DEBUG] 2021-12-03 19:15:37.606 [main] QuerySpacesImpl - Adding QuerySpace : uid = <gen:0> -> org.hibernate.loader.plan.build.internal.spaces.EntityQuerySpaceImpl@6aea99e7]
[DEBUG] 2021-12-03 19:15:37.608 [main] MetamodelGraphWalker - Visiting attribute path : roleType
[DEBUG] 2021-12-03 19:15:37.608 [main] MetamodelGraphWalker - Visiting attribute path : user
[DEBUG] 2021-12-03 19:15:37.608 [main] QuerySpacesImpl - Adding QuerySpace : uid = <gen:1> -> org.hibernate.loader.plan.build.internal.spaces.EntityQuerySpaceImpl@7841bd30]
[DEBUG] 2021-12-03 19:15:37.608 [main] FetchStyleLoadPlanBuildingAssociationVisitationStrategy - Building LoadPlan...
[DEBUG] 2021-12-03 19:15:37.609 [main] LoadQueryJoinAndFetchProcessor - processing queryspace <gen:0>
[DEBUG] 2021-12-03 19:15:37.611 [main] LoadPlanTreePrinter - LoadPlan(entity=JBrischke.entity.Role)
    - Returns
       - EntityReturnImpl(entity=JBrischke.entity.Role, querySpaceUid=<gen:0>, path=JBrischke.entity.Role)
          - EntityAttributeFetchImpl(entity=JBrischke.entity.User, querySpaceUid=<gen:1>, path=JBrischke.entity.Role.user)
    - QuerySpaces
       - EntityQuerySpaceImpl(uid=<gen:0>, entity=JBrischke.entity.Role)
          - SQL table alias mapping - role0_
          - alias suffix - 0_
          - suffixed key columns - {role_id1_2_0_}

[DEBUG] 2021-12-03 19:15:37.611 [main] EntityLoader - Static select for entity JBrischke.entity.Role [READ]: select role0_.role_id as role_id1_2_0_, role0_.type as type2_2_0_, role0_.roles as roles3_2_0_ from roles role0_ where role0_.role_id=?
[DEBUG] 2021-12-03 19:15:37.626 [main] Loader - Static select for action ACTION_MERGE on entity JBrischke.entity.Role: select role0_.role_id as role_id1_2_0_, role0_.type as type2_2_0_, role0_.roles as roles3_2_0_ from roles role0_ where role0_.role_id=?
[DEBUG] 2021-12-03 19:15:37.629 [main] Loader - Static select for action ACTION_REFRESH on entity JBrischke.entity.Role: select role0_.role_id as role_id1_2_0_, role0_.type as type2_2_0_, role0_.roles as roles3_2_0_ from roles role0_ where role0_.role_id=?
[DEBUG] 2021-12-03 19:15:37.629 [main] AbstractEntityPersister - Static SQL for entity: JBrischke.entity.Report
[DEBUG] 2021-12-03 19:15:37.629 [main] AbstractEntityPersister -  Version select: select category_id from report where category_id =?
[DEBUG] 2021-12-03 19:15:37.629 [main] AbstractEntityPersister -  Snapshot select: select report_.category_id, report_.description as descript2_1_, report_.hoursPlayed as hoursPla3_1_ from report report_ where report_.category_id=?
[DEBUG] 2021-12-03 19:15:37.629 [main] AbstractEntityPersister -  Insert 0: insert into report (description, hoursPlayed, category_id) values (?, ?, ?)
[DEBUG] 2021-12-03 19:15:37.629 [main] AbstractEntityPersister -  Update 0: update report set description=?, hoursPlayed=? where category_id=?
[DEBUG] 2021-12-03 19:15:37.629 [main] AbstractEntityPersister -  Delete 0: delete from report where category_id=?
[DEBUG] 2021-12-03 19:15:37.629 [main] AbstractEntityPersister -  Identity insert: insert into report (description, hoursPlayed) values (?, ?)
[DEBUG] 2021-12-03 19:15:37.629 [main] QuerySpacesImpl - Adding QuerySpace : uid = <gen:0> -> org.hibernate.loader.plan.build.internal.spaces.EntityQuerySpaceImpl@d25e878]
[DEBUG] 2021-12-03 19:15:37.630 [main] MetamodelGraphWalker - Visiting attribute path : description
[DEBUG] 2021-12-03 19:15:37.630 [main] MetamodelGraphWalker - Visiting attribute path : hoursPlayed
[DEBUG] 2021-12-03 19:15:37.630 [main] FetchStyleLoadPlanBuildingAssociationVisitationStrategy - Building LoadPlan...
[DEBUG] 2021-12-03 19:15:37.630 [main] LoadQueryJoinAndFetchProcessor - processing queryspace <gen:0>
[DEBUG] 2021-12-03 19:15:37.630 [main] LoadPlanTreePrinter - LoadPlan(entity=JBrischke.entity.Report)
    - Returns
       - EntityReturnImpl(entity=JBrischke.entity.Report, querySpaceUid=<gen:0>, path=JBrischke.entity.Report)
    - QuerySpaces
       - EntityQuerySpaceImpl(uid=<gen:0>, entity=JBrischke.entity.Report)
          - SQL table alias mapping - report0_
          - alias suffix - 0_
          - suffixed key columns - {category1_1_0_}

[DEBUG] 2021-12-03 19:15:37.630 [main] EntityLoader - Static select for entity JBrischke.entity.Report [NONE]: select report0_.category_id as category1_1_0_, report0_.description as descript2_1_0_, report0_.hoursPlayed as hoursPla3_1_0_ from report report0_ where report0_.category_id=?
[DEBUG] 2021-12-03 19:15:37.630 [main] QuerySpacesImpl - Adding QuerySpace : uid = <gen:0> -> org.hibernate.loader.plan.build.internal.spaces.EntityQuerySpaceImpl@78116659]
[DEBUG] 2021-12-03 19:15:37.630 [main] MetamodelGraphWalker - Visiting attribute path : description
[DEBUG] 2021-12-03 19:15:37.630 [main] MetamodelGraphWalker - Visiting attribute path : hoursPlayed
[DEBUG] 2021-12-03 19:15:37.630 [main] FetchStyleLoadPlanBuildingAssociationVisitationStrategy - Building LoadPlan...
[DEBUG] 2021-12-03 19:15:37.630 [main] LoadQueryJoinAndFetchProcessor - processing queryspace <gen:0>
[DEBUG] 2021-12-03 19:15:37.630 [main] LoadPlanTreePrinter - LoadPlan(entity=JBrischke.entity.Report)
    - Returns
       - EntityReturnImpl(entity=JBrischke.entity.Report, querySpaceUid=<gen:0>, path=JBrischke.entity.Report)
    - QuerySpaces
       - EntityQuerySpaceImpl(uid=<gen:0>, entity=JBrischke.entity.Report)
          - SQL table alias mapping - report0_
          - alias suffix - 0_
          - suffixed key columns - {category1_1_0_}

[DEBUG] 2021-12-03 19:15:37.630 [main] EntityLoader - Static select for entity JBrischke.entity.Report [READ]: select report0_.category_id as category1_1_0_, report0_.description as descript2_1_0_, report0_.hoursPlayed as hoursPla3_1_0_ from report report0_ where report0_.category_id=?
[DEBUG] 2021-12-03 19:15:37.631 [main] Loader - Static select for action ACTION_MERGE on entity JBrischke.entity.Report: select report0_.category_id as category1_1_0_, report0_.description as descript2_1_0_, report0_.hoursPlayed as hoursPla3_1_0_ from report report0_ where report0_.category_id=?
[DEBUG] 2021-12-03 19:15:37.631 [main] Loader - Static select for action ACTION_REFRESH on entity JBrischke.entity.Report: select report0_.category_id as category1_1_0_, report0_.description as descript2_1_0_, report0_.hoursPlayed as hoursPla3_1_0_ from report report0_ where report0_.category_id=?
[DEBUG] 2021-12-03 19:15:37.631 [main] AbstractEntityPersister - Static SQL for entity: JBrischke.entity.Game
[DEBUG] 2021-12-03 19:15:37.631 [main] AbstractEntityPersister -  Version select: select id from games where id =?
[DEBUG] 2021-12-03 19:15:37.631 [main] AbstractEntityPersister -  Snapshot select: select game_.id, game_.description as descript2_0_, game_.gameURL as gameURL3_0_, game_.name as name4_0_ from games game_ where game_.id=?
[DEBUG] 2021-12-03 19:15:37.631 [main] AbstractEntityPersister -  Insert 0: insert into games (description, gameURL, name, id) values (?, ?, ?, ?)
[DEBUG] 2021-12-03 19:15:37.631 [main] AbstractEntityPersister -  Update 0: update games set description=?, gameURL=?, name=? where id=?
[DEBUG] 2021-12-03 19:15:37.631 [main] AbstractEntityPersister -  Delete 0: delete from games where id=?
[DEBUG] 2021-12-03 19:15:37.631 [main] AbstractEntityPersister -  Identity insert: insert into games (description, gameURL, name) values (?, ?, ?)
[DEBUG] 2021-12-03 19:15:37.631 [main] QuerySpacesImpl - Adding QuerySpace : uid = <gen:0> -> org.hibernate.loader.plan.build.internal.spaces.EntityQuerySpaceImpl@53ea380b]
[DEBUG] 2021-12-03 19:15:37.631 [main] MetamodelGraphWalker - Visiting attribute path : description
[DEBUG] 2021-12-03 19:15:37.631 [main] MetamodelGraphWalker - Visiting attribute path : gameURL
[DEBUG] 2021-12-03 19:15:37.631 [main] MetamodelGraphWalker - Visiting attribute path : name
[DEBUG] 2021-12-03 19:15:37.631 [main] FetchStyleLoadPlanBuildingAssociationVisitationStrategy - Building LoadPlan...
[DEBUG] 2021-12-03 19:15:37.631 [main] LoadQueryJoinAndFetchProcessor - processing queryspace <gen:0>
[DEBUG] 2021-12-03 19:15:37.631 [main] LoadPlanTreePrinter - LoadPlan(entity=JBrischke.entity.Game)
    - Returns
       - EntityReturnImpl(entity=JBrischke.entity.Game, querySpaceUid=<gen:0>, path=JBrischke.entity.Game)
    - QuerySpaces
       - EntityQuerySpaceImpl(uid=<gen:0>, entity=JBrischke.entity.Game)
          - SQL table alias mapping - game0_
          - alias suffix - 0_
          - suffixed key columns - {id1_0_0_}

[DEBUG] 2021-12-03 19:15:37.631 [main] EntityLoader - Static select for entity JBrischke.entity.Game [NONE]: select game0_.id as id1_0_0_, game0_.description as descript2_0_0_, game0_.gameURL as gameURL3_0_0_, game0_.name as name4_0_0_ from games game0_ where game0_.id=?
[DEBUG] 2021-12-03 19:15:37.631 [main] QuerySpacesImpl - Adding QuerySpace : uid = <gen:0> -> org.hibernate.loader.plan.build.internal.spaces.EntityQuerySpaceImpl@245cb8df]
[DEBUG] 2021-12-03 19:15:37.631 [main] MetamodelGraphWalker - Visiting attribute path : description
[DEBUG] 2021-12-03 19:15:37.631 [main] MetamodelGraphWalker - Visiting attribute path : gameURL
[DEBUG] 2021-12-03 19:15:37.631 [main] MetamodelGraphWalker - Visiting attribute path : name
[DEBUG] 2021-12-03 19:15:37.631 [main] FetchStyleLoadPlanBuildingAssociationVisitationStrategy - Building LoadPlan...
[DEBUG] 2021-12-03 19:15:37.631 [main] LoadQueryJoinAndFetchProcessor - processing queryspace <gen:0>
[DEBUG] 2021-12-03 19:15:37.632 [main] LoadPlanTreePrinter - LoadPlan(entity=JBrischke.entity.Game)
    - Returns
       - EntityReturnImpl(entity=JBrischke.entity.Game, querySpaceUid=<gen:0>, path=JBrischke.entity.Game)
    - QuerySpaces
       - EntityQuerySpaceImpl(uid=<gen:0>, entity=JBrischke.entity.Game)
          - SQL table alias mapping - game0_
          - alias suffix - 0_
          - suffixed key columns - {id1_0_0_}

[DEBUG] 2021-12-03 19:15:37.632 [main] EntityLoader - Static select for entity JBrischke.entity.Game [READ]: select game0_.id as id1_0_0_, game0_.description as descript2_0_0_, game0_.gameURL as gameURL3_0_0_, game0_.name as name4_0_0_ from games game0_ where game0_.id=?
[DEBUG] 2021-12-03 19:15:37.637 [main] Loader - Static select for action ACTION_MERGE on entity JBrischke.entity.Game: select game0_.id as id1_0_0_, game0_.description as descript2_0_0_, game0_.gameURL as gameURL3_0_0_, game0_.name as name4_0_0_ from games game0_ where game0_.id=?
[DEBUG] 2021-12-03 19:15:37.638 [main] Loader - Static select for action ACTION_REFRESH on entity JBrischke.entity.Game: select game0_.id as id1_0_0_, game0_.description as descript2_0_0_, game0_.gameURL as gameURL3_0_0_, game0_.name as name4_0_0_ from games game0_ where game0_.id=?
[DEBUG] 2021-12-03 19:15:37.638 [main] AbstractEntityPersister - Static SQL for entity: JBrischke.entity.User
[DEBUG] 2021-12-03 19:15:37.638 [main] AbstractEntityPersister -  Version select: select user_id from user where user_id =?
[DEBUG] 2021-12-03 19:15:37.638 [main] AbstractEntityPersister -  Snapshot select: select user_.user_id, user_.email as email2_3_, user_.name as name3_3_, user_.role_id as role_id4_3_, user_.username as username5_3_ from user user_ where user_.user_id=?
[DEBUG] 2021-12-03 19:15:37.638 [main] AbstractEntityPersister -  Insert 0: insert into user (email, name, role_id, username, user_id) values (?, ?, ?, ?, ?)
[DEBUG] 2021-12-03 19:15:37.642 [main] AbstractEntityPersister -  Update 0: update user set email=?, name=?, role_id=?, username=? where user_id=?
[DEBUG] 2021-12-03 19:15:37.642 [main] AbstractEntityPersister -  Delete 0: delete from user where user_id=?
[DEBUG] 2021-12-03 19:15:37.642 [main] AbstractEntityPersister -  Identity insert: insert into user (email, name, role_id, username) values (?, ?, ?, ?)
[DEBUG] 2021-12-03 19:15:37.643 [main] QuerySpacesImpl - Adding QuerySpace : uid = <gen:0> -> org.hibernate.loader.plan.build.internal.spaces.EntityQuerySpaceImpl@241b971f]
[DEBUG] 2021-12-03 19:15:37.643 [main] MetamodelGraphWalker - Visiting attribute path : email
[DEBUG] 2021-12-03 19:15:37.643 [main] MetamodelGraphWalker - Visiting attribute path : name
[DEBUG] 2021-12-03 19:15:37.644 [main] MetamodelGraphWalker - Visiting attribute path : role_id
[DEBUG] 2021-12-03 19:15:37.644 [main] MetamodelGraphWalker - Visiting attribute path : roles
[DEBUG] 2021-12-03 19:15:37.644 [main] QuerySpacesImpl - Adding QuerySpace : uid = <gen:1> -> org.hibernate.loader.plan.build.internal.spaces.CollectionQuerySpaceImpl@70be89ec]
[DEBUG] 2021-12-03 19:15:37.645 [main] QuerySpacesImpl - Adding QuerySpace : uid = <gen:2> -> org.hibernate.loader.plan.build.internal.spaces.EntityQuerySpaceImpl@99a8de3]
[DEBUG] 2021-12-03 19:15:37.645 [main] MetamodelGraphWalker - Visiting attribute path : userName
[DEBUG] 2021-12-03 19:15:37.645 [main] FetchStyleLoadPlanBuildingAssociationVisitationStrategy - Building LoadPlan...
[DEBUG] 2021-12-03 19:15:37.647 [main] LoadQueryJoinAndFetchProcessor - processing queryspace <gen:0>
[DEBUG] 2021-12-03 19:15:37.647 [main] LoadPlanTreePrinter - LoadPlan(entity=JBrischke.entity.User)
    - Returns
       - EntityReturnImpl(entity=JBrischke.entity.User, querySpaceUid=<gen:0>, path=JBrischke.entity.User)
          - CollectionAttributeFetchImpl(collection=JBrischke.entity.User.roles, querySpaceUid=<gen:1>, path=JBrischke.entity.User.roles)
             - (collection element) CollectionFetchableElementEntityGraph(entity=JBrischke.entity.Role, querySpaceUid=<gen:2>, path=JBrischke.entity.User.roles.<elements>)
    - QuerySpaces
       - EntityQuerySpaceImpl(uid=<gen:0>, entity=JBrischke.entity.User)
          - SQL table alias mapping - user0_
          - alias suffix - 0_
          - suffixed key columns - {user_id1_3_0_}

[DEBUG] 2021-12-03 19:15:37.648 [main] EntityLoader - Static select for entity JBrischke.entity.User [NONE]: select user0_.user_id as user_id1_3_0_, user0_.email as email2_3_0_, user0_.name as name3_3_0_, user0_.role_id as role_id4_3_0_, user0_.username as username5_3_0_ from user user0_ where user0_.user_id=?
[DEBUG] 2021-12-03 19:15:37.648 [main] QuerySpacesImpl - Adding QuerySpace : uid = <gen:0> -> org.hibernate.loader.plan.build.internal.spaces.EntityQuerySpaceImpl@4863c8ac]
[DEBUG] 2021-12-03 19:15:37.648 [main] MetamodelGraphWalker - Visiting attribute path : email
[DEBUG] 2021-12-03 19:15:37.648 [main] MetamodelGraphWalker - Visiting attribute path : name
[DEBUG] 2021-12-03 19:15:37.648 [main] MetamodelGraphWalker - Visiting attribute path : role_id
[DEBUG] 2021-12-03 19:15:37.648 [main] MetamodelGraphWalker - Visiting attribute path : roles
[DEBUG] 2021-12-03 19:15:37.649 [main] QuerySpacesImpl - Adding QuerySpace : uid = <gen:1> -> org.hibernate.loader.plan.build.internal.spaces.CollectionQuerySpaceImpl@6cdee57]
[DEBUG] 2021-12-03 19:15:37.649 [main] QuerySpacesImpl - Adding QuerySpace : uid = <gen:2> -> org.hibernate.loader.plan.build.internal.spaces.EntityQuerySpaceImpl@482f7af0]
[DEBUG] 2021-12-03 19:15:37.649 [main] MetamodelGraphWalker - Visiting attribute path : userName
[DEBUG] 2021-12-03 19:15:37.649 [main] FetchStyleLoadPlanBuildingAssociationVisitationStrategy - Building LoadPlan...
[DEBUG] 2021-12-03 19:15:37.649 [main] LoadQueryJoinAndFetchProcessor - processing queryspace <gen:0>
[DEBUG] 2021-12-03 19:15:37.650 [main] LoadPlanTreePrinter - LoadPlan(entity=JBrischke.entity.User)
    - Returns
       - EntityReturnImpl(entity=JBrischke.entity.User, querySpaceUid=<gen:0>, path=JBrischke.entity.User)
          - CollectionAttributeFetchImpl(collection=JBrischke.entity.User.roles, querySpaceUid=<gen:1>, path=JBrischke.entity.User.roles)
             - (collection element) CollectionFetchableElementEntityGraph(entity=JBrischke.entity.Role, querySpaceUid=<gen:2>, path=JBrischke.entity.User.roles.<elements>)
    - QuerySpaces
       - EntityQuerySpaceImpl(uid=<gen:0>, entity=JBrischke.entity.User)
          - SQL table alias mapping - user0_
          - alias suffix - 0_
          - suffixed key columns - {user_id1_3_0_}

[DEBUG] 2021-12-03 19:15:37.650 [main] EntityLoader - Static select for entity JBrischke.entity.User [READ]: select user0_.user_id as user_id1_3_0_, user0_.email as email2_3_0_, user0_.name as name3_3_0_, user0_.role_id as role_id4_3_0_, user0_.username as username5_3_0_ from user user0_ where user0_.user_id=?
[DEBUG] 2021-12-03 19:15:37.650 [main] Loader - Static select for action ACTION_MERGE on entity JBrischke.entity.User: select user0_.user_id as user_id1_3_0_, user0_.email as email2_3_0_, user0_.name as name3_3_0_, user0_.role_id as role_id4_3_0_, user0_.username as username5_3_0_ from user user0_ where user0_.user_id=?
[DEBUG] 2021-12-03 19:15:37.651 [main] Loader - Static select for action ACTION_REFRESH on entity JBrischke.entity.User: select user0_.user_id as user_id1_3_0_, user0_.email as email2_3_0_, user0_.name as name3_3_0_, user0_.role_id as role_id4_3_0_, user0_.username as username5_3_0_ from user user0_ where user0_.user_id=?
[DEBUG] 2021-12-03 19:15:37.653 [main] QuerySpacesImpl - Adding QuerySpace : uid = <gen:0> -> org.hibernate.loader.plan.build.internal.spaces.CollectionQuerySpaceImpl@73a845cb]
[DEBUG] 2021-12-03 19:15:37.654 [main] QuerySpacesImpl - Adding QuerySpace : uid = <gen:1> -> org.hibernate.loader.plan.build.internal.spaces.EntityQuerySpaceImpl@18a98913]
[DEBUG] 2021-12-03 19:15:37.654 [main] MetamodelGraphWalker - Visiting attribute path : roleType
[DEBUG] 2021-12-03 19:15:37.655 [main] MetamodelGraphWalker - Visiting attribute path : user
[DEBUG] 2021-12-03 19:15:37.655 [main] MetamodelGraphWalker - Property path deemed to be circular : user
[DEBUG] 2021-12-03 19:15:37.655 [main] FetchStyleLoadPlanBuildingAssociationVisitationStrategy - Building LoadPlan...
[DEBUG] 2021-12-03 19:15:37.657 [main] LoadQueryJoinAndFetchProcessor - processing queryspace <gen:0>
[DEBUG] 2021-12-03 19:15:37.658 [main] LoadPlanTreePrinter - LoadPlan(collection=JBrischke.entity.User.roles)
    - Returns
       - CollectionReturnImpl(collection=JBrischke.entity.User.roles, querySpaceUid=<gen:0>, path=[JBrischke.entity.User.roles])
          - (collection element) CollectionFetchableElementEntityGraph(entity=JBrischke.entity.Role, querySpaceUid=<gen:1>, path=[JBrischke.entity.User.roles].<elements>)
    - QuerySpaces
       - CollectionQuerySpaceImpl(uid=<gen:0>, collection=JBrischke.entity.User.roles)
          - SQL table alias mapping - roles0_
          - alias suffix - 0_
          - suffixed key columns - {roles3_2_0_}
          - entity-element alias suffix - 1_
          - 1_entity-element suffixed key columns - role_id1_2_1_
          - JOIN (JoinDefinedByMetadata(elements)) : <gen:0> -> <gen:1>
             - EntityQuerySpaceImpl(uid=<gen:1>, entity=JBrischke.entity.Role)
                - SQL table alias mapping - roles0_
                - alias suffix - 1_
                - suffixed key columns - {role_id1_2_1_}

[DEBUG] 2021-12-03 19:15:37.659 [main] CollectionLoader - Static select for collection JBrischke.entity.User.roles: select roles0_.roles as roles3_2_0_, roles0_.role_id as role_id1_2_0_, roles0_.role_id as role_id1_2_1_, roles0_.type as type2_2_1_, roles0_.roles as roles3_2_1_ from roles roles0_ where roles0_.roles=?
[DEBUG] 2021-12-03 19:15:37.692 [main] SchemaManagementToolCoordinator - No actions specified; doing nothing
[DEBUG] 2021-12-03 19:15:37.693 [main] JtaPlatformInitiator - No JtaPlatform was specified, checking resolver
[DEBUG] 2021-12-03 19:15:37.693 [main] JtaPlatformResolverInitiator - No JtaPlatformResolver was specified, using default [org.hibernate.engine.transaction.jta.platform.internal.StandardJtaPlatformResolver]
[DEBUG] 2021-12-03 19:15:37.701 [main] StandardJtaPlatformResolver - Could not resolve JtaPlatform, using default [org.hibernate.engine.transaction.jta.platform.internal.NoJtaPlatform]
[INFO ] 2021-12-03 19:15:37.702 [main] JtaPlatformInitiator - HHH000490: Using JtaPlatform implementation: [org.hibernate.engine.transaction.jta.platform.internal.NoJtaPlatform]
[DEBUG] 2021-12-03 19:15:37.702 [main] NamedQueryRepository - Checking 0 named HQL queries
[DEBUG] 2021-12-03 19:15:37.702 [main] NamedQueryRepository - Checking 0 named SQL queries
[DEBUG] 2021-12-03 19:15:37.705 [main] SessionFactoryRegistry - Initializing SessionFactoryRegistry : org.hibernate.internal.SessionFactoryRegistry@1e92c3b6
[DEBUG] 2021-12-03 19:15:37.706 [main] SessionFactoryRegistry - Registering SessionFactory: 91850b5a-5105-4b40-9f56-31a3e223b12d (<unnamed>)
[DEBUG] 2021-12-03 19:15:37.706 [main] SessionFactoryRegistry - Not binding SessionFactory to JNDI, no JNDI name configured
[DEBUG] 2021-12-03 19:15:37.756 [main] StatisticsInitiator - Statistics initialized [enabled=false]
[DEBUG] 2021-12-03 19:15:37.767 [main] SQL - select user0_.user_id as user_id1_3_0_, user0_.email as email2_3_0_, user0_.name as name3_3_0_, user0_.role_id as role_id4_3_0_, user0_.username as username5_3_0_ from user user0_ where user0_.user_id=?
[DEBUG] 2021-12-03 19:15:37.786 [main] ResourceRegistryStandardImpl - HHH000387: ResultSet's statement was not registered
[DEBUG] 2021-12-03 19:15:37.786 [main] AbstractLoadPlanBasedEntityLoader - Done entity load : JBrischke.entity.User#2
[DEBUG] 2021-12-03 19:15:37.786 [main] LogicalConnectionManagedImpl - Initiating JDBC connection release from afterTransaction
[DEBUG] 2021-12-03 19:15:37.791 [main] TransactionImpl - On TransactionImpl creation, JpaCompliance#isJpaTransactionComplianceEnabled == false
[DEBUG] 2021-12-03 19:15:37.791 [main] TransactionImpl - begin
[DEBUG] 2021-12-03 19:15:37.869 [main] TransactionImpl - On TransactionImpl creation, JpaCompliance#isJpaTransactionComplianceEnabled == false
[DEBUG] 2021-12-03 19:15:37.869 [main] TransactionImpl - begin
[DEBUG] 2021-12-03 19:15:37.914 [main] ActionQueue - Executing identity-insert immediately
[DEBUG] 2021-12-03 19:15:37.915 [main] SQL - insert into user (email, name, role_id, username) values (?, ?, ?, ?)
[DEBUG] 2021-12-03 19:15:37.938 [main] IdentifierGeneratorHelper - Natively generated identity: 113
[DEBUG] 2021-12-03 19:15:37.938 [main] ResourceRegistryStandardImpl - HHH000387: ResultSet's statement was not registered
[DEBUG] 2021-12-03 19:15:37.946 [main] TransactionImpl - committing
[DEBUG] 2021-12-03 19:15:37.947 [main] AbstractFlushingEventListener - Processing flush-time cascades
[DEBUG] 2021-12-03 19:15:37.947 [main] AbstractFlushingEventListener - Dirty checking collections
[DEBUG] 2021-12-03 19:15:37.950 [main] Collections - Collection found: [JBrischke.entity.User.roles#113], was: [<unreferenced>] (initialized)
[DEBUG] 2021-12-03 19:15:37.954 [main] AbstractFlushingEventListener - Flushed: 0 insertions, 0 updates, 0 deletions to 1 objects
[DEBUG] 2021-12-03 19:15:37.954 [main] AbstractFlushingEventListener - Flushed: 1 (re)creations, 0 updates, 0 removals to 1 collections
[DEBUG] 2021-12-03 19:15:37.956 [main] EntityPrinter - Listing entities:
[DEBUG] 2021-12-03 19:15:37.957 [main] EntityPrinter - JBrischke.entity.User{user_id=113, role_id=1, roles=[], name=mynameisblah, userName=fred, email=brischke1@gmail.com}
[DEBUG] 2021-12-03 19:15:37.965 [main] LogicalConnectionManagedImpl - Initiating JDBC connection release from afterTransaction
[DEBUG] 2021-12-03 19:15:37.966 [main] LogicalConnectionManagedImpl - Initiating JDBC connection release from afterTransaction
[DEBUG] 2021-12-03 19:15:37.966 [main] TransactionImpl - On TransactionImpl creation, JpaCompliance#isJpaTransactionComplianceEnabled == false
[DEBUG] 2021-12-03 19:15:37.966 [main] TransactionImpl - begin
[DEBUG] 2021-12-03 19:15:37.967 [main] ActionQueue - Executing identity-insert immediately
[DEBUG] 2021-12-03 19:15:37.967 [main] SQL - insert into user (email, name, role_id, username) values (?, ?, ?, ?)
[DEBUG] 2021-12-03 19:15:37.970 [main] IdentifierGeneratorHelper - Natively generated identity: 114
[DEBUG] 2021-12-03 19:15:37.970 [main] ResourceRegistryStandardImpl - HHH000387: ResultSet's statement was not registered
[DEBUG] 2021-12-03 19:15:37.970 [main] TransactionImpl - committing
[DEBUG] 2021-12-03 19:15:37.970 [main] AbstractFlushingEventListener - Processing flush-time cascades
[DEBUG] 2021-12-03 19:15:37.970 [main] AbstractFlushingEventListener - Dirty checking collections
[DEBUG] 2021-12-03 19:15:37.971 [main] Collections - Collection found: [JBrischke.entity.User.roles#114], was: [JBrischke.entity.User.roles#113] (initialized)
[DEBUG] 2021-12-03 19:15:37.973 [main] AbstractFlushingEventListener - Flushed: 0 insertions, 0 updates, 0 deletions to 1 objects
[DEBUG] 2021-12-03 19:15:37.973 [main] AbstractFlushingEventListener - Flushed: 1 (re)creations, 0 updates, 1 removals to 1 collections
[DEBUG] 2021-12-03 19:15:37.973 [main] EntityPrinter - Listing entities:
[DEBUG] 2021-12-03 19:15:37.973 [main] EntityPrinter - JBrischke.entity.User{user_id=114, role_id=1, roles=[], name=mynameisblah, userName=fred, email=brischke1@gmail.com}
[DEBUG] 2021-12-03 19:15:37.975 [main] LogicalConnectionManagedImpl - Initiating JDBC connection release from afterTransaction
[DEBUG] 2021-12-03 19:15:37.977 [main] LogicalConnectionManagedImpl - Initiating JDBC connection release from afterTransaction
[DEBUG] 2021-12-03 19:15:37.978 [main] SQL - select user0_.user_id as user_id1_3_0_, user0_.email as email2_3_0_, user0_.name as name3_3_0_, user0_.role_id as role_id4_3_0_, user0_.username as username5_3_0_ from user user0_ where user0_.user_id=?
[DEBUG] 2021-12-03 19:15:37.982 [main] ResultSetProcessorImpl - Starting ResultSet row #0
[DEBUG] 2021-12-03 19:15:37.983 [main] EntityReferenceInitializerImpl - On call to EntityIdentifierReaderImpl#resolve, EntityKey was already known; should only happen on root returns with an optional identifier specified
[DEBUG] 2021-12-03 19:15:37.996 [main] TwoPhaseLoad - Resolving attributes for [JBrischke.entity.User#114]
[DEBUG] 2021-12-03 19:15:37.997 [main] TwoPhaseLoad - Processing attribute `email` : value = brischke1@gmail.com
[DEBUG] 2021-12-03 19:15:38.013 [main] TwoPhaseLoad - Attribute (`email`)  - enhanced for lazy-loading? - false
[DEBUG] 2021-12-03 19:15:38.013 [main] TwoPhaseLoad - Processing attribute `name` : value = mynameisblah
[DEBUG] 2021-12-03 19:15:38.013 [main] TwoPhaseLoad - Attribute (`name`)  - enhanced for lazy-loading? - false
[DEBUG] 2021-12-03 19:15:38.013 [main] TwoPhaseLoad - Processing attribute `role_id` : value = 1
[DEBUG] 2021-12-03 19:15:38.013 [main] TwoPhaseLoad - Attribute (`role_id`)  - enhanced for lazy-loading? - false
[DEBUG] 2021-12-03 19:15:38.013 [main] TwoPhaseLoad - Processing attribute `roles` : value = NOT NULL COLLECTION
[DEBUG] 2021-12-03 19:15:38.014 [main] TwoPhaseLoad - Attribute (`roles`)  - enhanced for lazy-loading? - false
[DEBUG] 2021-12-03 19:15:38.014 [main] TwoPhaseLoad - Processing attribute `userName` : value = fred
[DEBUG] 2021-12-03 19:15:38.014 [main] TwoPhaseLoad - Attribute (`userName`)  - enhanced for lazy-loading? - false
[DEBUG] 2021-12-03 19:15:38.014 [main] TwoPhaseLoad - Done materializing entity [JBrischke.entity.User#114]
[DEBUG] 2021-12-03 19:15:38.014 [main] ResourceRegistryStandardImpl - HHH000387: ResultSet's statement was not registered
[DEBUG] 2021-12-03 19:15:38.015 [main] AbstractLoadPlanBasedEntityLoader - Done entity load : JBrischke.entity.User#114
[DEBUG] 2021-12-03 19:15:38.018 [main] LogicalConnectionManagedImpl - Initiating JDBC connection release from afterTransaction
[DEBUG] 2021-12-03 19:15:38.134 [main] CriteriaQueryImpl - Rendered criteria query -> select generatedAlias0 from User as generatedAlias0
[DEBUG] 2021-12-03 19:15:38.149 [main] QueryTranslatorFactoryInitiator - QueryTranslatorFactory: org.hibernate.hql.internal.ast.ASTQueryTranslatorFactory@3b8507df
[DEBUG] 2021-12-03 19:15:38.162 [main] QueryTranslatorImpl - parse() - HQL: select generatedAlias0 from JBrischke.entity.User as generatedAlias0
[DEBUG] 2021-12-03 19:15:38.165 [main] ErrorTracker - throwQueryException() : no errors
[DEBUG] 2021-12-03 19:15:38.173 [main] QueryTranslatorImpl - --- HQL AST ---
 \-[QUERY] Node: 'query'
    \-[SELECT_FROM] Node: 'SELECT_FROM'
       +-[FROM] Node: 'from'
       |  \-[RANGE] Node: 'RANGE'
       |     +-[DOT] Node: '.'
       |     |  +-[DOT] Node: '.'
       |     |  |  +-[IDENT] Node: 'JBrischke'
       |     |  |  \-[IDENT] Node: 'entity'
       |     |  \-[IDENT] Node: 'User'
       |     \-[ALIAS] Node: 'generatedAlias0'
       \-[SELECT] Node: 'select'
          \-[IDENT] Node: 'generatedAlias0'

[DEBUG] 2021-12-03 19:15:38.198 [main] HqlSqlBaseWalker - select << begin [level=1, statement=select]
[DEBUG] 2021-12-03 19:15:38.208 [main] FromElement - FromClause{level=1} : JBrischke.entity.User (generatedAlias0) -> user0_
[DEBUG] 2021-12-03 19:15:38.208 [main] FromReferenceNode - Resolved : generatedAlias0 -> user0_.user_id
[DEBUG] 2021-12-03 19:15:38.212 [main] HqlSqlBaseWalker - select : finishing up [level=1, statement=select]
[DEBUG] 2021-12-03 19:15:38.213 [main] HqlSqlWalker - processQuery() :  ( SELECT ( {select clause} user0_.user_id ) ( FromClause{level=1} user user0_ ) )
[DEBUG] 2021-12-03 19:15:38.220 [main] JoinProcessor - Using FROM fragment [user user0_]
[DEBUG] 2021-12-03 19:15:38.220 [main] HqlSqlBaseWalker - select >> end [level=1, statement=select]
[DEBUG] 2021-12-03 19:15:38.223 [main] QueryTranslatorImpl - --- SQL AST ---
 \-[SELECT] QueryNode: 'SELECT'  querySpaces (user)
    +-[SELECT_CLAUSE] SelectClause: '{select clause}'
    |  +-[ALIAS_REF] IdentNode: 'user0_.user_id as user_id1_3_' {alias=generatedAlias0, className=JBrischke.entity.User, tableAlias=user0_}
    |  \-[SQL_TOKEN] SqlFragment: 'user0_.email as email2_3_, user0_.name as name3_3_, user0_.role_id as role_id4_3_, user0_.username as username5_3_'
    \-[FROM] FromClause: 'from' FromClause{level=1, fromElementCounter=1, fromElements=1, fromElementByClassAlias=[generatedAlias0], fromElementByTableAlias=[user0_], fromElementsByPath=[], collectionJoinFromElementsByPath=[], impliedElements=[]}
       \-[FROM_FRAGMENT] FromElement: 'user user0_' FromElement{explicit,not a collection join,not a fetch join,fetch non-lazy properties,classAlias=generatedAlias0,role=null,tableName=user,tableAlias=user0_,origin=null,columns={,className=JBrischke.entity.User}}

[DEBUG] 2021-12-03 19:15:38.224 [main] ErrorTracker - throwQueryException() : no errors
[DEBUG] 2021-12-03 19:15:38.232 [main] QueryTranslatorImpl - HQL: select generatedAlias0 from JBrischke.entity.User as generatedAlias0
[DEBUG] 2021-12-03 19:15:38.232 [main] QueryTranslatorImpl - SQL: select user0_.user_id as user_id1_3_, user0_.email as email2_3_, user0_.name as name3_3_, user0_.role_id as role_id4_3_, user0_.username as username5_3_ from user user0_
[DEBUG] 2021-12-03 19:15:38.232 [main] ErrorTracker - throwQueryException() : no errors
[DEBUG] 2021-12-03 19:15:38.240 [main] SQL - select user0_.user_id as user_id1_3_, user0_.email as email2_3_, user0_.name as name3_3_, user0_.role_id as role_id4_3_, user0_.username as username5_3_ from user user0_
[DEBUG] 2021-12-03 19:15:38.253 [main] LogicalConnectionManagedImpl - Initiating JDBC connection release from afterTransaction
[DEBUG] 2021-12-03 19:15:38.297 [main] SQL - select user0_.user_id as user_id1_3_0_, user0_.email as email2_3_0_, user0_.name as name3_3_0_, user0_.role_id as role_id4_3_0_, user0_.username as username5_3_0_ from user user0_ where user0_.user_id=?
[DEBUG] 2021-12-03 19:15:38.298 [main] ResourceRegistryStandardImpl - HHH000387: ResultSet's statement was not registered
[DEBUG] 2021-12-03 19:15:38.300 [main] AbstractLoadPlanBasedEntityLoader - Done entity load : JBrischke.entity.User#1
[DEBUG] 2021-12-03 19:15:38.300 [main] LogicalConnectionManagedImpl - Initiating JDBC connection release from afterTransaction
